-----------------存储时间:2019-02-21 20:14:46-----------------
发生时间：2019-02-21 20:14:45.997
扫描枪2：PLC通知读取条码。
发生时间：2019-02-21 20:14:45.720
扫描枪2:OPC成功写入电池组信息：200004670200004671200004672200004673200004674200004675200004676200004677200004678200004679,1073741824！
发生时间：2019-02-21 20:14:45.695
扫描枪2：获取数据库编号：200004670、200004671、200004672、200004673、200004674、200004675、200004676、200004677、200004678、200004679。
发生时间：2019-02-21 20:14:45.671
条码9:36CA000000000000300，来料工单(26CA)：False
发生时间：2019-02-21 20:14:45.655
条码8:36CA000000000000299，来料工单(26CA)：False
发生时间：2019-02-21 20:14:45.639
条码7:36CA000000000000298，来料工单(26CA)：False
发生时间：2019-02-21 20:14:45.620
条码6:36CA000000000000297，来料工单(26CA)：False
发生时间：2019-02-21 20:14:45.601
条码5:36CA000000000000296，来料工单(26CA)：False
发生时间：2019-02-21 20:14:45.583
条码4:36CA000000000000295，来料工单(26CA)：False
发生时间：2019-02-21 20:14:45.564
条码3:36CA000000000000294，来料工单(26CA)：False
发生时间：2019-02-21 20:14:45.549
条码2:36CA000000000000293，来料工单(26CA)：False
发生时间：2019-02-21 20:14:45.531
条码1:36CA000000000000292，来料工单(26CA)：False
发生时间：2019-02-21 20:14:45.511
条码0:36CA000000000000291，来料工单(26CA)：False
发生时间：2019-02-21 20:14:45.491
扫描枪2：收到数据[0#36CA0000000000002911#36CA0000000000002922#36CA0000000000002933#36CA0000000000002944#36CA0000000000002955#36CA0000000000002966#36CA0000000000002977#36CA0000000000002988#36CA0000000000002999#36CA000000000000300A#]
发生时间：2019-02-21 20:14:43.989
扫描枪2：等待接收
发生时间：2019-02-21 20:14:43.920
扫描枪2：发送数据：4c4f4e0d
发生时间：2019-02-21 20:14:43.874
扫描枪2：PLC通知读取条码。
发生时间：2019-02-21 20:14:43.418
扫描枪2:OPC成功写入电池组信息：200004660200004661200004662200004663200004664200004665200004666200004667200004668200004669,1073741824！
发生时间：2019-02-21 20:14:43.257
扫描枪2：获取数据库编号：200004660、200004661、200004662、200004663、200004664、200004665、200004666、200004667、200004668、200004669。
发生时间：2019-02-21 20:14:43.103
条码9:36CA000000000000290，来料工单(26CA)：False
发生时间：2019-02-21 20:14:42.982
条码8:36CA000000000000289，来料工单(26CA)：False
发生时间：2019-02-21 20:14:42.937
条码7:36CA000000000000288，来料工单(26CA)：False
发生时间：2019-02-21 20:14:42.893
条码6:36CA000000000000287，来料工单(26CA)：False
发生时间：2019-02-21 20:14:42.854
条码5:36CA000000000000286，来料工单(26CA)：False
发生时间：2019-02-21 20:14:42.800
条码4:36CA000000000000285，来料工单(26CA)：False
发生时间：2019-02-21 20:14:42.634
条码3:36CA000000000000284，来料工单(26CA)：False
发生时间：2019-02-21 20:14:42.473
条码2:36CA000000000000283，来料工单(26CA)：False
发生时间：2019-02-21 20:14:42.327
条码1:36CA000000000000282，来料工单(26CA)：False
发生时间：2019-02-21 20:14:42.190
条码0:36CA000000000000281，来料工单(26CA)：False
发生时间：2019-02-21 20:14:42.060
扫描枪2：收到数据[0#36CA0000000000002811#36CA0000000000002822#36CA0000000000002833#36CA0000000000002844#36CA0000000000002855#36CA0000000000002866#36CA0000000000002877#36CA0000000000002888#36CA0000000000002899#36CA000000000000290A#]
发生时间：2019-02-21 20:14:41.080
扫描枪2：等待接收
发生时间：2019-02-21 20:14:41.023
扫描枪2：发送数据：4c4f4e0d
发生时间：2019-02-21 20:14:40.972
扫描枪2：PLC通知读取条码。
发生时间：2019-02-21 20:14:40.664
扫描枪2:OPC成功写入电池组信息：200004650200004651200004652200004653200004654200004655200004656200004657200004658200004659,1073741824！
发生时间：2019-02-21 20:14:40.641
扫描枪2：获取数据库编号：200004650、200004651、200004652、200004653、200004654、200004655、200004656、200004657、200004658、200004659。
发生时间：2019-02-21 20:14:40.606
条码9:36CA000000000000280，来料工单(26CA)：False
发生时间：2019-02-21 20:14:40.590
条码8:36CA000000000000279，来料工单(26CA)：False
发生时间：2019-02-21 20:14:40.572
条码7:36CA000000000000278，来料工单(26CA)：False
发生时间：2019-02-21 20:14:40.550
条码6:36CA000000000000277，来料工单(26CA)：False
发生时间：2019-02-21 20:14:40.507
条码5:36CA000000000000276，来料工单(26CA)：False
发生时间：2019-02-21 20:14:40.457
条码4:36CA000000000000275，来料工单(26CA)：False
发生时间：2019-02-21 20:14:40.408
条码3:36CA000000000000274，来料工单(26CA)：False
发生时间：2019-02-21 20:14:40.392
条码2:36CA000000000000273，来料工单(26CA)：False
发生时间：2019-02-21 20:14:40.370
条码1:36CA000000000000272，来料工单(26CA)：False
发生时间：2019-02-21 20:14:40.356
条码0:36CA000000000000271，来料工单(26CA)：False
发生时间：2019-02-21 20:14:40.337
扫描枪2：收到数据[0#36CA0000000000002711#36CA0000000000002722#36CA0000000000002733#36CA0000000000002744#36CA0000000000002755#36CA0000000000002766#36CA0000000000002777#36CA0000000000002788#36CA0000000000002799#36CA000000000000280A#]
发生时间：2019-02-21 20:14:39.342
扫描枪2：等待接收
发生时间：2019-02-21 20:14:39.326
扫描枪2：发送数据：4c4f4e0d
发生时间：2019-02-21 20:14:39.309
扫描枪2：PLC通知读取条码。
发生时间：2019-02-21 20:14:39.016
扫描枪2:OPC成功写入电池组信息：200004640200004641200004642200004643200004644200004645200004646200004647200004648200004649,1073741824！
发生时间：2019-02-21 20:14:38.985
扫描枪2：获取数据库编号：200004640、200004641、200004642、200004643、200004644、200004645、200004646、200004647、200004648、200004649。
发生时间：2019-02-21 20:14:38.953
条码9:36CA000000000000270，来料工单(26CA)：False
发生时间：2019-02-21 20:14:38.910
条码8:36CA000000000000269，来料工单(26CA)：False
发生时间：2019-02-21 20:14:38.860
条码7:36CA000000000000268，来料工单(26CA)：False
发生时间：2019-02-21 20:14:38.824
条码6:36CA000000000000267，来料工单(26CA)：False
发生时间：2019-02-21 20:14:38.805
条码5:36CA000000000000266，来料工单(26CA)：False
发生时间：2019-02-21 20:14:38.789
条码4:36CA000000000000265，来料工单(26CA)：False
发生时间：2019-02-21 20:14:38.770
条码3:36CA000000000000264，来料工单(26CA)：False
发生时间：2019-02-21 20:14:38.756
条码2:36CA000000000000263，来料工单(26CA)：False
发生时间：2019-02-21 20:14:38.741
条码1:36CA000000000000262，来料工单(26CA)：False
发生时间：2019-02-21 20:14:38.727
条码0:36CA000000000000261，来料工单(26CA)：False
发生时间：2019-02-21 20:14:38.710
扫描枪2：收到数据[0#36CA0000000000002611#36CA0000000000002622#36CA0000000000002633#36CA0000000000002644#36CA0000000000002655#36CA0000000000002666#36CA0000000000002677#36CA0000000000002688#36CA0000000000002699#36CA000000000000270A#]
发生时间：2019-02-21 20:14:37.711
扫描枪2：等待接收
发生时间：2019-02-21 20:14:37.697
扫描枪2：发送数据：4c4f4e0d
发生时间：2019-02-21 20:14:37.683
扫描枪2：PLC通知读取条码。
发生时间：2019-02-21 20:14:37.420
扫描枪2:OPC成功写入电池组信息：200004630200004631200004632200004633200004634200004635200004636200004637200004638200004639,1073741824！
发生时间：2019-02-21 20:14:37.384
扫描枪2：获取数据库编号：200004630、200004631、200004632、200004633、200004634、200004635、200004636、200004637、200004638、200004639。
发生时间：2019-02-21 20:14:37.357
条码9:36CA000000000000260，来料工单(26CA)：False
发生时间：2019-02-21 20:14:37.344
条码8:36CA000000000000259，来料工单(26CA)：False
发生时间：2019-02-21 20:14:37.325
条码7:36CA000000000000258，来料工单(26CA)：False
发生时间：2019-02-21 20:14:37.281
条码6:36CA000000000000257，来料工单(26CA)：False
发生时间：2019-02-21 20:14:37.244
条码5:36CA000000000000256，来料工单(26CA)：False
发生时间：2019-02-21 20:14:37.205
条码4:36CA000000000000255，来料工单(26CA)：False
发生时间：2019-02-21 20:14:37.187
条码3:36CA000000000000254，来料工单(26CA)：False
发生时间：2019-02-21 20:14:37.175
条码2:36CA000000000000253，来料工单(26CA)：False
发生时间：2019-02-21 20:14:37.162
条码1:36CA000000000000252，来料工单(26CA)：False
发生时间：2019-02-21 20:14:37.151
条码0:36CA000000000000251，来料工单(26CA)：False
发生时间：2019-02-21 20:14:37.134
扫描枪2：收到数据[0#36CA0000000000002511#36CA0000000000002522#36CA0000000000002533#36CA0000000000002544#36CA0000000000002555#36CA0000000000002566#36CA0000000000002577#36CA0000000000002588#36CA0000000000002599#36CA000000000000260A#]
发生时间：2019-02-21 20:14:36.296
扫描枪2：等待接收
发生时间：2019-02-21 20:14:36.183
扫描枪2：发送数据：4c4f4e0d
发生时间：2019-02-21 20:14:36.045
扫描枪2：PLC通知读取条码。
发生时间：2019-02-21 20:14:35.644
扫描枪2:OPC成功写入电池组信息：200004620200004621200004622200004623200004624200004625200004626200004627200004628200004629,1073741824！
发生时间：2019-02-21 20:14:35.579
扫描枪2：获取数据库编号：200004620、200004621、200004622、200004623、200004624、200004625、200004626、200004627、200004628、200004629。
发生时间：2019-02-21 20:14:35.521
条码9:36CA000000000000250，来料工单(26CA)：False
发生时间：2019-02-21 20:14:35.480
条码8:36CA000000000000249，来料工单(26CA)：False
发生时间：2019-02-21 20:14:35.434
条码7:36CA000000000000248，来料工单(26CA)：False
发生时间：2019-02-21 20:14:35.392
条码6:36CA000000000000247，来料工单(26CA)：False
发生时间：2019-02-21 20:14:35.345
条码5:36CA000000000000246，来料工单(26CA)：False
发生时间：2019-02-21 20:14:35.314
条码4:36CA000000000000245，来料工单(26CA)：False
发生时间：2019-02-21 20:14:35.266
条码3:36CA000000000000244，来料工单(26CA)：False
发生时间：2019-02-21 20:14:35.234
条码2:36CA000000000000243，来料工单(26CA)：False
发生时间：2019-02-21 20:14:35.179
条码1:36CA000000000000242，来料工单(26CA)：False
发生时间：2019-02-21 20:14:35.077
条码0:36CA000000000000241，来料工单(26CA)：False
发生时间：2019-02-21 20:14:34.976
扫描枪2：收到数据[0#36CA0000000000002411#36CA0000000000002422#36CA0000000000002433#36CA0000000000002444#36CA0000000000002455#36CA0000000000002466#36CA0000000000002477#36CA0000000000002488#36CA0000000000002499#36CA000000000000250A#]
发生时间：2019-02-21 20:14:34.098
扫描枪2：等待接收
发生时间：2019-02-21 20:14:34.003
扫描枪2：发送数据：4c4f4e0d
发生时间：2019-02-21 20:14:33.902
扫描枪2：PLC通知读取条码。
发生时间：2019-02-21 20:14:33.493
扫描枪2:OPC成功写入电池组信息：200004610200004611200004612200004613200004614200004615200004616200004617200004618200004619,1073741824！
发生时间：2019-02-21 20:14:33.436
扫描枪2：获取数据库编号：200004610、200004611、200004612、200004613、200004614、200004615、200004616、200004617、200004618、200004619。
发生时间：2019-02-21 20:14:33.343
条码9:36CA000000000000240，来料工单(26CA)：False
发生时间：2019-02-21 20:14:33.299
条码8:36CA000000000000239，来料工单(26CA)：False
发生时间：2019-02-21 20:14:33.242
条码7:36CA000000000000238，来料工单(26CA)：False
发生时间：2019-02-21 20:14:33.202
条码6:36CA000000000000237，来料工单(26CA)：False
发生时间：2019-02-21 20:14:33.158
条码5:36CA000000000000236，来料工单(26CA)：False
发生时间：2019-02-21 20:14:33.116
条码4:36CA000000000000235，来料工单(26CA)：False
发生时间：2019-02-21 20:14:33.091
条码3:36CA000000000000234，来料工单(26CA)：False
发生时间：2019-02-21 20:14:33.072
条码2:36CA000000000000233，来料工单(26CA)：False
发生时间：2019-02-21 20:14:33.059
条码1:36CA000000000000232，来料工单(26CA)：False
发生时间：2019-02-21 20:14:33.040
条码0:36CA000000000000231，来料工单(26CA)：False
发生时间：2019-02-21 20:14:33.023
扫描枪2：收到数据[0#36CA0000000000002311#36CA0000000000002322#36CA0000000000002333#36CA0000000000002344#36CA0000000000002355#36CA0000000000002366#36CA0000000000002377#36CA0000000000002388#36CA0000000000002399#36CA000000000000240A#]
发生时间：2019-02-21 20:14:32.026
扫描枪2：等待接收
发生时间：2019-02-21 20:14:32.011
扫描枪2：发送数据：4c4f4e0d
发生时间：2019-02-21 20:14:31.996
扫描枪2：PLC通知读取条码。
发生时间：2019-02-21 20:14:31.731
扫描枪2:OPC成功写入电池组信息：200004600200004601200004602200004603200004604200004605200004606200004607200004608200004609,1073741824！
发生时间：2019-02-21 20:14:31.712
扫描枪2：获取数据库编号：200004600、200004601、200004602、200004603、200004604、200004605、200004606、200004607、200004608、200004609。
发生时间：2019-02-21 20:14:31.687
条码9:36CA000000000000230，来料工单(26CA)：False
发生时间：2019-02-21 20:14:31.669
条码8:36CA000000000000229，来料工单(26CA)：False
发生时间：2019-02-21 20:14:31.653
条码7:36CA000000000000228，来料工单(26CA)：False
发生时间：2019-02-21 20:14:31.634
条码6:36CA000000000000227，来料工单(26CA)：False
发生时间：2019-02-21 20:14:31.620
条码5:36CA000000000000226，来料工单(26CA)：False
发生时间：2019-02-21 20:14:31.607
条码4:36CA000000000000225，来料工单(26CA)：False
发生时间：2019-02-21 20:14:31.593
条码3:36CA000000000000224，来料工单(26CA)：False
发生时间：2019-02-21 20:14:31.581
条码2:36CA000000000000223，来料工单(26CA)：False
发生时间：2019-02-21 20:14:31.568
条码1:36CA000000000000222，来料工单(26CA)：False
发生时间：2019-02-21 20:14:31.555
条码0:36CA000000000000221，来料工单(26CA)：False
发生时间：2019-02-21 20:14:31.538
扫描枪2：收到数据[0#36CA0000000000002211#36CA0000000000002222#36CA0000000000002233#36CA0000000000002244#36CA0000000000002255#36CA0000000000002266#36CA0000000000002277#36CA0000000000002288#36CA0000000000002299#36CA000000000000230A#]
发生时间：2019-02-21 20:14:30.543
扫描枪2：等待接收
发生时间：2019-02-21 20:14:30.528
扫描枪2：发送数据：4c4f4e0d
发生时间：2019-02-21 20:14:30.512
扫描枪2：PLC通知读取条码。
发生时间：2019-02-21 20:14:30.250
扫描枪2:OPC成功写入电池组信息：200004590200004591200004592200004593200004594200004595200004596200004597200004598200004599,1073741824！
发生时间：2019-02-21 20:14:30.222
扫描枪2：获取数据库编号：200004590、200004591、200004592、200004593、200004594、200004595、200004596、200004597、200004598、200004599。
发生时间：2019-02-21 20:14:30.201
条码9:36CA000000000000220，来料工单(26CA)：False
发生时间：2019-02-21 20:14:30.184
条码8:36CA000000000000219，来料工单(26CA)：False
发生时间：2019-02-21 20:14:30.166
条码7:36CA000000000000218，来料工单(26CA)：False
发生时间：2019-02-21 20:14:30.153
条码6:36CA000000000000217，来料工单(26CA)：False
发生时间：2019-02-21 20:14:30.141
条码5:36CA000000000000216，来料工单(26CA)：False
发生时间：2019-02-21 20:14:30.126
条码4:36CA000000000000215，来料工单(26CA)：False
发生时间：2019-02-21 20:14:30.110
条码3:36CA000000000000214，来料工单(26CA)：False
发生时间：2019-02-21 20:14:30.099
条码2:36CA000000000000213，来料工单(26CA)：False
发生时间：2019-02-21 20:14:30.086
条码1:36CA000000000000212，来料工单(26CA)：False
发生时间：2019-02-21 20:14:30.076
条码0:36CA000000000000211，来料工单(26CA)：False
发生时间：2019-02-21 20:14:30.056
扫描枪2：收到数据[0#36CA0000000000002111#36CA0000000000002122#36CA0000000000002133#36CA0000000000002144#36CA0000000000002155#36CA0000000000002166#36CA0000000000002177#36CA0000000000002188#36CA0000000000002199#36CA000000000000220A#]
发生时间：2019-02-21 20:14:29.206
扫描枪2：等待接收
发生时间：2019-02-21 20:14:29.088
扫描枪2：发送数据：4c4f4e0d
发生时间：2019-02-21 20:14:28.984
扫描枪2：PLC通知读取条码。
发生时间：2019-02-21 20:14:28.539
扫描枪2:OPC成功写入电池组信息：200004580200004581200004582200004583200004584200004585200004586200004587200004588200004589,1073741824！
发生时间：2019-02-21 20:14:28.452
扫描枪2：获取数据库编号：200004580、200004581、200004582、200004583、200004584、200004585、200004586、200004587、200004588、200004589。
发生时间：2019-02-21 20:14:28.390
条码9:36CA000000000000210，来料工单(26CA)：False
发生时间：2019-02-21 20:14:28.348
条码8:36CA000000000000209，来料工单(26CA)：False
发生时间：2019-02-21 20:14:28.310
条码7:36CA000000000000208，来料工单(26CA)：False
发生时间：2019-02-21 20:14:28.277
条码6:36CA000000000000207，来料工单(26CA)：False
发生时间：2019-02-21 20:14:28.246
条码5:36CA000000000000206，来料工单(26CA)：False
发生时间：2019-02-21 20:14:28.208
条码4:36CA000000000000205，来料工单(26CA)：False
发生时间：2019-02-21 20:14:28.141
条码3:36CA000000000000204，来料工单(26CA)：False
发生时间：2019-02-21 20:14:28.079
条码2:36CA000000000000203，来料工单(26CA)：False
发生时间：2019-02-21 20:14:28.039
条码1:36CA000000000000202，来料工单(26CA)：False
发生时间：2019-02-21 20:14:27.989
条码0:36CA000000000000201，来料工单(26CA)：False
发生时间：2019-02-21 20:14:27.947
扫描枪2：收到数据[0#36CA0000000000002011#36CA0000000000002022#36CA0000000000002033#36CA0000000000002044#36CA0000000000002055#36CA0000000000002066#36CA0000000000002077#36CA0000000000002088#36CA0000000000002099#36CA000000000000210A#]
发生时间：2019-02-21 20:14:27.142
扫描枪2：等待接收
发生时间：2019-02-21 20:14:27.009
扫描枪2：发送数据：4c4f4e0d
发生时间：2019-02-21 20:14:26.878
扫描枪2：PLC通知读取条码。
发生时间：2019-02-21 20:14:26.410
扫描枪2:OPC成功写入电池组信息：200004570200004571200004572200004573200004574200004575200004576200004577200004578200004579,1073741824！
发生时间：2019-02-21 20:14:26.285
扫描枪2：获取数据库编号：200004570、200004571、200004572、200004573、200004574、200004575、200004576、200004577、200004578、200004579。
发生时间：2019-02-21 20:14:26.178
条码9:36CA000000000000200，来料工单(26CA)：False
发生时间：2019-02-21 20:14:26.142
条码8:36CA000000000000199，来料工单(26CA)：False
发生时间：2019-02-21 20:14:26.105
条码7:36CA000000000000198，来料工单(26CA)：False
发生时间：2019-02-21 20:14:26.064
条码6:36CA000000000000197，来料工单(26CA)：False
发生时间：2019-02-21 20:14:26.017
条码5:36CA000000000000196，来料工单(26CA)：False
发生时间：2019-02-21 20:14:25.969
条码4:36CA000000000000195，来料工单(26CA)：False
发生时间：2019-02-21 20:14:25.930
条码3:36CA000000000000194，来料工单(26CA)：False
发生时间：2019-02-21 20:14:25.898
条码2:36CA000000000000193，来料工单(26CA)：False
发生时间：2019-02-21 20:14:25.851
条码1:36CA000000000000192，来料工单(26CA)：False
发生时间：2019-02-21 20:14:25.814
条码0:36CA000000000000191，来料工单(26CA)：False
发生时间：2019-02-21 20:14:25.760
扫描枪2：收到数据[0#36CA0000000000001911#36CA0000000000001922#36CA0000000000001933#36CA0000000000001944#36CA0000000000001955#36CA0000000000001966#36CA0000000000001977#36CA0000000000001988#36CA0000000000001999#36CA000000000000200A#]
发生时间：2019-02-21 20:14:24.794
扫描枪2：等待接收
发生时间：2019-02-21 20:14:24.761
扫描枪2：发送数据：4c4f4e0d
发生时间：2019-02-21 20:14:24.724
扫描枪2：PLC通知读取条码。
发生时间：2019-02-21 20:14:24.463
扫描枪2:OPC成功写入电池组信息：200004560200004561200004562200004563200004564200004565200004566200004567200004568200004569,1073741824！
发生时间：2019-02-21 20:14:24.444
扫描枪2：获取数据库编号：200004560、200004561、200004562、200004563、200004564、200004565、200004566、200004567、200004568、200004569。
发生时间：2019-02-21 20:14:24.420
条码9:36CA000000000000190，来料工单(26CA)：False
发生时间：2019-02-21 20:14:24.409
条码8:36CA000000000000189，来料工单(26CA)：False
发生时间：2019-02-21 20:14:24.398
条码7:36CA000000000000188，来料工单(26CA)：False
发生时间：2019-02-21 20:14:24.387
条码6:36CA000000000000187，来料工单(26CA)：False
发生时间：2019-02-21 20:14:24.376
条码5:36CA000000000000186，来料工单(26CA)：False
发生时间：2019-02-21 20:14:24.365
条码4:36CA000000000000185，来料工单(26CA)：False
发生时间：2019-02-21 20:14:24.354
条码3:36CA000000000000184，来料工单(26CA)：False
发生时间：2019-02-21 20:14:24.344
条码2:36CA000000000000183，来料工单(26CA)：False
发生时间：2019-02-21 20:14:24.333
条码1:36CA000000000000182，来料工单(26CA)：False
发生时间：2019-02-21 20:14:24.322
条码0:36CA000000000000181，来料工单(26CA)：False
发生时间：2019-02-21 20:14:24.306
扫描枪2：收到数据[0#36CA0000000000001811#36CA0000000000001822#36CA0000000000001833#36CA0000000000001844#36CA0000000000001855#36CA0000000000001866#36CA0000000000001877#36CA0000000000001888#36CA0000000000001899#36CA000000000000190A#]
发生时间：2019-02-21 20:14:23.381
扫描枪2：等待接收
发生时间：2019-02-21 20:14:23.310
扫描枪2：发送数据：4c4f4e0d
发生时间：2019-02-21 20:14:23.268
扫描枪2：PLC通知读取条码。
发生时间：2019-02-21 20:14:22.999
扫描枪2:OPC成功写入电池组信息：200004550200004551200004552200004553200004554200004555200004556200004557200004558200004559,1073741824！
发生时间：2019-02-21 20:14:22.983
扫描枪2：获取数据库编号：200004550、200004551、200004552、200004553、200004554、200004555、200004556、200004557、200004558、200004559。
发生时间：2019-02-21 20:14:22.965
条码9:36CA000000000000180，来料工单(26CA)：False
发生时间：2019-02-21 20:14:22.953
条码8:36CA000000000000179，来料工单(26CA)：False
发生时间：2019-02-21 20:14:22.942
条码7:36CA000000000000178，来料工单(26CA)：False
发生时间：2019-02-21 20:14:22.929
条码6:36CA000000000000177，来料工单(26CA)：False
发生时间：2019-02-21 20:14:22.917
条码5:36CA000000000000176，来料工单(26CA)：False
发生时间：2019-02-21 20:14:22.905
条码4:36CA000000000000175，来料工单(26CA)：False
发生时间：2019-02-21 20:14:22.895
条码3:36CA000000000000174，来料工单(26CA)：False
发生时间：2019-02-21 20:14:22.886
条码2:36CA000000000000173，来料工单(26CA)：False
发生时间：2019-02-21 20:14:22.876
条码1:36CA000000000000172，来料工单(26CA)：False
发生时间：2019-02-21 20:14:22.867
条码0:36CA000000000000171，来料工单(26CA)：False
发生时间：2019-02-21 20:14:22.853
扫描枪2：收到数据[0#36CA0000000000001711#36CA0000000000001722#36CA0000000000001733#36CA0000000000001744#36CA0000000000001755#36CA0000000000001766#36CA0000000000001777#36CA0000000000001788#36CA0000000000001799#36CA000000000000180A#]
发生时间：2019-02-21 20:14:21.856
扫描枪2：等待接收
发生时间：2019-02-21 20:14:21.843
扫描枪2：发送数据：4c4f4e0d
发生时间：2019-02-21 20:14:21.817
扫描枪2：PLC通知读取条码。
发生时间：2019-02-21 20:14:21.529
扫描枪2:OPC成功写入电池组信息：200004540200004541200004542200004543200004544200004545200004546200004547200004548200004549,1073741824！
发生时间：2019-02-21 20:14:21.514
扫描枪2：获取数据库编号：200004540、200004541、200004542、200004543、200004544、200004545、200004546、200004547、200004548、200004549。
发生时间：2019-02-21 20:14:21.496
条码9:36CA000000000000170，来料工单(26CA)：False
发生时间：2019-02-21 20:14:21.484
条码8:36CA000000000000169，来料工单(26CA)：False
发生时间：2019-02-21 20:14:21.476
条码7:36CA000000000000168，来料工单(26CA)：False
发生时间：2019-02-21 20:14:21.463
条码6:36CA000000000000167，来料工单(26CA)：False
发生时间：2019-02-21 20:14:21.450
条码5:36CA000000000000166，来料工单(26CA)：False
发生时间：2019-02-21 20:14:21.440
条码4:36CA000000000000165，来料工单(26CA)：False
发生时间：2019-02-21 20:14:21.430
条码3:36CA000000000000164，来料工单(26CA)：False
发生时间：2019-02-21 20:14:21.407
条码2:36CA000000000000163，来料工单(26CA)：False
发生时间：2019-02-21 20:14:21.379
条码1:36CA000000000000162，来料工单(26CA)：False
发生时间：2019-02-21 20:14:21.355
条码0:36CA000000000000161，来料工单(26CA)：False
发生时间：2019-02-21 20:14:21.322
扫描枪2：收到数据[0#36CA0000000000001611#36CA0000000000001622#36CA0000000000001633#36CA0000000000001644#36CA0000000000001655#36CA0000000000001666#36CA0000000000001677#36CA0000000000001688#36CA0000000000001699#36CA000000000000170A#]
发生时间：2019-02-21 20:14:20.335
扫描枪2：等待接收
发生时间：2019-02-21 20:14:20.309
扫描枪2：发送数据：4c4f4e0d
发生时间：2019-02-21 20:14:20.265
扫描枪2：PLC通知读取条码。
发生时间：2019-02-21 20:14:19.823
扫描枪2:OPC成功写入电池组信息：200004530200004531200004532200004533200004534200004535200004536200004537200004538200004539,1073741824！
发生时间：2019-02-21 20:14:19.681
扫描枪2：获取数据库编号：200004530、200004531、200004532、200004533、200004534、200004535、200004536、200004537、200004538、200004539。
发生时间：2019-02-21 20:14:19.566
条码9:36CA000000000000160，来料工单(26CA)：False
发生时间：2019-02-21 20:14:19.441
条码8:36CA000000000000159，来料工单(26CA)：False
发生时间：2019-02-21 20:14:19.351
条码7:36CA000000000000158，来料工单(26CA)：False
发生时间：2019-02-21 20:14:19.256
条码6:36CA000000000000157，来料工单(26CA)：False
发生时间：2019-02-21 20:14:19.174
条码5:36CA000000000000156，来料工单(26CA)：False
发生时间：2019-02-21 20:14:19.093
条码4:36CA000000000000155，来料工单(26CA)：False
发生时间：2019-02-21 20:14:19.015
条码3:36CA000000000000154，来料工单(26CA)：False
发生时间：2019-02-21 20:14:18.937
条码2:36CA000000000000153，来料工单(26CA)：False
发生时间：2019-02-21 20:14:18.863
条码1:36CA000000000000152，来料工单(26CA)：False
发生时间：2019-02-21 20:14:18.768
条码0:36CA000000000000151，来料工单(26CA)：False
发生时间：2019-02-21 20:14:18.683
扫描枪2：收到数据[0#36CA0000000000001511#36CA0000000000001522#36CA0000000000001533#36CA0000000000001544#36CA0000000000001555#36CA0000000000001566#36CA0000000000001577#36CA0000000000001588#36CA0000000000001599#36CA000000000000160A#]
发生时间：2019-02-21 20:14:16.879
扫描枪2：等待接收
发生时间：2019-02-21 20:14:16.869
扫描枪2：发送数据：4c4f4e0d
发生时间：2019-02-21 20:14:16.859
扫描枪2：PLC通知读取条码。
发生时间：2019-02-21 20:14:16.568
扫描枪2:OPC成功写入电池组信息：200004520200004521200004522200004523200004524200004525200004526200004527200004528200004529,1073741824！
发生时间：2019-02-21 20:14:16.518
扫描枪2：获取数据库编号：200004520、200004521、200004522、200004523、200004524、200004525、200004526、200004527、200004528、200004529。
发生时间：2019-02-21 20:14:16.481
条码9:36CA000000000000150，来料工单(26CA)：False
发生时间：2019-02-21 20:14:16.445
条码8:36CA000000000000149，来料工单(26CA)：False
发生时间：2019-02-21 20:14:16.415
条码7:36CA000000000000148，来料工单(26CA)：False
发生时间：2019-02-21 20:14:16.383
条码6:36CA000000000000147，来料工单(26CA)：False
发生时间：2019-02-21 20:14:16.352
条码5:36CA000000000000146，来料工单(26CA)：False
发生时间：2019-02-21 20:14:16.322
条码4:36CA000000000000145，来料工单(26CA)：False
发生时间：2019-02-21 20:14:16.295
条码3:36CA000000000000144，来料工单(26CA)：False
发生时间：2019-02-21 20:14:16.262
条码2:36CA000000000000143，来料工单(26CA)：False
发生时间：2019-02-21 20:14:16.228
条码1:36CA000000000000142，来料工单(26CA)：False
发生时间：2019-02-21 20:14:16.197
条码0:36CA000000000000141，来料工单(26CA)：False
发生时间：2019-02-21 20:14:16.167
扫描枪2：收到数据[0#36CA0000000000001411#36CA0000000000001422#36CA0000000000001433#36CA0000000000001444#36CA0000000000001455#36CA0000000000001466#36CA0000000000001477#36CA0000000000001488#36CA0000000000001499#36CA000000000000150A#]
发生时间：2019-02-21 20:14:14.159
扫描枪2：等待接收
发生时间：2019-02-21 20:14:14.135
扫描枪2：发送数据：4c4f4e0d
发生时间：2019-02-21 20:14:14.110
扫描枪2：PLC通知读取条码。
发生时间：2019-02-21 20:14:13.782
扫描枪2:OPC成功写入电池组信息：200004510200004511200004512200004513200004514200004515200004516200004517200004518200004519,1073741824！
发生时间：2019-02-21 20:14:13.740
扫描枪2：获取数据库编号：200004510、200004511、200004512、200004513、200004514、200004515、200004516、200004517、200004518、200004519。
发生时间：2019-02-21 20:14:13.710
条码9:36CA000000000000140，来料工单(26CA)：False
发生时间：2019-02-21 20:14:13.689
条码8:36CA000000000000139，来料工单(26CA)：False
发生时间：2019-02-21 20:14:13.670
条码7:36CA000000000000138，来料工单(26CA)：False
发生时间：2019-02-21 20:14:13.649
条码6:36CA000000000000137，来料工单(26CA)：False
发生时间：2019-02-21 20:14:13.589
条码5:36CA000000000000136，来料工单(26CA)：False
发生时间：2019-02-21 20:14:13.522
条码4:36CA000000000000135，来料工单(26CA)：False
发生时间：2019-02-21 20:14:13.452
条码3:36CA000000000000134，来料工单(26CA)：False
发生时间：2019-02-21 20:14:13.370
条码2:36CA000000000000133，来料工单(26CA)：False
发生时间：2019-02-21 20:14:13.302
条码1:36CA000000000000132，来料工单(26CA)：False
发生时间：2019-02-21 20:14:13.223
条码0:36CA000000000000131，来料工单(26CA)：False
发生时间：2019-02-21 20:14:13.153
扫描枪2：收到数据[0#36CA0000000000001311#36CA0000000000001322#36CA0000000000001333#36CA0000000000001344#36CA0000000000001355#36CA0000000000001366#36CA0000000000001377#36CA0000000000001388#36CA0000000000001399#36CA000000000000140A#]
发生时间：2019-02-21 20:14:11.207
扫描枪2：等待接收
发生时间：2019-02-21 20:14:11.184
扫描枪2：发送数据：4c4f4e0d
发生时间：2019-02-21 20:14:11.152
扫描枪2：PLC通知读取条码。
发生时间：2019-02-21 20:14:10.776
扫描枪2:OPC成功写入电池组信息：200004500200004501200004502200004503200004504200004505200004506200004507200004508200004509,1073741824！
发生时间：2019-02-21 20:14:10.730
扫描枪2：获取数据库编号：200004500、200004501、200004502、200004503、200004504、200004505、200004506、200004507、200004508、200004509。
发生时间：2019-02-21 20:14:10.677
条码9:36CA000000000000130，来料工单(26CA)：False
发生时间：2019-02-21 20:14:10.657
条码8:36CA000000000000129，来料工单(26CA)：False
发生时间：2019-02-21 20:14:10.617
条码7:36CA000000000000128，来料工单(26CA)：False
发生时间：2019-02-21 20:14:10.457
条码6:36CA000000000000127，来料工单(26CA)：False
发生时间：2019-02-21 20:14:10.364
条码5:36CA000000000000126，来料工单(26CA)：False
发生时间：2019-02-21 20:14:10.258
条码4:36CA000000000000125，来料工单(26CA)：False
发生时间：2019-02-21 20:14:10.197
条码3:36CA000000000000124，来料工单(26CA)：False
发生时间：2019-02-21 20:14:10.135
条码2:36CA000000000000123，来料工单(26CA)：False
发生时间：2019-02-21 20:14:10.058
条码1:36CA000000000000122，来料工单(26CA)：False
发生时间：2019-02-21 20:14:09.995
条码0:36CA000000000000121，来料工单(26CA)：False
发生时间：2019-02-21 20:14:09.934
扫描枪2：收到数据[0#36CA0000000000001211#36CA0000000000001222#36CA0000000000001233#36CA0000000000001244#36CA0000000000001255#36CA0000000000001266#36CA0000000000001277#36CA0000000000001288#36CA0000000000001299#36CA000000000000130A#]
发生时间：2019-02-21 20:14:08.919
扫描枪2：等待接收
发生时间：2019-02-21 20:14:08.909
扫描枪2：发送数据：4c4f4e0d
发生时间：2019-02-21 20:14:08.895
扫描枪2：PLC通知读取条码。
发生时间：2019-02-21 20:14:08.632
扫描枪2:OPC成功写入电池组信息：200004490200004491200004492200004493200004494200004495200004496200004497200004498200004499,1073741824！
发生时间：2019-02-21 20:14:08.617
扫描枪2：获取数据库编号：200004490、200004491、200004492、200004493、200004494、200004495、200004496、200004497、200004498、200004499。
发生时间：2019-02-21 20:14:08.600
条码9:36CA000000000000120，来料工单(26CA)：False
发生时间：2019-02-21 20:14:08.592
条码8:36CA000000000000119，来料工单(26CA)：False
发生时间：2019-02-21 20:14:08.584
条码7:36CA000000000000118，来料工单(26CA)：False
发生时间：2019-02-21 20:14:08.575
条码6:36CA000000000000117，来料工单(26CA)：False
发生时间：2019-02-21 20:14:08.564
条码5:36CA000000000000116，来料工单(26CA)：False
发生时间：2019-02-21 20:14:08.554
条码4:36CA000000000000115，来料工单(26CA)：False
发生时间：2019-02-21 20:14:08.546
条码3:36CA000000000000114，来料工单(26CA)：False
发生时间：2019-02-21 20:14:08.536
条码2:36CA000000000000113，来料工单(26CA)：False
发生时间：2019-02-21 20:14:08.530
条码1:36CA000000000000112，来料工单(26CA)：False
发生时间：2019-02-21 20:14:08.521
条码0:36CA000000000000111，来料工单(26CA)：False
发生时间：2019-02-21 20:14:08.495
扫描枪2：收到数据[0#36CA0000000000001111#36CA0000000000001122#36CA0000000000001133#36CA0000000000001144#36CA0000000000001155#36CA0000000000001166#36CA0000000000001177#36CA0000000000001188#36CA0000000000001199#36CA000000000000120A#]
发生时间：2019-02-21 20:14:07.482
扫描枪2：等待接收
发生时间：2019-02-21 20:14:07.472
扫描枪2：发送数据：4c4f4e0d
发生时间：2019-02-21 20:14:07.459
扫描枪2：PLC通知读取条码。
发生时间：2019-02-21 20:14:07.189
扫描枪2:OPC成功写入电池组信息：200004480200004481200004482200004483200004484200004485200004486200004487200004488200004489,1073741824！
发生时间：2019-02-21 20:14:07.175
扫描枪2：获取数据库编号：200004480、200004481、200004482、200004483、200004484、200004485、200004486、200004487、200004488、200004489。
发生时间：2019-02-21 20:14:07.157
条码9:36CA000000000000110，来料工单(26CA)：False
发生时间：2019-02-21 20:14:07.148
条码8:36CA000000000000109，来料工单(26CA)：False
发生时间：2019-02-21 20:14:07.140
条码7:36CA000000000000108，来料工单(26CA)：False
发生时间：2019-02-21 20:14:07.131
条码6:36CA000000000000107，来料工单(26CA)：False
发生时间：2019-02-21 20:14:07.122
条码5:36CA000000000000106，来料工单(26CA)：False
发生时间：2019-02-21 20:14:07.113
条码4:36CA000000000000105，来料工单(26CA)：False
发生时间：2019-02-21 20:14:07.102
条码3:36CA000000000000104，来料工单(26CA)：False
发生时间：2019-02-21 20:14:07.097
条码2:36CA000000000000103，来料工单(26CA)：False
发生时间：2019-02-21 20:14:07.089
条码1:36CA000000000000102，来料工单(26CA)：False
发生时间：2019-02-21 20:14:07.081
条码0:36CA000000000000101，来料工单(26CA)：False
发生时间：2019-02-21 20:14:07.072
扫描枪2：收到数据[0#36CA0000000000001011#36CA0000000000001022#36CA0000000000001033#36CA0000000000001044#36CA0000000000001055#36CA0000000000001066#36CA0000000000001077#36CA0000000000001088#36CA0000000000001099#36CA000000000000110A#]
发生时间：2019-02-21 20:14:06.065
扫描枪2：等待接收
发生时间：2019-02-21 20:14:06.060
扫描枪2：发送数据：4c4f4e0d
发生时间：2019-02-21 20:14:06.049
扫描枪2：PLC通知读取条码。
发生时间：2019-02-21 20:14:05.490
扫描枪2:OPC成功写入电池组信息：200004470200004471200004472200004473200004474200004475200004476200004477200004478200004479,1073741824！
发生时间：2019-02-21 20:14:05.383
扫描枪2：获取数据库编号：200004470、200004471、200004472、200004473、200004474、200004475、200004476、200004477、200004478、200004479。
发生时间：2019-02-21 20:14:05.288
条码9:36CA000000000000100，来料工单(26CA)：False
发生时间：2019-02-21 20:14:05.220
条码8:36CA000000000000099，来料工单(26CA)：False
发生时间：2019-02-21 20:14:05.143
条码7:36CA000000000000098，来料工单(26CA)：False
发生时间：2019-02-21 20:14:05.070
条码6:36CA000000000000097，来料工单(26CA)：False
发生时间：2019-02-21 20:14:05.005
条码5:36CA000000000000096，来料工单(26CA)：False
发生时间：2019-02-21 20:14:04.936
条码4:36CA000000000000095，来料工单(26CA)：False
发生时间：2019-02-21 20:14:04.865
条码3:36CA000000000000094，来料工单(26CA)：False
发生时间：2019-02-21 20:14:04.787
条码2:36CA000000000000093，来料工单(26CA)：False
发生时间：2019-02-21 20:14:04.729
条码1:36CA000000000000092，来料工单(26CA)：False
发生时间：2019-02-21 20:14:04.657
条码0:36CA000000000000091，来料工单(26CA)：False
发生时间：2019-02-21 20:14:04.588
扫描枪2：收到数据[0#36CA0000000000000911#36CA0000000000000922#36CA0000000000000933#36CA0000000000000944#36CA0000000000000955#36CA0000000000000966#36CA0000000000000977#36CA0000000000000988#36CA0000000000000999#36CA000000000000100A#]
发生时间：2019-02-21 20:14:03.489
扫描枪2：等待接收
发生时间：2019-02-21 20:14:03.473
扫描枪2：发送数据：4c4f4e0d
发生时间：2019-02-21 20:14:03.448
扫描枪2：PLC通知读取条码。
发生时间：2019-02-21 20:14:02.778
扫描枪2:OPC成功写入电池组信息：200004460200004461200004462200004463200004464200004465200004466200004467200004468200004469,1073741824！
发生时间：2019-02-21 20:14:02.656
扫描枪2：获取数据库编号：200004460、200004461、200004462、200004463、200004464、200004465、200004466、200004467、200004468、200004469。
发生时间：2019-02-21 20:14:02.587
条码9:36CA000000000000090，来料工单(26CA)：False
发生时间：2019-02-21 20:14:02.533
条码8:36CA000000000000089，来料工单(26CA)：False
发生时间：2019-02-21 20:14:02.469
条码7:36CA000000000000088，来料工单(26CA)：False
发生时间：2019-02-21 20:14:02.407
条码6:36CA000000000000087，来料工单(26CA)：False
发生时间：2019-02-21 20:14:02.349
条码5:36CA000000000000086，来料工单(26CA)：False
发生时间：2019-02-21 20:14:02.284
条码4:36CA000000000000085，来料工单(26CA)：False
发生时间：2019-02-21 20:14:02.214
条码3:36CA000000000000084，来料工单(26CA)：False
发生时间：2019-02-21 20:14:02.157
条码2:36CA000000000000083，来料工单(26CA)：False
发生时间：2019-02-21 20:14:02.099
条码1:36CA000000000000082，来料工单(26CA)：False
发生时间：2019-02-21 20:14:02.027
条码0:36CA000000000000081，来料工单(26CA)：False
发生时间：2019-02-21 20:14:01.981
扫描枪2：收到数据[0#36CA0000000000000811#36CA0000000000000822#36CA0000000000000833#36CA0000000000000844#36CA0000000000000855#36CA0000000000000866#36CA0000000000000877#36CA0000000000000888#36CA0000000000000899#36CA000000000000090A#]
发生时间：2019-02-21 20:14:00.303
扫描枪2：等待接收
发生时间：2019-02-21 20:14:00.297
扫描枪2：发送数据：4c4f4e0d
发生时间：2019-02-21 20:14:00.285
扫描枪2：PLC通知读取条码。
发生时间：2019-02-21 20:13:59.960
扫描枪2:OPC成功写入电池组信息：200004450200004451200004452200004453200004454200004455200004456200004457200004458200004459,1073741824！
发生时间：2019-02-21 20:13:59.925
扫描枪2：获取数据库编号：200004450、200004451、200004452、200004453、200004454、200004455、200004456、200004457、200004458、200004459。
发生时间：2019-02-21 20:13:59.890
条码9:36CA000000000000080，来料工单(26CA)：False
发生时间：2019-02-21 20:13:59.869
条码8:36CA000000000000079，来料工单(26CA)：False
发生时间：2019-02-21 20:13:59.847
条码7:36CA000000000000078，来料工单(26CA)：False
发生时间：2019-02-21 20:13:59.823
条码6:36CA000000000000077，来料工单(26CA)：False
发生时间：2019-02-21 20:13:59.799
条码5:36CA000000000000076，来料工单(26CA)：False
发生时间：2019-02-21 20:13:59.774
条码4:36CA000000000000075，来料工单(26CA)：False
发生时间：2019-02-21 20:13:59.752
条码3:36CA000000000000074，来料工单(26CA)：False
发生时间：2019-02-21 20:13:59.729
条码2:36CA000000000000073，来料工单(26CA)：False
发生时间：2019-02-21 20:13:59.707
条码1:36CA000000000000072，来料工单(26CA)：False
发生时间：2019-02-21 20:13:59.685
条码0:36CA000000000000071，来料工单(26CA)：False
发生时间：2019-02-21 20:13:59.664
扫描枪2：收到数据[0#36CA0000000000000711#36CA0000000000000722#36CA0000000000000733#36CA0000000000000744#36CA0000000000000755#36CA0000000000000766#36CA0000000000000777#36CA0000000000000788#36CA0000000000000799#36CA000000000000080A#]
发生时间：2019-02-21 20:13:58.449
扫描枪2：等待接收
发生时间：2019-02-21 20:13:58.430
扫描枪2：发送数据：4c4f4e0d
发生时间：2019-02-21 20:13:58.410
扫描枪2：PLC通知读取条码。
发生时间：2019-02-21 20:13:58.090
扫描枪2:OPC成功写入电池组信息：200004440200004441200004442200004443200004444200004445200004446200004447200004448200004449,1073741824！
发生时间：2019-02-21 20:13:58.033
扫描枪2：获取数据库编号：200004440、200004441、200004442、200004443、200004444、200004445、200004446、200004447、200004448、200004449。
发生时间：2019-02-21 20:13:57.931
条码9:36CA000000000000070，来料工单(26CA)：False
发生时间：2019-02-21 20:13:57.877
条码8:36CA000000000000069，来料工单(26CA)：False
发生时间：2019-02-21 20:13:57.827
条码7:36CA000000000000068，来料工单(26CA)：False
发生时间：2019-02-21 20:13:57.758
条码6:36CA000000000000067，来料工单(26CA)：False
发生时间：2019-02-21 20:13:57.695
条码5:36CA000000000000066，来料工单(26CA)：False
发生时间：2019-02-21 20:13:57.626
条码4:36CA000000000000065，来料工单(26CA)：False
发生时间：2019-02-21 20:13:57.574
条码3:36CA000000000000064，来料工单(26CA)：False
发生时间：2019-02-21 20:13:57.491
条码2:36CA000000000000063，来料工单(26CA)：False
发生时间：2019-02-21 20:13:57.429
条码1:36CA000000000000062，来料工单(26CA)：False
发生时间：2019-02-21 20:13:57.371
条码0:36CA000000000000061，来料工单(26CA)：False
发生时间：2019-02-21 20:13:57.320
扫描枪2：收到数据[0#36CA0000000000000611#36CA0000000000000622#36CA0000000000000633#36CA0000000000000644#36CA0000000000000655#36CA0000000000000666#36CA0000000000000677#36CA0000000000000688#36CA0000000000000699#36CA000000000000070A#]
发生时间：2019-02-21 20:13:55.830
扫描枪2：等待接收
发生时间：2019-02-21 20:13:55.817
扫描枪2：发送数据：4c4f4e0d
发生时间：2019-02-21 20:13:55.789
扫描枪2：PLC通知读取条码。
发生时间：2019-02-21 20:13:55.417
扫描枪2:OPC成功写入电池组信息：200004430200004431200004432200004433200004434200004435200004436200004437200004438200004439,1073741824！
发生时间：2019-02-21 20:13:55.381
扫描枪2：获取数据库编号：200004430、200004431、200004432、200004433、200004434、200004435、200004436、200004437、200004438、200004439。
发生时间：2019-02-21 20:13:55.348
条码9:36CA000000000000060，来料工单(26CA)：False
发生时间：2019-02-21 20:13:55.337
条码8:36CA000000000000059，来料工单(26CA)：False
发生时间：2019-02-21 20:13:55.326
条码7:36CA000000000000058，来料工单(26CA)：False
发生时间：2019-02-21 20:13:55.255
条码6:36CA000000000000057，来料工单(26CA)：False
发生时间：2019-02-21 20:13:55.152
条码5:36CA000000000000056，来料工单(26CA)：False
发生时间：2019-02-21 20:13:55.093
条码4:36CA000000000000055，来料工单(26CA)：False
发生时间：2019-02-21 20:13:55.003
条码3:36CA000000000000054，来料工单(26CA)：False
发生时间：2019-02-21 20:13:54.958
条码2:36CA000000000000053，来料工单(26CA)：False
发生时间：2019-02-21 20:13:54.908
条码1:36CA000000000000052，来料工单(26CA)：False
发生时间：2019-02-21 20:13:54.858
条码0:36CA000000000000051，来料工单(26CA)：False
发生时间：2019-02-21 20:13:54.804
扫描枪2：收到数据[0#36CA0000000000000511#36CA0000000000000522#36CA0000000000000533#36CA0000000000000544#36CA0000000000000555#36CA0000000000000566#36CA0000000000000577#36CA0000000000000588#36CA0000000000000599#36CA000000000000060A#]
发生时间：2019-02-21 20:13:53.780
扫描枪2：等待接收
发生时间：2019-02-21 20:13:53.773
扫描枪2：发送数据：4c4f4e0d
发生时间：2019-02-21 20:13:53.762
扫描枪2：PLC通知读取条码。
发生时间：2019-02-21 20:13:53.495
扫描枪2:OPC成功写入电池组信息：200004420200004421200004422200004423200004424200004425200004426200004427200004428200004429,1073741824！
发生时间：2019-02-21 20:13:53.482
扫描枪2：获取数据库编号：200004420、200004421、200004422、200004423、200004424、200004425、200004426、200004427、200004428、200004429。
发生时间：2019-02-21 20:13:53.469
条码9:36CA000000000000050，来料工单(26CA)：False
发生时间：2019-02-21 20:13:53.467
条码8:36CA000000000000049，来料工单(26CA)：False
发生时间：2019-02-21 20:13:53.463
条码7:36CA000000000000048，来料工单(26CA)：False
发生时间：2019-02-21 20:13:53.460
条码6:36CA000000000000047，来料工单(26CA)：False
发生时间：2019-02-21 20:13:53.458
条码5:36CA000000000000046，来料工单(26CA)：False
发生时间：2019-02-21 20:13:53.456
条码4:36CA000000000000045，来料工单(26CA)：False
发生时间：2019-02-21 20:13:53.426
条码3:36CA000000000000044，来料工单(26CA)：False
发生时间：2019-02-21 20:13:53.376
条码2:36CA000000000000043，来料工单(26CA)：False
发生时间：2019-02-21 20:13:53.354
条码1:36CA000000000000042，来料工单(26CA)：False
发生时间：2019-02-21 20:13:53.333
条码0:36CA000000000000041，来料工单(26CA)：False
发生时间：2019-02-21 20:13:53.310
扫描枪2：收到数据[0#36CA0000000000000411#36CA0000000000000422#36CA0000000000000433#36CA0000000000000444#36CA0000000000000455#36CA0000000000000466#36CA0000000000000477#36CA0000000000000488#36CA0000000000000499#36CA000000000000050A#]
发生时间：2019-02-21 20:13:52.296
扫描枪2：等待接收
发生时间：2019-02-21 20:13:52.292
扫描枪2：发送数据：4c4f4e0d
发生时间：2019-02-21 20:13:52.282
扫描枪2：PLC通知读取条码。
发生时间：2019-02-21 20:13:52.010
扫描枪2:OPC成功写入电池组信息：200004410200004411200004412200004413200004414200004415200004416200004417200004418200004419,1073741824！
发生时间：2019-02-21 20:13:51.991
扫描枪2：获取数据库编号：200004410、200004411、200004412、200004413、200004414、200004415、200004416、200004417、200004418、200004419。
发生时间：2019-02-21 20:13:51.948
条码9:36CA000000000000040，来料工单(26CA)：False
发生时间：2019-02-21 20:13:51.927
条码8:36CA000000000000039，来料工单(26CA)：False
发生时间：2019-02-21 20:13:51.907
条码7:36CA000000000000038，来料工单(26CA)：False
发生时间：2019-02-21 20:13:51.892
条码6:36CA000000000000037，来料工单(26CA)：False
发生时间：2019-02-21 20:13:51.878
条码5:36CA000000000000036，来料工单(26CA)：False
发生时间：2019-02-21 20:13:51.863
条码4:36CA000000000000035，来料工单(26CA)：False
发生时间：2019-02-21 20:13:51.846
条码3:36CA000000000000034，来料工单(26CA)：False
发生时间：2019-02-21 20:13:51.828
条码2:36CA000000000000033，来料工单(26CA)：False
发生时间：2019-02-21 20:13:51.811
条码1:36CA000000000000032，来料工单(26CA)：False
发生时间：2019-02-21 20:13:51.794
条码0:36CA000000000000031，来料工单(26CA)：False
发生时间：2019-02-21 20:13:51.777
扫描枪2：收到数据[0#36CA0000000000000311#36CA0000000000000322#36CA0000000000000333#36CA0000000000000344#36CA0000000000000355#36CA0000000000000366#36CA0000000000000377#36CA0000000000000388#36CA0000000000000399#36CA000000000000040A#]
发生时间：2019-02-21 20:13:50.757
扫描枪2：等待接收
发生时间：2019-02-21 20:13:50.754
扫描枪2：发送数据：4c4f4e0d
发生时间：2019-02-21 20:13:50.748
扫描枪2：PLC通知读取条码。
发生时间：2019-02-21 20:13:50.438
扫描枪2:OPC成功写入电池组信息：200004400200004401200004402200004403200004404200004405200004406200004407200004408200004409,1073741824！
发生时间：2019-02-21 20:13:50.418
扫描枪2：获取数据库编号：200004400、200004401、200004402、200004403、200004404、200004405、200004406、200004407、200004408、200004409。
发生时间：2019-02-21 20:13:50.399
条码9:36CA000000000000030，来料工单(26CA)：False
发生时间：2019-02-21 20:13:50.384
条码8:36CA000000000000029，来料工单(26CA)：False
发生时间：2019-02-21 20:13:50.373
条码7:36CA000000000000028，来料工单(26CA)：False
发生时间：2019-02-21 20:13:50.360
条码6:36CA000000000000027，来料工单(26CA)：False
发生时间：2019-02-21 20:13:50.347
条码5:36CA000000000000026，来料工单(26CA)：False
发生时间：2019-02-21 20:13:50.336
条码4:36CA000000000000025，来料工单(26CA)：False
发生时间：2019-02-21 20:13:50.322
条码3:36CA000000000000024，来料工单(26CA)：False
发生时间：2019-02-21 20:13:50.310
条码2:36CA000000000000023，来料工单(26CA)：False
发生时间：2019-02-21 20:13:50.294
条码1:36CA000000000000022，来料工单(26CA)：False
发生时间：2019-02-21 20:13:50.257
条码0:36CA000000000000021，来料工单(26CA)：False
发生时间：2019-02-21 20:13:50.221
扫描枪2：收到数据[0#36CA0000000000000211#36CA0000000000000222#36CA0000000000000233#36CA0000000000000244#36CA0000000000000255#36CA0000000000000266#36CA0000000000000277#36CA0000000000000288#36CA0000000000000299#36CA000000000000030A#]
发生时间：2019-02-21 20:13:48.326
扫描枪2：等待接收
发生时间：2019-02-21 20:13:48.319
扫描枪2：发送数据：4c4f4e0d
发生时间：2019-02-21 20:13:48.300
扫描枪2：PLC通知读取条码。
发生时间：2019-02-21 20:13:47.878
扫描枪2:OPC成功写入电池组信息：200004390200004391200004392200004393200004394200004395200004396200004397200004398200004399,1073741824！
发生时间：2019-02-21 20:13:47.809
扫描枪2：获取数据库编号：200004390、200004391、200004392、200004393、200004394、200004395、200004396、200004397、200004398、200004399。
发生时间：2019-02-21 20:13:47.712
条码9:36CA000000000000020，来料工单(26CA)：False
发生时间：2019-02-21 20:13:47.679
条码8:36CA000000000000019，来料工单(26CA)：False
发生时间：2019-02-21 20:13:47.644
条码7:36CA000000000000018，来料工单(26CA)：False
发生时间：2019-02-21 20:13:47.611
条码6:36CA000000000000017，来料工单(26CA)：False
发生时间：2019-02-21 20:13:47.576
条码5:36CA000000000000016，来料工单(26CA)：False
发生时间：2019-02-21 20:13:47.539
条码4:36CA000000000000015，来料工单(26CA)：False
发生时间：2019-02-21 20:13:47.499
条码3:36CA000000000000014，来料工单(26CA)：False
发生时间：2019-02-21 20:13:47.448
条码2:36CA000000000000013，来料工单(26CA)：False
发生时间：2019-02-21 20:13:47.395
条码1:36CA000000000000012，来料工单(26CA)：False
发生时间：2019-02-21 20:13:47.360
条码0:36CA000000000000011，来料工单(26CA)：False
发生时间：2019-02-21 20:13:47.341
扫描枪2：收到数据[0#36CA0000000000000111#36CA0000000000000122#36CA0000000000000133#36CA0000000000000144#36CA0000000000000155#36CA0000000000000166#36CA0000000000000177#36CA0000000000000188#36CA0000000000000199#36CA000000000000020A#]
发生时间：2019-02-21 20:13:45.353
扫描枪2：等待接收
发生时间：2019-02-21 20:13:45.341
扫描枪2：发送数据：4c4f4e0d
发生时间：2019-02-21 20:13:45.329
扫描枪2：PLC通知读取条码。

