-----------------存储时间:2019-02-16 19:01:47-----------------
发生时间：2019-02-16 19:01:46.324
扫描枪2：等待接收
发生时间：2019-02-16 19:01:46.310
扫描枪2：发送数据：4c4f4e0d
发生时间：2019-02-16 19:01:46.297
扫描枪2：PLC通知读取条码。
发生时间：2019-02-16 19:01:46.085
扫描枪2:OPC成功写入电池组信息：000160760000160761000160762000160763000160764000160765000160766000160767000160768000160769,1073741824！
发生时间：2019-02-16 19:01:46.072
扫描枪2：获取数据库编号：000160760、000160761、000160762、000160763、000160764、000160765、000160766、000160767、000160768、000160769。
发生时间：2019-02-16 19:01:46.047
条码9:200000000000000001860，来料工单：False
发生时间：2019-02-16 19:01:46.032
条码8:200000000000000001859，来料工单：False
发生时间：2019-02-16 19:01:46.019
条码7:200000000000000001858，来料工单：False
发生时间：2019-02-16 19:01:46.007
条码6:200000000000000001857，来料工单：False
发生时间：2019-02-16 19:01:45.994
条码5:200000000000000001856，来料工单：False
发生时间：2019-02-16 19:01:45.978
条码4:200000000000000001855，来料工单：False
发生时间：2019-02-16 19:01:45.963
条码3:200000000000000001854，来料工单：False
发生时间：2019-02-16 19:01:45.947
条码2:200000000000000001853，来料工单：False
发生时间：2019-02-16 19:01:45.934
条码1:200000000000000001852，来料工单：False
发生时间：2019-02-16 19:01:45.918
条码0:200000000000000001851，来料工单：False
发生时间：2019-02-16 19:01:45.905
扫描枪2：收到数据[#02000000000000000018510#12000000000000000018521#22000000000000000018532#32000000000000000018543#42000000000000000018554#52000000000000000018565#62000000000000000018576#72000000000000000018587#82000000000000000018598#92000000000000000018609#]
发生时间：2019-02-16 19:01:44.905
扫描枪2：等待接收
发生时间：2019-02-16 19:01:44.892
扫描枪2：发送数据：4c4f4e0d
发生时间：2019-02-16 19:01:44.870
扫描枪2：PLC通知读取条码。
发生时间：2019-02-16 19:01:44.658
扫描枪2:OPC成功写入电池组信息：000160740000160741000160742000160743000160744000160745000160746000160747000160748000160749,1073741824！
发生时间：2019-02-16 19:01:44.640
扫描枪2：获取数据库编号：000160740、000160741、000160742、000160743、000160744、000160745、000160746、000160747、000160748、000160749。
发生时间：2019-02-16 19:01:44.616
条码9:200000000000000001850，来料工单：False
发生时间：2019-02-16 19:01:44.597
条码8:200000000000000001849，来料工单：False
发生时间：2019-02-16 19:01:44.584
条码7:200000000000000001848，来料工单：False
发生时间：2019-02-16 19:01:44.569
条码6:200000000000000001847，来料工单：False
发生时间：2019-02-16 19:01:44.554
条码5:200000000000000001846，来料工单：False
发生时间：2019-02-16 19:01:44.535
条码4:200000000000000001845，来料工单：False
发生时间：2019-02-16 19:01:44.516
条码3:200000000000000001844，来料工单：False
发生时间：2019-02-16 19:01:44.501
条码2:200000000000000001843，来料工单：False
发生时间：2019-02-16 19:01:44.483
条码1:200000000000000001842，来料工单：False
发生时间：2019-02-16 19:01:44.466
条码0:200000000000000001841，来料工单：False
发生时间：2019-02-16 19:01:44.450
扫描枪2：收到数据[#02000000000000000018410#12000000000000000018421#22000000000000000018432#32000000000000000018443#42000000000000000018454#52000000000000000018465#62000000000000000018476#72000000000000000018487#82000000000000000018498#92000000000000000018509#]
发生时间：2019-02-16 19:01:43.458
扫描枪2：等待接收
发生时间：2019-02-16 19:01:43.440
扫描枪2：发送数据：4c4f4e0d
发生时间：2019-02-16 19:01:43.423
扫描枪2：PLC通知读取条码。
发生时间：2019-02-16 19:01:43.212
扫描枪2:OPC成功写入电池组信息：000160720000160721000160722000160723000160724000160725000160726000160727000160728000160729,1073741824！
发生时间：2019-02-16 19:01:43.199
扫描枪2：获取数据库编号：000160720、000160721、000160722、000160723、000160724、000160725、000160726、000160727、000160728、000160729。
发生时间：2019-02-16 19:01:43.174
条码9:200000000000000001840，来料工单：False
发生时间：2019-02-16 19:01:43.160
条码8:200000000000000001839，来料工单：False
发生时间：2019-02-16 19:01:43.142
条码7:200000000000000001838，来料工单：False
发生时间：2019-02-16 19:01:43.129
条码6:200000000000000001837，来料工单：False
发生时间：2019-02-16 19:01:43.112
条码5:200000000000000001836，来料工单：False
发生时间：2019-02-16 19:01:43.099
条码4:200000000000000001835，来料工单：False
发生时间：2019-02-16 19:01:43.079
条码3:200000000000000001834，来料工单：False
发生时间：2019-02-16 19:01:43.066
条码2:200000000000000001833，来料工单：False
发生时间：2019-02-16 19:01:43.055
条码1:200000000000000001832，来料工单：False
发生时间：2019-02-16 19:01:43.043
条码0:200000000000000001831，来料工单：False
发生时间：2019-02-16 19:01:43.028
扫描枪2：收到数据[#02000000000000000018310#12000000000000000018321#22000000000000000018332#32000000000000000018343#42000000000000000018354#52000000000000000018365#62000000000000000018376#72000000000000000018387#82000000000000000018398#92000000000000000018409#]
发生时间：2019-02-16 19:01:42.026
扫描枪2：等待接收
发生时间：2019-02-16 19:01:42.014
扫描枪2：发送数据：4c4f4e0d
发生时间：2019-02-16 19:01:42.002
扫描枪2：PLC通知读取条码。
发生时间：2019-02-16 19:01:41.785
扫描枪2:OPC成功写入电池组信息：000160700000160701000160702000160703000160704000160705000160706000160707000160708000160709,1073741824！
发生时间：2019-02-16 19:01:41.770
扫描枪2：获取数据库编号：000160700、000160701、000160702、000160703、000160704、000160705、000160706、000160707、000160708、000160709。
发生时间：2019-02-16 19:01:41.750
条码9:200000000000000001830，来料工单：False
发生时间：2019-02-16 19:01:41.738
条码8:200000000000000001829，来料工单：False
发生时间：2019-02-16 19:01:41.727
条码7:200000000000000001828，来料工单：False
发生时间：2019-02-16 19:01:41.713
条码6:200000000000000001827，来料工单：False
发生时间：2019-02-16 19:01:41.701
条码5:200000000000000001826，来料工单：False
发生时间：2019-02-16 19:01:41.690
条码4:200000000000000001825，来料工单：False
发生时间：2019-02-16 19:01:41.678
条码3:200000000000000001824，来料工单：False
发生时间：2019-02-16 19:01:41.667
条码2:200000000000000001823，来料工单：False
发生时间：2019-02-16 19:01:41.652
条码1:200000000000000001822，来料工单：False
发生时间：2019-02-16 19:01:41.637
条码0:200000000000000001821，来料工单：False
发生时间：2019-02-16 19:01:41.622
扫描枪2：收到数据[#02000000000000000018210#12000000000000000018221#22000000000000000018232#32000000000000000018243#42000000000000000018254#52000000000000000018265#62000000000000000018276#72000000000000000018287#82000000000000000018298#92000000000000000018309#]
发生时间：2019-02-16 19:01:40.616
扫描枪2：等待接收
发生时间：2019-02-16 19:01:40.605
扫描枪2：发送数据：4c4f4e0d
发生时间：2019-02-16 19:01:40.591
扫描枪2：PLC通知读取条码。
发生时间：2019-02-16 19:01:40.381
扫描枪2:OPC成功写入电池组信息：000160680000160681000160682000160683000160684000160685000160686000160687000160688000160689,1073741824！
发生时间：2019-02-16 19:01:40.362
扫描枪2：获取数据库编号：000160680、000160681、000160682、000160683、000160684、000160685、000160686、000160687、000160688、000160689。
发生时间：2019-02-16 19:01:40.332
条码9:200000000000000001820，来料工单：False
发生时间：2019-02-16 19:01:40.321
条码8:200000000000000001819，来料工单：False
发生时间：2019-02-16 19:01:40.310
条码7:200000000000000001818，来料工单：False
发生时间：2019-02-16 19:01:40.296
条码6:200000000000000001817，来料工单：False
发生时间：2019-02-16 19:01:40.285
条码5:200000000000000001816，来料工单：False
发生时间：2019-02-16 19:01:40.273
条码4:200000000000000001815，来料工单：False
发生时间：2019-02-16 19:01:40.262
条码3:200000000000000001814，来料工单：False
发生时间：2019-02-16 19:01:40.250
条码2:200000000000000001813，来料工单：False
发生时间：2019-02-16 19:01:40.239
条码1:200000000000000001812，来料工单：False
发生时间：2019-02-16 19:01:40.227
条码0:200000000000000001811，来料工单：False
发生时间：2019-02-16 19:01:40.217
扫描枪2：收到数据[#02000000000000000018110#12000000000000000018121#22000000000000000018132#32000000000000000018143#42000000000000000018154#52000000000000000018165#62000000000000000018176#72000000000000000018187#82000000000000000018198#92000000000000000018209#]
发生时间：2019-02-16 19:01:39.215
扫描枪2：等待接收
发生时间：2019-02-16 19:01:39.199
扫描枪2：发送数据：4c4f4e0d
发生时间：2019-02-16 19:01:39.186
扫描枪2：PLC通知读取条码。
发生时间：2019-02-16 19:01:38.978
扫描枪2:OPC成功写入电池组信息：000160660000160661000160662000160663000160664000160665000160666000160667000160668000160669,1073741824！
发生时间：2019-02-16 19:01:38.966
扫描枪2：获取数据库编号：000160660、000160661、000160662、000160663、000160664、000160665、000160666、000160667、000160668、000160669。
发生时间：2019-02-16 19:01:38.943
条码9:200000000000000001810，来料工单：False
发生时间：2019-02-16 19:01:38.932
条码8:200000000000000001809，来料工单：False
发生时间：2019-02-16 19:01:38.919
条码7:200000000000000001808，来料工单：False
发生时间：2019-02-16 19:01:38.907
条码6:200000000000000001807，来料工单：False
发生时间：2019-02-16 19:01:38.896
条码5:200000000000000001806，来料工单：False
发生时间：2019-02-16 19:01:38.885
条码4:200000000000000001805，来料工单：False
发生时间：2019-02-16 19:01:38.873
条码3:200000000000000001804，来料工单：False
发生时间：2019-02-16 19:01:38.861
条码2:200000000000000001803，来料工单：False
发生时间：2019-02-16 19:01:38.847
条码1:200000000000000001802，来料工单：False
发生时间：2019-02-16 19:01:38.837
条码0:200000000000000001801，来料工单：False
发生时间：2019-02-16 19:01:38.826
扫描枪2：收到数据[#02000000000000000018010#12000000000000000018021#22000000000000000018032#32000000000000000018043#42000000000000000018054#52000000000000000018065#62000000000000000018076#72000000000000000018087#82000000000000000018098#92000000000000000018109#]
发生时间：2019-02-16 19:01:37.822
扫描枪2：等待接收
发生时间：2019-02-16 19:01:37.809
扫描枪2：发送数据：4c4f4e0d
发生时间：2019-02-16 19:01:37.795
扫描枪2：PLC通知读取条码。
发生时间：2019-02-16 19:01:37.584
扫描枪2:OPC成功写入电池组信息：000160640000160641000160642000160643000160644000160645000160646000160647000160648000160649,1073741824！
发生时间：2019-02-16 19:01:37.567
扫描枪2：获取数据库编号：000160640、000160641、000160642、000160643、000160644、000160645、000160646、000160647、000160648、000160649。
发生时间：2019-02-16 19:01:37.549
条码9:200000000000000001800，来料工单：False
发生时间：2019-02-16 19:01:37.538
条码8:200000000000000001799，来料工单：False
发生时间：2019-02-16 19:01:37.530
条码7:200000000000000001798，来料工单：False
发生时间：2019-02-16 19:01:37.515
条码6:200000000000000001797，来料工单：False
发生时间：2019-02-16 19:01:37.500
条码5:200000000000000001796，来料工单：False
发生时间：2019-02-16 19:01:37.488
条码4:200000000000000001795，来料工单：False
发生时间：2019-02-16 19:01:37.454
条码3:200000000000000001794，来料工单：False
发生时间：2019-02-16 19:01:37.443
条码2:200000000000000001793，来料工单：False
发生时间：2019-02-16 19:01:37.432
条码1:200000000000000001792，来料工单：False
发生时间：2019-02-16 19:01:37.421
条码0:200000000000000001791，来料工单：False
发生时间：2019-02-16 19:01:37.406
扫描枪2：收到数据[#02000000000000000017910#12000000000000000017921#22000000000000000017932#32000000000000000017943#42000000000000000017954#52000000000000000017965#62000000000000000017976#72000000000000000017987#82000000000000000017998#92000000000000000018009#]
发生时间：2019-02-16 19:01:36.405
扫描枪2：等待接收
发生时间：2019-02-16 19:01:36.394
扫描枪2：发送数据：4c4f4e0d
发生时间：2019-02-16 19:01:36.381
扫描枪2：PLC通知读取条码。
发生时间：2019-02-16 19:01:36.171
扫描枪2:OPC成功写入电池组信息：000160610000160611000160612000160613000160614000160615000160616000160617000160618000160619,1073741824！
发生时间：2019-02-16 19:01:36.163
扫描枪2：获取数据库编号：000160610、000160611、000160612、000160613、000160614、000160615、000160616、000160617、000160618、000160619。
发生时间：2019-02-16 19:01:36.120
条码9:200000000000000001790，来料工单：False
发生时间：2019-02-16 19:01:36.109
条码8:200000000000000001789，来料工单：False
发生时间：2019-02-16 19:01:36.098
条码7:200000000000000001788，来料工单：False
发生时间：2019-02-16 19:01:36.086
条码6:200000000000000001787，来料工单：False
发生时间：2019-02-16 19:01:36.074
条码5:200000000000000001786，来料工单：False
发生时间：2019-02-16 19:01:36.063
条码4:200000000000000001785，来料工单：False
发生时间：2019-02-16 19:01:36.054
条码3:200000000000000001784，来料工单：False
发生时间：2019-02-16 19:01:36.044
条码2:200000000000000001783，来料工单：False
发生时间：2019-02-16 19:01:36.033
条码1:200000000000000001782，来料工单：False
发生时间：2019-02-16 19:01:36.023
条码0:200000000000000001781，来料工单：False
发生时间：2019-02-16 19:01:36.013
扫描枪2：收到数据[#02000000000000000017810#12000000000000000017821#22000000000000000017832#32000000000000000017843#42000000000000000017854#52000000000000000017865#62000000000000000017876#72000000000000000017887#82000000000000000017898#92000000000000000017909#]
发生时间：2019-02-16 19:01:35.014
扫描枪2：等待接收
发生时间：2019-02-16 19:01:35.000
扫描枪2：发送数据：4c4f4e0d
发生时间：2019-02-16 19:01:34.985
扫描枪2：PLC通知读取条码。
发生时间：2019-02-16 19:01:34.777
扫描枪2:OPC成功写入电池组信息：000160590000160591000160592000160593000160594000160595000160596000160597000160598000160599,1073872896！
发生时间：2019-02-16 19:01:34.766
扫描枪2：获取数据库编号：000160590、000160591、000160592、000160593、000160594、000160595、000160596、000160597、000160598、000160599。
发生时间：2019-02-16 19:01:34.750
条码9:200000000000000001780，来料工单：False
发生时间：2019-02-16 19:01:34.740
条码8:200000000000000001779，来料工单：False
发生时间：2019-02-16 19:01:34.730
条码7:200000000000000001778，来料工单：False
发生时间：2019-02-16 19:01:34.714
条码6:200000000000000001777，来料工单：False
发生时间：2019-02-16 19:01:34.701
条码5:200000000000000001776，来料工单：True
发生时间：2019-02-16 19:01:34.691
条码4:200000000000000001775，来料工单：False
发生时间：2019-02-16 19:01:34.681
条码3:200000000000000001774，来料工单：False
发生时间：2019-02-16 19:01:34.671
条码2:200000000000000001773，来料工单：False
发生时间：2019-02-16 19:01:34.661
条码1:200000000000000001772，来料工单：False
发生时间：2019-02-16 19:01:34.648
条码0:200000000000000001771，来料工单：False
发生时间：2019-02-16 19:01:34.638
扫描枪2：收到数据[#02000000000000000017710#12000000000000000017721#22000000000000000017732#32000000000000000017743#42000000000000000017754#52000000000000000017765#62000000000000000017776#72000000000000000017787#82000000000000000017798#92000000000000000017809#]
发生时间：2019-02-16 19:01:33.646
扫描枪2：等待接收
发生时间：2019-02-16 19:01:33.633
扫描枪2：发送数据：4c4f4e0d
发生时间：2019-02-16 19:01:33.621
扫描枪2：PLC通知读取条码。
发生时间：2019-02-16 19:01:33.412
扫描枪2:OPC成功写入电池组信息：000160570000160571000160572000160573000160574000160575000160576000160577000160578000160579,1150437668！
发生时间：2019-02-16 19:01:33.402
扫描枪2：获取数据库编号：000160570、000160571、000160572、000160573、000160574、000160575、000160576、000160577、000160578、000160579。
发生时间：2019-02-16 19:01:33.382
条码9:200000000000000001770，来料工单：False
发生时间：2019-02-16 19:01:33.370
条码8:200000000000000001769，来料工单：True
发生时间：2019-02-16 19:01:33.360
条码7:200000000000000001768，来料工单：True
发生时间：2019-02-16 19:01:33.347
条码6:200000000000000001767，来料工单：True
发生时间：2019-02-16 19:01:33.337
条码5:200000000000000001766，来料工单：True
发生时间：2019-02-16 19:01:33.325
条码4:200000000000000001765，来料工单：True
发生时间：2019-02-16 19:01:33.315
条码3:200000000000000001764，来料工单：True
发生时间：2019-02-16 19:01:33.306
条码2:200000000000000001763，来料工单：True
发生时间：2019-02-16 19:01:33.297
条码1:200000000000000001762，来料工单：True
发生时间：2019-02-16 19:01:33.289
条码0:200000000000000001761，来料工单：True
发生时间：2019-02-16 19:01:33.279
扫描枪2：收到数据[#02000000000000000017610#12000000000000000017621#22000000000000000017632#32000000000000000017643#42000000000000000017654#52000000000000000017665#62000000000000000017676#72000000000000000017687#82000000000000000017698#92000000000000000017709#]
发生时间：2019-02-16 19:01:32.272
扫描枪2：等待接收
发生时间：2019-02-16 19:01:32.261
扫描枪2：发送数据：4c4f4e0d
发生时间：2019-02-16 19:01:32.251
扫描枪2：PLC通知读取条码。
发生时间：2019-02-16 19:01:32.044
扫描枪2:OPC成功写入电池组信息：000160550000160551000160552000160553000160554000160555000160556000160557000160558000160559,1610612736！
发生时间：2019-02-16 19:01:32.034
扫描枪2：获取数据库编号：000160550、000160551、000160552、000160553、000160554、000160555、000160556、000160557、000160558、000160559。
发生时间：2019-02-16 19:01:32.013
条码9:200000000000000001760，来料工单：True
发生时间：2019-02-16 19:01:31.998
条码8:200000000000000001759，来料工单：False
发生时间：2019-02-16 19:01:31.985
条码7:200000000000000001758，来料工单：False
发生时间：2019-02-16 19:01:31.973
条码6:200000000000000001757，来料工单：False
发生时间：2019-02-16 19:01:31.960
条码5:200000000000000001756，来料工单：False
发生时间：2019-02-16 19:01:31.947
条码4:200000000000000001755，来料工单：False
发生时间：2019-02-16 19:01:31.933
条码3:200000000000000001754，来料工单：False
发生时间：2019-02-16 19:01:31.921
条码2:200000000000000001753，来料工单：False
发生时间：2019-02-16 19:01:31.911
条码1:200000000000000001752，来料工单：False
发生时间：2019-02-16 19:01:31.899
条码0:200000000000000001751，来料工单：False
发生时间：2019-02-16 19:01:31.889
扫描枪2：收到数据[#02000000000000000017510#12000000000000000017521#22000000000000000017532#32000000000000000017543#42000000000000000017554#52000000000000000017565#62000000000000000017576#72000000000000000017587#82000000000000000017598#92000000000000000017609#]
发生时间：2019-02-16 19:01:30.889
扫描枪2：等待接收
发生时间：2019-02-16 19:01:30.879
扫描枪2：发送数据：4c4f4e0d
发生时间：2019-02-16 19:01:30.870
扫描枪2：PLC通知读取条码。
发生时间：2019-02-16 19:01:30.662
扫描枪2:OPC成功写入电池组信息：000160530000160531000160532000160533000160534000160535000160536000160537000160538000160539,1073741824！
发生时间：2019-02-16 19:01:30.650
扫描枪2：获取数据库编号：000160530、000160531、000160532、000160533、000160534、000160535、000160536、000160537、000160538、000160539。
发生时间：2019-02-16 19:01:30.633
条码9:200000000000000001750，来料工单：False
发生时间：2019-02-16 19:01:30.624
条码8:200000000000000001749，来料工单：False
发生时间：2019-02-16 19:01:30.613
条码7:200000000000000001748，来料工单：False
发生时间：2019-02-16 19:01:30.598
条码6:200000000000000001747，来料工单：False
发生时间：2019-02-16 19:01:30.583
条码5:200000000000000001746，来料工单：False
发生时间：2019-02-16 19:01:30.574
条码4:200000000000000001745，来料工单：False
发生时间：2019-02-16 19:01:30.566
条码3:200000000000000001744，来料工单：False
发生时间：2019-02-16 19:01:30.555
条码2:200000000000000001743，来料工单：False
发生时间：2019-02-16 19:01:30.547
条码1:200000000000000001742，来料工单：False
发生时间：2019-02-16 19:01:30.538
条码0:200000000000000001741，来料工单：False
发生时间：2019-02-16 19:01:30.530
扫描枪2：收到数据[#02000000000000000017410#12000000000000000017421#22000000000000000017432#32000000000000000017443#42000000000000000017454#52000000000000000017465#62000000000000000017476#72000000000000000017487#82000000000000000017498#92000000000000000017509#]
发生时间：2019-02-16 19:01:29.533
扫描枪2：等待接收
发生时间：2019-02-16 19:01:29.518
扫描枪2：发送数据：4c4f4e0d
发生时间：2019-02-16 19:01:29.509
扫描枪2：PLC通知读取条码。
发生时间：2019-02-16 19:01:29.302
扫描枪2:OPC成功写入电池组信息：000160510000160511000160512000160513000160514000160515000160516000160517000160518000160519,1073741824！
发生时间：2019-02-16 19:01:29.292
扫描枪2：获取数据库编号：000160510、000160511、000160512、000160513、000160514、000160515、000160516、000160517、000160518、000160519。
发生时间：2019-02-16 19:01:29.276
条码9:200000000000000001740，来料工单：False
发生时间：2019-02-16 19:01:29.266
条码8:200000000000000001739，来料工单：False
发生时间：2019-02-16 19:01:29.256
条码7:200000000000000001738，来料工单：False
发生时间：2019-02-16 19:01:29.247
条码6:200000000000000001737，来料工单：False
发生时间：2019-02-16 19:01:29.239
条码5:200000000000000001736，来料工单：False
发生时间：2019-02-16 19:01:29.230
条码4:200000000000000001735，来料工单：False
发生时间：2019-02-16 19:01:29.221
条码3:200000000000000001734，来料工单：False
发生时间：2019-02-16 19:01:29.214
条码2:200000000000000001733，来料工单：False
发生时间：2019-02-16 19:01:29.201
条码1:200000000000000001732，来料工单：False
发生时间：2019-02-16 19:01:29.193
条码0:200000000000000001731，来料工单：False
发生时间：2019-02-16 19:01:29.186
扫描枪2：收到数据[#02000000000000000017310#12000000000000000017321#22000000000000000017332#32000000000000000017343#42000000000000000017354#52000000000000000017365#62000000000000000017376#72000000000000000017387#82000000000000000017398#92000000000000000017409#]
发生时间：2019-02-16 19:01:28.182
扫描枪2：等待接收
发生时间：2019-02-16 19:01:28.173
扫描枪2：发送数据：4c4f4e0d
发生时间：2019-02-16 19:01:28.164
扫描枪2：PLC通知读取条码。
发生时间：2019-02-16 19:01:27.956
扫描枪2:OPC成功写入电池组信息：000160490000160491000160492000160493000160494000160495000160496000160497000160498000160499,1073741824！
发生时间：2019-02-16 19:01:27.949
扫描枪2：获取数据库编号：000160490、000160491、000160492、000160493、000160494、000160495、000160496、000160497、000160498、000160499。
发生时间：2019-02-16 19:01:27.929
条码9:200000000000000001730，来料工单：False
发生时间：2019-02-16 19:01:27.920
条码8:200000000000000001729，来料工单：False
发生时间：2019-02-16 19:01:27.912
条码7:200000000000000001728，来料工单：False
发生时间：2019-02-16 19:01:27.905
条码6:200000000000000001727，来料工单：False
发生时间：2019-02-16 19:01:27.893
条码5:200000000000000001726，来料工单：False
发生时间：2019-02-16 19:01:27.884
条码4:200000000000000001725，来料工单：False
发生时间：2019-02-16 19:01:27.876
条码3:200000000000000001724，来料工单：False
发生时间：2019-02-16 19:01:27.867
条码2:200000000000000001723，来料工单：False
发生时间：2019-02-16 19:01:27.858
条码1:200000000000000001722，来料工单：False
发生时间：2019-02-16 19:01:27.851
条码0:200000000000000001721，来料工单：False
发生时间：2019-02-16 19:01:27.843
扫描枪2：收到数据[#02000000000000000017210#12000000000000000017221#22000000000000000017232#32000000000000000017243#42000000000000000017254#52000000000000000017265#62000000000000000017276#72000000000000000017287#82000000000000000017298#92000000000000000017309#]
发生时间：2019-02-16 19:01:26.834
扫描枪2：等待接收
发生时间：2019-02-16 19:01:26.825
扫描枪2：发送数据：4c4f4e0d
发生时间：2019-02-16 19:01:26.815
扫描枪2：PLC通知读取条码。
发生时间：2019-02-16 19:01:26.606
扫描枪2:OPC成功写入电池组信息：000160470000160471000160472000160473000160474000160475000160476000160477000160478000160479,1073741824！
发生时间：2019-02-16 19:01:26.594
扫描枪2：获取数据库编号：000160470、000160471、000160472、000160473、000160474、000160475、000160476、000160477、000160478、000160479。
发生时间：2019-02-16 19:01:26.578
条码9:200000000000000001720，来料工单：False
发生时间：2019-02-16 19:01:26.569
条码8:200000000000000001719，来料工单：False
发生时间：2019-02-16 19:01:26.561
条码7:200000000000000001718，来料工单：False
发生时间：2019-02-16 19:01:26.553
条码6:200000000000000001717，来料工单：False
发生时间：2019-02-16 19:01:26.546
条码5:200000000000000001716，来料工单：False
发生时间：2019-02-16 19:01:26.538
条码4:200000000000000001715，来料工单：False
发生时间：2019-02-16 19:01:26.530
条码3:200000000000000001714，来料工单：False
发生时间：2019-02-16 19:01:26.521
条码2:200000000000000001713，来料工单：False
发生时间：2019-02-16 19:01:26.514
条码1:200000000000000001712，来料工单：False
发生时间：2019-02-16 19:01:26.506
条码0:200000000000000001711，来料工单：False
发生时间：2019-02-16 19:01:26.498
扫描枪2：收到数据[#02000000000000000017110#12000000000000000017121#22000000000000000017132#32000000000000000017143#42000000000000000017154#52000000000000000017165#62000000000000000017176#72000000000000000017187#82000000000000000017198#92000000000000000017209#]
发生时间：2019-02-16 19:01:25.491
扫描枪2：等待接收
发生时间：2019-02-16 19:01:25.482
扫描枪2：发送数据：4c4f4e0d
发生时间：2019-02-16 19:01:25.475
扫描枪2：PLC通知读取条码。
发生时间：2019-02-16 19:01:25.268
扫描枪2:OPC成功写入电池组信息：000160450000160451000160452000160453000160454000160455000160456000160457000160458000160459,1073741824！
发生时间：2019-02-16 19:01:25.259
扫描枪2：获取数据库编号：000160450、000160451、000160452、000160453、000160454、000160455、000160456、000160457、000160458、000160459。
发生时间：2019-02-16 19:01:25.245
条码9:200000000000000001710，来料工单：False
发生时间：2019-02-16 19:01:25.237
条码8:200000000000000001709，来料工单：False
发生时间：2019-02-16 19:01:25.230
条码7:200000000000000001708，来料工单：False
发生时间：2019-02-16 19:01:25.224
条码6:200000000000000001707，来料工单：False
发生时间：2019-02-16 19:01:25.215
条码5:200000000000000001706，来料工单：False
发生时间：2019-02-16 19:01:25.208
条码4:200000000000000001705，来料工单：False
发生时间：2019-02-16 19:01:25.200
条码3:200000000000000001704，来料工单：False
发生时间：2019-02-16 19:01:25.193
条码2:200000000000000001703，来料工单：False
发生时间：2019-02-16 19:01:25.186
条码1:200000000000000001702，来料工单：False
发生时间：2019-02-16 19:01:25.180
条码0:200000000000000001701，来料工单：False
发生时间：2019-02-16 19:01:25.172
扫描枪2：收到数据[#02000000000000000017010#12000000000000000017021#22000000000000000017032#32000000000000000017043#42000000000000000017054#52000000000000000017065#62000000000000000017076#72000000000000000017087#82000000000000000017098#92000000000000000017109#]
发生时间：2019-02-16 19:01:24.173
扫描枪2：等待接收
发生时间：2019-02-16 19:01:24.165
扫描枪2：发送数据：4c4f4e0d
发生时间：2019-02-16 19:01:24.155
扫描枪2：PLC通知读取条码。
发生时间：2019-02-16 19:01:23.949
扫描枪2:OPC成功写入电池组信息：000160430000160431000160432000160433000160434000160435000160436000160437000160438000160439,1073741824！
发生时间：2019-02-16 19:01:23.937
扫描枪2：获取数据库编号：000160430、000160431、000160432、000160433、000160434、000160435、000160436、000160437、000160438、000160439。
发生时间：2019-02-16 19:01:23.921
条码9:200000000000000001700，来料工单：False
发生时间：2019-02-16 19:01:23.912
条码8:200000000000000001699，来料工单：False
发生时间：2019-02-16 19:01:23.905
条码7:200000000000000001698，来料工单：False
发生时间：2019-02-16 19:01:23.897
条码6:200000000000000001697，来料工单：False
发生时间：2019-02-16 19:01:23.887
条码5:200000000000000001696，来料工单：False
发生时间：2019-02-16 19:01:23.879
条码4:200000000000000001695，来料工单：False
发生时间：2019-02-16 19:01:23.872
条码3:200000000000000001694，来料工单：False
发生时间：2019-02-16 19:01:23.866
条码2:200000000000000001693，来料工单：False
发生时间：2019-02-16 19:01:23.857
条码1:200000000000000001692，来料工单：False
发生时间：2019-02-16 19:01:23.849
条码0:200000000000000001691，来料工单：False
发生时间：2019-02-16 19:01:23.843
扫描枪2：收到数据[#02000000000000000016910#12000000000000000016921#22000000000000000016932#32000000000000000016943#42000000000000000016954#52000000000000000016965#62000000000000000016976#72000000000000000016987#82000000000000000016998#92000000000000000017009#]
发生时间：2019-02-16 19:01:22.844
扫描枪2：等待接收
发生时间：2019-02-16 19:01:22.837
扫描枪2：发送数据：4c4f4e0d
发生时间：2019-02-16 19:01:22.830
扫描枪2：PLC通知读取条码。
发生时间：2019-02-16 19:01:22.625
扫描枪2:OPC成功写入电池组信息：000160410000160411000160412000160413000160414000160415000160416000160417000160418000160419,1073741824！
发生时间：2019-02-16 19:01:22.617
扫描枪2：获取数据库编号：000160410、000160411、000160412、000160413、000160414、000160415、000160416、000160417、000160418、000160419。
发生时间：2019-02-16 19:01:22.603
条码9:200000000000000001690，来料工单：False
发生时间：2019-02-16 19:01:22.597
条码8:200000000000000001689，来料工单：False
发生时间：2019-02-16 19:01:22.590
条码7:200000000000000001688，来料工单：False
发生时间：2019-02-16 19:01:22.584
条码6:200000000000000001687，来料工单：False
发生时间：2019-02-16 19:01:22.576
条码5:200000000000000001686，来料工单：False
发生时间：2019-02-16 19:01:22.569
条码4:200000000000000001685，来料工单：False
发生时间：2019-02-16 19:01:22.559
条码3:200000000000000001684，来料工单：False
发生时间：2019-02-16 19:01:22.553
条码2:200000000000000001683，来料工单：False
发生时间：2019-02-16 19:01:22.544
条码1:200000000000000001682，来料工单：False
发生时间：2019-02-16 19:01:22.538
条码0:200000000000000001681，来料工单：False
发生时间：2019-02-16 19:01:22.530
扫描枪2：收到数据[#02000000000000000016810#12000000000000000016821#22000000000000000016832#32000000000000000016843#42000000000000000016854#52000000000000000016865#62000000000000000016876#72000000000000000016887#82000000000000000016898#92000000000000000016909#]
发生时间：2019-02-16 19:01:21.530
扫描枪2：等待接收
发生时间：2019-02-16 19:01:21.524
扫描枪2：发送数据：4c4f4e0d
发生时间：2019-02-16 19:01:21.517
扫描枪2：PLC通知读取条码。
发生时间：2019-02-16 19:01:21.312
扫描枪2:OPC成功写入电池组信息：000160390000160391000160392000160393000160394000160395000160396000160397000160398000160399,1073872896！
发生时间：2019-02-16 19:01:21.306
扫描枪2：获取数据库编号：000160390、000160391、000160392、000160393、000160394、000160395、000160396、000160397、000160398、000160399。
发生时间：2019-02-16 19:01:21.293
条码9:200000000000000001680，来料工单：False
发生时间：2019-02-16 19:01:21.289
条码8:200000000000000001679，来料工单：False
发生时间：2019-02-16 19:01:21.283
条码7:200000000000000001678，来料工单：False
发生时间：2019-02-16 19:01:21.275
条码6:200000000000000001677，来料工单：False
发生时间：2019-02-16 19:01:21.270
条码5:200000000000000001676，来料工单：True
发生时间：2019-02-16 19:01:21.266
条码4:200000000000000001675，来料工单：False
发生时间：2019-02-16 19:01:21.261
条码3:200000000000000001674，来料工单：False
发生时间：2019-02-16 19:01:21.250
条码2:200000000000000001673，来料工单：False
发生时间：2019-02-16 19:01:21.246
条码1:200000000000000001672，来料工单：False
发生时间：2019-02-16 19:01:21.241
条码0:200000000000000001671，来料工单：False
发生时间：2019-02-16 19:01:21.236
扫描枪2：收到数据[#02000000000000000016710#12000000000000000016721#22000000000000000016732#32000000000000000016743#42000000000000000016754#52000000000000000016765#62000000000000000016776#72000000000000000016787#82000000000000000016798#92000000000000000016809#]
发生时间：2019-02-16 18:58:02.108
扫描枪2：等待接收
发生时间：2019-02-16 18:58:02.103
扫描枪2：发送数据：4c4f4e0d
发生时间：2019-02-16 18:58:02.088
扫描枪2：PLC通知读取条码。
发生时间：2019-02-16 18:58:01.882
扫描枪2:OPC成功写入电池组信息：000157230000157231000157232000157233000157234000157235000157236000157237000157238000157239,1073741824！
发生时间：2019-02-16 18:58:01.875
扫描枪2：获取数据库编号：000157230、000157231、000157232、000157233、000157234、000157235、000157236、000157237、000157238、000157239。
发生时间：2019-02-16 18:58:01.858
条码9:200000000000000000100，来料工单：False
发生时间：2019-02-16 18:58:01.854
条码8:200000000000000000099，来料工单：False
发生时间：2019-02-16 18:58:01.848
条码7:200000000000000000098，来料工单：False
发生时间：2019-02-16 18:58:01.838
条码6:200000000000000000097，来料工单：False
发生时间：2019-02-16 18:58:01.816
条码5:200000000000000000096，来料工单：False
发生时间：2019-02-16 18:58:01.789
条码4:200000000000000000095，来料工单：False
发生时间：2019-02-16 18:58:01.764
条码3:200000000000000000094，来料工单：False
发生时间：2019-02-16 18:58:01.737
条码2:200000000000000000093，来料工单：False
发生时间：2019-02-16 18:58:01.708
条码1:200000000000000000092，来料工单：False
发生时间：2019-02-16 18:58:01.683
条码0:200000000000000000091，来料工单：False
发生时间：2019-02-16 18:58:01.659
扫描枪2：收到数据[#02000000000000000000910#12000000000000000000921#22000000000000000000932#32000000000000000000943#42000000000000000000954#52000000000000000000965#62000000000000000000976#72000000000000000000987#82000000000000000000998#92000000000000000001009#]
发生时间：2019-02-16 18:58:00.652
扫描枪2：等待接收
发生时间：2019-02-16 18:58:00.648
扫描枪2：发送数据：4c4f4e0d
发生时间：2019-02-16 18:58:00.634
扫描枪2：PLC通知读取条码。
发生时间：2019-02-16 18:58:00.429
扫描枪2:OPC成功写入电池组信息：000157210000157211000157212000157213000157214000157215000157216000157217000157218000157219,1073741824！
发生时间：2019-02-16 18:58:00.425
扫描枪2：获取数据库编号：000157210、000157211、000157212、000157213、000157214、000157215、000157216、000157217、000157218、000157219。
发生时间：2019-02-16 18:58:00.409
条码9:200000000000000000090，来料工单：False
发生时间：2019-02-16 18:58:00.404
条码8:200000000000000000089，来料工单：False
发生时间：2019-02-16 18:58:00.399
条码7:200000000000000000088，来料工单：False
发生时间：2019-02-16 18:58:00.394
条码6:200000000000000000087，来料工单：False
发生时间：2019-02-16 18:58:00.383
条码5:200000000000000000086，来料工单：False
发生时间：2019-02-16 18:58:00.364
条码4:200000000000000000085，来料工单：False
发生时间：2019-02-16 18:58:00.338
条码3:200000000000000000084，来料工单：False
发生时间：2019-02-16 18:58:00.318
条码2:200000000000000000083，来料工单：False
发生时间：2019-02-16 18:58:00.297
条码1:200000000000000000082，来料工单：False
发生时间：2019-02-16 18:58:00.271
条码0:200000000000000000081，来料工单：False
发生时间：2019-02-16 18:58:00.246
扫描枪2：收到数据[#02000000000000000000810#12000000000000000000821#22000000000000000000832#32000000000000000000843#42000000000000000000854#52000000000000000000865#62000000000000000000876#72000000000000000000887#82000000000000000000898#92000000000000000000909#]
发生时间：2019-02-16 18:57:59.228
扫描枪2：等待接收
发生时间：2019-02-16 18:57:59.224
扫描枪2：发送数据：4c4f4e0d
发生时间：2019-02-16 18:57:59.211
扫描枪2：PLC通知读取条码。
发生时间：2019-02-16 18:57:59.006
扫描枪2:OPC成功写入电池组信息：000157190000157191000157192000157193000157194000157195000157196000157197000157198000157199,1073872896！
发生时间：2019-02-16 18:57:58.994
扫描枪2：获取数据库编号：000157190、000157191、000157192、000157193、000157194、000157195、000157196、000157197、000157198、000157199。
发生时间：2019-02-16 18:57:58.975
条码9:200000000000000000080，来料工单：False
发生时间：2019-02-16 18:57:58.970
条码8:200000000000000000079，来料工单：False
发生时间：2019-02-16 18:57:58.957
条码7:200000000000000000078，来料工单：False
发生时间：2019-02-16 18:57:58.933
条码6:200000000000000000077，来料工单：False
发生时间：2019-02-16 18:57:58.911
条码5:200000000000000000076，来料工单：True
发生时间：2019-02-16 18:57:58.892
条码4:200000000000000000075，来料工单：False
发生时间：2019-02-16 18:57:58.872
条码3:200000000000000000074，来料工单：False
发生时间：2019-02-16 18:57:58.854
条码2:200000000000000000073，来料工单：False
发生时间：2019-02-16 18:57:58.837
条码1:200000000000000000072，来料工单：False
发生时间：2019-02-16 18:57:58.818
条码0:200000000000000000071，来料工单：False
发生时间：2019-02-16 18:57:58.799
扫描枪2：收到数据[#02000000000000000000710#12000000000000000000721#22000000000000000000732#32000000000000000000743#42000000000000000000754#52000000000000000000765#62000000000000000000776#72000000000000000000787#82000000000000000000798#92000000000000000000809#]
发生时间：2019-02-16 18:57:57.785
扫描枪2：等待接收
发生时间：2019-02-16 18:57:57.778
扫描枪2：发送数据：4c4f4e0d
发生时间：2019-02-16 18:57:57.767
扫描枪2：PLC通知读取条码。
发生时间：2019-02-16 18:57:57.561
扫描枪2:OPC成功写入电池组信息：000157170000157171000157172000157173000157174000157175000157176000157177000157178000157179,1073741824！
发生时间：2019-02-16 18:57:57.557
扫描枪2：获取数据库编号：000157170、000157171、000157172、000157173、000157174、000157175、000157176、000157177、000157178、000157179。
发生时间：2019-02-16 18:57:57.544
条码9:200000000000000000070，来料工单：False
发生时间：2019-02-16 18:57:57.539
条码8:200000000000000000069，来料工单：False
发生时间：2019-02-16 18:57:57.529
条码7:200000000000000000068，来料工单：False
发生时间：2019-02-16 18:57:57.511
条码6:200000000000000000067，来料工单：False
发生时间：2019-02-16 18:57:57.486
条码5:200000000000000000066，来料工单：False
发生时间：2019-02-16 18:57:57.465
条码4:200000000000000000065，来料工单：False
发生时间：2019-02-16 18:57:57.448
条码3:200000000000000000064，来料工单：False
发生时间：2019-02-16 18:57:57.429
条码2:200000000000000000063，来料工单：False
发生时间：2019-02-16 18:57:57.413
条码1:200000000000000000062，来料工单：False
发生时间：2019-02-16 18:57:57.394
条码0:200000000000000000061，来料工单：False
发生时间：2019-02-16 18:57:57.376
扫描枪2：收到数据[#02000000000000000000610#12000000000000000000621#22000000000000000000632#32000000000000000000643#42000000000000000000654#52000000000000000000665#62000000000000000000676#72000000000000000000687#82000000000000000000698#92000000000000000000709#]
发生时间：2019-02-16 18:57:56.362
扫描枪2：等待接收
发生时间：2019-02-16 18:57:56.355
扫描枪2：发送数据：4c4f4e0d
发生时间：2019-02-16 18:57:56.345
扫描枪2：PLC通知读取条码。
发生时间：2019-02-16 18:57:56.140
扫描枪2:OPC成功写入电池组信息：000157150000157151000157152000157153000157154000157155000157156000157157000157158000157159,1073741824！
发生时间：2019-02-16 18:57:56.134
扫描枪2：获取数据库编号：000157150、000157151、000157152、000157153、000157154、000157155、000157156、000157157、000157158、000157159。
发生时间：2019-02-16 18:57:56.120
条码9:200000000000000000060，来料工单：False
发生时间：2019-02-16 18:57:56.117
条码8:200000000000000000059，来料工单：False
发生时间：2019-02-16 18:57:56.114
条码7:200000000000000000058，来料工单：False
发生时间：2019-02-16 18:57:56.111
条码6:200000000000000000057，来料工单：False
发生时间：2019-02-16 18:57:56.106
条码5:200000000000000000056，来料工单：False
发生时间：2019-02-16 18:57:56.098
条码4:200000000000000000055，来料工单：False
发生时间：2019-02-16 18:57:56.081
条码3:200000000000000000054，来料工单：False
发生时间：2019-02-16 18:57:56.046
条码2:200000000000000000053，来料工单：False
发生时间：2019-02-16 18:57:56.029
条码1:200000000000000000052，来料工单：False
发生时间：2019-02-16 18:57:56.010
条码0:200000000000000000051，来料工单：False
发生时间：2019-02-16 18:57:55.988
扫描枪2：收到数据[#02000000000000000000510#12000000000000000000521#22000000000000000000532#32000000000000000000543#42000000000000000000554#52000000000000000000565#62000000000000000000576#72000000000000000000587#82000000000000000000598#92000000000000000000609#]
发生时间：2019-02-16 18:57:54.974
扫描枪2：等待接收
发生时间：2019-02-16 18:57:54.965
扫描枪2：发送数据：4c4f4e0d
发生时间：2019-02-16 18:57:54.954
扫描枪2：PLC通知读取条码。
发生时间：2019-02-16 18:57:54.749
扫描枪2:OPC成功写入电池组信息：000157130000157131000157132000157133000157134000157135000157136000157137000157138000157139,1073741824！
发生时间：2019-02-16 18:57:54.742
扫描枪2：获取数据库编号：000157130、000157131、000157132、000157133、000157134、000157135、000157136、000157137、000157138、000157139。
发生时间：2019-02-16 18:57:54.726
条码9:200000000000000000050，来料工单：False
发生时间：2019-02-16 18:57:54.723
条码8:200000000000000000049，来料工单：False
发生时间：2019-02-16 18:57:54.719
条码7:200000000000000000048，来料工单：False
发生时间：2019-02-16 18:57:54.711
条码6:200000000000000000047，来料工单：False
发生时间：2019-02-16 18:57:54.695
条码5:200000000000000000046，来料工单：False
发生时间：2019-02-16 18:57:54.676
条码4:200000000000000000045，来料工单：False
发生时间：2019-02-16 18:57:54.658
条码3:200000000000000000044，来料工单：False
发生时间：2019-02-16 18:57:54.638
条码2:200000000000000000043，来料工单：False
发生时间：2019-02-16 18:57:54.621
条码1:200000000000000000042，来料工单：False
发生时间：2019-02-16 18:57:54.600
条码0:200000000000000000041，来料工单：False
发生时间：2019-02-16 18:57:54.582
扫描枪2：收到数据[#02000000000000000000410#12000000000000000000421#22000000000000000000432#32000000000000000000443#42000000000000000000454#52000000000000000000465#62000000000000000000476#72000000000000000000487#82000000000000000000498#92000000000000000000509#]
发生时间：2019-02-16 18:57:53.574
扫描枪2：等待接收
发生时间：2019-02-16 18:57:53.568
扫描枪2：发送数据：4c4f4e0d
发生时间：2019-02-16 18:57:53.558
扫描枪2：PLC通知读取条码。
发生时间：2019-02-16 18:57:53.355
扫描枪2:OPC成功写入电池组信息：000157110000157111000157112000157113000157114000157115000157116000157117000157118000157119,1073741824！
发生时间：2019-02-16 18:57:53.350
扫描枪2：获取数据库编号：000157110、000157111、000157112、000157113、000157114、000157115、000157116、000157117、000157118、000157119。
发生时间：2019-02-16 18:57:53.334
条码9:200000000000000000040，来料工单：False
发生时间：2019-02-16 18:57:53.327
条码8:200000000000000000039，来料工单：False
发生时间：2019-02-16 18:57:53.313
条码7:200000000000000000038，来料工单：False
发生时间：2019-02-16 18:57:53.295
条码6:200000000000000000037，来料工单：False
发生时间：2019-02-16 18:57:53.279
条码5:200000000000000000036，来料工单：False
发生时间：2019-02-16 18:57:53.262
条码4:200000000000000000035，来料工单：False
发生时间：2019-02-16 18:57:53.242
条码3:200000000000000000034，来料工单：False
发生时间：2019-02-16 18:57:53.224
条码2:200000000000000000033，来料工单：False
发生时间：2019-02-16 18:57:53.207
条码1:200000000000000000032，来料工单：False
发生时间：2019-02-16 18:57:53.191
条码0:200000000000000000031，来料工单：False
发生时间：2019-02-16 18:57:53.174
扫描枪2：收到数据[#02000000000000000000310#12000000000000000000321#22000000000000000000332#32000000000000000000343#42000000000000000000354#52000000000000000000365#62000000000000000000376#72000000000000000000387#82000000000000000000398#92000000000000000000409#]
发生时间：2019-02-16 18:57:52.167
扫描枪2：等待接收
发生时间：2019-02-16 18:57:52.160
扫描枪2：发送数据：4c4f4e0d
发生时间：2019-02-16 18:57:52.144
扫描枪2：PLC通知读取条码。
发生时间：2019-02-16 18:57:51.932
扫描枪2:OPC成功写入电池组信息：000157090000157091000157092000157093000157094000157095000157096000157097000157098000157099,1073741824！
发生时间：2019-02-16 18:57:51.917
扫描枪2：获取数据库编号：000157090、000157091、000157092、000157093、000157094、000157095、000157096、000157097、000157098、000157099。
发生时间：2019-02-16 18:57:51.888
条码9:200000000000000000030，来料工单：False
发生时间：2019-02-16 18:57:51.873
条码8:200000000000000000029，来料工单：False
发生时间：2019-02-16 18:57:51.856
条码7:200000000000000000028，来料工单：False
发生时间：2019-02-16 18:57:51.841
条码6:200000000000000000027，来料工单：False
发生时间：2019-02-16 18:57:51.825
条码5:200000000000000000026，来料工单：False
发生时间：2019-02-16 18:57:51.809
条码4:200000000000000000025，来料工单：False
发生时间：2019-02-16 18:57:51.792
条码3:200000000000000000024，来料工单：False
发生时间：2019-02-16 18:57:51.774
条码2:200000000000000000023，来料工单：False
发生时间：2019-02-16 18:57:51.758
条码1:200000000000000000022，来料工单：False
发生时间：2019-02-16 18:57:51.740
条码0:200000000000000000021，来料工单：False
发生时间：2019-02-16 18:57:51.724
扫描枪2：收到数据[#02000000000000000000210#12000000000000000000221#22000000000000000000232#32000000000000000000243#42000000000000000000254#52000000000000000000265#62000000000000000000276#72000000000000000000287#82000000000000000000298#92000000000000000000309#]
发生时间：2019-02-16 18:57:50.712
扫描枪2：等待接收
发生时间：2019-02-16 18:57:50.701
扫描枪2：发送数据：4c4f4e0d
发生时间：2019-02-16 18:57:50.695
扫描枪2：PLC通知读取条码。
发生时间：2019-02-16 18:57:50.488
扫描枪2:OPC成功写入电池组信息：000157060000157061000157062000157063000157064000157065000157066000157067000157068000157069,1073741824！
发生时间：2019-02-16 18:57:50.472
扫描枪2：获取数据库编号：000157060、000157061、000157062、000157063、000157064、000157065、000157066、000157067、000157068、000157069。
发生时间：2019-02-16 18:57:50.417
条码9:200000000000000000020，来料工单：False
发生时间：2019-02-16 18:57:50.403
条码8:200000000000000000019，来料工单：False
发生时间：2019-02-16 18:57:50.391
条码7:200000000000000000018，来料工单：False
发生时间：2019-02-16 18:57:50.377
条码6:200000000000000000017，来料工单：False
发生时间：2019-02-16 18:57:50.363
条码5:200000000000000000016，来料工单：False
发生时间：2019-02-16 18:57:50.342
条码4:200000000000000000015，来料工单：False
发生时间：2019-02-16 18:57:50.326
条码3:200000000000000000014，来料工单：False
发生时间：2019-02-16 18:57:50.309
条码2:200000000000000000013，来料工单：False
发生时间：2019-02-16 18:57:50.296
条码1:200000000000000000012，来料工单：False
发生时间：2019-02-16 18:57:50.291
条码0:200000000000000000011，来料工单：False
发生时间：2019-02-16 18:57:50.282
扫描枪2：收到数据[#02000000000000000000110#12000000000000000000121#22000000000000000000132#32000000000000000000143#42000000000000000000154#52000000000000000000165#62000000000000000000176#72000000000000000000187#82000000000000000000198#92000000000000000000209#]
发生时间：2019-02-16 18:57:49.291
扫描枪2：等待接收
发生时间：2019-02-16 18:57:49.277
扫描枪2：发送数据：4c4f4e0d
发生时间：2019-02-16 18:57:49.253
扫描枪2：PLC通知读取条码。
发生时间：2019-02-16 18:57:49.045
扫描枪2:OPC成功写入电池组信息：000157040000157041000157042000157043000157044000157045000157046000157047000157048000157049,1073741824！
发生时间：2019-02-16 18:57:49.035
扫描枪2：获取数据库编号：000157040、000157041、000157042、000157043、000157044、000157045、000157046、000157047、000157048、000157049。
发生时间：2019-02-16 18:57:48.940
条码9:200000000000000000010，来料工单：False
发生时间：2019-02-16 18:57:48.926
条码8:200000000000000000009，来料工单：False
发生时间：2019-02-16 18:57:48.912
条码7:200000000000000000008，来料工单：False
发生时间：2019-02-16 18:57:48.897
条码6:200000000000000000007，来料工单：False
发生时间：2019-02-16 18:57:48.883
条码5:200000000000000000006，来料工单：False
发生时间：2019-02-16 18:57:48.867
条码4:200000000000000000005，来料工单：False
发生时间：2019-02-16 18:57:48.861
条码3:200000000000000000004，来料工单：False
发生时间：2019-02-16 18:57:48.859
条码2:200000000000000000003，来料工单：False
发生时间：2019-02-16 18:57:48.857
条码1:200000000000000000002，来料工单：False
发生时间：2019-02-16 18:57:48.855
条码0:200000000000000000001，来料工单：False
发生时间：2019-02-16 18:57:48.845
扫描枪2：收到数据[#02000000000000000000010#12000000000000000000021#22000000000000000000032#32000000000000000000043#42000000000000000000054#52000000000000000000065#62000000000000000000076#72000000000000000000087#82000000000000000000098#92000000000000000000109#]
发生时间：2019-02-16 18:57:47.853
扫描枪2：等待接收
发生时间：2019-02-16 18:57:47.836
扫描枪2：发送数据：4c4f4e0d
发生时间：2019-02-16 18:57:47.821
扫描枪2：PLC通知读取条码。

