-----------------存储时间:2019-02-16 19:02:27-----------------
发生时间：2019-02-16 19:02:27.897
条码0:200000000000000002151，来料工单：False
发生时间：2019-02-16 19:02:27.886
扫描枪2：收到数据[#02000000000000000021510#12000000000000000021521#22000000000000000021532#32000000000000000021543#42000000000000000021554#52000000000000000021565#62000000000000000021576#72000000000000000021587#82000000000000000021598#92000000000000000021609#]
发生时间：2019-02-16 19:02:26.889
扫描枪2：等待接收
发生时间：2019-02-16 19:02:26.879
扫描枪2：发送数据：4c4f4e0d
发生时间：2019-02-16 19:02:26.866
扫描枪2：PLC通知读取条码。
发生时间：2019-02-16 19:02:26.650
扫描枪2:OPC成功写入电池组信息：000161370000161371000161372000161373000161374000161375000161376000161377000161378000161379,1073741824！
发生时间：2019-02-16 19:02:26.633
扫描枪2：获取数据库编号：000161370、000161371、000161372、000161373、000161374、000161375、000161376、000161377、000161378、000161379。
发生时间：2019-02-16 19:02:26.606
条码9:200000000000000002150，来料工单：False
发生时间：2019-02-16 19:02:26.583
条码8:200000000000000002149，来料工单：False
发生时间：2019-02-16 19:02:26.568
条码7:200000000000000002148，来料工单：False
发生时间：2019-02-16 19:02:26.553
条码6:200000000000000002147，来料工单：False
发生时间：2019-02-16 19:02:26.539
条码5:200000000000000002146，来料工单：False
发生时间：2019-02-16 19:02:26.523
条码4:200000000000000002145，来料工单：False
发生时间：2019-02-16 19:02:26.507
条码3:200000000000000002144，来料工单：False
发生时间：2019-02-16 19:02:26.491
条码2:200000000000000002143，来料工单：False
发生时间：2019-02-16 19:02:26.475
条码1:200000000000000002142，来料工单：False
发生时间：2019-02-16 19:02:26.460
条码0:200000000000000002141，来料工单：False
发生时间：2019-02-16 19:02:26.446
扫描枪2：收到数据[#02000000000000000021410#12000000000000000021421#22000000000000000021432#32000000000000000021443#42000000000000000021454#52000000000000000021465#62000000000000000021476#72000000000000000021487#82000000000000000021498#92000000000000000021509#]
发生时间：2019-02-16 19:02:25.446
扫描枪2：等待接收
发生时间：2019-02-16 19:02:25.432
扫描枪2：发送数据：4c4f4e0d
发生时间：2019-02-16 19:02:25.417
扫描枪2：PLC通知读取条码。
发生时间：2019-02-16 19:02:25.203
扫描枪2:OPC成功写入电池组信息：000161350000161351000161352000161353000161354000161355000161356000161357000161358000161359,1073741824！
发生时间：2019-02-16 19:02:25.189
扫描枪2：获取数据库编号：000161350、000161351、000161352、000161353、000161354、000161355、000161356、000161357、000161358、000161359。
发生时间：2019-02-16 19:02:25.168
条码9:200000000000000002140，来料工单：False
发生时间：2019-02-16 19:02:25.157
条码8:200000000000000002139，来料工单：False
发生时间：2019-02-16 19:02:25.146
条码7:200000000000000002138，来料工单：False
发生时间：2019-02-16 19:02:25.135
条码6:200000000000000002137，来料工单：False
发生时间：2019-02-16 19:02:25.125
条码5:200000000000000002136，来料工单：False
发生时间：2019-02-16 19:02:25.113
条码4:200000000000000002135，来料工单：False
发生时间：2019-02-16 19:02:25.102
条码3:200000000000000002134，来料工单：False
发生时间：2019-02-16 19:02:25.091
条码2:200000000000000002133，来料工单：False
发生时间：2019-02-16 19:02:25.081
条码1:200000000000000002132，来料工单：False
发生时间：2019-02-16 19:02:25.069
条码0:200000000000000002131，来料工单：False
发生时间：2019-02-16 19:02:25.057
扫描枪2：收到数据[#02000000000000000021310#12000000000000000021321#22000000000000000021332#32000000000000000021343#42000000000000000021354#52000000000000000021365#62000000000000000021376#72000000000000000021387#82000000000000000021398#92000000000000000021409#]
发生时间：2019-02-16 19:02:24.051
扫描枪2：等待接收
发生时间：2019-02-16 19:02:24.040
扫描枪2：发送数据：4c4f4e0d
发生时间：2019-02-16 19:02:24.028
扫描枪2：PLC通知读取条码。
发生时间：2019-02-16 19:02:23.817
扫描枪2:OPC成功写入电池组信息：000161330000161331000161332000161333000161334000161335000161336000161337000161338000161339,1073741824！
发生时间：2019-02-16 19:02:23.807
扫描枪2：获取数据库编号：000161330、000161331、000161332、000161333、000161334、000161335、000161336、000161337、000161338、000161339。
发生时间：2019-02-16 19:02:23.788
条码9:200000000000000002130，来料工单：False
发生时间：2019-02-16 19:02:23.776
条码8:200000000000000002129，来料工单：False
发生时间：2019-02-16 19:02:23.760
条码7:200000000000000002128，来料工单：False
发生时间：2019-02-16 19:02:23.742
条码6:200000000000000002127，来料工单：False
发生时间：2019-02-16 19:02:23.725
条码5:200000000000000002126，来料工单：False
发生时间：2019-02-16 19:02:23.710
条码4:200000000000000002125，来料工单：False
发生时间：2019-02-16 19:02:23.690
条码3:200000000000000002124，来料工单：False
发生时间：2019-02-16 19:02:23.680
条码2:200000000000000002123，来料工单：False
发生时间：2019-02-16 19:02:23.668
条码1:200000000000000002122，来料工单：False
发生时间：2019-02-16 19:02:23.652
条码0:200000000000000002121，来料工单：False
发生时间：2019-02-16 19:02:23.635
扫描枪2：收到数据[#02000000000000000021210#12000000000000000021221#22000000000000000021232#32000000000000000021243#42000000000000000021254#52000000000000000021265#62000000000000000021276#72000000000000000021287#82000000000000000021298#92000000000000000021309#]
发生时间：2019-02-16 19:02:22.630
扫描枪2：等待接收
发生时间：2019-02-16 19:02:22.621
扫描枪2：发送数据：4c4f4e0d
发生时间：2019-02-16 19:02:22.612
扫描枪2：PLC通知读取条码。
发生时间：2019-02-16 19:02:22.396
扫描枪2:OPC成功写入电池组信息：000161300000161301000161302000161303000161304000161305000161306000161307000161308000161309,1073741824！
发生时间：2019-02-16 19:02:22.381
扫描枪2：获取数据库编号：000161300、000161301、000161302、000161303、000161304、000161305、000161306、000161307、000161308、000161309。
发生时间：2019-02-16 19:02:22.355
条码9:200000000000000002120，来料工单：False
发生时间：2019-02-16 19:02:22.340
条码8:200000000000000002119，来料工单：False
发生时间：2019-02-16 19:02:22.325
条码7:200000000000000002118，来料工单：False
发生时间：2019-02-16 19:02:22.310
条码6:200000000000000002117，来料工单：False
发生时间：2019-02-16 19:02:22.298
条码5:200000000000000002116，来料工单：False
发生时间：2019-02-16 19:02:22.287
条码4:200000000000000002115，来料工单：False
发生时间：2019-02-16 19:02:22.275
条码3:200000000000000002114，来料工单：False
发生时间：2019-02-16 19:02:22.264
条码2:200000000000000002113，来料工单：False
发生时间：2019-02-16 19:02:22.253
条码1:200000000000000002112，来料工单：False
发生时间：2019-02-16 19:02:22.241
条码0:200000000000000002111，来料工单：False
发生时间：2019-02-16 19:02:22.229
扫描枪2：收到数据[#02000000000000000021110#12000000000000000021121#22000000000000000021132#32000000000000000021143#42000000000000000021154#52000000000000000021165#62000000000000000021176#72000000000000000021187#82000000000000000021198#92000000000000000021209#]
发生时间：2019-02-16 19:02:21.226
扫描枪2：等待接收
发生时间：2019-02-16 19:02:21.214
扫描枪2：发送数据：4c4f4e0d
发生时间：2019-02-16 19:02:21.202
扫描枪2：PLC通知读取条码。
发生时间：2019-02-16 19:02:20.991
扫描枪2:OPC成功写入电池组信息：000161280000161281000161282000161283000161284000161285000161286000161287000161288000161289,1073741824！
发生时间：2019-02-16 19:02:20.972
扫描枪2：获取数据库编号：000161280、000161281、000161282、000161283、000161284、000161285、000161286、000161287、000161288、000161289。
发生时间：2019-02-16 19:02:20.940
条码9:200000000000000002110，来料工单：False
发生时间：2019-02-16 19:02:20.924
条码8:200000000000000002109，来料工单：False
发生时间：2019-02-16 19:02:20.907
条码7:200000000000000002108，来料工单：False
发生时间：2019-02-16 19:02:20.891
条码6:200000000000000002107，来料工单：False
发生时间：2019-02-16 19:02:20.877
条码5:200000000000000002106，来料工单：False
发生时间：2019-02-16 19:02:20.866
条码4:200000000000000002105，来料工单：False
发生时间：2019-02-16 19:02:20.853
条码3:200000000000000002104，来料工单：False
发生时间：2019-02-16 19:02:20.840
条码2:200000000000000002103，来料工单：False
发生时间：2019-02-16 19:02:20.829
条码1:200000000000000002102，来料工单：False
发生时间：2019-02-16 19:02:20.818
条码0:200000000000000002101，来料工单：False
发生时间：2019-02-16 19:02:20.807
扫描枪2：收到数据[#02000000000000000021010#12000000000000000021021#22000000000000000021032#32000000000000000021043#42000000000000000021054#52000000000000000021065#62000000000000000021076#72000000000000000021087#82000000000000000021098#92000000000000000021109#]
发生时间：2019-02-16 19:02:19.812
扫描枪2：等待接收
发生时间：2019-02-16 19:02:19.797
扫描枪2：发送数据：4c4f4e0d
发生时间：2019-02-16 19:02:19.786
扫描枪2：PLC通知读取条码。
发生时间：2019-02-16 19:02:19.576
扫描枪2:OPC成功写入电池组信息：000161260000161261000161262000161263000161264000161265000161266000161267000161268000161269,1073741824！
发生时间：2019-02-16 19:02:19.564
扫描枪2：获取数据库编号：000161260、000161261、000161262、000161263、000161264、000161265、000161266、000161267、000161268、000161269。
发生时间：2019-02-16 19:02:19.445
条码9:200000000000000002100，来料工单：False
发生时间：2019-02-16 19:02:19.433
条码8:200000000000000002099，来料工单：False
发生时间：2019-02-16 19:02:19.422
条码7:200000000000000002098，来料工单：False
发生时间：2019-02-16 19:02:19.411
条码6:200000000000000002097，来料工单：False
发生时间：2019-02-16 19:02:19.399
条码5:200000000000000002096，来料工单：False
发生时间：2019-02-16 19:02:19.386
条码4:200000000000000002095，来料工单：False
发生时间：2019-02-16 19:02:19.376
条码3:200000000000000002094，来料工单：False
发生时间：2019-02-16 19:02:19.363
条码2:200000000000000002093，来料工单：False
发生时间：2019-02-16 19:02:19.354
条码1:200000000000000002092，来料工单：False
发生时间：2019-02-16 19:02:19.338
条码0:200000000000000002091，来料工单：False
发生时间：2019-02-16 19:02:19.322
扫描枪2：收到数据[#02000000000000000020910#12000000000000000020921#22000000000000000020932#32000000000000000020943#42000000000000000020954#52000000000000000020965#62000000000000000020976#72000000000000000020987#82000000000000000020998#92000000000000000021009#]
发生时间：2019-02-16 19:02:18.317
扫描枪2：等待接收
发生时间：2019-02-16 19:02:18.306
扫描枪2：发送数据：4c4f4e0d
发生时间：2019-02-16 19:02:18.295
扫描枪2：PLC通知读取条码。
发生时间：2019-02-16 19:02:18.086
扫描枪2:OPC成功写入电池组信息：000161240000161241000161242000161243000161244000161245000161246000161247000161248000161249,1073741824！
发生时间：2019-02-16 19:02:18.070
扫描枪2：获取数据库编号：000161240、000161241、000161242、000161243、000161244、000161245、000161246、000161247、000161248、000161249。
发生时间：2019-02-16 19:02:18.050
条码9:200000000000000002090，来料工单：False
发生时间：2019-02-16 19:02:18.039
条码8:200000000000000002089，来料工单：False
发生时间：2019-02-16 19:02:18.026
条码7:200000000000000002088，来料工单：False
发生时间：2019-02-16 19:02:18.013
条码6:200000000000000002087，来料工单：False
发生时间：2019-02-16 19:02:18.001
条码5:200000000000000002086，来料工单：False
发生时间：2019-02-16 19:02:17.990
条码4:200000000000000002085，来料工单：False
发生时间：2019-02-16 19:02:17.977
条码3:200000000000000002084，来料工单：False
发生时间：2019-02-16 19:02:17.967
条码2:200000000000000002083，来料工单：False
发生时间：2019-02-16 19:02:17.956
条码1:200000000000000002082，来料工单：False
发生时间：2019-02-16 19:02:17.947
条码0:200000000000000002081，来料工单：False
发生时间：2019-02-16 19:02:17.932
扫描枪2：收到数据[#02000000000000000020810#12000000000000000020821#22000000000000000020832#32000000000000000020843#42000000000000000020854#52000000000000000020865#62000000000000000020876#72000000000000000020887#82000000000000000020898#92000000000000000020909#]
发生时间：2019-02-16 19:02:16.929
扫描枪2：等待接收
发生时间：2019-02-16 19:02:16.918
扫描枪2：发送数据：4c4f4e0d
发生时间：2019-02-16 19:02:16.907
扫描枪2：PLC通知读取条码。
发生时间：2019-02-16 19:02:16.698
扫描枪2:OPC成功写入电池组信息：000161220000161221000161222000161223000161224000161225000161226000161227000161228000161229,1073872896！
发生时间：2019-02-16 19:02:16.686
扫描枪2：获取数据库编号：000161220、000161221、000161222、000161223、000161224、000161225、000161226、000161227、000161228、000161229。
发生时间：2019-02-16 19:02:16.663
条码9:200000000000000002080，来料工单：False
发生时间：2019-02-16 19:02:16.651
条码8:200000000000000002079，来料工单：False
发生时间：2019-02-16 19:02:16.640
条码7:200000000000000002078，来料工单：False
发生时间：2019-02-16 19:02:16.630
条码6:200000000000000002077，来料工单：False
发生时间：2019-02-16 19:02:16.620
条码5:200000000000000002076，来料工单：True
发生时间：2019-02-16 19:02:16.609
条码4:200000000000000002075，来料工单：False
发生时间：2019-02-16 19:02:16.599
条码3:200000000000000002074，来料工单：False
发生时间：2019-02-16 19:02:16.588
条码2:200000000000000002073，来料工单：False
发生时间：2019-02-16 19:02:16.577
条码1:200000000000000002072，来料工单：False
发生时间：2019-02-16 19:02:16.567
条码0:200000000000000002071，来料工单：False
发生时间：2019-02-16 19:02:16.557
扫描枪2：收到数据[#02000000000000000020710#12000000000000000020721#22000000000000000020732#32000000000000000020743#42000000000000000020754#52000000000000000020765#62000000000000000020776#72000000000000000020787#82000000000000000020798#92000000000000000020809#]
发生时间：2019-02-16 19:02:15.561
扫描枪2：等待接收
发生时间：2019-02-16 19:02:15.549
扫描枪2：发送数据：4c4f4e0d
发生时间：2019-02-16 19:02:15.540
扫描枪2：PLC通知读取条码。
发生时间：2019-02-16 19:02:15.331
扫描枪2:OPC成功写入电池组信息：000161200000161201000161202000161203000161204000161205000161206000161207000161208000161209,1073741824！
发生时间：2019-02-16 19:02:15.317
扫描枪2：获取数据库编号：000161200、000161201、000161202、000161203、000161204、000161205、000161206、000161207、000161208、000161209。
发生时间：2019-02-16 19:02:15.286
条码9:200000000000000002070，来料工单：False
发生时间：2019-02-16 19:02:15.274
条码8:200000000000000002069，来料工单：False
发生时间：2019-02-16 19:02:15.260
条码7:200000000000000002068，来料工单：False
发生时间：2019-02-16 19:02:15.245
条码6:200000000000000002067，来料工单：False
发生时间：2019-02-16 19:02:15.235
条码5:200000000000000002066，来料工单：False
发生时间：2019-02-16 19:02:15.224
条码4:200000000000000002065，来料工单：False
发生时间：2019-02-16 19:02:15.212
条码3:200000000000000002064，来料工单：False
发生时间：2019-02-16 19:02:15.197
条码2:200000000000000002063，来料工单：False
发生时间：2019-02-16 19:02:15.186
条码1:200000000000000002062，来料工单：False
发生时间：2019-02-16 19:02:15.176
条码0:200000000000000002061，来料工单：False
发生时间：2019-02-16 19:02:15.167
扫描枪2：收到数据[#02000000000000000020610#12000000000000000020621#22000000000000000020632#32000000000000000020643#42000000000000000020654#52000000000000000020665#62000000000000000020676#72000000000000000020687#82000000000000000020698#92000000000000000020709#]
发生时间：2019-02-16 19:02:14.173
扫描枪2：等待接收
发生时间：2019-02-16 19:02:14.162
扫描枪2：发送数据：4c4f4e0d
发生时间：2019-02-16 19:02:14.147
扫描枪2：PLC通知读取条码。
发生时间：2019-02-16 19:02:13.940
扫描枪2:OPC成功写入电池组信息：000161180000161181000161182000161183000161184000161185000161186000161187000161188000161189,1073741824！
发生时间：2019-02-16 19:02:13.927
扫描枪2：获取数据库编号：000161180、000161181、000161182、000161183、000161184、000161185、000161186、000161187、000161188、000161189。
发生时间：2019-02-16 19:02:13.897
条码9:200000000000000002060，来料工单：False
发生时间：2019-02-16 19:02:13.886
条码8:200000000000000002059，来料工单：False
发生时间：2019-02-16 19:02:13.875
条码7:200000000000000002058，来料工单：False
发生时间：2019-02-16 19:02:13.854
条码6:200000000000000002057，来料工单：False
发生时间：2019-02-16 19:02:13.844
条码5:200000000000000002056，来料工单：False
发生时间：2019-02-16 19:02:13.833
条码4:200000000000000002055，来料工单：False
发生时间：2019-02-16 19:02:13.821
条码3:200000000000000002054，来料工单：False
发生时间：2019-02-16 19:02:13.789
条码2:200000000000000002053，来料工单：False
发生时间：2019-02-16 19:02:13.780
条码1:200000000000000002052，来料工单：False
发生时间：2019-02-16 19:02:13.771
条码0:200000000000000002051，来料工单：False
发生时间：2019-02-16 19:02:13.760
扫描枪2：收到数据[#02000000000000000020510#12000000000000000020521#22000000000000000020532#32000000000000000020543#42000000000000000020554#52000000000000000020565#62000000000000000020576#72000000000000000020587#82000000000000000020598#92000000000000000020609#]
发生时间：2019-02-16 19:02:12.763
扫描枪2：等待接收
发生时间：2019-02-16 19:02:12.754
扫描枪2：发送数据：4c4f4e0d
发生时间：2019-02-16 19:02:12.745
扫描枪2：PLC通知读取条码。
发生时间：2019-02-16 19:02:12.538
扫描枪2:OPC成功写入电池组信息：000161160000161161000161162000161163000161164000161165000161166000161167000161168000161169,1073741824！
发生时间：2019-02-16 19:02:12.525
扫描枪2：获取数据库编号：000161160、000161161、000161162、000161163、000161164、000161165、000161166、000161167、000161168、000161169。
发生时间：2019-02-16 19:02:12.507
条码9:200000000000000002050，来料工单：False
发生时间：2019-02-16 19:02:12.497
条码8:200000000000000002049，来料工单：False
发生时间：2019-02-16 19:02:12.485
条码7:200000000000000002048，来料工单：False
发生时间：2019-02-16 19:02:12.475
条码6:200000000000000002047，来料工单：False
发生时间：2019-02-16 19:02:12.463
条码5:200000000000000002046，来料工单：False
发生时间：2019-02-16 19:02:12.453
条码4:200000000000000002045，来料工单：False
发生时间：2019-02-16 19:02:12.443
条码3:200000000000000002044，来料工单：False
发生时间：2019-02-16 19:02:12.431
条码2:200000000000000002043，来料工单：False
发生时间：2019-02-16 19:02:12.420
条码1:200000000000000002042，来料工单：False
发生时间：2019-02-16 19:02:12.411
条码0:200000000000000002041，来料工单：False
发生时间：2019-02-16 19:02:12.402
扫描枪2：收到数据[#02000000000000000020410#12000000000000000020421#22000000000000000020432#32000000000000000020443#42000000000000000020454#52000000000000000020465#62000000000000000020476#72000000000000000020487#82000000000000000020498#92000000000000000020509#]
发生时间：2019-02-16 19:02:11.403
扫描枪2：等待接收
发生时间：2019-02-16 19:02:11.389
扫描枪2：发送数据：4c4f4e0d
发生时间：2019-02-16 19:02:11.377
扫描枪2：PLC通知读取条码。
发生时间：2019-02-16 19:02:11.166
扫描枪2:OPC成功写入电池组信息：000161140000161141000161142000161143000161144000161145000161146000161147000161148000161149,1073741824！
发生时间：2019-02-16 19:02:11.154
扫描枪2：获取数据库编号：000161140、000161141、000161142、000161143、000161144、000161145、000161146、000161147、000161148、000161149。
发生时间：2019-02-16 19:02:11.128
条码9:200000000000000002040，来料工单：False
发生时间：2019-02-16 19:02:11.110
条码8:200000000000000002039，来料工单：False
发生时间：2019-02-16 19:02:11.097
条码7:200000000000000002038，来料工单：False
发生时间：2019-02-16 19:02:11.089
条码6:200000000000000002037，来料工单：False
发生时间：2019-02-16 19:02:11.081
条码5:200000000000000002036，来料工单：False
发生时间：2019-02-16 19:02:11.072
条码4:200000000000000002035，来料工单：False
发生时间：2019-02-16 19:02:11.063
条码3:200000000000000002034，来料工单：False
发生时间：2019-02-16 19:02:11.055
条码2:200000000000000002033，来料工单：False
发生时间：2019-02-16 19:02:11.045
条码1:200000000000000002032，来料工单：False
发生时间：2019-02-16 19:02:11.037
条码0:200000000000000002031，来料工单：False
发生时间：2019-02-16 19:02:11.027
扫描枪2：收到数据[#02000000000000000020310#12000000000000000020321#22000000000000000020332#32000000000000000020343#42000000000000000020354#52000000000000000020365#62000000000000000020376#72000000000000000020387#82000000000000000020398#92000000000000000020409#]
发生时间：2019-02-16 19:02:09.963
扫描枪2：等待接收
发生时间：2019-02-16 19:02:09.950
扫描枪2：发送数据：4c4f4e0d
发生时间：2019-02-16 19:02:09.941
扫描枪2：PLC通知读取条码。
发生时间：2019-02-16 19:02:09.734
扫描枪2:OPC成功写入电池组信息：000161110000161111000161112000161113000161114000161115000161116000161117000161118000161119,1073741824！
发生时间：2019-02-16 19:02:09.726
扫描枪2：获取数据库编号：000161110、000161111、000161112、000161113、000161114、000161115、000161116、000161117、000161118、000161119。
发生时间：2019-02-16 19:02:09.702
条码9:200000000000000002030，来料工单：False
发生时间：2019-02-16 19:02:09.693
条码8:200000000000000002029，来料工单：False
发生时间：2019-02-16 19:02:09.681
条码7:200000000000000002028，来料工单：False
发生时间：2019-02-16 19:02:09.670
条码6:200000000000000002027，来料工单：False
发生时间：2019-02-16 19:02:09.660
条码5:200000000000000002026，来料工单：False
发生时间：2019-02-16 19:02:09.652
条码4:200000000000000002025，来料工单：False
发生时间：2019-02-16 19:02:09.643
条码3:200000000000000002024，来料工单：False
发生时间：2019-02-16 19:02:09.635
条码2:200000000000000002023，来料工单：False
发生时间：2019-02-16 19:02:09.624
条码1:200000000000000002022，来料工单：False
发生时间：2019-02-16 19:02:09.616
条码0:200000000000000002021，来料工单：False
发生时间：2019-02-16 19:02:09.605
扫描枪2：收到数据[#02000000000000000020210#12000000000000000020221#22000000000000000020232#32000000000000000020243#42000000000000000020254#52000000000000000020265#62000000000000000020276#72000000000000000020287#82000000000000000020298#92000000000000000020309#]
发生时间：2019-02-16 19:02:08.609
扫描枪2：等待接收
发生时间：2019-02-16 19:02:08.597
扫描枪2：发送数据：4c4f4e0d
发生时间：2019-02-16 19:02:08.587
扫描枪2：PLC通知读取条码。
发生时间：2019-02-16 19:02:08.377
扫描枪2:OPC成功写入电池组信息：000161090000161091000161092000161093000161094000161095000161096000161097000161098000161099,1073741824！
发生时间：2019-02-16 19:02:08.365
扫描枪2：获取数据库编号：000161090、000161091、000161092、000161093、000161094、000161095、000161096、000161097、000161098、000161099。
发生时间：2019-02-16 19:02:08.347
条码9:200000000000000002020，来料工单：False
发生时间：2019-02-16 19:02:08.339
条码8:200000000000000002019，来料工单：False
发生时间：2019-02-16 19:02:08.331
条码7:200000000000000002018，来料工单：False
发生时间：2019-02-16 19:02:08.324
条码6:200000000000000002017，来料工单：False
发生时间：2019-02-16 19:02:08.315
条码5:200000000000000002016，来料工单：False
发生时间：2019-02-16 19:02:08.307
条码4:200000000000000002015，来料工单：False
发生时间：2019-02-16 19:02:08.299
条码3:200000000000000002014，来料工单：False
发生时间：2019-02-16 19:02:08.291
条码2:200000000000000002013，来料工单：False
发生时间：2019-02-16 19:02:08.283
条码1:200000000000000002012，来料工单：False
发生时间：2019-02-16 19:02:08.272
条码0:200000000000000002011，来料工单：False
发生时间：2019-02-16 19:02:08.261
扫描枪2：收到数据[#02000000000000000020110#12000000000000000020121#22000000000000000020132#32000000000000000020143#42000000000000000020154#52000000000000000020165#62000000000000000020176#72000000000000000020187#82000000000000000020198#92000000000000000020209#]
发生时间：2019-02-16 19:02:07.260
扫描枪2：等待接收
发生时间：2019-02-16 19:02:07.251
扫描枪2：发送数据：4c4f4e0d
发生时间：2019-02-16 19:02:07.243
扫描枪2：PLC通知读取条码。
发生时间：2019-02-16 19:02:07.037
扫描枪2:OPC成功写入电池组信息：000161070000161071000161072000161073000161074000161075000161076000161077000161078000161079,1073741824！
发生时间：2019-02-16 19:02:07.029
扫描枪2：获取数据库编号：000161070、000161071、000161072、000161073、000161074、000161075、000161076、000161077、000161078、000161079。
发生时间：2019-02-16 19:02:07.013
条码9:200000000000000002010，来料工单：False
发生时间：2019-02-16 19:02:07.007
条码8:200000000000000002009，来料工单：False
发生时间：2019-02-16 19:02:07.002
条码7:200000000000000002008，来料工单：False
发生时间：2019-02-16 19:02:06.994
条码6:200000000000000002007，来料工单：False
发生时间：2019-02-16 19:02:06.988
条码5:200000000000000002006，来料工单：False
发生时间：2019-02-16 19:02:06.981
条码4:200000000000000002005，来料工单：False
发生时间：2019-02-16 19:02:06.975
条码3:200000000000000002004，来料工单：False
发生时间：2019-02-16 19:02:06.967
条码2:200000000000000002003，来料工单：False
发生时间：2019-02-16 19:02:06.962
条码1:200000000000000002002，来料工单：False
发生时间：2019-02-16 19:02:06.956
条码0:200000000000000002001，来料工单：False
发生时间：2019-02-16 19:02:06.949
扫描枪2：收到数据[#02000000000000000020010#12000000000000000020021#22000000000000000020032#32000000000000000020043#42000000000000000020054#52000000000000000020065#62000000000000000020076#72000000000000000020087#82000000000000000020098#92000000000000000020109#]
发生时间：2019-02-16 19:02:05.950
扫描枪2：等待接收
发生时间：2019-02-16 19:02:05.942
扫描枪2：发送数据：4c4f4e0d
发生时间：2019-02-16 19:02:05.933
扫描枪2：PLC通知读取条码。
发生时间：2019-02-16 19:02:05.724
扫描枪2:OPC成功写入电池组信息：000161050000161051000161052000161053000161054000161055000161056000161057000161058000161059,1073741824！
发生时间：2019-02-16 19:02:05.716
扫描枪2：获取数据库编号：000161050、000161051、000161052、000161053、000161054、000161055、000161056、000161057、000161058、000161059。
发生时间：2019-02-16 19:02:05.695
条码9:200000000000000002000，来料工单：False
发生时间：2019-02-16 19:02:05.689
条码8:200000000000000001999，来料工单：False
发生时间：2019-02-16 19:02:05.682
条码7:200000000000000001998，来料工单：False
发生时间：2019-02-16 19:02:05.676
条码6:200000000000000001997，来料工单：False
发生时间：2019-02-16 19:02:05.667
条码5:200000000000000001996，来料工单：False
发生时间：2019-02-16 19:02:05.661
条码4:200000000000000001995，来料工单：False
发生时间：2019-02-16 19:02:05.652
条码3:200000000000000001994，来料工单：False
发生时间：2019-02-16 19:02:05.645
条码2:200000000000000001993，来料工单：False
发生时间：2019-02-16 19:02:05.637
条码1:200000000000000001992，来料工单：False
发生时间：2019-02-16 19:02:05.627
条码0:200000000000000001991，来料工单：False
发生时间：2019-02-16 19:02:05.620
扫描枪2：收到数据[#02000000000000000019910#12000000000000000019921#22000000000000000019932#32000000000000000019943#42000000000000000019954#52000000000000000019965#62000000000000000019976#72000000000000000019987#82000000000000000019998#92000000000000000020009#]
发生时间：2019-02-16 19:02:04.607
扫描枪2：等待接收
发生时间：2019-02-16 19:02:04.600
扫描枪2：发送数据：4c4f4e0d
发生时间：2019-02-16 19:02:04.593
扫描枪2：PLC通知读取条码。
发生时间：2019-02-16 19:02:04.388
扫描枪2:OPC成功写入电池组信息：000161030000161031000161032000161033000161034000161035000161036000161037000161038000161039,1073741824！
发生时间：2019-02-16 19:02:04.381
扫描枪2：获取数据库编号：000161030、000161031、000161032、000161033、000161034、000161035、000161036、000161037、000161038、000161039。
发生时间：2019-02-16 19:02:04.358
条码9:200000000000000001990，来料工单：False
发生时间：2019-02-16 19:02:04.350
条码8:200000000000000001989，来料工单：False
发生时间：2019-02-16 19:02:04.342
条码7:200000000000000001988，来料工单：False
发生时间：2019-02-16 19:02:04.335
条码6:200000000000000001987，来料工单：False
发生时间：2019-02-16 19:02:04.329
条码5:200000000000000001986，来料工单：False
发生时间：2019-02-16 19:02:04.322
条码4:200000000000000001985，来料工单：False
发生时间：2019-02-16 19:02:04.312
条码3:200000000000000001984，来料工单：False
发生时间：2019-02-16 19:02:04.303
条码2:200000000000000001983，来料工单：False
发生时间：2019-02-16 19:02:04.296
条码1:200000000000000001982，来料工单：False
发生时间：2019-02-16 19:02:04.290
条码0:200000000000000001981，来料工单：False
发生时间：2019-02-16 19:02:04.277
扫描枪2：收到数据[#02000000000000000019810#12000000000000000019821#22000000000000000019832#32000000000000000019843#42000000000000000019854#52000000000000000019865#62000000000000000019876#72000000000000000019887#82000000000000000019898#92000000000000000019909#]
发生时间：2019-02-16 19:02:03.274
扫描枪2：等待接收
发生时间：2019-02-16 19:02:03.264
扫描枪2：发送数据：4c4f4e0d
发生时间：2019-02-16 19:02:03.257
扫描枪2：PLC通知读取条码。
发生时间：2019-02-16 19:02:03.049
扫描枪2:OPC成功写入电池组信息：000161010000161011000161012000161013000161014000161015000161016000161017000161018000161019,1073872896！
发生时间：2019-02-16 19:02:03.042
扫描枪2：获取数据库编号：000161010、000161011、000161012、000161013、000161014、000161015、000161016、000161017、000161018、000161019。
发生时间：2019-02-16 19:02:03.028
条码9:200000000000000001980，来料工单：False
发生时间：2019-02-16 19:02:03.021
条码8:200000000000000001979，来料工单：False
发生时间：2019-02-16 19:02:03.013
条码7:200000000000000001978，来料工单：False
发生时间：2019-02-16 19:02:03.006
条码6:200000000000000001977，来料工单：False
发生时间：2019-02-16 19:02:02.997
条码5:200000000000000001976，来料工单：True
发生时间：2019-02-16 19:02:02.990
条码4:200000000000000001975，来料工单：False
发生时间：2019-02-16 19:02:02.982
条码3:200000000000000001974，来料工单：False
发生时间：2019-02-16 19:02:02.975
条码2:200000000000000001973，来料工单：False
发生时间：2019-02-16 19:02:02.963
条码1:200000000000000001972，来料工单：False
发生时间：2019-02-16 19:02:02.957
条码0:200000000000000001971，来料工单：False
发生时间：2019-02-16 19:02:02.949
扫描枪2：收到数据[#02000000000000000019710#12000000000000000019721#22000000000000000019732#32000000000000000019743#42000000000000000019754#52000000000000000019765#62000000000000000019776#72000000000000000019787#82000000000000000019798#92000000000000000019809#]
发生时间：2019-02-16 19:02:01.940
扫描枪2：等待接收
发生时间：2019-02-16 19:02:01.931
扫描枪2：发送数据：4c4f4e0d
发生时间：2019-02-16 19:02:01.922
扫描枪2：PLC通知读取条码。
发生时间：2019-02-16 19:02:01.715
扫描枪2:OPC成功写入电池组信息：000160990000160991000160992000160993000160994000160995000160996000160997000160998000160999,1073741824！
发生时间：2019-02-16 19:02:01.708
扫描枪2：获取数据库编号：000160990、000160991、000160992、000160993、000160994、000160995、000160996、000160997、000160998、000160999。
发生时间：2019-02-16 19:02:01.690
条码9:200000000000000001970，来料工单：False
发生时间：2019-02-16 19:02:01.685
条码8:200000000000000001969，来料工单：False
发生时间：2019-02-16 19:02:01.677
条码7:200000000000000001968，来料工单：False
发生时间：2019-02-16 19:02:01.670
条码6:200000000000000001967，来料工单：False
发生时间：2019-02-16 19:02:01.661
条码5:200000000000000001966，来料工单：False
发生时间：2019-02-16 19:02:01.654
条码4:200000000000000001965，来料工单：False
发生时间：2019-02-16 19:02:01.647
条码3:200000000000000001964，来料工单：False
发生时间：2019-02-16 19:02:01.641
条码2:200000000000000001963，来料工单：False
发生时间：2019-02-16 19:02:01.634
条码1:200000000000000001962，来料工单：False
发生时间：2019-02-16 19:02:01.627
条码0:200000000000000001961，来料工单：False
发生时间：2019-02-16 19:02:01.621
扫描枪2：收到数据[#02000000000000000019610#12000000000000000019621#22000000000000000019632#32000000000000000019643#42000000000000000019654#52000000000000000019665#62000000000000000019676#72000000000000000019687#82000000000000000019698#92000000000000000019709#]
发生时间：2019-02-16 19:02:00.623
扫描枪2：等待接收
发生时间：2019-02-16 19:02:00.611
扫描枪2：发送数据：4c4f4e0d
发生时间：2019-02-16 19:02:00.602
扫描枪2：PLC通知读取条码。
发生时间：2019-02-16 19:02:00.393
扫描枪2:OPC成功写入电池组信息：000160970000160971000160972000160973000160974000160975000160976000160977000160978000160979,1073741824！
发生时间：2019-02-16 19:02:00.381
扫描枪2：获取数据库编号：000160970、000160971、000160972、000160973、000160974、000160975、000160976、000160977、000160978、000160979。
发生时间：2019-02-16 19:02:00.363
条码9:200000000000000001960，来料工单：False
发生时间：2019-02-16 19:02:00.352
条码8:200000000000000001959，来料工单：False
发生时间：2019-02-16 19:02:00.345
条码7:200000000000000001958，来料工单：False
发生时间：2019-02-16 19:02:00.336
条码6:200000000000000001957，来料工单：False
发生时间：2019-02-16 19:02:00.327
条码5:200000000000000001956，来料工单：False
发生时间：2019-02-16 19:02:00.316
条码4:200000000000000001955，来料工单：False
发生时间：2019-02-16 19:02:00.306
条码3:200000000000000001954，来料工单：False
发生时间：2019-02-16 19:02:00.299
条码2:200000000000000001953，来料工单：False
发生时间：2019-02-16 19:02:00.291
条码1:200000000000000001952，来料工单：False
发生时间：2019-02-16 19:02:00.284
条码0:200000000000000001951，来料工单：False
发生时间：2019-02-16 19:02:00.277
扫描枪2：收到数据[#02000000000000000019510#12000000000000000019521#22000000000000000019532#32000000000000000019543#42000000000000000019554#52000000000000000019565#62000000000000000019576#72000000000000000019587#82000000000000000019598#92000000000000000019609#]
发生时间：2019-02-16 19:01:59.278
扫描枪2：等待接收
发生时间：2019-02-16 19:01:59.272
扫描枪2：发送数据：4c4f4e0d
发生时间：2019-02-16 19:01:59.266
扫描枪2：PLC通知读取条码。
发生时间：2019-02-16 19:01:59.059
扫描枪2:OPC成功写入电池组信息：000160950000160951000160952000160953000160954000160955000160956000160957000160958000160959,1073741824！
发生时间：2019-02-16 19:01:59.051
扫描枪2：获取数据库编号：000160950、000160951、000160952、000160953、000160954、000160955、000160956、000160957、000160958、000160959。
发生时间：2019-02-16 19:01:59.032
条码9:200000000000000001950，来料工单：False
发生时间：2019-02-16 19:01:59.024
条码8:200000000000000001949，来料工单：False
发生时间：2019-02-16 19:01:59.015
条码7:200000000000000001948，来料工单：False
发生时间：2019-02-16 19:01:59.006
条码6:200000000000000001947，来料工单：False
发生时间：2019-02-16 19:01:58.997
条码5:200000000000000001946，来料工单：False
发生时间：2019-02-16 19:01:58.990
条码4:200000000000000001945，来料工单：False
发生时间：2019-02-16 19:01:58.982
条码3:200000000000000001944，来料工单：False
发生时间：2019-02-16 19:01:58.975
条码2:200000000000000001943，来料工单：False
发生时间：2019-02-16 19:01:58.968
条码1:200000000000000001942，来料工单：False
发生时间：2019-02-16 19:01:58.961
条码0:200000000000000001941，来料工单：False
发生时间：2019-02-16 19:01:58.955
扫描枪2：收到数据[#02000000000000000019410#12000000000000000019421#22000000000000000019432#32000000000000000019443#42000000000000000019454#52000000000000000019465#62000000000000000019476#72000000000000000019487#82000000000000000019498#92000000000000000019509#]
发生时间：2019-02-16 19:01:57.957
扫描枪2：等待接收
发生时间：2019-02-16 19:01:57.948
扫描枪2：发送数据：4c4f4e0d
发生时间：2019-02-16 19:01:57.934
扫描枪2：PLC通知读取条码。
发生时间：2019-02-16 19:01:57.731
扫描枪2:OPC成功写入电池组信息：000160930000160931000160932000160933000160934000160935000160936000160937000160938000160939,1073741824！
发生时间：2019-02-16 19:01:57.725
扫描枪2：获取数据库编号：000160930、000160931、000160932、000160933、000160934、000160935、000160936、000160937、000160938、000160939。
发生时间：2019-02-16 19:01:57.712
条码9:200000000000000001940，来料工单：False
发生时间：2019-02-16 19:01:57.706
条码8:200000000000000001939，来料工单：False
发生时间：2019-02-16 19:01:57.699
条码7:200000000000000001938，来料工单：False
发生时间：2019-02-16 19:01:57.694
条码6:200000000000000001937，来料工单：False
发生时间：2019-02-16 19:01:57.685
条码5:200000000000000001936，来料工单：False
发生时间：2019-02-16 19:01:57.676
条码4:200000000000000001935，来料工单：False
发生时间：2019-02-16 19:01:57.669
条码3:200000000000000001934，来料工单：False
发生时间：2019-02-16 19:01:57.662
条码2:200000000000000001933，来料工单：False
发生时间：2019-02-16 19:01:57.652
条码1:200000000000000001932，来料工单：False
发生时间：2019-02-16 19:01:57.645
条码0:200000000000000001931，来料工单：False
发生时间：2019-02-16 19:01:57.637
扫描枪2：收到数据[#02000000000000000019310#12000000000000000019321#22000000000000000019332#32000000000000000019343#42000000000000000019354#52000000000000000019365#62000000000000000019376#72000000000000000019387#82000000000000000019398#92000000000000000019409#]
发生时间：2019-02-16 19:01:56.622
扫描枪2：等待接收
发生时间：2019-02-16 19:01:56.617
扫描枪2：发送数据：4c4f4e0d
发生时间：2019-02-16 19:01:56.611
扫描枪2：PLC通知读取条码。
发生时间：2019-02-16 19:01:56.406
扫描枪2:OPC成功写入电池组信息：000160910000160911000160912000160913000160914000160915000160916000160917000160918000160919,1073741824！
发生时间：2019-02-16 19:01:56.397
扫描枪2：获取数据库编号：000160910、000160911、000160912、000160913、000160914、000160915、000160916、000160917、000160918、000160919。
发生时间：2019-02-16 19:01:56.378
条码9:200000000000000001930，来料工单：False
发生时间：2019-02-16 19:01:56.371
条码8:200000000000000001929，来料工单：False
发生时间：2019-02-16 19:01:56.364
条码7:200000000000000001928，来料工单：False
发生时间：2019-02-16 19:01:56.356
条码6:200000000000000001927，来料工单：False
发生时间：2019-02-16 19:01:56.348
条码5:200000000000000001926，来料工单：False
发生时间：2019-02-16 19:01:56.342
条码4:200000000000000001925，来料工单：False
发生时间：2019-02-16 19:01:56.335
条码3:200000000000000001924，来料工单：False
发生时间：2019-02-16 19:01:56.331
条码2:200000000000000001923，来料工单：False
发生时间：2019-02-16 19:01:56.326
条码1:200000000000000001922，来料工单：False
发生时间：2019-02-16 19:01:56.319
条码0:200000000000000001921，来料工单：False
发生时间：2019-02-16 19:01:56.309
扫描枪2：收到数据[#02000000000000000019210#12000000000000000019221#22000000000000000019232#32000000000000000019243#42000000000000000019254#52000000000000000019265#62000000000000000019276#72000000000000000019287#82000000000000000019298#92000000000000000019309#]
发生时间：2019-02-16 19:01:55.309
扫描枪2：等待接收
发生时间：2019-02-16 19:01:55.302
扫描枪2：发送数据：4c4f4e0d
发生时间：2019-02-16 19:01:55.297
扫描枪2：PLC通知读取条码。
发生时间：2019-02-16 19:01:55.094
扫描枪2:OPC成功写入电池组信息：000160890000160891000160892000160893000160894000160895000160896000160897000160898000160899,1073741824！
发生时间：2019-02-16 19:01:55.088
扫描枪2：获取数据库编号：000160890、000160891、000160892、000160893、000160894、000160895、000160896、000160897、000160898、000160899。
发生时间：2019-02-16 19:01:55.057
条码9:200000000000000001920，来料工单：False
发生时间：2019-02-16 19:01:55.051
条码8:200000000000000001919，来料工单：False
发生时间：2019-02-16 19:01:55.044
条码7:200000000000000001918，来料工单：False
发生时间：2019-02-16 19:01:55.040
条码6:200000000000000001917，来料工单：False
发生时间：2019-02-16 19:01:55.033
条码5:200000000000000001916，来料工单：False
发生时间：2019-02-16 19:01:55.029
条码4:200000000000000001915，来料工单：False
发生时间：2019-02-16 19:01:55.024
条码3:200000000000000001914，来料工单：False
发生时间：2019-02-16 19:01:55.019
条码2:200000000000000001913，来料工单：False
发生时间：2019-02-16 19:01:55.015
条码1:200000000000000001912，来料工单：False
发生时间：2019-02-16 19:01:55.011
条码0:200000000000000001911，来料工单：False
发生时间：2019-02-16 19:01:54.996
扫描枪2：收到数据[#02000000000000000019110#12000000000000000019121#22000000000000000019132#32000000000000000019143#42000000000000000019154#52000000000000000019165#62000000000000000019176#72000000000000000019187#82000000000000000019198#92000000000000000019209#]
发生时间：2019-02-16 19:01:53.990
扫描枪2：等待接收
发生时间：2019-02-16 19:01:53.985
扫描枪2：发送数据：4c4f4e0d
发生时间：2019-02-16 19:01:53.980
扫描枪2：PLC通知读取条码。
发生时间：2019-02-16 19:01:53.777
扫描枪2:OPC成功写入电池组信息：000160870000160871000160872000160873000160874000160875000160876000160877000160878000160879,1073741824！
发生时间：2019-02-16 19:01:53.772
扫描枪2：获取数据库编号：000160870、000160871、000160872、000160873、000160874、000160875、000160876、000160877、000160878、000160879。
发生时间：2019-02-16 19:01:53.758
条码9:200000000000000001910，来料工单：False
发生时间：2019-02-16 19:01:53.752
条码8:200000000000000001909，来料工单：False
发生时间：2019-02-16 19:01:53.747
条码7:200000000000000001908，来料工单：False
发生时间：2019-02-16 19:01:53.741
条码6:200000000000000001907，来料工单：False
发生时间：2019-02-16 19:01:53.734
条码5:200000000000000001906，来料工单：False
发生时间：2019-02-16 19:01:53.730
条码4:200000000000000001905，来料工单：False
发生时间：2019-02-16 19:01:53.726
条码3:200000000000000001904，来料工单：False
发生时间：2019-02-16 19:01:53.719
条码2:200000000000000001903，来料工单：False
发生时间：2019-02-16 19:01:53.715
条码1:200000000000000001902，来料工单：False
发生时间：2019-02-16 19:01:53.709
条码0:200000000000000001901，来料工单：False
发生时间：2019-02-16 19:01:53.699
扫描枪2：收到数据[#02000000000000000019010#12000000000000000019021#22000000000000000019032#32000000000000000019043#42000000000000000019054#52000000000000000019065#62000000000000000019076#72000000000000000019087#82000000000000000019098#92000000000000000019109#]
发生时间：2019-02-16 19:01:52.693
扫描枪2：等待接收
发生时间：2019-02-16 19:01:52.689
扫描枪2：发送数据：4c4f4e0d
发生时间：2019-02-16 19:01:52.684
扫描枪2：PLC通知读取条码。
发生时间：2019-02-16 19:01:52.482
扫描枪2:OPC成功写入电池组信息：000160850000160851000160852000160853000160854000160855000160856000160857000160858000160859,1073741824！
发生时间：2019-02-16 19:01:52.479
扫描枪2：获取数据库编号：000160850、000160851、000160852、000160853、000160854、000160855、000160856、000160857、000160858、000160859。
发生时间：2019-02-16 19:01:52.465
条码9:200000000000000001900，来料工单：False
发生时间：2019-02-16 19:01:52.461
条码8:200000000000000001899，来料工单：False
发生时间：2019-02-16 19:01:52.457
条码7:200000000000000001898，来料工单：False
发生时间：2019-02-16 19:01:52.454
条码6:200000000000000001897，来料工单：False
发生时间：2019-02-16 19:01:52.450
条码5:200000000000000001896，来料工单：False
发生时间：2019-02-16 19:01:52.446
条码4:200000000000000001895，来料工单：False
发生时间：2019-02-16 19:01:52.439
条码3:200000000000000001894，来料工单：False
发生时间：2019-02-16 19:01:52.435
条码2:200000000000000001893，来料工单：False
发生时间：2019-02-16 19:01:52.432
条码1:200000000000000001892，来料工单：False
发生时间：2019-02-16 19:01:52.429
条码0:200000000000000001891，来料工单：False
发生时间：2019-02-16 19:01:52.418
扫描枪2：收到数据[#02000000000000000018910#12000000000000000018921#22000000000000000018932#32000000000000000018943#42000000000000000018954#52000000000000000018965#62000000000000000018976#72000000000000000018987#82000000000000000018998#92000000000000000019009#]
发生时间：2019-02-16 19:01:51.405
扫描枪2：等待接收
发生时间：2019-02-16 19:01:51.402
扫描枪2：发送数据：4c4f4e0d
发生时间：2019-02-16 19:01:51.398
扫描枪2：PLC通知读取条码。
发生时间：2019-02-16 19:01:51.196
扫描枪2:OPC成功写入电池组信息：000160830000160831000160832000160833000160834000160835000160836000160837000160838000160839,1073741824！
发生时间：2019-02-16 19:01:51.193
扫描枪2：获取数据库编号：000160830、000160831、000160832、000160833、000160834、000160835、000160836、000160837、000160838、000160839。
发生时间：2019-02-16 19:01:51.180
条码9:200000000000000001890，来料工单：False
发生时间：2019-02-16 19:01:51.176
条码8:200000000000000001889，来料工单：False
发生时间：2019-02-16 19:01:51.172
条码7:200000000000000001888，来料工单：False
发生时间：2019-02-16 19:01:51.168
条码6:200000000000000001887，来料工单：False
发生时间：2019-02-16 19:01:51.165
条码5:200000000000000001886，来料工单：False
发生时间：2019-02-16 19:01:51.161
条码4:200000000000000001885，来料工单：False
发生时间：2019-02-16 19:01:51.156
条码3:200000000000000001884，来料工单：False
发生时间：2019-02-16 19:01:51.152
条码2:200000000000000001883，来料工单：False
发生时间：2019-02-16 19:01:51.149
条码1:200000000000000001882，来料工单：False
发生时间：2019-02-16 19:01:51.145
条码0:200000000000000001881，来料工单：False
发生时间：2019-02-16 19:01:51.136
扫描枪2：收到数据[#02000000000000000018810#12000000000000000018821#22000000000000000018832#32000000000000000018843#42000000000000000018854#52000000000000000018865#62000000000000000018876#72000000000000000018887#82000000000000000018898#92000000000000000018909#]
发生时间：2019-02-16 19:01:50.135
扫描枪2：等待接收
发生时间：2019-02-16 19:01:50.132
扫描枪2：发送数据：4c4f4e0d
发生时间：2019-02-16 19:01:50.128
扫描枪2：PLC通知读取条码。
发生时间：2019-02-16 19:01:49.926
扫描枪2:OPC成功写入电池组信息：000160810000160811000160812000160813000160814000160815000160816000160817000160818000160819,1073872896！
发生时间：2019-02-16 19:01:49.920
扫描枪2：获取数据库编号：000160810、000160811、000160812、000160813、000160814、000160815、000160816、000160817、000160818、000160819。
发生时间：2019-02-16 19:01:49.910
条码9:200000000000000001880，来料工单：False
发生时间：2019-02-16 19:01:49.906
条码8:200000000000000001879，来料工单：False
发生时间：2019-02-16 19:01:49.903
条码7:200000000000000001878，来料工单：False
发生时间：2019-02-16 19:01:49.900
条码6:200000000000000001877，来料工单：False
发生时间：2019-02-16 19:01:49.897
条码5:200000000000000001876，来料工单：True
发生时间：2019-02-16 19:01:49.893
条码4:200000000000000001875，来料工单：False
发生时间：2019-02-16 19:01:49.889
条码3:200000000000000001874，来料工单：False
发生时间：2019-02-16 19:01:49.885
条码2:200000000000000001873，来料工单：False
发生时间：2019-02-16 19:01:49.882
条码1:200000000000000001872，来料工单：False
发生时间：2019-02-16 19:01:49.879
条码0:200000000000000001871，来料工单：False
发生时间：2019-02-16 19:01:49.871
扫描枪2：收到数据[#02000000000000000018710#12000000000000000018721#22000000000000000018732#32000000000000000018743#42000000000000000018754#52000000000000000018765#62000000000000000018776#72000000000000000018787#82000000000000000018798#92000000000000000018809#]
发生时间：2019-02-16 19:01:48.857
扫描枪2：等待接收
发生时间：2019-02-16 19:01:48.854
扫描枪2：发送数据：4c4f4e0d
发生时间：2019-02-16 19:01:48.850
扫描枪2：PLC通知读取条码。
发生时间：2019-02-16 19:01:48.645
扫描枪2:OPC成功写入电池组信息：000160790000160791000160792000160793000160794000160795000160796000160797000160798000160799,1073741824！
发生时间：2019-02-16 19:01:48.642
扫描枪2：获取数据库编号：000160790、000160791、000160792、000160793、000160794、000160795、000160796、000160797、000160798、000160799。
发生时间：2019-02-16 19:01:48.633
条码9:200000000000000001870，来料工单：False
发生时间：2019-02-16 19:01:48.632
条码8:200000000000000001869，来料工单：False
发生时间：2019-02-16 19:01:48.631
条码7:200000000000000001868，来料工单：False
发生时间：2019-02-16 19:01:48.625
条码6:200000000000000001867，来料工单：False
发生时间：2019-02-16 19:01:48.623
条码5:200000000000000001866，来料工单：False
发生时间：2019-02-16 19:01:48.622
条码4:200000000000000001865，来料工单：False
发生时间：2019-02-16 19:01:48.621
条码3:200000000000000001864，来料工单：False
发生时间：2019-02-16 19:01:48.620
条码2:200000000000000001863，来料工单：False
发生时间：2019-02-16 19:01:48.620
条码1:200000000000000001862，来料工单：False
发生时间：2019-02-16 19:01:48.613
条码0:200000000000000001861，来料工单：False
发生时间：2019-02-16 19:01:48.611
扫描枪2：收到数据[#02000000000000000018610#12000000000000000018621#22000000000000000018632#32000000000000000018643#42000000000000000018654#52000000000000000018665#62000000000000000018676#72000000000000000018687#82000000000000000018698#92000000000000000018709#]

