发生时间:2018年10月4日 21:43:41
错误源:.Net SqlClient Data Provider
错误消息:列名 'Zjq1Code' 无效。
列名 'Zjq2Code' 无效。
列名 'Zjq3Code' 无效。
列名 'Zjq4Code' 无效。
---------------------------------------------------
发生时间:2018年10月4日 21:43:41
错误源:.Net SqlClient Data Provider
错误消息:列名 'Zjq1Code' 无效。
列名 'Zjq2Code' 无效。
列名 'Zjq3Code' 无效。
列名 'Zjq4Code' 无效。
---------------------------------------------------
发生时间:2018年12月28日 22:29:41
错误源:.Net SqlClient Data Provider
错误消息:'GO' 附近有语法错误。
'GO' 附近有语法错误。
'GO' 附近有语法错误。
'CREATE/ALTER PROCEDURE' 必须是查询批次中的第一个语句。
---------------------------------------------------
发生时间:2018年12月28日 22:40:16
错误源:.Net SqlClient Data Provider
错误消息:'sp_refreshview' 附近有语法错误。
---------------------------------------------------
发生时间:2018年12月28日 22:42:08
错误源:.Net SqlClient Data Provider
错误消息:各表中的列名必须唯一。在表 'Test_Main' 中多次指定了列名 'AutoSt_MinV1'。
---------------------------------------------------
