-----------------存储时间:2019-02-16 12:03:52-----------------
发生时间：2019-02-16 12:03:52.072
成功打印8号槽托盘编号：108192000554
发生时间：2019-02-16 12:03:52.058
成功打印7号槽托盘编号：107192000553
发生时间：2019-02-16 12:03:52.043
成功打印6号槽托盘编号：106192000552
发生时间：2019-02-16 12:03:51.984
成功保存结果,托盘号：106192000552\107192000553\108192000554\109192000555\110192000582\111192000578\112192000579\114192000584\115192000580\116192000581\117192000572\118192000585\101192000586\102192000549\103192000550\104192000551\105192000583\106192000552\107192000553\108192000554，新增：20个电芯
发生时间：2019-02-16 12:03:50.009
成功打印1号槽托盘编号：101192000548
发生时间：2019-02-16 12:03:49.964
成功保存结果,托盘号：103192000550\104192000551\105192000583\106192000552\107192000553\108192000554\109192000555\110192000582\111192000578\112192000579\114192000584\115192000580\116192000581\117192000572\118192000585\101192000548\102192000549\103192000550\104192000551\105192000583，新增：20个电芯
发生时间：2019-02-16 12:03:47.942
成功保存结果,托盘号：118192000585\101192000548\102192000549\103192000550\104192000551\105192000583\106192000552\107192000553\108192000554\109192000555\110192000582\111192000578\112192000579\114192000584\115192000580\116192000581\117192000572\118192000585\101192000548\102192000549，新增：20个电芯
发生时间：2019-02-16 12:03:45.964
成功保存结果,托盘号：115192000580\116192000581\117192000572\118192000585\101192000548\102192000549\103192000550\104192000551\105192000583\106192000552\107192000553\108192000554\109192000555\110192000582\111192000578\112192000579\114192000584\115192000580\116192000581\117192000572，新增：20个电芯
发生时间：2019-02-16 12:03:43.793
成功保存结果,托盘号：111192000578\112192000579\114192000584\115192000580\116192000581\117192000572\118192000585\101192000548\102192000549\103192000550\104192000551\105192000583\106192000552\107192000553\108192000554\109192000555\110192000582\111192000578\112192000579\114192000584，新增：20个电芯
发生时间：2019-02-16 12:03:42.026
成功打印18号槽托盘编号：118192000577
发生时间：2019-02-16 12:03:42.014
成功打印14号槽托盘编号：114192000574
发生时间：2019-02-16 12:03:41.974
成功保存结果,托盘号：108192000554\109192000555\110192000582\111192000578\112192000579\114192000574\115192000580\116192000581\117192000572\118192000577\101192000548\102192000549\103192000550\104192000551\105192000583\106192000552\107192000553\108192000554\109192000555\110192000582，新增：20个电芯
发生时间：2019-02-16 12:03:39.986
成功打印5号槽托盘编号：105192000573
发生时间：2019-02-16 12:03:39.953
成功保存结果,托盘号：105192000573\106192000552\107192000553\108192000554\109192000555\110192000582\111192000578\112192000579\114192000574\115192000580\116192000581\117192000572\118192000577\101192000548\102192000549\103192000550\104192000551\105192000573\106192000552\107192000553，新增：20个电芯
发生时间：2019-02-16 12:03:37.932
成功保存结果,托盘号：102192000549\103192000550\104192000551\105192000573\106192000552\107192000553\108192000554\109192000555\110192000582\111192000578\112192000579\114192000574\115192000580\116192000581\117192000572\118192000577\101192000548\102192000549\103192000550\104192000551，新增：20个电芯
发生时间：2019-02-16 12:03:35.992
成功保存结果,托盘号：117192000572\118192000577\101192000548\102192000549\103192000550\104192000551\105192000573\106192000552\107192000553\108192000554\109192000555\110192000582\111192000578\112192000579\114192000574\115192000580\116192000581\117192000572\118192000577\101192000548，新增：20个电芯
发生时间：2019-02-16 12:03:33.975
成功保存结果,托盘号：114192000574\115192000580\116192000581\117192000572\118192000577\101192000548\102192000549\103192000550\104192000551\105192000573\106192000552\107192000553\108192000554\109192000555\110192000582\111192000578\112192000579\114192000574\115192000580\116192000581，新增：20个电芯
发生时间：2019-02-16 12:03:31.936
成功保存结果,托盘号：110192000582\111192000578\112192000579\114192000574\115192000580\116192000581\117192000572\118192000577\101192000548\102192000549\103192000550\104192000551\105192000573\106192000552\107192000553\108192000554\109192000555\110192000582\111192000578\112192000579，新增：20个电芯
发生时间：2019-02-16 12:03:30.072
成功保存结果,托盘号：107192000553\108192000554\109192000555\110192000582\111192000578\112192000579\114192000574\115192000580\116192000581\117192000572\118192000577\101192000548\102192000549\103192000550\104192000551\105192000573\106192000552\107192000553\108192000554\109192000555，新增：20个电芯
发生时间：2019-02-16 12:03:27.955
成功保存结果,托盘号：104192000551\105192000573\106192000552\107192000553\108192000554\109192000555\110192000582\111192000578\112192000579\114192000574\115192000580\116192000581\117192000572\118192000577\101192000548\102192000549\103192000550\104192000551\105192000573\106192000552，新增：20个电芯
发生时间：2019-02-16 12:03:25.997
成功打印10号槽托盘编号：110192000565
发生时间：2019-02-16 12:03:25.958
成功保存结果,托盘号：101192000548\102192000549\103192000550\104192000551\105192000573\106192000552\107192000553\108192000554\109192000555\110192000565\111192000578\112192000579\114192000574\115192000580\116192000581\117192000572\118192000577\101192000548\102192000549\103192000550，新增：20个电芯
发生时间：2019-02-16 12:03:24.011
成功打印15号槽托盘编号：115192000575
发生时间：2019-02-16 12:03:24.002
成功打印12号槽托盘编号：112192000566
发生时间：2019-02-16 12:03:23.992
成功打印11号槽托盘编号：111192000569
发生时间：2019-02-16 12:03:23.982
成功打印16号槽托盘编号：116192000576
发生时间：2019-02-16 12:03:23.949
成功保存结果,托盘号：116192000576\117192000572\118192000577\101192000548\102192000549\103192000550\104192000551\105192000573\106192000552\107192000553\108192000554\109192000555\110192000565\111192000569\112192000566\114192000574\115192000575\116192000576\117192000572\118192000577，新增：20个电芯
发生时间：2019-02-16 12:03:21.942
成功保存结果,托盘号：112192000566\114192000574\115192000575\116192000576\117192000572\118192000577\101192000548\102192000549\103192000550\104192000551\105192000573\106192000552\107192000553\108192000554\109192000555\110192000565\111192000569\112192000566\114192000574\115192000575，新增：20个电芯
发生时间：2019-02-16 12:03:19.931
成功保存结果,托盘号：109192000555\110192000565\111192000569\112192000566\114192000574\115192000575\116192000576\117192000572\118192000577\101192000548\102192000549\103192000550\104192000551\105192000573\106192000552\107192000553\108192000554\109192000555\110192000565\111192000569，新增：20个电芯
发生时间：2019-02-16 12:03:17.986
成功保存结果,托盘号：106192000552\107192000553\108192000554\109192000555\110192000565\111192000569\112192000566\114192000574\115192000575\116192000576\117192000572\118192000577\101192000548\102192000549\103192000550\104192000551\105192000573\106192000552\107192000553\108192000554，新增：20个电芯
发生时间：2019-02-16 12:03:15.963
成功保存结果,托盘号：103192000550\104192000551\105192000573\106192000552\107192000553\108192000554\109192000555\110192000565\111192000569\112192000566\114192000574\115192000575\116192000576\117192000572\118192000577\101192000548\102192000549\103192000550\104192000551\105192000573，新增：20个电芯
发生时间：2019-02-16 12:03:13.966
成功保存结果,托盘号：118192000577\101192000548\102192000549\103192000550\104192000551\105192000573\106192000552\107192000553\108192000554\109192000555\110192000565\111192000569\112192000566\114192000574\115192000575\116192000576\117192000572\118192000577\101192000548\102192000549，新增：20个电芯
发生时间：2019-02-16 12:03:11.960
成功保存结果,托盘号：115192000575\116192000576\117192000572\118192000577\101192000548\102192000549\103192000550\104192000551\105192000573\106192000552\107192000553\108192000554\109192000555\110192000565\111192000569\112192000566\114192000574\115192000575\116192000576\117192000572，新增：20个电芯
发生时间：2019-02-16 12:03:09.976
成功保存结果,托盘号：111192000569\112192000566\114192000574\115192000575\116192000576\117192000572\118192000577\101192000548\102192000549\103192000550\104192000551\105192000573\106192000552\107192000553\108192000554\109192000555\110192000565\111192000569\112192000566\114192000574，新增：20个电芯
发生时间：2019-02-16 12:03:07.933
成功保存结果,托盘号：108192000554\109192000555\110192000565\111192000569\112192000566\114192000574\115192000575\116192000576\117192000572\118192000577\101192000548\102192000549\103192000550\104192000551\105192000573\106192000552\107192000553\108192000554\109192000555\110192000565，新增：20个电芯
发生时间：2019-02-16 12:03:05.949
成功保存结果,托盘号：105192000573\106192000552\107192000553\108192000554\109192000555\110192000565\111192000569\112192000566\114192000574\115192000575\116192000576\117192000572\118192000577\101192000548\102192000549\103192000550\104192000551\105192000573\106192000552\107192000553，新增：20个电芯
发生时间：2019-02-16 12:03:03.941
成功保存结果,托盘号：102192000549\103192000550\104192000551\105192000573\106192000552\107192000553\108192000554\109192000555\110192000565\111192000569\112192000566\114192000574\115192000575\116192000576\117192000572\118192000577\101192000548\102192000549\103192000550\104192000551，新增：20个电芯
发生时间：2019-02-16 12:03:01.954
成功保存结果,托盘号：117192000572\118192000577\101192000548\102192000549\103192000550\104192000551\105192000573\106192000552\107192000553\108192000554\109192000555\110192000565\111192000569\112192000566\114192000574\115192000575\116192000576\117192000572\118192000577\101192000548，新增：20个电芯
发生时间：2019-02-16 12:02:59.957
成功保存结果,托盘号：114192000574\115192000575\116192000576\117192000572\118192000577\101192000548\102192000549\103192000550\104192000551\105192000573\106192000552\107192000553\108192000554\109192000555\110192000565\111192000569\112192000566\114192000574\115192000575\116192000576，新增：20个电芯
发生时间：2019-02-16 12:02:57.936
成功保存结果,托盘号：110192000565\111192000569\112192000566\114192000574\115192000575\116192000576\117192000572\118192000577\101192000548\102192000549\103192000550\104192000551\105192000573\106192000552\107192000553\108192000554\109192000555\110192000565\111192000569\112192000566，新增：20个电芯
发生时间：2019-02-16 12:02:55.942
成功保存结果,托盘号：107192000553\108192000554\109192000555\110192000565\111192000569\112192000566\114192000574\115192000575\116192000576\117192000572\118192000577\101192000548\102192000549\103192000550\104192000551\105192000573\106192000552\107192000553\108192000554\109192000555，新增：20个电芯
发生时间：2019-02-16 12:02:53.947
成功保存结果,托盘号：104192000551\105192000573\106192000552\107192000553\108192000554\109192000555\110192000565\111192000569\112192000566\114192000574\115192000575\116192000576\117192000572\118192000577\101192000548\102192000549\103192000550\104192000551\105192000573\106192000552，新增：20个电芯
发生时间：2019-02-16 12:02:51.911
成功保存结果,托盘号：101192000548\102192000549\103192000550\104192000551\105192000573\106192000552\107192000553\108192000554\109192000555\110192000565\111192000569\112192000566\114192000574\115192000575\116192000576\117192000572\118192000577\101192000548\102192000549\103192000550，新增：20个电芯
发生时间：2019-02-16 12:02:49.987
成功打印15号槽托盘编号：115192000570
发生时间：2019-02-16 12:02:49.978
成功打印14号槽托盘编号：114192000567
发生时间：2019-02-16 12:02:49.971
成功打印5号槽托盘编号：105192000564
发生时间：2019-02-16 12:02:49.964
成功打印18号槽托盘编号：118192000568
发生时间：2019-02-16 12:02:49.956
成功打印16号槽托盘编号：116192000571
发生时间：2019-02-16 12:02:49.925
成功保存结果,托盘号：116192000571\117192000572\118192000568\101192000548\102192000549\103192000550\104192000551\105192000564\106192000552\107192000553\108192000554\109192000555\110192000565\111192000569\112192000566\114192000567\115192000570\116192000571\117192000572\118192000568，新增：20个电芯
发生时间：2019-02-16 12:02:47.951
成功保存结果,托盘号：112192000566\114192000567\115192000570\116192000571\117192000572\118192000568\101192000548\102192000549\103192000550\104192000551\105192000564\106192000552\107192000553\108192000554\109192000555\110192000565\111192000569\112192000566\114192000567\115192000570，新增：20个电芯
发生时间：2019-02-16 12:02:45.950
成功保存结果,托盘号：109192000555\110192000565\111192000569\112192000566\114192000567\115192000570\116192000571\117192000572\118192000568\101192000548\102192000549\103192000550\104192000551\105192000564\106192000552\107192000553\108192000554\109192000555\110192000565\111192000569，新增：20个电芯
发生时间：2019-02-16 12:02:44.204
成功保存结果,托盘号：106192000552\107192000553\108192000554\109192000555\110192000565\111192000569\112192000566\114192000567\115192000570\116192000571\117192000572\118192000568\101192000548\102192000549\103192000550\104192000551\105192000564\106192000552\107192000553\108192000554，新增：20个电芯
发生时间：2019-02-16 12:02:41.920
成功保存结果,托盘号：103192000550\104192000551\105192000564\106192000552\107192000553\108192000554\109192000555\110192000565\111192000569\112192000566\114192000567\115192000570\116192000571\117192000572\118192000568\101192000548\102192000549\103192000550\104192000551\105192000564，新增：20个电芯
发生时间：2019-02-16 12:02:39.947
成功保存结果,托盘号：118192000568\101192000548\102192000549\103192000550\104192000551\105192000564\106192000552\107192000553\108192000554\109192000555\110192000565\111192000569\112192000566\114192000567\115192000570\116192000571\117192000572\118192000568\101192000548\102192000549，新增：20个电芯
发生时间：2019-02-16 12:02:38.209
成功保存结果,托盘号：115192000570\116192000571\117192000572\118192000568\101192000548\102192000549\103192000550\104192000551\105192000564\106192000552\107192000553\108192000554\109192000555\110192000565\111192000569\112192000566\114192000567\115192000570\116192000571\117192000572，新增：20个电芯
发生时间：2019-02-16 12:02:35.949
成功保存结果,托盘号：111192000569\112192000566\114192000567\115192000570\116192000571\117192000572\118192000568\101192000548\102192000549\103192000550\104192000551\105192000564\106192000552\107192000553\108192000554\109192000555\110192000565\111192000569\112192000566\114192000567，新增：20个电芯
发生时间：2019-02-16 12:02:33.935
成功保存结果,托盘号：108192000554\109192000555\110192000565\111192000569\112192000566\114192000567\115192000570\116192000571\117192000572\118192000568\101192000548\102192000549\103192000550\104192000551\105192000564\106192000552\107192000553\108192000554\109192000555\110192000565，新增：20个电芯
发生时间：2019-02-16 12:02:31.920
成功保存结果,托盘号：105192000564\106192000552\107192000553\108192000554\109192000555\110192000565\111192000569\112192000566\114192000567\115192000570\116192000571\117192000572\118192000568\101192000548\102192000549\103192000550\104192000551\105192000564\106192000552\107192000553，新增：20个电芯
发生时间：2019-02-16 12:02:29.942
成功保存结果,托盘号：102192000549\103192000550\104192000551\105192000564\106192000552\107192000553\108192000554\109192000555\110192000565\111192000569\112192000566\114192000567\115192000570\116192000571\117192000572\118192000568\101192000548\102192000549\103192000550\104192000551，新增：20个电芯
发生时间：2019-02-16 12:02:27.925
成功保存结果,托盘号：117192000572\118192000568\101192000548\102192000549\103192000550\104192000551\105192000564\106192000552\107192000553\108192000554\109192000555\110192000565\111192000569\112192000566\114192000567\115192000570\116192000571\117192000572\118192000568\101192000548，新增：20个电芯
发生时间：2019-02-16 12:02:25.931
成功保存结果,托盘号：114192000567\115192000570\116192000571\117192000572\118192000568\101192000548\102192000549\103192000550\104192000551\105192000564\106192000552\107192000553\108192000554\109192000555\110192000565\111192000569\112192000566\114192000567\115192000570\116192000571，新增：20个电芯
发生时间：2019-02-16 12:02:23.925
成功保存结果,托盘号：110192000565\111192000569\112192000566\114192000567\115192000570\116192000571\117192000572\118192000568\101192000548\102192000549\103192000550\104192000551\105192000564\106192000552\107192000553\108192000554\109192000555\110192000565\111192000569\112192000566，新增：20个电芯
发生时间：2019-02-16 12:02:21.930
成功保存结果,托盘号：107192000553\108192000554\109192000555\110192000565\111192000569\112192000566\114192000567\115192000570\116192000571\117192000572\118192000568\101192000548\102192000549\103192000550\104192000551\105192000564\106192000552\107192000553\108192000554\109192000555，新增：20个电芯
发生时间：2019-02-16 12:02:20.190
成功保存结果,托盘号：104192000551\105192000564\106192000552\107192000553\108192000554\109192000555\110192000565\111192000569\112192000566\114192000567\115192000570\116192000571\117192000572\118192000568\101192000548\102192000549\103192000550\104192000551\105192000564\106192000552，新增：20个电芯
发生时间：2019-02-16 12:02:17.919
成功保存结果,托盘号：101192000548\102192000549\103192000550\104192000551\105192000564\106192000552\107192000553\108192000554\109192000555\110192000565\111192000569\112192000566\114192000567\115192000570\116192000571\117192000572\118192000568\101192000548\102192000549\103192000550，新增：20个电芯
发生时间：2019-02-16 12:02:15.983
成功打印15号槽托盘编号：115192000562
发生时间：2019-02-16 12:02:15.977
成功打印11号槽托盘编号：111192000557
发生时间：2019-02-16 12:02:15.966
成功打印17号槽托盘编号：117192000540
发生时间：2019-02-16 12:02:15.960
成功打印16号槽托盘编号：116192000563
发生时间：2019-02-16 12:02:15.929
成功保存结果,托盘号：116192000563\117192000540\118192000568\101192000548\102192000549\103192000550\104192000551\105192000564\106192000552\107192000553\108192000554\109192000555\110192000565\111192000557\112192000566\114192000567\115192000562\116192000563\117192000540\118192000568，新增：20个电芯
发生时间：2019-02-16 12:02:14.201
成功保存结果,托盘号：112192000566\114192000567\115192000562\116192000563\117192000540\118192000568\101192000548\102192000549\103192000550\104192000551\105192000564\106192000552\107192000553\108192000554\109192000555\110192000565\111192000557\112192000566\114192000567\115192000562，新增：20个电芯
发生时间：2019-02-16 12:02:11.925
成功保存结果,托盘号：109192000555\110192000565\111192000557\112192000566\114192000567\115192000562\116192000563\117192000540\118192000568\101192000548\102192000549\103192000550\104192000551\105192000564\106192000552\107192000553\108192000554\109192000555\110192000565\111192000557，新增：20个电芯
发生时间：2019-02-16 12:02:09.938
成功保存结果,托盘号：106192000552\107192000553\108192000554\109192000555\110192000565\111192000557\112192000566\114192000567\115192000562\116192000563\117192000540\118192000568\101192000548\102192000549\103192000550\104192000551\105192000564\106192000552\107192000553\108192000554，新增：20个电芯
发生时间：2019-02-16 12:02:08.209
成功保存结果,托盘号：103192000550\104192000551\105192000564\106192000552\107192000553\108192000554\109192000555\110192000565\111192000557\112192000566\114192000567\115192000562\116192000563\117192000540\118192000568\101192000548\102192000549\103192000550\104192000551\105192000564，新增：20个电芯
发生时间：2019-02-16 12:02:05.937
成功保存结果,托盘号：118192000568\101192000548\102192000549\103192000550\104192000551\105192000564\106192000552\107192000553\108192000554\109192000555\110192000565\111192000557\112192000566\114192000567\115192000562\116192000563\117192000540\118192000568\101192000548\102192000549，新增：20个电芯
发生时间：2019-02-16 12:02:03.940
成功保存结果,托盘号：115192000562\116192000563\117192000540\118192000568\101192000548\102192000549\103192000550\104192000551\105192000564\106192000552\107192000553\108192000554\109192000555\110192000565\111192000557\112192000566\114192000567\115192000562\116192000563\117192000540，新增：20个电芯
发生时间：2019-02-16 12:02:02.212
成功保存结果,托盘号：111192000557\112192000566\114192000567\115192000562\116192000563\117192000540\118192000568\101192000548\102192000549\103192000550\104192000551\105192000564\106192000552\107192000553\108192000554\109192000555\110192000565\111192000557\112192000566\114192000567，新增：20个电芯
发生时间：2019-02-16 12:02:00.379
成功打印18号槽托盘编号：118192000561
发生时间：2019-02-16 12:02:00.352
成功打印14号槽托盘编号：114192000558
发生时间：2019-02-16 12:02:00.326
成功打印12号槽托盘编号：112192000544
发生时间：2019-02-16 12:02:00.299
成功打印10号槽托盘编号：110192000547
发生时间：2019-02-16 12:02:00.219
成功保存结果,托盘号：108192000554\109192000555\110192000547\111192000557\112192000544\114192000558\115192000562\116192000563\117192000540\118192000561\101192000548\102192000549\103192000550\104192000551\105192000564\106192000552\107192000553\108192000554\109192000555\110192000547，新增：20个电芯
发生时间：2019-02-16 12:01:57.953
成功打印5号槽托盘编号：105192000556
发生时间：2019-02-16 12:01:57.928
成功保存结果,托盘号：105192000556\106192000552\107192000553\108192000554\109192000555\110192000547\111192000557\112192000544\114192000558\115192000562\116192000563\117192000540\118192000561\101192000548\102192000549\103192000550\104192000551\105192000556\106192000552\107192000553，新增：20个电芯
发生时间：2019-02-16 12:01:55.935
成功保存结果,托盘号：102192000549\103192000550\104192000551\105192000556\106192000552\107192000553\108192000554\109192000555\110192000547\111192000557\112192000544\114192000558\115192000562\116192000563\117192000540\118192000561\101192000548\102192000549\103192000550\104192000551，新增：20个电芯
发生时间：2019-02-16 12:01:54.221
成功保存结果,托盘号：117192000540\118192000561\101192000548\102192000549\103192000550\104192000551\105192000556\106192000552\107192000553\108192000554\109192000555\110192000547\111192000557\112192000544\114192000558\115192000562\116192000563\117192000540\118192000561\101192000548，新增：20个电芯
发生时间：2019-02-16 12:01:52.004
成功保存结果,托盘号：114192000558\115192000562\116192000563\117192000540\118192000561\101192000548\102192000549\103192000550\104192000551\105192000556\106192000552\107192000553\108192000554\109192000555\110192000547\111192000557\112192000544\114192000558\115192000562\116192000563，新增：20个电芯
发生时间：2019-02-16 12:01:49.956
成功保存结果,托盘号：110192000547\111192000557\112192000544\114192000558\115192000562\116192000563\117192000540\118192000561\101192000548\102192000549\103192000550\104192000551\105192000556\106192000552\107192000553\108192000554\109192000555\110192000547\111192000557\112192000544，新增：20个电芯
发生时间：2019-02-16 12:01:47.904
成功保存结果,托盘号：107192000553\108192000554\109192000555\110192000547\111192000557\112192000544\114192000558\115192000562\116192000563\117192000540\118192000561\101192000548\102192000549\103192000550\104192000551\105192000556\106192000552\107192000553\108192000554\109192000555，新增：20个电芯
发生时间：2019-02-16 12:01:45.937
成功保存结果,托盘号：104192000551\105192000556\106192000552\107192000553\108192000554\109192000555\110192000547\111192000557\112192000544\114192000558\115192000562\116192000563\117192000540\118192000561\101192000548\102192000549\103192000550\104192000551\105192000556\106192000552，新增：20个电芯
发生时间：2019-02-16 12:01:43.944
成功保存结果,托盘号：101192000548\102192000549\103192000550\104192000551\105192000556\106192000552\107192000553\108192000554\109192000555\110192000547\111192000557\112192000544\114192000558\115192000562\116192000563\117192000540\118192000561\101192000548\102192000549\103192000550，新增：20个电芯
发生时间：2019-02-16 12:01:42.000
成功打印15号槽托盘编号：115192000559
发生时间：2019-02-16 12:01:41.991
成功打印16号槽托盘编号：116192000560
发生时间：2019-02-16 12:01:41.947
成功保存结果,托盘号：116192000560\117192000540\118192000561\101192000548\102192000549\103192000550\104192000551\105192000556\106192000552\107192000553\108192000554\109192000555\110192000547\111192000557\112192000544\114192000558\115192000559\116192000560\117192000540\118192000561，新增：20个电芯
发生时间：2019-02-16 12:01:39.922
成功保存结果,托盘号：112192000544\114192000558\115192000559\116192000560\117192000540\118192000561\101192000548\102192000549\103192000550\104192000551\105192000556\106192000552\107192000553\108192000554\109192000555\110192000547\111192000557\112192000544\114192000558\115192000559，新增：20个电芯
发生时间：2019-02-16 12:01:37.936
成功保存结果,托盘号：109192000555\110192000547\111192000557\112192000544\114192000558\115192000559\116192000560\117192000540\118192000561\101192000548\102192000549\103192000550\104192000551\105192000556\106192000552\107192000553\108192000554\109192000555\110192000547\111192000557，新增：20个电芯
发生时间：2019-02-16 12:01:36.212
成功保存结果,托盘号：106192000552\107192000553\108192000554\109192000555\110192000547\111192000557\112192000544\114192000558\115192000559\116192000560\117192000540\118192000561\101192000548\102192000549\103192000550\104192000551\105192000556\106192000552\107192000553\108192000554，新增：20个电芯
发生时间：2019-02-16 12:01:33.920
成功保存结果,托盘号：103192000550\104192000551\105192000556\106192000552\107192000553\108192000554\109192000555\110192000547\111192000557\112192000544\114192000558\115192000559\116192000560\117192000540\118192000561\101192000548\102192000549\103192000550\104192000551\105192000556，新增：20个电芯
发生时间：2019-02-16 12:01:31.932
成功保存结果,托盘号：118192000561\101192000548\102192000549\103192000550\104192000551\105192000556\106192000552\107192000553\108192000554\109192000555\110192000547\111192000557\112192000544\114192000558\115192000559\116192000560\117192000540\118192000561\101192000548\102192000549，新增：20个电芯
发生时间：2019-02-16 12:01:29.999
成功保存结果,托盘号：115192000559\116192000560\117192000540\118192000561\101192000548\102192000549\103192000550\104192000551\105192000556\106192000552\107192000553\108192000554\109192000555\110192000547\111192000557\112192000544\114192000558\115192000559\116192000560\117192000540，新增：20个电芯
发生时间：2019-02-16 12:01:28.258
成功保存结果,托盘号：111192000557\112192000544\114192000558\115192000559\116192000560\117192000540\118192000561\101192000548\102192000549\103192000550\104192000551\105192000556\106192000552\107192000553\108192000554\109192000555\110192000547\111192000557\112192000544\114192000558，新增：20个电芯
发生时间：2019-02-16 12:01:25.938
成功保存结果,托盘号：108192000554\109192000555\110192000547\111192000557\112192000544\114192000558\115192000559\116192000560\117192000540\118192000561\101192000548\102192000549\103192000550\104192000551\105192000556\106192000552\107192000553\108192000554\109192000555\110192000547，新增：20个电芯
发生时间：2019-02-16 12:01:23.930
成功保存结果,托盘号：105192000556\106192000552\107192000553\108192000554\109192000555\110192000547\111192000557\112192000544\114192000558\115192000559\116192000560\117192000540\118192000561\101192000548\102192000549\103192000550\104192000551\105192000556\106192000552\107192000553，新增：20个电芯
发生时间：2019-02-16 12:01:22.138
成功保存结果,托盘号：102192000549\103192000550\104192000551\105192000556\106192000552\107192000553\108192000554\109192000555\110192000547\111192000557\112192000544\114192000558\115192000559\116192000560\117192000540\118192000561\101192000548\102192000549\103192000550\104192000551，新增：20个电芯
发生时间：2019-02-16 12:01:20.221
成功保存结果,托盘号：117192000540\118192000561\101192000548\102192000549\103192000550\104192000551\105192000556\106192000552\107192000553\108192000554\109192000555\110192000547\111192000557\112192000544\114192000558\115192000559\116192000560\117192000540\118192000561\101192000548，新增：20个电芯
发生时间：2019-02-16 12:01:17.931
成功保存结果,托盘号：114192000558\115192000559\116192000560\117192000540\118192000561\101192000548\102192000549\103192000550\104192000551\105192000556\106192000552\107192000553\108192000554\109192000555\110192000547\111192000557\112192000544\114192000558\115192000559\116192000560，新增：20个电芯
发生时间：2019-02-16 12:01:15.916
成功保存结果,托盘号：110192000547\111192000557\112192000544\114192000558\115192000559\116192000560\117192000540\118192000561\101192000548\102192000549\103192000550\104192000551\105192000556\106192000552\107192000553\108192000554\109192000555\110192000547\111192000557\112192000544，新增：20个电芯
发生时间：2019-02-16 12:01:14.219
成功保存结果,托盘号：107192000553\108192000554\109192000555\110192000547\111192000557\112192000544\114192000558\115192000559\116192000560\117192000540\118192000561\101192000548\102192000549\103192000550\104192000551\105192000556\106192000552\107192000553\108192000554\109192000555，新增：20个电芯
发生时间：2019-02-16 12:01:11.936
成功保存结果,托盘号：104192000551\105192000556\106192000552\107192000553\108192000554\109192000555\110192000547\111192000557\112192000544\114192000558\115192000559\116192000560\117192000540\118192000561\101192000548\102192000549\103192000550\104192000551\105192000556\106192000552，新增：20个电芯
发生时间：2019-02-16 12:01:09.929
成功保存结果,托盘号：101192000548\102192000549\103192000550\104192000551\105192000556\106192000552\107192000553\108192000554\109192000555\110192000547\111192000557\112192000544\114192000558\115192000559\116192000560\117192000540\118192000561\101192000548\102192000549\103192000550，新增：20个电芯
发生时间：2019-02-16 12:01:08.399
成功打印15号槽托盘编号：115192000545
发生时间：2019-02-16 12:01:08.377
成功打印14号槽托盘编号：114192000542
发生时间：2019-02-16 12:01:08.357
成功打印11号槽托盘编号：111192000537
发生时间：2019-02-16 12:01:08.331
成功打印5号槽托盘编号：105192000541
发生时间：2019-02-16 12:01:08.302
成功打印18号槽托盘编号：118192000543
发生时间：2019-02-16 12:01:08.283
成功打印16号槽托盘编号：116192000546
发生时间：2019-02-16 12:01:08.207
成功保存结果,托盘号：116192000546\117192000540\118192000543\101192000548\102192000549\103192000550\104192000551\105192000541\106192000552\107192000553\108192000554\109192000555\110192000547\111192000537\112192000544\114192000542\115192000545\116192000546\117192000540\118192000543，新增：20个电芯
发生时间：2019-02-16 12:01:05.932
成功保存结果,托盘号：112192000544\114192000542\115192000545\116192000546\117192000540\118192000543\101192000548\102192000549\103192000550\104192000551\105192000541\106192000552\107192000553\108192000554\109192000555\110192000547\111192000537\112192000544\114192000542\115192000545，新增：20个电芯
发生时间：2019-02-16 12:01:03.909
成功保存结果,托盘号：109192000555\110192000547\111192000537\112192000544\114192000542\115192000545\116192000546\117192000540\118192000543\101192000548\102192000549\103192000550\104192000551\105192000541\106192000552\107192000553\108192000554\109192000555\110192000547\111192000537，新增：20个电芯
发生时间：2019-02-16 12:01:02.254
成功保存结果,托盘号：106192000552\107192000553\108192000554\109192000555\110192000547\111192000537\112192000544\114192000542\115192000545\116192000546\117192000540\118192000543\101192000548\102192000549\103192000550\104192000551\105192000541\106192000552\107192000553\108192000554，新增：20个电芯
发生时间：2019-02-16 12:00:59.940
成功保存结果,托盘号：103192000550\104192000551\105192000541\106192000552\107192000553\108192000554\109192000555\110192000547\111192000537\112192000544\114192000542\115192000545\116192000546\117192000540\118192000543\101192000548\102192000549\103192000550\104192000551\105192000541，新增：20个电芯
发生时间：2019-02-16 12:00:57.917
成功保存结果,托盘号：118192000543\101192000548\102192000549\103192000550\104192000551\105192000541\106192000552\107192000553\108192000554\109192000555\110192000547\111192000537\112192000544\114192000542\115192000545\116192000546\117192000540\118192000543\101192000548\102192000549，新增：20个电芯
发生时间：2019-02-16 12:00:55.919
成功保存结果,托盘号：115192000545\116192000546\117192000540\118192000543\101192000548\102192000549\103192000550\104192000551\105192000541\106192000552\107192000553\108192000554\109192000555\110192000547\111192000537\112192000544\114192000542\115192000545\116192000546\117192000540，新增：20个电芯
发生时间：2019-02-16 12:00:53.950
成功保存结果,托盘号：111192000537\112192000544\114192000542\115192000545\116192000546\117192000540\118192000543\101192000548\102192000549\103192000550\104192000551\105192000541\106192000552\107192000553\108192000554\109192000555\110192000547\111192000537\112192000544\114192000542，新增：20个电芯
发生时间：2019-02-16 12:00:51.904
成功保存结果,托盘号：108192000554\109192000555\110192000547\111192000537\112192000544\114192000542\115192000545\116192000546\117192000540\118192000543\101192000548\102192000549\103192000550\104192000551\105192000541\106192000552\107192000553\108192000554\109192000555\110192000547，新增：20个电芯
发生时间：2019-02-16 12:00:49.954
成功保存结果,托盘号：105192000541\106192000552\107192000553\108192000554\109192000555\110192000547\111192000537\112192000544\114192000542\115192000545\116192000546\117192000540\118192000543\101192000548\102192000549\103192000550\104192000551\105192000541\106192000552\107192000553，新增：20个电芯
发生时间：2019-02-16 12:00:48.328
成功打印9号槽托盘编号：109192000513
发生时间：2019-02-16 12:00:48.324
成功打印8号槽托盘编号：108192000512
发生时间：2019-02-16 12:00:48.320
成功打印7号槽托盘编号：107192000511
发生时间：2019-02-16 12:00:48.316
成功打印6号槽托盘编号：106192000510
发生时间：2019-02-16 12:00:48.310
成功打印4号槽托盘编号：104192000508
发生时间：2019-02-16 12:00:48.306
成功打印3号槽托盘编号：103192000507
发生时间：2019-02-16 12:00:48.301
成功打印2号槽托盘编号：102192000506
发生时间：2019-02-16 12:00:48.233
成功保存结果,托盘号：102192000506\103192000507\104192000508\105192000541\106192000510\107192000511\108192000512\109192000513\110192000547\111192000537\112192000544\114192000542\115192000545\116192000546\117192000540\118192000543\101192000548\102192000506\103192000507\104192000508，新增：20个电芯
发生时间：2019-02-16 12:00:46.329
成功打印1号槽托盘编号：101192000505
发生时间：2019-02-16 12:00:46.229
成功保存结果,托盘号：117192000540\118192000543\101192000505\102192000506\103192000507\104192000508\105192000541\106192000510\107192000511\108192000512\109192000513\110192000547\111192000537\112192000544\114192000542\115192000545\116192000546\117192000540\118192000543\101192000505，新增：20个电芯
发生时间：2019-02-16 12:00:43.918
成功保存结果,托盘号：114192000542\115192000545\116192000546\117192000540\118192000543\101192000505\102192000506\103192000507\104192000508\105192000541\106192000510\107192000511\108192000512\109192000513\110192000547\111192000537\112192000544\114192000542\115192000545\116192000546，新增：20个电芯
发生时间：2019-02-16 12:00:41.941
成功保存结果,托盘号：110192000547\111192000537\112192000544\114192000542\115192000545\116192000546\117192000540\118192000543\101192000505\102192000506\103192000507\104192000508\105192000541\106192000510\107192000511\108192000512\109192000513\110192000547\111192000537\112192000544，新增：20个电芯
发生时间：2019-02-16 12:00:40.166
成功保存结果,托盘号：107192000511\108192000512\109192000513\110192000547\111192000537\112192000544\114192000542\115192000545\116192000546\117192000540\118192000543\101192000505\102192000506\103192000507\104192000508\105192000541\106192000510\107192000511\108192000512\109192000513，新增：20个电芯
发生时间：2019-02-16 12:00:37.926
成功保存结果,托盘号：104192000508\105192000541\106192000510\107192000511\108192000512\109192000513\110192000547\111192000537\112192000544\114192000542\115192000545\116192000546\117192000540\118192000543\101192000505\102192000506\103192000507\104192000508\105192000541\106192000510，新增：20个电芯
发生时间：2019-02-16 12:00:35.978
成功打印10号槽托盘编号：110192000530
发生时间：2019-02-16 12:00:35.940
成功保存结果,托盘号：101192000505\102192000506\103192000507\104192000508\105192000541\106192000510\107192000511\108192000512\109192000513\110192000530\111192000537\112192000544\114192000542\115192000545\116192000546\117192000540\118192000543\101192000505\102192000506\103192000507，新增：20个电芯
发生时间：2019-02-16 12:00:34.365
成功打印15号槽托盘编号：115192000538
发生时间：2019-02-16 12:00:34.352
成功打印12号槽托盘编号：112192000531
发生时间：2019-02-16 12:00:34.337
成功打印16号槽托盘编号：116192000539
发生时间：2019-02-16 12:00:33.897
成功保存结果,托盘号：116192000539\117192000540\118192000543\101192000505\102192000506\103192000507\104192000508\105192000541\106192000510\107192000511\108192000512\109192000513\110192000530\111192000537\112192000531\114192000542\115192000538\116192000539\117192000540\118192000543，新增：20个电芯
发生时间：2019-02-16 12:00:31.816
成功保存结果,托盘号：112192000531\114192000542\115192000538\116192000539\117192000540\118192000543\101192000505\102192000506\103192000507\104192000508\105192000541\106192000510\107192000511\108192000512\109192000513\110192000530\111192000537\112192000531\114192000542\115192000538，新增：20个电芯
发生时间：2019-02-16 12:00:29.994
成功保存结果,托盘号：109192000513\110192000530\111192000537\112192000531\114192000542\115192000538\116192000539\117192000540\118192000543\101192000505\102192000506\103192000507\104192000508\105192000541\106192000510\107192000511\108192000512\109192000513\110192000530\111192000537，新增：20个电芯
发生时间：2019-02-16 12:00:28.284
成功保存结果,托盘号：106192000510\107192000511\108192000512\109192000513\110192000530\111192000537\112192000531\114192000542\115192000538\116192000539\117192000540\118192000543\101192000505\102192000506\103192000507\104192000508\105192000541\106192000510\107192000511\108192000512，新增：20个电芯
发生时间：2019-02-16 12:00:25.961
成功保存结果,托盘号：103192000507\104192000508\105192000541\106192000510\107192000511\108192000512\109192000513\110192000530\111192000537\112192000531\114192000542\115192000538\116192000539\117192000540\118192000543\101192000505\102192000506\103192000507\104192000508\105192000541，新增：20个电芯
发生时间：2019-02-16 12:00:23.928
成功保存结果,托盘号：118192000543\101192000505\102192000506\103192000507\104192000508\105192000541\106192000510\107192000511\108192000512\109192000513\110192000530\111192000537\112192000531\114192000542\115192000538\116192000539\117192000540\118192000543\101192000505\102192000506，新增：20个电芯
发生时间：2019-02-16 12:00:21.898
成功保存结果,托盘号：115192000538\116192000539\117192000540\118192000543\101192000505\102192000506\103192000507\104192000508\105192000541\106192000510\107192000511\108192000512\109192000513\110192000530\111192000537\112192000531\114192000542\115192000538\116192000539\117192000540，新增：20个电芯
发生时间：2019-02-16 12:00:19.920
成功保存结果,托盘号：111192000537\112192000531\114192000542\115192000538\116192000539\117192000540\118192000543\101192000505\102192000506\103192000507\104192000508\105192000541\106192000510\107192000511\108192000512\109192000513\110192000530\111192000537\112192000531\114192000542，新增：20个电芯
发生时间：2019-02-16 12:00:17.951
成功打印18号槽托盘编号：118192000536
发生时间：2019-02-16 12:00:17.948
成功打印14号槽托盘编号：114192000533
发生时间：2019-02-16 12:00:17.928
成功保存结果,托盘号：108192000512\109192000513\110192000530\111192000537\112192000531\114192000533\115192000538\116192000539\117192000540\118192000536\101192000505\102192000506\103192000507\104192000508\105192000541\106192000510\107192000511\108192000512\109192000513\110192000530，新增：20个电芯
发生时间：2019-02-16 12:00:15.929
成功打印5号槽托盘编号：105192000532
发生时间：2019-02-16 12:00:15.910
成功保存结果,托盘号：105192000532\106192000510\107192000511\108192000512\109192000513\110192000530\111192000537\112192000531\114192000533\115192000538\116192000539\117192000540\118192000536\101192000505\102192000506\103192000507\104192000508\105192000532\106192000510\107192000511，新增：20个电芯
发生时间：2019-02-16 12:00:14.168
成功保存结果,托盘号：102192000506\103192000507\104192000508\105192000532\106192000510\107192000511\108192000512\109192000513\110192000530\111192000537\112192000531\114192000533\115192000538\116192000539\117192000540\118192000536\101192000505\102192000506\103192000507\104192000508，新增：20个电芯
发生时间：2019-02-16 12:00:11.924
成功保存结果,托盘号：117192000540\118192000536\101192000505\102192000506\103192000507\104192000508\105192000532\106192000510\107192000511\108192000512\109192000513\110192000530\111192000537\112192000531\114192000533\115192000538\116192000539\117192000540\118192000536\101192000505，新增：20个电芯
发生时间：2019-02-16 12:00:09.915
成功保存结果,托盘号：114192000533\115192000538\116192000539\117192000540\118192000536\101192000505\102192000506\103192000507\104192000508\105192000532\106192000510\107192000511\108192000512\109192000513\110192000530\111192000537\112192000531\114192000533\115192000538\116192000539，新增：20个电芯
发生时间：2019-02-16 12:00:07.918
成功保存结果,托盘号：110192000530\111192000537\112192000531\114192000533\115192000538\116192000539\117192000540\118192000536\101192000505\102192000506\103192000507\104192000508\105192000532\106192000510\107192000511\108192000512\109192000513\110192000530\111192000537\112192000531，新增：20个电芯
发生时间：2019-02-16 12:00:05.925
成功保存结果,托盘号：107192000511\108192000512\109192000513\110192000530\111192000537\112192000531\114192000533\115192000538\116192000539\117192000540\118192000536\101192000505\102192000506\103192000507\104192000508\105192000532\106192000510\107192000511\108192000512\109192000513，新增：20个电芯
发生时间：2019-02-16 12:00:03.913
成功保存结果,托盘号：104192000508\105192000532\106192000510\107192000511\108192000512\109192000513\110192000530\111192000537\112192000531\114192000533\115192000538\116192000539\117192000540\118192000536\101192000505\102192000506\103192000507\104192000508\105192000532\106192000510，新增：20个电芯
发生时间：2019-02-16 12:00:01.943
成功保存结果,托盘号：101192000505\102192000506\103192000507\104192000508\105192000532\106192000510\107192000511\108192000512\109192000513\110192000530\111192000537\112192000531\114192000533\115192000538\116192000539\117192000540\118192000536\101192000505\102192000506\103192000507，新增：20个电芯
发生时间：2019-02-16 12:00:00.341
成功打印15号槽托盘编号：115192000534
发生时间：2019-02-16 12:00:00.340
成功打印11号槽托盘编号：111192000527
发生时间：2019-02-16 12:00:00.327
成功打印17号槽托盘编号：117192000520
发生时间：2019-02-16 12:00:00.325
成功打印16号槽托盘编号：116192000535
发生时间：2019-02-16 11:59:59.951
成功保存结果,托盘号：116192000535\117192000520\118192000536\101192000505\102192000506\103192000507\104192000508\105192000532\106192000510\107192000511\108192000512\109192000513\110192000530\111192000527\112192000531\114192000533\115192000534\116192000535\117192000520\118192000536，新增：20个电芯
发生时间：2019-02-16 11:59:58.174
成功保存结果,托盘号：112192000531\114192000533\115192000534\116192000535\117192000520\118192000536\101192000505\102192000506\103192000507\104192000508\105192000532\106192000510\107192000511\108192000512\109192000513\110192000530\111192000527\112192000531\114192000533\115192000534，新增：20个电芯
发生时间：2019-02-16 11:59:55.974
成功保存结果,托盘号：109192000513\110192000530\111192000527\112192000531\114192000533\115192000534\116192000535\117192000520\118192000536\101192000505\102192000506\103192000507\104192000508\105192000532\106192000510\107192000511\108192000512\109192000513\110192000530\111192000527，新增：20个电芯
发生时间：2019-02-16 11:59:53.932
成功保存结果,托盘号：106192000510\107192000511\108192000512\109192000513\110192000530\111192000527\112192000531\114192000533\115192000534\116192000535\117192000520\118192000536\101192000505\102192000506\103192000507\104192000508\105192000532\106192000510\107192000511\108192000512，新增：20个电芯

