-----------------存储时间:2019-02-21 20:14:49-----------------
发生时间：2019-02-21 20:14:48.037
扫描枪1：等待接收
发生时间：2019-02-21 20:14:48.016
扫描枪1：发送数据：4c4f4e0d
发生时间：2019-02-21 20:14:47.989
扫描枪1：PLC通知读取条码。
发生时间：2019-02-21 20:14:47.715
扫描枪1:OPC成功写入电池组信息：100187760100187761100187762100187763100187764100187765100187766100187767100187768100187769,1687308580！
发生时间：2019-02-21 20:14:47.670
扫描枪1：获取数据库编号：100187760、100187761、100187762、100187763、100187764、100187765、100187766、100187767、100187768、100187769。
发生时间：2019-02-21 20:14:47.632
条码9:26CA000000000000300，来料工单(26CA)：True
发生时间：2019-02-21 20:14:47.604
条码8:26CA000000000000299，来料工单(26CA)：True
发生时间：2019-02-21 20:14:47.575
条码7:26CA000000000000298，来料工单(26CA)：True
发生时间：2019-02-21 20:14:47.540
条码6:26CA000000000000297，来料工单(26CA)：True
发生时间：2019-02-21 20:14:47.508
条码5:26CA000000000000296，来料工单(26CA)：True
发生时间：2019-02-21 20:14:47.479
条码4:26CA000000000000295，来料工单(26CA)：True
发生时间：2019-02-21 20:14:47.443
条码3:26CA000000000000294，来料工单(26CA)：True
发生时间：2019-02-21 20:14:47.411
条码2:26CA000000000000293，来料工单(26CA)：True
发生时间：2019-02-21 20:14:47.378
条码1:26CA000000000000292，来料工单(26CA)：True
发生时间：2019-02-21 20:14:47.345
条码0:26CA000000000000291，来料工单(26CA)：True
发生时间：2019-02-21 20:14:47.317
扫描枪1：收到数据[0#26CA0000000000002911#26CA0000000000002922#26CA0000000000002933#26CA0000000000002944#26CA0000000000002955#26CA0000000000002966#26CA0000000000002977#26CA0000000000002988#26CA0000000000002999#26CA000000000000300A#]
发生时间：2019-02-21 20:14:45.278
扫描枪1：等待接收
发生时间：2019-02-21 20:14:45.258
扫描枪1：发送数据：4c4f4e0d
发生时间：2019-02-21 20:14:45.238
扫描枪1：PLC通知读取条码。
发生时间：2019-02-21 20:14:44.934
扫描枪1:OPC成功写入电池组信息：100187750100187751100187752100187753100187754100187755100187756100187757100187758100187759,1687308580！
发生时间：2019-02-21 20:14:44.906
扫描枪1：获取数据库编号：100187750、100187751、100187752、100187753、100187754、100187755、100187756、100187757、100187758、100187759。
发生时间：2019-02-21 20:14:44.877
条码9:26CA000000000000290，来料工单(26CA)：True
发生时间：2019-02-21 20:14:44.859
条码8:26CA000000000000289，来料工单(26CA)：True
发生时间：2019-02-21 20:14:44.833
条码7:26CA000000000000288，来料工单(26CA)：True
发生时间：2019-02-21 20:14:44.807
条码6:26CA000000000000287，来料工单(26CA)：True
发生时间：2019-02-21 20:14:44.790
条码5:26CA000000000000286，来料工单(26CA)：True
发生时间：2019-02-21 20:14:44.774
条码4:26CA000000000000285，来料工单(26CA)：True
发生时间：2019-02-21 20:14:44.713
条码3:26CA000000000000284，来料工单(26CA)：True
发生时间：2019-02-21 20:14:44.646
条码2:26CA000000000000283，来料工单(26CA)：True
发生时间：2019-02-21 20:14:44.593
条码1:26CA000000000000282，来料工单(26CA)：True
发生时间：2019-02-21 20:14:44.545
条码0:26CA000000000000281，来料工单(26CA)：True
发生时间：2019-02-21 20:14:44.478
扫描枪1：收到数据[0#26CA0000000000002811#26CA0000000000002822#26CA0000000000002833#26CA0000000000002844#26CA0000000000002855#26CA0000000000002866#26CA0000000000002877#26CA0000000000002888#26CA0000000000002899#26CA000000000000290A#]
发生时间：2019-02-21 20:14:43.342
扫描枪1：等待接收
发生时间：2019-02-21 20:14:43.190
扫描枪1：发送数据：4c4f4e0d
发生时间：2019-02-21 20:14:43.031
扫描枪1：PLC通知读取条码。
发生时间：2019-02-21 20:14:42.542
扫描枪1:OPC成功写入电池组信息：100187740100187741100187742100187743100187744100187745100187746100187747100187748100187749,1687308580！
发生时间：2019-02-21 20:14:42.396
扫描枪1：获取数据库编号：100187740、100187741、100187742、100187743、100187744、100187745、100187746、100187747、100187748、100187749。
发生时间：2019-02-21 20:14:42.250
条码9:26CA000000000000280，来料工单(26CA)：True
发生时间：2019-02-21 20:14:42.111
条码8:26CA000000000000279，来料工单(26CA)：True
发生时间：2019-02-21 20:14:41.998
条码7:26CA000000000000278，来料工单(26CA)：True
发生时间：2019-02-21 20:14:41.926
条码6:26CA000000000000277，来料工单(26CA)：True
发生时间：2019-02-21 20:14:41.862
条码5:26CA000000000000276，来料工单(26CA)：True
发生时间：2019-02-21 20:14:41.795
条码4:26CA000000000000275，来料工单(26CA)：True
发生时间：2019-02-21 20:14:41.729
条码3:26CA000000000000274，来料工单(26CA)：True
发生时间：2019-02-21 20:14:41.664
条码2:26CA000000000000273，来料工单(26CA)：True
发生时间：2019-02-21 20:14:41.610
条码1:26CA000000000000272，来料工单(26CA)：True
发生时间：2019-02-21 20:14:41.552
条码0:26CA000000000000271，来料工单(26CA)：True
发生时间：2019-02-21 20:14:41.478
扫描枪1：收到数据[0#26CA0000000000002711#26CA0000000000002722#26CA0000000000002733#26CA0000000000002744#26CA0000000000002755#26CA0000000000002766#26CA0000000000002777#26CA0000000000002788#26CA0000000000002799#26CA000000000000280A#]
发生时间：2019-02-21 20:14:40.527
扫描枪1：等待接收
发生时间：2019-02-21 20:14:40.478
扫描枪1：发送数据：4c4f4e0d
发生时间：2019-02-21 20:14:40.429
扫描枪1：PLC通知读取条码。
发生时间：2019-02-21 20:14:40.137
扫描枪1:OPC成功写入电池组信息：100187730100187731100187732100187733100187734100187735100187736100187737100187738100187739,1687308580！
发生时间：2019-02-21 20:14:40.114
扫描枪1：获取数据库编号：100187730、100187731、100187732、100187733、100187734、100187735、100187736、100187737、100187738、100187739。
发生时间：2019-02-21 20:14:40.086
条码9:26CA000000000000270，来料工单(26CA)：True
发生时间：2019-02-21 20:14:40.067
条码8:26CA000000000000269，来料工单(26CA)：True
发生时间：2019-02-21 20:14:40.050
条码7:26CA000000000000268，来料工单(26CA)：True
发生时间：2019-02-21 20:14:40.032
条码6:26CA000000000000267，来料工单(26CA)：True
发生时间：2019-02-21 20:14:40.015
条码5:26CA000000000000266，来料工单(26CA)：True
发生时间：2019-02-21 20:14:39.997
条码4:26CA000000000000265，来料工单(26CA)：True
发生时间：2019-02-21 20:14:39.973
条码3:26CA000000000000264，来料工单(26CA)：True
发生时间：2019-02-21 20:14:39.950
条码2:26CA000000000000263，来料工单(26CA)：True
发生时间：2019-02-21 20:14:39.930
条码1:26CA000000000000262，来料工单(26CA)：True
发生时间：2019-02-21 20:14:39.914
条码0:26CA000000000000261，来料工单(26CA)：True
发生时间：2019-02-21 20:14:39.887
扫描枪1：收到数据[0#26CA0000000000002611#26CA0000000000002622#26CA0000000000002633#26CA0000000000002644#26CA0000000000002655#26CA0000000000002666#26CA0000000000002677#26CA0000000000002688#26CA0000000000002699#26CA000000000000270A#]
发生时间：2019-02-21 20:14:38.931
扫描枪1：等待接收
发生时间：2019-02-21 20:14:38.880
扫描枪1：发送数据：4c4f4e0d
发生时间：2019-02-21 20:14:38.838
扫描枪1：PLC通知读取条码。
发生时间：2019-02-21 20:14:38.547
扫描枪1:OPC成功写入电池组信息：100187720100187721100187722100187723100187724100187725100187726100187727100187728100187729,1687308580！
发生时间：2019-02-21 20:14:38.517
扫描枪1：获取数据库编号：100187720、100187721、100187722、100187723、100187724、100187725、100187726、100187727、100187728、100187729。
发生时间：2019-02-21 20:14:38.465
条码9:26CA000000000000260，来料工单(26CA)：True
发生时间：2019-02-21 20:14:38.446
条码8:26CA000000000000259，来料工单(26CA)：True
发生时间：2019-02-21 20:14:38.425
条码7:26CA000000000000258，来料工单(26CA)：True
发生时间：2019-02-21 20:14:38.398
条码6:26CA000000000000257，来料工单(26CA)：True
发生时间：2019-02-21 20:14:38.377
条码5:26CA000000000000256，来料工单(26CA)：True
发生时间：2019-02-21 20:14:38.362
条码4:26CA000000000000255，来料工单(26CA)：True
发生时间：2019-02-21 20:14:38.335
条码3:26CA000000000000254，来料工单(26CA)：True
发生时间：2019-02-21 20:14:38.317
条码2:26CA000000000000253，来料工单(26CA)：True
发生时间：2019-02-21 20:14:38.298
条码1:26CA000000000000252，来料工单(26CA)：True
发生时间：2019-02-21 20:14:38.280
条码0:26CA000000000000251，来料工单(26CA)：True
发生时间：2019-02-21 20:14:38.258
扫描枪1：收到数据[0#26CA0000000000002511#26CA0000000000002522#26CA0000000000002533#26CA0000000000002544#26CA0000000000002555#26CA0000000000002566#26CA0000000000002577#26CA0000000000002588#26CA0000000000002599#26CA000000000000260A#]
发生时间：2019-02-21 20:14:37.302
扫描枪1：等待接收
发生时间：2019-02-21 20:14:37.262
扫描枪1：发送数据：4c4f4e0d
发生时间：2019-02-21 20:14:37.218
扫描枪1：PLC通知读取条码。
发生时间：2019-02-21 20:14:36.823
扫描枪1:OPC成功写入电池组信息：100187710100187711100187712100187713100187714100187715100187716100187717100187718100187719,1687308580！
发生时间：2019-02-21 20:14:36.755
扫描枪1：获取数据库编号：100187710、100187711、100187712、100187713、100187714、100187715、100187716、100187717、100187718、100187719。
发生时间：2019-02-21 20:14:36.690
条码9:26CA000000000000250，来料工单(26CA)：True
发生时间：2019-02-21 20:14:36.651
条码8:26CA000000000000249，来料工单(26CA)：True
发生时间：2019-02-21 20:14:36.609
条码7:26CA000000000000248，来料工单(26CA)：True
发生时间：2019-02-21 20:14:36.570
条码6:26CA000000000000247，来料工单(26CA)：True
发生时间：2019-02-21 20:14:36.516
条码5:26CA000000000000246，来料工单(26CA)：True
发生时间：2019-02-21 20:14:36.475
条码4:26CA000000000000245，来料工单(26CA)：True
发生时间：2019-02-21 20:14:36.421
条码3:26CA000000000000244，来料工单(26CA)：True
发生时间：2019-02-21 20:14:36.356
条码2:26CA000000000000243，来料工单(26CA)：True
发生时间：2019-02-21 20:14:36.245
条码1:26CA000000000000242，来料工单(26CA)：True
发生时间：2019-02-21 20:14:36.121
条码0:26CA000000000000241，来料工单(26CA)：True
发生时间：2019-02-21 20:14:35.993
扫描枪1：收到数据[0#26CA0000000000002411#26CA0000000000002422#26CA0000000000002433#26CA0000000000002444#26CA0000000000002455#26CA0000000000002466#26CA0000000000002477#26CA0000000000002488#26CA0000000000002499#26CA000000000000250A#]
发生时间：2019-02-21 20:14:35.126
扫描枪1：等待接收
发生时间：2019-02-21 20:14:35.019
扫描枪1：发送数据：4c4f4e0d
发生时间：2019-02-21 20:14:34.923
扫描枪1：PLC通知读取条码。
发生时间：2019-02-21 20:14:34.533
扫描枪1:OPC成功写入电池组信息：100187700100187701100187702100187703100187704100187705100187706100187707100187708100187709,1687308580！
发生时间：2019-02-21 20:14:34.464
扫描枪1：获取数据库编号：100187700、100187701、100187702、100187703、100187704、100187705、100187706、100187707、100187708、100187709。
发生时间：2019-02-21 20:14:34.393
条码9:26CA000000000000240，来料工单(26CA)：True
发生时间：2019-02-21 20:14:34.352
条码8:26CA000000000000239，来料工单(26CA)：True
发生时间：2019-02-21 20:14:34.315
条码7:26CA000000000000238，来料工单(26CA)：True
发生时间：2019-02-21 20:14:34.272
条码6:26CA000000000000237，来料工单(26CA)：True
发生时间：2019-02-21 20:14:34.233
条码5:26CA000000000000236，来料工单(26CA)：True
发生时间：2019-02-21 20:14:34.195
条码4:26CA000000000000235，来料工单(26CA)：True
发生时间：2019-02-21 20:14:34.146
条码3:26CA000000000000234，来料工单(26CA)：True
发生时间：2019-02-21 20:14:34.048
条码2:26CA000000000000233，来料工单(26CA)：True
发生时间：2019-02-21 20:14:33.949
条码1:26CA000000000000232，来料工单(26CA)：True
发生时间：2019-02-21 20:14:33.852
条码0:26CA000000000000231，来料工单(26CA)：True
发生时间：2019-02-21 20:14:33.790
扫描枪1：收到数据[0#26CA0000000000002311#26CA0000000000002322#26CA0000000000002333#26CA0000000000002344#26CA0000000000002355#26CA0000000000002366#26CA0000000000002377#26CA0000000000002388#26CA0000000000002399#26CA000000000000240A#]
发生时间：2019-02-21 20:14:32.789
扫描枪1：等待接收
发生时间：2019-02-21 20:14:32.765
扫描枪1：发送数据：4c4f4e0d
发生时间：2019-02-21 20:14:32.746
扫描枪1：PLC通知读取条码。
发生时间：2019-02-21 20:14:32.473
扫描枪1:OPC成功写入电池组信息：100187690100187691100187692100187693100187694100187695100187696100187697100187698100187699,1687308580！
发生时间：2019-02-21 20:14:32.452
扫描枪1：获取数据库编号：100187690、100187691、100187692、100187693、100187694、100187695、100187696、100187697、100187698、100187699。
发生时间：2019-02-21 20:14:32.429
条码9:26CA000000000000230，来料工单(26CA)：True
发生时间：2019-02-21 20:14:32.413
条码8:26CA000000000000229，来料工单(26CA)：True
发生时间：2019-02-21 20:14:32.399
条码7:26CA000000000000228，来料工单(26CA)：True
发生时间：2019-02-21 20:14:32.382
条码6:26CA000000000000227，来料工单(26CA)：True
发生时间：2019-02-21 20:14:32.368
条码5:26CA000000000000226，来料工单(26CA)：True
发生时间：2019-02-21 20:14:32.355
条码4:26CA000000000000225，来料工单(26CA)：True
发生时间：2019-02-21 20:14:32.343
条码3:26CA000000000000224，来料工单(26CA)：True
发生时间：2019-02-21 20:14:32.330
条码2:26CA000000000000223，来料工单(26CA)：True
发生时间：2019-02-21 20:14:32.308
条码1:26CA000000000000222，来料工单(26CA)：True
发生时间：2019-02-21 20:14:32.292
条码0:26CA000000000000221，来料工单(26CA)：True
发生时间：2019-02-21 20:14:32.274
扫描枪1：收到数据[0#26CA0000000000002211#26CA0000000000002222#26CA0000000000002233#26CA0000000000002244#26CA0000000000002255#26CA0000000000002266#26CA0000000000002277#26CA0000000000002288#26CA0000000000002299#26CA000000000000230A#]
发生时间：2019-02-21 20:14:31.270
扫描枪1：等待接收
发生时间：2019-02-21 20:14:31.249
扫描枪1：发送数据：4c4f4e0d
发生时间：2019-02-21 20:14:31.231
扫描枪1：PLC通知读取条码。
发生时间：2019-02-21 20:14:30.967
扫描枪1:OPC成功写入电池组信息：100187680100187681100187682100187683100187684100187685100187686100187687100187688100187689,1687308580！
发生时间：2019-02-21 20:14:30.948
扫描枪1：获取数据库编号：100187680、100187681、100187682、100187683、100187684、100187685、100187686、100187687、100187688、100187689。
发生时间：2019-02-21 20:14:30.926
条码9:26CA000000000000220，来料工单(26CA)：True
发生时间：2019-02-21 20:14:30.909
条码8:26CA000000000000219，来料工单(26CA)：True
发生时间：2019-02-21 20:14:30.892
条码7:26CA000000000000218，来料工单(26CA)：True
发生时间：2019-02-21 20:14:30.876
条码6:26CA000000000000217，来料工单(26CA)：True
发生时间：2019-02-21 20:14:30.862
条码5:26CA000000000000216，来料工单(26CA)：True
发生时间：2019-02-21 20:14:30.848
条码4:26CA000000000000215，来料工单(26CA)：True
发生时间：2019-02-21 20:14:30.831
条码3:26CA000000000000214，来料工单(26CA)：True
发生时间：2019-02-21 20:14:30.817
条码2:26CA000000000000213，来料工单(26CA)：True
发生时间：2019-02-21 20:14:30.804
条码1:26CA000000000000212，来料工单(26CA)：True
发生时间：2019-02-21 20:14:30.791
条码0:26CA000000000000211，来料工单(26CA)：True
发生时间：2019-02-21 20:14:30.774
扫描枪1：收到数据[0#26CA0000000000002111#26CA0000000000002122#26CA0000000000002133#26CA0000000000002144#26CA0000000000002155#26CA0000000000002166#26CA0000000000002177#26CA0000000000002188#26CA0000000000002199#26CA000000000000220A#]
发生时间：2019-02-21 20:14:29.704
扫描枪1：等待接收
发生时间：2019-02-21 20:14:29.686
扫描枪1：发送数据：4c4f4e0d
发生时间：2019-02-21 20:14:29.665
扫描枪1：PLC通知读取条码。
发生时间：2019-02-21 20:14:29.363
扫描枪1:OPC成功写入电池组信息：100187670100187671100187672100187673100187674100187675100187676100187677100187678100187679,1687308580！
发生时间：2019-02-21 20:14:29.339
扫描枪1：获取数据库编号：100187670、100187671、100187672、100187673、100187674、100187675、100187676、100187677、100187678、100187679。
发生时间：2019-02-21 20:14:29.307
条码9:26CA000000000000210，来料工单(26CA)：True
发生时间：2019-02-21 20:14:29.292
条码8:26CA000000000000209，来料工单(26CA)：True
发生时间：2019-02-21 20:14:29.280
条码7:26CA000000000000208，来料工单(26CA)：True
发生时间：2019-02-21 20:14:29.268
条码6:26CA000000000000207，来料工单(26CA)：True
发生时间：2019-02-21 20:14:29.257
条码5:26CA000000000000206，来料工单(26CA)：True
发生时间：2019-02-21 20:14:29.247
条码4:26CA000000000000205，来料工单(26CA)：True
发生时间：2019-02-21 20:14:29.236
条码3:26CA000000000000204，来料工单(26CA)：True
发生时间：2019-02-21 20:14:29.223
条码2:26CA000000000000203，来料工单(26CA)：True
发生时间：2019-02-21 20:14:29.146
条码1:26CA000000000000202，来料工单(26CA)：True
发生时间：2019-02-21 20:14:29.029
条码0:26CA000000000000201，来料工单(26CA)：True
发生时间：2019-02-21 20:14:28.934
扫描枪1：收到数据[0#26CA0000000000002011#26CA0000000000002022#26CA0000000000002033#26CA0000000000002044#26CA0000000000002055#26CA0000000000002066#26CA0000000000002077#26CA0000000000002088#26CA0000000000002099#26CA000000000000210A#]
发生时间：2019-02-21 20:14:27.861
扫描枪1：等待接收
发生时间：2019-02-21 20:14:27.802
扫描枪1：发送数据：4c4f4e0d
发生时间：2019-02-21 20:14:27.753
扫描枪1：PLC通知读取条码。
发生时间：2019-02-21 20:14:27.360
扫描枪1:OPC成功写入电池组信息：100187660100187661100187662100187663100187664100187665100187666100187667100187668100187669,1687308580！
发生时间：2019-02-21 20:14:27.282
扫描枪1：获取数据库编号：100187660、100187661、100187662、100187663、100187664、100187665、100187666、100187667、100187668、100187669。
发生时间：2019-02-21 20:14:27.198
条码9:26CA000000000000200，来料工单(26CA)：True
发生时间：2019-02-21 20:14:27.067
条码8:26CA000000000000199，来料工单(26CA)：True
发生时间：2019-02-21 20:14:26.934
条码7:26CA000000000000198，来料工单(26CA)：True
发生时间：2019-02-21 20:14:26.829
条码6:26CA000000000000197，来料工单(26CA)：True
发生时间：2019-02-21 20:14:26.780
条码5:26CA000000000000196，来料工单(26CA)：True
发生时间：2019-02-21 20:14:26.741
条码4:26CA000000000000195，来料工单(26CA)：True
发生时间：2019-02-21 20:14:26.699
条码3:26CA000000000000194，来料工单(26CA)：True
发生时间：2019-02-21 20:14:26.653
条码2:26CA000000000000193，来料工单(26CA)：True
发生时间：2019-02-21 20:14:26.467
条码1:26CA000000000000192，来料工单(26CA)：True
发生时间：2019-02-21 20:14:26.359
条码0:26CA000000000000191，来料工单(26CA)：True
发生时间：2019-02-21 20:14:26.224
扫描枪1：收到数据[0#26CA0000000000001911#26CA0000000000001922#26CA0000000000001933#26CA0000000000001944#26CA0000000000001955#26CA0000000000001966#26CA0000000000001977#26CA0000000000001988#26CA0000000000001999#26CA000000000000200A#]
发生时间：2019-02-21 20:14:25.217
扫描枪1：等待接收
发生时间：2019-02-21 20:14:25.196
扫描枪1：发送数据：4c4f4e0d
发生时间：2019-02-21 20:14:25.176
扫描枪1：PLC通知读取条码。
发生时间：2019-02-21 20:14:24.887
扫描枪1:OPC成功写入电池组信息：100187650100187651100187652100187653100187654100187655100187656100187657100187658100187659,1687308580！
发生时间：2019-02-21 20:14:24.867
扫描枪1：获取数据库编号：100187650、100187651、100187652、100187653、100187654、100187655、100187656、100187657、100187658、100187659。
发生时间：2019-02-21 20:14:24.841
条码9:26CA000000000000190，来料工单(26CA)：True
发生时间：2019-02-21 20:14:24.827
条码8:26CA000000000000189，来料工单(26CA)：True
发生时间：2019-02-21 20:14:24.810
条码7:26CA000000000000188，来料工单(26CA)：True
发生时间：2019-02-21 20:14:24.776
条码6:26CA000000000000187，来料工单(26CA)：True
发生时间：2019-02-21 20:14:24.741
条码5:26CA000000000000186，来料工单(26CA)：True
发生时间：2019-02-21 20:14:24.712
条码4:26CA000000000000185，来料工单(26CA)：True
发生时间：2019-02-21 20:14:24.689
条码3:26CA000000000000184，来料工单(26CA)：True
发生时间：2019-02-21 20:14:24.667
条码2:26CA000000000000183，来料工单(26CA)：True
发生时间：2019-02-21 20:14:24.648
条码1:26CA000000000000182，来料工单(26CA)：True
发生时间：2019-02-21 20:14:24.633
条码0:26CA000000000000181，来料工单(26CA)：True
发生时间：2019-02-21 20:14:24.618
扫描枪1：收到数据[0#26CA0000000000001811#26CA0000000000001822#26CA0000000000001833#26CA0000000000001844#26CA0000000000001855#26CA0000000000001866#26CA0000000000001877#26CA0000000000001888#26CA0000000000001899#26CA000000000000190A#]
发生时间：2019-02-21 20:14:23.620
扫描枪1：等待接收
发生时间：2019-02-21 20:14:23.607
扫描枪1：发送数据：4c4f4e0d
发生时间：2019-02-21 20:14:23.588
扫描枪1：PLC通知读取条码。
发生时间：2019-02-21 20:14:23.289
扫描枪1:OPC成功写入电池组信息：100187640100187641100187642100187643100187644100187645100187646100187647100187648100187649,1687308580！
发生时间：2019-02-21 20:14:23.251
扫描枪1：获取数据库编号：100187640、100187641、100187642、100187643、100187644、100187645、100187646、100187647、100187648、100187649。
发生时间：2019-02-21 20:14:23.230
条码9:26CA000000000000180，来料工单(26CA)：True
发生时间：2019-02-21 20:14:23.212
条码8:26CA000000000000179，来料工单(26CA)：True
发生时间：2019-02-21 20:14:23.199
条码7:26CA000000000000178，来料工单(26CA)：True
发生时间：2019-02-21 20:14:23.186
条码6:26CA000000000000177，来料工单(26CA)：True
发生时间：2019-02-21 20:14:23.174
条码5:26CA000000000000176，来料工单(26CA)：True
发生时间：2019-02-21 20:14:23.158
条码4:26CA000000000000175，来料工单(26CA)：True
发生时间：2019-02-21 20:14:23.144
条码3:26CA000000000000174，来料工单(26CA)：True
发生时间：2019-02-21 20:14:23.133
条码2:26CA000000000000173，来料工单(26CA)：True
发生时间：2019-02-21 20:14:23.120
条码1:26CA000000000000172，来料工单(26CA)：True
发生时间：2019-02-21 20:14:23.110
条码0:26CA000000000000171，来料工单(26CA)：True
发生时间：2019-02-21 20:14:23.093
扫描枪1：收到数据[0#26CA0000000000001711#26CA0000000000001722#26CA0000000000001733#26CA0000000000001744#26CA0000000000001755#26CA0000000000001766#26CA0000000000001777#26CA0000000000001788#26CA0000000000001799#26CA000000000000180A#]
发生时间：2019-02-21 20:14:22.071
扫描枪1：等待接收
发生时间：2019-02-21 20:14:22.057
扫描枪1：发送数据：4c4f4e0d
发生时间：2019-02-21 20:14:22.039
扫描枪1：PLC通知读取条码。
发生时间：2019-02-21 20:14:21.778
扫描枪1:OPC成功写入电池组信息：100187630100187631100187632100187633100187634100187635100187636100187637100187638100187639,1687308580！
发生时间：2019-02-21 20:14:21.760
扫描枪1：获取数据库编号：100187630、100187631、100187632、100187633、100187634、100187635、100187636、100187637、100187638、100187639。
发生时间：2019-02-21 20:14:21.733
条码9:26CA000000000000170，来料工单(26CA)：True
发生时间：2019-02-21 20:14:21.718
条码8:26CA000000000000169，来料工单(26CA)：True
发生时间：2019-02-21 20:14:21.700
条码7:26CA000000000000168，来料工单(26CA)：True
发生时间：2019-02-21 20:14:21.688
条码6:26CA000000000000167，来料工单(26CA)：True
发生时间：2019-02-21 20:14:21.675
条码5:26CA000000000000166，来料工单(26CA)：True
发生时间：2019-02-21 20:14:21.661
条码4:26CA000000000000165，来料工单(26CA)：True
发生时间：2019-02-21 20:14:21.648
条码3:26CA000000000000164，来料工单(26CA)：True
发生时间：2019-02-21 20:14:21.638
条码2:26CA000000000000163，来料工单(26CA)：True
发生时间：2019-02-21 20:14:21.625
条码1:26CA000000000000162，来料工单(26CA)：True
发生时间：2019-02-21 20:14:21.598
条码0:26CA000000000000161，来料工单(26CA)：True
发生时间：2019-02-21 20:14:21.542
扫描枪1：收到数据[0#26CA0000000000001611#26CA0000000000001622#26CA0000000000001633#26CA0000000000001644#26CA0000000000001655#26CA0000000000001666#26CA0000000000001677#26CA0000000000001688#26CA0000000000001699#26CA000000000000170A#]
发生时间：2019-02-21 20:14:20.485
扫描枪1：等待接收
发生时间：2019-02-21 20:14:20.454
扫描枪1：发送数据：4c4f4e0d
发生时间：2019-02-21 20:14:20.405
扫描枪1：PLC通知读取条码。
发生时间：2019-02-21 20:14:19.858
扫描枪1:OPC成功写入电池组信息：100187620100187621100187622100187623100187624100187625100187626100187627100187628100187629,1687308580！
发生时间：2019-02-21 20:14:19.766
扫描枪1：获取数据库编号：100187620、100187621、100187622、100187623、100187624、100187625、100187626、100187627、100187628、100187629。
发生时间：2019-02-21 20:14:19.615
条码9:26CA000000000000160，来料工单(26CA)：True
发生时间：2019-02-21 20:14:19.488
条码8:26CA000000000000159，来料工单(26CA)：True
发生时间：2019-02-21 20:14:19.395
条码7:26CA000000000000158，来料工单(26CA)：True
发生时间：2019-02-21 20:14:19.302
条码6:26CA000000000000157，来料工单(26CA)：True
发生时间：2019-02-21 20:14:19.206
条码5:26CA000000000000156，来料工单(26CA)：True
发生时间：2019-02-21 20:14:19.132
条码4:26CA000000000000155，来料工单(26CA)：True
发生时间：2019-02-21 20:14:19.052
条码3:26CA000000000000154，来料工单(26CA)：True
发生时间：2019-02-21 20:14:18.974
条码2:26CA000000000000153，来料工单(26CA)：True
发生时间：2019-02-21 20:14:18.901
条码1:26CA000000000000152，来料工单(26CA)：True
发生时间：2019-02-21 20:14:18.812
条码0:26CA000000000000151，来料工单(26CA)：True
发生时间：2019-02-21 20:14:18.718
扫描枪1：收到数据[0#26CA0000000000001511#26CA0000000000001522#26CA0000000000001533#26CA0000000000001544#26CA0000000000001555#26CA0000000000001566#26CA0000000000001577#26CA0000000000001588#26CA0000000000001599#26CA000000000000160A#]
发生时间：2019-02-21 20:14:16.920
扫描枪1：等待接收
发生时间：2019-02-21 20:14:16.907
扫描枪1：发送数据：4c4f4e0d
发生时间：2019-02-21 20:14:16.891
扫描枪1：PLC通知读取条码。
发生时间：2019-02-21 20:14:16.582
扫描枪1:OPC成功写入电池组信息：100187610100187611100187612100187613100187614100187615100187616100187617100187618100187619,1687308580！
发生时间：2019-02-21 20:14:16.546
扫描枪1：获取数据库编号：100187610、100187611、100187612、100187613、100187614、100187615、100187616、100187617、100187618、100187619。
发生时间：2019-02-21 20:14:16.497
条码9:26CA000000000000150，来料工单(26CA)：True
发生时间：2019-02-21 20:14:16.461
条码8:26CA000000000000149，来料工单(26CA)：True
发生时间：2019-02-21 20:14:16.428
条码7:26CA000000000000148，来料工单(26CA)：True
发生时间：2019-02-21 20:14:16.399
条码6:26CA000000000000147，来料工单(26CA)：True
发生时间：2019-02-21 20:14:16.367
条码5:26CA000000000000146，来料工单(26CA)：True
发生时间：2019-02-21 20:14:16.336
条码4:26CA000000000000145，来料工单(26CA)：True
发生时间：2019-02-21 20:14:16.307
条码3:26CA000000000000144，来料工单(26CA)：True
发生时间：2019-02-21 20:14:16.279
条码2:26CA000000000000143，来料工单(26CA)：True
发生时间：2019-02-21 20:14:16.243
条码1:26CA000000000000142，来料工单(26CA)：True
发生时间：2019-02-21 20:14:16.211
条码0:26CA000000000000141，来料工单(26CA)：True
发生时间：2019-02-21 20:14:16.178
扫描枪1：收到数据[0#26CA0000000000001411#26CA0000000000001422#26CA0000000000001433#26CA0000000000001444#26CA0000000000001455#26CA0000000000001466#26CA0000000000001477#26CA0000000000001488#26CA0000000000001499#26CA000000000000150A#]
发生时间：2019-02-21 20:14:14.146
扫描枪1：等待接收
发生时间：2019-02-21 20:14:14.123
扫描枪1：发送数据：4c4f4e0d
发生时间：2019-02-21 20:14:14.102
扫描枪1：PLC通知读取条码。
发生时间：2019-02-21 20:14:13.800
扫描枪1:OPC成功写入电池组信息：100187600100187601100187602100187603100187604100187605100187606100187607100187608100187609,1687308580！
发生时间：2019-02-21 20:14:13.766
扫描枪1：获取数据库编号：100187600、100187601、100187602、100187603、100187604、100187605、100187606、100187607、100187608、100187609。
发生时间：2019-02-21 20:14:13.720
条码9:26CA000000000000140，来料工单(26CA)：True
发生时间：2019-02-21 20:14:13.698
条码8:26CA000000000000139，来料工单(26CA)：True
发生时间：2019-02-21 20:14:13.679
条码7:26CA000000000000138，来料工单(26CA)：True
发生时间：2019-02-21 20:14:13.660
条码6:26CA000000000000137，来料工单(26CA)：True
发生时间：2019-02-21 20:14:13.624
条码5:26CA000000000000136，来料工单(26CA)：True
发生时间：2019-02-21 20:14:13.553
条码4:26CA000000000000135，来料工单(26CA)：True
发生时间：2019-02-21 20:14:13.483
条码3:26CA000000000000134，来料工单(26CA)：True
发生时间：2019-02-21 20:14:13.404
条码2:26CA000000000000133，来料工单(26CA)：True
发生时间：2019-02-21 20:14:13.335
条码1:26CA000000000000132，来料工单(26CA)：True
发生时间：2019-02-21 20:14:13.264
条码0:26CA000000000000131，来料工单(26CA)：True
发生时间：2019-02-21 20:14:13.174
扫描枪1：收到数据[0#26CA0000000000001311#26CA0000000000001322#26CA0000000000001333#26CA0000000000001344#26CA0000000000001355#26CA0000000000001366#26CA0000000000001377#26CA0000000000001388#26CA0000000000001399#26CA000000000000140A#]
发生时间：2019-02-21 20:14:10.988
扫描枪1：等待接收
发生时间：2019-02-21 20:14:10.956
扫描枪1：发送数据：4c4f4e0d
发生时间：2019-02-21 20:14:10.846
扫描枪1：PLC通知读取条码。
发生时间：2019-02-21 20:14:10.418
扫描枪1:OPC成功写入电池组信息：100187590100187591100187592100187593100187594100187595100187596100187597100187598100187599,1687308580！
发生时间：2019-02-21 20:14:10.311
扫描枪1：获取数据库编号：100187590、100187591、100187592、100187593、100187594、100187595、100187596、100187597、100187598、100187599。
发生时间：2019-02-21 20:14:10.224
条码9:26CA000000000000130，来料工单(26CA)：True
发生时间：2019-02-21 20:14:10.164
条码8:26CA000000000000129，来料工单(26CA)：True
发生时间：2019-02-21 20:14:10.093
条码7:26CA000000000000128，来料工单(26CA)：True
发生时间：2019-02-21 20:14:10.023
条码6:26CA000000000000127，来料工单(26CA)：True
发生时间：2019-02-21 20:14:09.962
条码5:26CA000000000000126，来料工单(26CA)：True
发生时间：2019-02-21 20:14:09.912
条码4:26CA000000000000125，来料工单(26CA)：True
发生时间：2019-02-21 20:14:09.877
条码3:26CA000000000000124，来料工单(26CA)：True
发生时间：2019-02-21 20:14:09.854
条码2:26CA000000000000123，来料工单(26CA)：True
发生时间：2019-02-21 20:14:09.824
条码1:26CA000000000000122，来料工单(26CA)：True
发生时间：2019-02-21 20:14:09.801
条码0:26CA000000000000121，来料工单(26CA)：True
发生时间：2019-02-21 20:14:09.763
扫描枪1：收到数据[0#26CA0000000000001211#26CA0000000000001222#26CA0000000000001233#26CA0000000000001244#26CA0000000000001255#26CA0000000000001266#26CA0000000000001277#26CA0000000000001288#26CA0000000000001299#26CA000000000000130A#]
发生时间：2019-02-21 20:14:08.749
扫描枪1：等待接收
发生时间：2019-02-21 20:14:08.738
扫描枪1：发送数据：4c4f4e0d
发生时间：2019-02-21 20:14:08.723
扫描枪1：PLC通知读取条码。
发生时间：2019-02-21 20:14:08.457
扫描枪1:OPC成功写入电池组信息：100187580100187581100187582100187583100187584100187585100187586100187587100187588100187589,1687308580！
发生时间：2019-02-21 20:14:08.441
扫描枪1：获取数据库编号：100187580、100187581、100187582、100187583、100187584、100187585、100187586、100187587、100187588、100187589。
发生时间：2019-02-21 20:14:08.424
条码9:26CA000000000000120，来料工单(26CA)：True
发生时间：2019-02-21 20:14:08.414
条码8:26CA000000000000119，来料工单(26CA)：True
发生时间：2019-02-21 20:14:08.400
条码7:26CA000000000000118，来料工单(26CA)：True
发生时间：2019-02-21 20:14:08.387
条码6:26CA000000000000117，来料工单(26CA)：True
发生时间：2019-02-21 20:14:08.374
条码5:26CA000000000000116，来料工单(26CA)：True
发生时间：2019-02-21 20:14:08.364
条码4:26CA000000000000115，来料工单(26CA)：True
发生时间：2019-02-21 20:14:08.352
条码3:26CA000000000000114，来料工单(26CA)：True
发生时间：2019-02-21 20:14:08.342
条码2:26CA000000000000113，来料工单(26CA)：True
发生时间：2019-02-21 20:14:08.332
条码1:26CA000000000000112，来料工单(26CA)：True
发生时间：2019-02-21 20:14:08.324
条码0:26CA000000000000111，来料工单(26CA)：True
发生时间：2019-02-21 20:14:08.310
扫描枪1：收到数据[0#26CA0000000000001111#26CA0000000000001122#26CA0000000000001133#26CA0000000000001144#26CA0000000000001155#26CA0000000000001166#26CA0000000000001177#26CA0000000000001188#26CA0000000000001199#26CA000000000000120A#]
发生时间：2019-02-21 20:14:07.300
扫描枪1：等待接收
发生时间：2019-02-21 20:14:07.291
扫描枪1：发送数据：4c4f4e0d
发生时间：2019-02-21 20:14:07.276
扫描枪1：PLC通知读取条码。
发生时间：2019-02-21 20:14:07.020
扫描枪1:OPC成功写入电池组信息：100187570100187571100187572100187573100187574100187575100187576100187577100187578100187579,1687308580！
发生时间：2019-02-21 20:14:07.006
扫描枪1：获取数据库编号：100187570、100187571、100187572、100187573、100187574、100187575、100187576、100187577、100187578、100187579。
发生时间：2019-02-21 20:14:06.989
条码9:26CA000000000000110，来料工单(26CA)：True
发生时间：2019-02-21 20:14:06.980
条码8:26CA000000000000109，来料工单(26CA)：True
发生时间：2019-02-21 20:14:06.971
条码7:26CA000000000000108，来料工单(26CA)：True
发生时间：2019-02-21 20:14:06.963
条码6:26CA000000000000107，来料工单(26CA)：True
发生时间：2019-02-21 20:14:06.955
条码5:26CA000000000000106，来料工单(26CA)：True
发生时间：2019-02-21 20:14:06.947
条码4:26CA000000000000105，来料工单(26CA)：True
发生时间：2019-02-21 20:14:06.938
条码3:26CA000000000000104，来料工单(26CA)：True
发生时间：2019-02-21 20:14:06.929
条码2:26CA000000000000103，来料工单(26CA)：True
发生时间：2019-02-21 20:14:06.922
条码1:26CA000000000000102，来料工单(26CA)：True
发生时间：2019-02-21 20:14:06.913
条码0:26CA000000000000101，来料工单(26CA)：True
发生时间：2019-02-21 20:14:06.901
扫描枪1：收到数据[0#26CA0000000000001011#26CA0000000000001022#26CA0000000000001033#26CA0000000000001044#26CA0000000000001055#26CA0000000000001066#26CA0000000000001077#26CA0000000000001088#26CA0000000000001099#26CA000000000000110A#]
发生时间：2019-02-21 20:14:05.888
扫描枪1：等待接收
发生时间：2019-02-21 20:14:05.882
扫描枪1：发送数据：4c4f4e0d
发生时间：2019-02-21 20:14:05.872
扫描枪1：PLC通知读取条码。
发生时间：2019-02-21 20:14:05.436
扫描枪1:OPC成功写入电池组信息：100187560100187561100187562100187563100187564100187565100187566100187567100187568100187569,1687308580！
发生时间：2019-02-21 20:14:05.329
扫描枪1：获取数据库编号：100187560、100187561、100187562、100187563、100187564、100187565、100187566、100187567、100187568、100187569。
发生时间：2019-02-21 20:14:05.253
条码9:26CA000000000000100，来料工单(26CA)：True
发生时间：2019-02-21 20:14:05.183
条码8:26CA000000000000099，来料工单(26CA)：True
发生时间：2019-02-21 20:14:05.102
条码7:26CA000000000000098，来料工单(26CA)：True
发生时间：2019-02-21 20:14:05.035
条码6:26CA000000000000097，来料工单(26CA)：True
发生时间：2019-02-21 20:14:04.971
条码5:26CA000000000000096，来料工单(26CA)：True
发生时间：2019-02-21 20:14:04.900
条码4:26CA000000000000095，来料工单(26CA)：True
发生时间：2019-02-21 20:14:04.823
条码3:26CA000000000000094，来料工单(26CA)：True
发生时间：2019-02-21 20:14:04.755
条码2:26CA000000000000093，来料工单(26CA)：True
发生时间：2019-02-21 20:14:04.693
条码1:26CA000000000000092，来料工单(26CA)：True
发生时间：2019-02-21 20:14:04.618
条码0:26CA000000000000091，来料工单(26CA)：True
发生时间：2019-02-21 20:14:04.560
扫描枪1：收到数据[0#26CA0000000000000911#26CA0000000000000922#26CA0000000000000933#26CA0000000000000944#26CA0000000000000955#26CA0000000000000966#26CA0000000000000977#26CA0000000000000988#26CA0000000000000999#26CA000000000000100A#]
发生时间：2019-02-21 20:14:03.413
扫描枪1：等待接收
发生时间：2019-02-21 20:14:03.378
扫描枪1：发送数据：4c4f4e0d
发生时间：2019-02-21 20:14:03.346
扫描枪1：PLC通知读取条码。
发生时间：2019-02-21 20:14:02.822
扫描枪1:OPC成功写入电池组信息：100187550100187551100187552100187553100187554100187555100187556100187557100187558100187559,1687308580！
发生时间：2019-02-21 20:14:02.719
扫描枪1：获取数据库编号：100187550、100187551、100187552、100187553、100187554、100187555、100187556、100187557、100187558、100187559。
发生时间：2019-02-21 20:14:02.611
条码9:26CA000000000000090，来料工单(26CA)：True
发生时间：2019-02-21 20:14:02.557
条码8:26CA000000000000089，来料工单(26CA)：True
发生时间：2019-02-21 20:14:02.503
条码7:26CA000000000000088，来料工单(26CA)：True
发生时间：2019-02-21 20:14:02.433
条码6:26CA000000000000087，来料工单(26CA)：True
发生时间：2019-02-21 20:14:02.376
条码5:26CA000000000000086，来料工单(26CA)：True
发生时间：2019-02-21 20:14:02.315
条码4:26CA000000000000085，来料工单(26CA)：True
发生时间：2019-02-21 20:14:02.242
条码3:26CA000000000000084，来料工单(26CA)：True
发生时间：2019-02-21 20:14:02.185
条码2:26CA000000000000083，来料工单(26CA)：True
发生时间：2019-02-21 20:14:02.125
条码1:26CA000000000000082，来料工单(26CA)：True
发生时间：2019-02-21 20:14:02.064
条码0:26CA000000000000081，来料工单(26CA)：True
发生时间：2019-02-21 20:14:01.992
扫描枪1：收到数据[0#26CA0000000000000811#26CA0000000000000822#26CA0000000000000833#26CA0000000000000844#26CA0000000000000855#26CA0000000000000866#26CA0000000000000877#26CA0000000000000888#26CA0000000000000899#26CA000000000000090A#]
发生时间：2019-02-21 20:14:00.267
扫描枪1：等待接收
发生时间：2019-02-21 20:14:00.262
扫描枪1：发送数据：4c4f4e0d
发生时间：2019-02-21 20:14:00.248
扫描枪1：PLC通知读取条码。
发生时间：2019-02-21 20:13:59.941
扫描枪1:OPC成功写入电池组信息：100187540100187541100187542100187543100187544100187545100187546100187547100187548100187549,1687308580！
发生时间：2019-02-21 20:13:59.907
扫描枪1：获取数据库编号：100187540、100187541、100187542、100187543、100187544、100187545、100187546、100187547、100187548、100187549。
发生时间：2019-02-21 20:13:59.880
条码9:26CA000000000000080，来料工单(26CA)：True
发生时间：2019-02-21 20:13:59.858
条码8:26CA000000000000079，来料工单(26CA)：True
发生时间：2019-02-21 20:13:59.835
条码7:26CA000000000000078，来料工单(26CA)：True
发生时间：2019-02-21 20:13:59.810
条码6:26CA000000000000077，来料工单(26CA)：True
发生时间：2019-02-21 20:13:59.786
条码5:26CA000000000000076，来料工单(26CA)：True
发生时间：2019-02-21 20:13:59.763
条码4:26CA000000000000075，来料工单(26CA)：True
发生时间：2019-02-21 20:13:59.740
条码3:26CA000000000000074，来料工单(26CA)：True
发生时间：2019-02-21 20:13:59.717
条码2:26CA000000000000073，来料工单(26CA)：True
发生时间：2019-02-21 20:13:59.693
条码1:26CA000000000000072，来料工单(26CA)：True
发生时间：2019-02-21 20:13:59.675
条码0:26CA000000000000071，来料工单(26CA)：True
发生时间：2019-02-21 20:13:59.653
扫描枪1：收到数据[0#26CA0000000000000711#26CA0000000000000722#26CA0000000000000733#26CA0000000000000744#26CA0000000000000755#26CA0000000000000766#26CA0000000000000777#26CA0000000000000788#26CA0000000000000799#26CA000000000000080A#]
发生时间：2019-02-21 20:13:58.439
扫描枪1：等待接收
发生时间：2019-02-21 20:13:58.419
扫描枪1：发送数据：4c4f4e0d
发生时间：2019-02-21 20:13:58.400
扫描枪1：PLC通知读取条码。
发生时间：2019-02-21 20:13:58.070
扫描枪1:OPC成功写入电池组信息：100187530100187531100187532100187533100187534100187535100187536100187537100187538100187539,1687308580！
发生时间：2019-02-21 20:13:57.979
扫描枪1：获取数据库编号：100187530、100187531、100187532、100187533、100187534、100187535、100187536、100187537、100187538、100187539。
发生时间：2019-02-21 20:13:57.902
条码9:26CA000000000000070，来料工单(26CA)：True
发生时间：2019-02-21 20:13:57.853
条码8:26CA000000000000069，来料工单(26CA)：True
发生时间：2019-02-21 20:13:57.788
条码7:26CA000000000000068，来料工单(26CA)：True
发生时间：2019-02-21 20:13:57.723
条码6:26CA000000000000067，来料工单(26CA)：True
发生时间：2019-02-21 20:13:57.667
条码5:26CA000000000000066，来料工单(26CA)：True
发生时间：2019-02-21 20:13:57.596
条码4:26CA000000000000065，来料工单(26CA)：True
发生时间：2019-02-21 20:13:57.522
条码3:26CA000000000000064，来料工单(26CA)：True
发生时间：2019-02-21 20:13:57.456
条码2:26CA000000000000063，来料工单(26CA)：True
发生时间：2019-02-21 20:13:57.400
条码1:26CA000000000000062，来料工单(26CA)：True
发生时间：2019-02-21 20:13:57.345
条码0:26CA000000000000061，来料工单(26CA)：True
发生时间：2019-02-21 20:13:57.295
扫描枪1：收到数据[0#26CA0000000000000611#26CA0000000000000622#26CA0000000000000633#26CA0000000000000644#26CA0000000000000655#26CA0000000000000666#26CA0000000000000677#26CA0000000000000688#26CA0000000000000699#26CA000000000000070A#]
发生时间：2019-02-21 20:13:55.616
扫描枪1：等待接收
发生时间：2019-02-21 20:13:55.600
扫描枪1：发送数据：4c4f4e0d
发生时间：2019-02-21 20:13:55.539
扫描枪1：PLC通知读取条码。
发生时间：2019-02-21 20:13:55.129
扫描枪1:OPC成功写入电池组信息：100187520100187521100187522100187523100187524100187525100187526100187527100187528100187529,1687308580！
发生时间：2019-02-21 20:13:55.060
扫描枪1：获取数据库编号：100187520、100187521、100187522、100187523、100187524、100187525、100187526、100187527、100187528、100187529。
发生时间：2019-02-21 20:13:54.978
条码9:26CA000000000000060，来料工单(26CA)：True
发生时间：2019-02-21 20:13:54.933
条码8:26CA000000000000059，来料工单(26CA)：True
发生时间：2019-02-21 20:13:54.884
条码7:26CA000000000000058，来料工单(26CA)：True
发生时间：2019-02-21 20:13:54.831
条码6:26CA000000000000057，来料工单(26CA)：True
发生时间：2019-02-21 20:13:54.790
条码5:26CA000000000000056，来料工单(26CA)：True
发生时间：2019-02-21 20:13:54.772
条码4:26CA000000000000055，来料工单(26CA)：True
发生时间：2019-02-21 20:13:54.755
条码3:26CA000000000000054，来料工单(26CA)：True
发生时间：2019-02-21 20:13:54.738
条码2:26CA000000000000053，来料工单(26CA)：True
发生时间：2019-02-21 20:13:54.727
条码1:26CA000000000000052，来料工单(26CA)：True
发生时间：2019-02-21 20:13:54.708
条码0:26CA000000000000051，来料工单(26CA)：True
发生时间：2019-02-21 20:13:54.684
扫描枪1：收到数据[0#26CA0000000000000511#26CA0000000000000522#26CA0000000000000533#26CA0000000000000544#26CA0000000000000555#26CA0000000000000566#26CA0000000000000577#26CA0000000000000588#26CA0000000000000599#26CA000000000000060A#]
发生时间：2019-02-21 20:13:53.675
扫描枪1：等待接收
发生时间：2019-02-21 20:13:53.668
扫描枪1：发送数据：4c4f4e0d
发生时间：2019-02-21 20:13:53.658
扫描枪1：PLC通知读取条码。
发生时间：2019-02-21 20:13:53.367
扫描枪1:OPC成功写入电池组信息：100187510100187511100187512100187513100187514100187515100187516100187517100187518100187519,1687308580！
发生时间：2019-02-21 20:13:53.346
扫描枪1：获取数据库编号：100187510、100187511、100187512、100187513、100187514、100187515、100187516、100187517、100187518、100187519。
发生时间：2019-02-21 20:13:53.321
条码9:26CA000000000000050，来料工单(26CA)：True
发生时间：2019-02-21 20:13:53.307
条码8:26CA000000000000049，来料工单(26CA)：True
发生时间：2019-02-21 20:13:53.299
条码7:26CA000000000000048，来料工单(26CA)：True
发生时间：2019-02-21 20:13:53.291
条码6:26CA000000000000047，来料工单(26CA)：True
发生时间：2019-02-21 20:13:53.285
条码5:26CA000000000000046，来料工单(26CA)：True
发生时间：2019-02-21 20:13:53.279
条码4:26CA000000000000045，来料工单(26CA)：True
发生时间：2019-02-21 20:13:53.272
条码3:26CA000000000000044，来料工单(26CA)：True
发生时间：2019-02-21 20:13:53.267
条码2:26CA000000000000043，来料工单(26CA)：True
发生时间：2019-02-21 20:13:53.263
条码1:26CA000000000000042，来料工单(26CA)：True
发生时间：2019-02-21 20:13:53.256
条码0:26CA000000000000041，来料工单(26CA)：True
发生时间：2019-02-21 20:13:53.245
扫描枪1：收到数据[0#26CA0000000000000411#26CA0000000000000422#26CA0000000000000433#26CA0000000000000444#26CA0000000000000455#26CA0000000000000466#26CA0000000000000477#26CA0000000000000488#26CA0000000000000499#26CA000000000000050A#]
发生时间：2019-02-21 20:13:52.234
扫描枪1：等待接收
发生时间：2019-02-21 20:13:52.231
扫描枪1：发送数据：4c4f4e0d
发生时间：2019-02-21 20:13:52.219
扫描枪1：PLC通知读取条码。
发生时间：2019-02-21 20:13:51.940
扫描枪1:OPC成功写入电池组信息：100187500100187501100187502100187503100187504100187505100187506100187507100187508100187509,1687308580！
发生时间：2019-02-21 20:13:51.919
扫描枪1：获取数据库编号：100187500、100187501、100187502、100187503、100187504、100187505、100187506、100187507、100187508、100187509。
发生时间：2019-02-21 20:13:51.900
条码9:26CA000000000000040，来料工单(26CA)：True
发生时间：2019-02-21 20:13:51.886
条码8:26CA000000000000039，来料工单(26CA)：True
发生时间：2019-02-21 20:13:51.870
条码7:26CA000000000000038，来料工单(26CA)：True
发生时间：2019-02-21 20:13:51.856
条码6:26CA000000000000037，来料工单(26CA)：True
发生时间：2019-02-21 20:13:51.838
条码5:26CA000000000000036，来料工单(26CA)：True
发生时间：2019-02-21 20:13:51.819
条码4:26CA000000000000035，来料工单(26CA)：True
发生时间：2019-02-21 20:13:51.802
条码3:26CA000000000000034，来料工单(26CA)：True
发生时间：2019-02-21 20:13:51.786
条码2:26CA000000000000033，来料工单(26CA)：True
发生时间：2019-02-21 20:13:51.775
条码1:26CA000000000000032，来料工单(26CA)：True
发生时间：2019-02-21 20:13:51.772
条码0:26CA000000000000031，来料工单(26CA)：True
发生时间：2019-02-21 20:13:51.761
扫描枪1：收到数据[0#26CA0000000000000311#26CA0000000000000322#26CA0000000000000333#26CA0000000000000344#26CA0000000000000355#26CA0000000000000366#26CA0000000000000377#26CA0000000000000388#26CA0000000000000399#26CA000000000000040A#]
发生时间：2019-02-21 20:13:50.744
扫描枪1：等待接收
发生时间：2019-02-21 20:13:50.738
扫描枪1：发送数据：4c4f4e0d
发生时间：2019-02-21 20:13:50.730
扫描枪1：PLC通知读取条码。
发生时间：2019-02-21 20:13:50.427
扫描枪1:OPC成功写入电池组信息：100187490100187491100187492100187493100187494100187495100187496100187497100187498100187499,1687308580！
发生时间：2019-02-21 20:13:50.412
扫描枪1：获取数据库编号：100187490、100187491、100187492、100187493、100187494、100187495、100187496、100187497、100187498、100187499。
发生时间：2019-02-21 20:13:50.390
条码9:26CA000000000000030，来料工单(26CA)：True
发生时间：2019-02-21 20:13:50.378
条码8:26CA000000000000029，来料工单(26CA)：True
发生时间：2019-02-21 20:13:50.367
条码7:26CA000000000000028，来料工单(26CA)：True
发生时间：2019-02-21 20:13:50.353
条码6:26CA000000000000027，来料工单(26CA)：True
发生时间：2019-02-21 20:13:50.341
条码5:26CA000000000000026，来料工单(26CA)：True
发生时间：2019-02-21 20:13:50.328
条码4:26CA000000000000025，来料工单(26CA)：True
发生时间：2019-02-21 20:13:50.317
条码3:26CA000000000000024，来料工单(26CA)：True
发生时间：2019-02-21 20:13:50.304
条码2:26CA000000000000023，来料工单(26CA)：True
发生时间：2019-02-21 20:13:50.275
条码1:26CA000000000000022，来料工单(26CA)：True
发生时间：2019-02-21 20:13:50.239
条码0:26CA000000000000021，来料工单(26CA)：True
发生时间：2019-02-21 20:13:50.217
扫描枪1：收到数据[0#26CA0000000000000211#26CA0000000000000222#26CA0000000000000233#26CA0000000000000244#26CA0000000000000255#26CA0000000000000266#26CA0000000000000277#26CA0000000000000288#26CA0000000000000299#26CA000000000000030A#]
发生时间：2019-02-21 20:13:48.469
扫描枪1：等待接收
发生时间：2019-02-21 20:13:48.460
扫描枪1：发送数据：4c4f4e0d
发生时间：2019-02-21 20:13:48.435
扫描枪1：PLC通知读取条码。
发生时间：2019-02-21 20:13:47.910
扫描枪1:OPC成功写入电池组信息：100187480100187481100187482100187483100187484100187485100187486100187487100187488100187489,1687308580！
发生时间：2019-02-21 20:13:47.846
扫描枪1：获取数据库编号：100187480、100187481、100187482、100187483、100187484、100187485、100187486、100187487、100187488、100187489。
发生时间：2019-02-21 20:13:47.747
条码9:26CA000000000000020，来料工单(26CA)：True
发生时间：2019-02-21 20:13:47.695
条码8:26CA000000000000019，来料工单(26CA)：True
发生时间：2019-02-21 20:13:47.662
条码7:26CA000000000000018，来料工单(26CA)：True
发生时间：2019-02-21 20:13:47.626
条码6:26CA000000000000017，来料工单(26CA)：True
发生时间：2019-02-21 20:13:47.593
条码5:26CA000000000000016，来料工单(26CA)：True
发生时间：2019-02-21 20:13:47.559
条码4:26CA000000000000015，来料工单(26CA)：True
发生时间：2019-02-21 20:13:47.519
条码3:26CA000000000000014，来料工单(26CA)：True
发生时间：2019-02-21 20:13:47.465
条码2:26CA000000000000013，来料工单(26CA)：True
发生时间：2019-02-21 20:13:47.412
条码1:26CA000000000000012，来料工单(26CA)：True
发生时间：2019-02-21 20:13:47.377
条码0:26CA000000000000011，来料工单(26CA)：True
发生时间：2019-02-21 20:13:47.344
扫描枪1：收到数据[0#26CA0000000000000111#26CA0000000000000122#26CA0000000000000133#26CA0000000000000144#26CA0000000000000155#26CA0000000000000166#26CA0000000000000177#26CA0000000000000188#26CA0000000000000199#26CA000000000000020A#]
发生时间：2019-02-21 20:13:45.347
扫描枪1：等待接收
发生时间：2019-02-21 20:13:45.335
扫描枪1：发送数据：4c4f4e0d
发生时间：2019-02-21 20:13:45.324
扫描枪1：PLC通知读取条码。

