-----------------存储时间:2019-02-16 02:20:19-----------------
发生时间：2019-02-16 02:18:59.505
成功打印3号槽托盘编号：103192000102
发生时间：2019-02-16 02:18:59.499
成功打印2号槽托盘编号：102192000101
发生时间：2019-02-16 02:18:59.495
成功打印1号槽托盘编号：101192000100
发生时间：2019-02-16 02:18:59.491
成功打印18号槽托盘编号：118192000115
发生时间：2019-02-16 02:18:59.487
成功打印17号槽托盘编号：117192000114
发生时间：2019-02-16 02:18:59.483
成功打印16号槽托盘编号：116192000113
发生时间：2019-02-16 02:18:59.479
成功打印15号槽托盘编号：115192000112
发生时间：2019-02-16 02:18:59.475
成功打印14号槽托盘编号：114192000111
发生时间：2019-02-16 02:18:59.471
成功打印12号槽托盘编号：112192000110
发生时间：2019-02-16 02:18:59.467
成功打印10号槽托盘编号：110192000109
发生时间：2019-02-16 02:18:59.462
成功打印9号槽托盘编号：109192000108
发生时间：2019-02-16 02:18:59.458
成功打印8号槽托盘编号：108192000107
发生时间：2019-02-16 02:18:59.454
成功打印7号槽托盘编号：107192000106
发生时间：2019-02-16 02:18:59.450
成功打印6号槽托盘编号：106192000105
发生时间：2019-02-16 02:18:59.447
成功打印5号槽托盘编号：105192000104
发生时间：2019-02-16 02:18:59.442
成功打印4号槽托盘编号：104192000103
发生时间：2019-02-16 02:18:59.235
成功保存结果,托盘号：104192000103\105192000104\106192000105\107192000106\108192000107\109192000108\110192000109\\112192000110\114192000111\115192000112\116192000113\117192000114\118192000115\101192000100\102192000101\103192000102\104192000103\105192000104\106192000105
发生时间：2019-02-16 02:18:30.237
成功打印18号槽托盘编号：118192000084
发生时间：2019-02-16 02:18:30.231
成功打印17号槽托盘编号：117192000083
发生时间：2019-02-16 02:18:30.226
成功打印16号槽托盘编号：116192000082
发生时间：2019-02-16 02:18:30.217
成功打印15号槽托盘编号：115192000081
发生时间：2019-02-16 02:18:30.212
成功打印14号槽托盘编号：114192000080
发生时间：2019-02-16 02:18:30.209
成功打印12号槽托盘编号：112192000079
发生时间：2019-02-16 02:18:30.206
成功打印10号槽托盘编号：110192000078
发生时间：2019-02-16 02:18:30.204
成功打印9号槽托盘编号：109192000077
发生时间：2019-02-16 02:18:30.200
成功打印8号槽托盘编号：108192000076
发生时间：2019-02-16 02:18:30.196
成功打印7号槽托盘编号：107192000075
发生时间：2019-02-16 02:18:30.192
成功打印6号槽托盘编号：106192000074
发生时间：2019-02-16 02:18:30.188
成功打印5号槽托盘编号：105192000073
发生时间：2019-02-16 02:18:30.184
成功打印4号槽托盘编号：104192000072
发生时间：2019-02-16 02:18:30.182
成功打印3号槽托盘编号：103192000071
发生时间：2019-02-16 02:18:30.179
成功打印2号槽托盘编号：102192000070
发生时间：2019-02-16 02:18:30.167
成功打印1号槽托盘编号：101192000069
发生时间：2019-02-16 02:01:51.110
成功保存结果,托盘号：101192000069\102192000070\103192000071\104192000072\105192000073\106192000074\107192000075\108192000076\109192000077\110192000078\\112192000079\114192000080\115192000081\116192000082\117192000083\118192000084\101192000069\102192000070\103192000071

