-----------------存储时间:2019-02-16 01:29:09-----------------
发生时间：2019-02-16 01:29:09.334
条码7:00000000000000000518，来料工单：False
发生时间：2019-02-16 01:29:09.321
条码6:00000000000000000517，来料工单：False
发生时间：2019-02-16 01:29:09.307
条码5:00000000000000000516，来料工单：False
发生时间：2019-02-16 01:29:09.295
条码4:00000000000000000515，来料工单：False
发生时间：2019-02-16 01:29:09.282
条码3:00000000000000000514，来料工单：False
发生时间：2019-02-16 01:29:09.265
条码2:00000000000000000513，来料工单：False
发生时间：2019-02-16 01:29:09.249
条码1:00000000000000000512，来料工单：False
发生时间：2019-02-16 01:29:09.235
条码0:00000000000000000511，来料工单：False
发生时间：2019-02-16 01:29:09.219
扫描枪1：收到数据[#0000000000000000005110#1000000000000000005121#2000000000000000005132#3000000000000000005143#4000000000000000005154#5000000000000000005165#6000000000000000005176#7000000000000000005187#8000000000000000005198#9000000000000000005209#]
发生时间：2019-02-16 01:29:08.210
扫描枪1：等待接收
发生时间：2019-02-16 01:29:08.196
扫描枪1：发送数据：4c4f4e0d
发生时间：2019-02-16 01:29:08.183
扫描枪1：PLC通知读取条码。
发生时间：2019-02-16 01:29:07.971
扫描枪1:OPC成功写入电池组信息：000002550000002551000002552000002553000002554000002555000002556000002557000002558000002559,1073741824！
发生时间：2019-02-16 01:29:07.955
扫描枪1：获取数据库编号：000002550、000002551、000002552、000002553、000002554、000002555、000002556、000002557、000002558、000002559。
发生时间：2019-02-16 01:29:07.934
条码9:00000000000000000510，来料工单：False
发生时间：2019-02-16 01:29:07.922
条码8:00000000000000000509，来料工单：False
发生时间：2019-02-16 01:29:07.910
条码7:00000000000000000508，来料工单：False
发生时间：2019-02-16 01:29:07.897
条码6:00000000000000000507，来料工单：False
发生时间：2019-02-16 01:29:07.884
条码5:00000000000000000506，来料工单：False
发生时间：2019-02-16 01:29:07.868
条码4:00000000000000000505，来料工单：False
发生时间：2019-02-16 01:29:07.856
条码3:00000000000000000504，来料工单：False
发生时间：2019-02-16 01:29:07.844
条码2:00000000000000000503，来料工单：False
发生时间：2019-02-16 01:29:07.832
条码1:00000000000000000502，来料工单：False
发生时间：2019-02-16 01:29:07.818
条码0:00000000000000000501，来料工单：False
发生时间：2019-02-16 01:29:07.806
扫描枪1：收到数据[#0000000000000000005010#1000000000000000005021#2000000000000000005032#3000000000000000005043#4000000000000000005054#5000000000000000005065#6000000000000000005076#7000000000000000005087#8000000000000000005098#9000000000000000005109#]
发生时间：2019-02-16 01:29:06.791
扫描枪1：等待接收
发生时间：2019-02-16 01:29:06.778
扫描枪1：发送数据：4c4f4e0d
发生时间：2019-02-16 01:29:06.765
扫描枪1：PLC通知读取条码。
发生时间：2019-02-16 01:29:06.553
扫描枪1:OPC成功写入电池组信息：000002540000002541000002542000002543000002544000002545000002546000002547000002548000002549,1073741824！
发生时间：2019-02-16 01:29:06.538
扫描枪1：获取数据库编号：000002540、000002541、000002542、000002543、000002544、000002545、000002546、000002547、000002548、000002549。
发生时间：2019-02-16 01:29:06.517
条码9:00000000000000000500，来料工单：False
发生时间：2019-02-16 01:29:06.502
条码8:00000000000000000499，来料工单：False
发生时间：2019-02-16 01:29:06.489
条码7:00000000000000000498，来料工单：False
发生时间：2019-02-16 01:29:06.477
条码6:00000000000000000497，来料工单：False
发生时间：2019-02-16 01:29:06.462
条码5:00000000000000000496，来料工单：False
发生时间：2019-02-16 01:29:06.447
条码4:00000000000000000495，来料工单：False
发生时间：2019-02-16 01:29:06.434
条码3:00000000000000000494，来料工单：False
发生时间：2019-02-16 01:29:06.423
条码2:00000000000000000493，来料工单：False
发生时间：2019-02-16 01:29:06.411
条码1:00000000000000000492，来料工单：False
发生时间：2019-02-16 01:29:06.399
条码0:00000000000000000491，来料工单：False
发生时间：2019-02-16 01:29:06.388
扫描枪1：收到数据[#0000000000000000004910#1000000000000000004921#2000000000000000004932#3000000000000000004943#4000000000000000004954#5000000000000000004965#6000000000000000004976#7000000000000000004987#8000000000000000004998#9000000000000000005009#]
发生时间：2019-02-16 01:29:05.392
扫描枪1：等待接收
发生时间：2019-02-16 01:29:05.372
扫描枪1：发送数据：4c4f4e0d
发生时间：2019-02-16 01:29:05.353
扫描枪1：PLC通知读取条码。
发生时间：2019-02-16 01:29:05.141
扫描枪1:OPC成功写入电池组信息：000002530000002531000002532000002533000002534000002535000002536000002537000002538000002539,1073741824！
发生时间：2019-02-16 01:29:05.128
扫描枪1：获取数据库编号：000002530、000002531、000002532、000002533、000002534、000002535、000002536、000002537、000002538、000002539。
发生时间：2019-02-16 01:29:05.100
条码9:00000000000000000490，来料工单：False
发生时间：2019-02-16 01:29:05.080
条码8:00000000000000000489，来料工单：False
发生时间：2019-02-16 01:29:05.065
条码7:00000000000000000488，来料工单：False
发生时间：2019-02-16 01:29:05.052
条码6:00000000000000000487，来料工单：False
发生时间：2019-02-16 01:29:05.041
条码5:00000000000000000486，来料工单：False
发生时间：2019-02-16 01:29:05.023
条码4:00000000000000000485，来料工单：False
发生时间：2019-02-16 01:29:05.009
条码3:00000000000000000484，来料工单：False
发生时间：2019-02-16 01:29:04.998
条码2:00000000000000000483，来料工单：False
发生时间：2019-02-16 01:29:04.981
条码1:00000000000000000482，来料工单：False
发生时间：2019-02-16 01:29:04.967
条码0:00000000000000000481，来料工单：False
发生时间：2019-02-16 01:29:04.952
扫描枪1：收到数据[#0000000000000000004810#1000000000000000004821#2000000000000000004832#3000000000000000004843#4000000000000000004854#5000000000000000004865#6000000000000000004876#7000000000000000004887#8000000000000000004898#9000000000000000004909#]
发生时间：2019-02-16 01:29:03.948
扫描枪1：等待接收
发生时间：2019-02-16 01:29:03.932
扫描枪1：发送数据：4c4f4e0d
发生时间：2019-02-16 01:29:03.919
扫描枪1：PLC通知读取条码。
发生时间：2019-02-16 01:29:03.704
扫描枪1:OPC成功写入电池组信息：000002520000002521000002522000002523000002524000002525000002526000002527000002528000002529,1073741824！
发生时间：2019-02-16 01:29:03.692
扫描枪1：获取数据库编号：000002520、000002521、000002522、000002523、000002524、000002525、000002526、000002527、000002528、000002529。
发生时间：2019-02-16 01:29:03.669
条码9:00000000000000000480，来料工单：False
发生时间：2019-02-16 01:29:03.658
条码8:00000000000000000479，来料工单：False
发生时间：2019-02-16 01:29:03.646
条码7:00000000000000000478，来料工单：False
发生时间：2019-02-16 01:29:03.634
条码6:00000000000000000477，来料工单：False
发生时间：2019-02-16 01:29:03.623
条码5:00000000000000000476，来料工单：False
发生时间：2019-02-16 01:29:03.609
条码4:00000000000000000475，来料工单：False
发生时间：2019-02-16 01:29:03.594
条码3:00000000000000000474，来料工单：False
发生时间：2019-02-16 01:29:03.579
条码2:00000000000000000473，来料工单：False
发生时间：2019-02-16 01:29:03.567
条码1:00000000000000000472，来料工单：False
发生时间：2019-02-16 01:29:03.556
条码0:00000000000000000471，来料工单：False
发生时间：2019-02-16 01:29:03.545
扫描枪1：收到数据[#0000000000000000004710#1000000000000000004721#2000000000000000004732#3000000000000000004743#4000000000000000004754#5000000000000000004765#6000000000000000004776#7000000000000000004787#8000000000000000004798#9000000000000000004809#]
发生时间：2019-02-16 01:29:02.546
扫描枪1：等待接收
发生时间：2019-02-16 01:29:02.535
扫描枪1：发送数据：4c4f4e0d
发生时间：2019-02-16 01:29:02.524
扫描枪1：PLC通知读取条码。
发生时间：2019-02-16 01:29:02.313
扫描枪1:OPC成功写入电池组信息：000002510000002511000002512000002513000002514000002515000002516000002517000002518000002519,1073741824！
发生时间：2019-02-16 01:29:02.301
扫描枪1：获取数据库编号：000002510、000002511、000002512、000002513、000002514、000002515、000002516、000002517、000002518、000002519。
发生时间：2019-02-16 01:29:02.282
条码9:00000000000000000470，来料工单：False
发生时间：2019-02-16 01:29:02.269
条码8:00000000000000000469，来料工单：False
发生时间：2019-02-16 01:29:02.255
条码7:00000000000000000468，来料工单：False
发生时间：2019-02-16 01:29:02.243
条码6:00000000000000000467，来料工单：False
发生时间：2019-02-16 01:29:02.228
条码5:00000000000000000466，来料工单：False
发生时间：2019-02-16 01:29:02.217
条码4:00000000000000000465，来料工单：False
发生时间：2019-02-16 01:29:02.206
条码3:00000000000000000464，来料工单：False
发生时间：2019-02-16 01:29:02.194
条码2:00000000000000000463，来料工单：False
发生时间：2019-02-16 01:29:02.177
条码1:00000000000000000462，来料工单：False
发生时间：2019-02-16 01:29:02.166
条码0:00000000000000000461，来料工单：False
发生时间：2019-02-16 01:29:02.156
扫描枪1：收到数据[#0000000000000000004610#1000000000000000004621#2000000000000000004632#3000000000000000004643#4000000000000000004654#5000000000000000004665#6000000000000000004676#7000000000000000004687#8000000000000000004698#9000000000000000004709#]
发生时间：2019-02-16 01:29:01.153
扫描枪1：等待接收
发生时间：2019-02-16 01:29:01.143
扫描枪1：发送数据：4c4f4e0d
发生时间：2019-02-16 01:29:01.131
扫描枪1：PLC通知读取条码。
发生时间：2019-02-16 01:29:00.919
扫描枪1:OPC成功写入电池组信息：000002500000002501000002502000002503000002504000002505000002506000002507000002508000002509,1073741824！
发生时间：2019-02-16 01:29:00.908
扫描枪1：获取数据库编号：000002500、000002501、000002502、000002503、000002504、000002505、000002506、000002507、000002508、000002509。
发生时间：2019-02-16 01:29:00.886
条码9:00000000000000000460，来料工单：False
发生时间：2019-02-16 01:29:00.874
条码8:00000000000000000459，来料工单：False
发生时间：2019-02-16 01:29:00.863
条码7:00000000000000000458，来料工单：False
发生时间：2019-02-16 01:29:00.851
条码6:00000000000000000457，来料工单：False
发生时间：2019-02-16 01:29:00.840
条码5:00000000000000000456，来料工单：False
发生时间：2019-02-16 01:29:00.828
条码4:00000000000000000455，来料工单：False
发生时间：2019-02-16 01:29:00.817
条码3:00000000000000000454，来料工单：False
发生时间：2019-02-16 01:29:00.806
条码2:00000000000000000453，来料工单：False
发生时间：2019-02-16 01:29:00.792
条码1:00000000000000000452，来料工单：False
发生时间：2019-02-16 01:29:00.780
条码0:00000000000000000451，来料工单：False
发生时间：2019-02-16 01:29:00.766
扫描枪1：收到数据[#0000000000000000004510#1000000000000000004521#2000000000000000004532#3000000000000000004543#4000000000000000004554#5000000000000000004565#6000000000000000004576#7000000000000000004587#8000000000000000004598#9000000000000000004609#]
发生时间：2019-02-16 01:28:59.756
扫描枪1：等待接收
发生时间：2019-02-16 01:28:59.745
扫描枪1：发送数据：4c4f4e0d
发生时间：2019-02-16 01:28:59.727
扫描枪1：PLC通知读取条码。
发生时间：2019-02-16 01:28:59.518
扫描枪1:OPC成功写入电池组信息：000002490000002491000002492000002493000002494000002495000002496000002497000002498000002499,1073741824！
发生时间：2019-02-16 01:28:59.501
扫描枪1：获取数据库编号：000002490、000002491、000002492、000002493、000002494、000002495、000002496、000002497、000002498、000002499。
发生时间：2019-02-16 01:28:59.478
条码9:00000000000000000450，来料工单：False
发生时间：2019-02-16 01:28:59.464
条码8:00000000000000000449，来料工单：False
发生时间：2019-02-16 01:28:59.447
条码7:00000000000000000448，来料工单：False
发生时间：2019-02-16 01:28:59.434
条码6:00000000000000000447，来料工单：False
发生时间：2019-02-16 01:28:59.422
条码5:00000000000000000446，来料工单：False
发生时间：2019-02-16 01:28:59.412
条码4:00000000000000000445，来料工单：False
发生时间：2019-02-16 01:28:59.401
条码3:00000000000000000444，来料工单：False
发生时间：2019-02-16 01:28:59.389
条码2:00000000000000000443，来料工单：False
发生时间：2019-02-16 01:28:59.380
条码1:00000000000000000442，来料工单：False
发生时间：2019-02-16 01:28:59.368
条码0:00000000000000000441，来料工单：False
发生时间：2019-02-16 01:28:59.358
扫描枪1：收到数据[#0000000000000000004410#1000000000000000004421#2000000000000000004432#3000000000000000004443#4000000000000000004454#5000000000000000004465#6000000000000000004476#7000000000000000004487#8000000000000000004498#9000000000000000004509#]
发生时间：2019-02-16 01:28:58.340
扫描枪1：等待接收
发生时间：2019-02-16 01:28:58.332
扫描枪1：发送数据：4c4f4e0d
发生时间：2019-02-16 01:28:58.321
扫描枪1：PLC通知读取条码。
发生时间：2019-02-16 01:28:58.108
扫描枪1:OPC成功写入电池组信息：000002480000002481000002482000002483000002484000002485000002486000002487000002488000002489,1073741824！
发生时间：2019-02-16 01:28:58.099
扫描枪1：获取数据库编号：000002480、000002481、000002482、000002483、000002484、000002485、000002486、000002487、000002488、000002489。
发生时间：2019-02-16 01:28:58.061
条码9:00000000000000000440，来料工单：False
发生时间：2019-02-16 01:28:58.052
条码8:00000000000000000439，来料工单：False
发生时间：2019-02-16 01:28:58.043
条码7:00000000000000000438，来料工单：False
发生时间：2019-02-16 01:28:58.034
条码6:00000000000000000437，来料工单：False
发生时间：2019-02-16 01:28:58.025
条码5:00000000000000000436，来料工单：False
发生时间：2019-02-16 01:28:58.015
条码4:00000000000000000435，来料工单：False
发生时间：2019-02-16 01:28:58.005
条码3:00000000000000000434，来料工单：False
发生时间：2019-02-16 01:28:57.992
条码2:00000000000000000433，来料工单：False
发生时间：2019-02-16 01:28:57.979
条码1:00000000000000000432，来料工单：False
发生时间：2019-02-16 01:28:57.967
条码0:00000000000000000431，来料工单：False
发生时间：2019-02-16 01:28:57.955
扫描枪1：收到数据[#0000000000000000004310#1000000000000000004321#2000000000000000004332#3000000000000000004343#4000000000000000004354#5000000000000000004365#6000000000000000004376#7000000000000000004387#8000000000000000004398#9000000000000000004409#]
发生时间：2019-02-16 01:28:56.980
扫描枪1：等待接收
发生时间：2019-02-16 01:28:56.934
扫描枪1：发送数据：4c4f4e0d
发生时间：2019-02-16 01:28:56.921
扫描枪1：PLC通知读取条码。
发生时间：2019-02-16 01:28:56.711
扫描枪1:OPC成功写入电池组信息：000002470000002471000002472000002473000002474000002475000002476000002477000002478000002479,1073741824！
发生时间：2019-02-16 01:28:56.701
扫描枪1：获取数据库编号：000002470、000002471、000002472、000002473、000002474、000002475、000002476、000002477、000002478、000002479。
发生时间：2019-02-16 01:28:56.678
条码9:00000000000000000430，来料工单：False
发生时间：2019-02-16 01:28:56.664
条码8:00000000000000000429，来料工单：False
发生时间：2019-02-16 01:28:56.652
条码7:00000000000000000428，来料工单：False
发生时间：2019-02-16 01:28:56.640
条码6:00000000000000000427，来料工单：False
发生时间：2019-02-16 01:28:56.628
条码5:00000000000000000426，来料工单：False
发生时间：2019-02-16 01:28:56.616
条码4:00000000000000000425，来料工单：False
发生时间：2019-02-16 01:28:56.604
条码3:00000000000000000424，来料工单：False
发生时间：2019-02-16 01:28:56.591
条码2:00000000000000000423，来料工单：False
发生时间：2019-02-16 01:28:56.576
条码1:00000000000000000422，来料工单：False
发生时间：2019-02-16 01:28:56.562
条码0:00000000000000000421，来料工单：False
发生时间：2019-02-16 01:28:56.547
扫描枪1：收到数据[#0000000000000000004210#1000000000000000004221#2000000000000000004232#3000000000000000004243#4000000000000000004254#5000000000000000004265#6000000000000000004276#7000000000000000004287#8000000000000000004298#9000000000000000004309#]
发生时间：2019-02-16 01:28:55.537
扫描枪1：等待接收
发生时间：2019-02-16 01:28:55.526
扫描枪1：发送数据：4c4f4e0d
发生时间：2019-02-16 01:28:55.515
扫描枪1：PLC通知读取条码。
发生时间：2019-02-16 01:28:55.305
扫描枪1:OPC成功写入电池组信息：000002460000002461000002462000002463000002464000002465000002466000002467000002468000002469,1073741824！
发生时间：2019-02-16 01:28:55.294
扫描枪1：获取数据库编号：000002460、000002461、000002462、000002463、000002464、000002465、000002466、000002467、000002468、000002469。
发生时间：2019-02-16 01:28:55.273
条码9:00000000000000000420，来料工单：False
发生时间：2019-02-16 01:28:55.263
条码8:00000000000000000419，来料工单：False
发生时间：2019-02-16 01:28:55.253
条码7:00000000000000000418，来料工单：False
发生时间：2019-02-16 01:28:55.241
条码6:00000000000000000417，来料工单：False
发生时间：2019-02-16 01:28:55.232
条码5:00000000000000000416，来料工单：False
发生时间：2019-02-16 01:28:55.224
条码4:00000000000000000415，来料工单：False
发生时间：2019-02-16 01:28:55.216
条码3:00000000000000000414，来料工单：False
发生时间：2019-02-16 01:28:55.207
条码2:00000000000000000413，来料工单：False
发生时间：2019-02-16 01:28:55.197
条码1:00000000000000000412，来料工单：False
发生时间：2019-02-16 01:28:55.189
条码0:00000000000000000411，来料工单：False
发生时间：2019-02-16 01:28:55.171
扫描枪1：收到数据[#0000000000000000004110#1000000000000000004121#2000000000000000004132#3000000000000000004143#4000000000000000004154#5000000000000000004165#6000000000000000004176#7000000000000000004187#8000000000000000004198#9000000000000000004209#]
发生时间：2019-02-16 01:28:54.161
扫描枪1：等待接收
发生时间：2019-02-16 01:28:54.148
扫描枪1：发送数据：4c4f4e0d
发生时间：2019-02-16 01:28:54.134
扫描枪1：PLC通知读取条码。
发生时间：2019-02-16 01:28:53.926
扫描枪1:OPC成功写入电池组信息：000002450000002451000002452000002453000002454000002455000002456000002457000002458000002459,1073741824！
发生时间：2019-02-16 01:28:53.914
扫描枪1：获取数据库编号：000002450、000002451、000002452、000002453、000002454、000002455、000002456、000002457、000002458、000002459。
发生时间：2019-02-16 01:28:53.897
条码9:00000000000000000410，来料工单：False
发生时间：2019-02-16 01:28:53.887
条码8:00000000000000000409，来料工单：False
发生时间：2019-02-16 01:28:53.876
条码7:00000000000000000408，来料工单：False
发生时间：2019-02-16 01:28:53.866
条码6:00000000000000000407，来料工单：False
发生时间：2019-02-16 01:28:53.856
条码5:00000000000000000406，来料工单：False
发生时间：2019-02-16 01:28:53.847
条码4:00000000000000000405，来料工单：False
发生时间：2019-02-16 01:28:53.837
条码3:00000000000000000404，来料工单：False
发生时间：2019-02-16 01:28:53.826
条码2:00000000000000000403，来料工单：False
发生时间：2019-02-16 01:28:53.816
条码1:00000000000000000402，来料工单：False
发生时间：2019-02-16 01:28:53.807
条码0:00000000000000000401，来料工单：False
发生时间：2019-02-16 01:28:53.796
扫描枪1：收到数据[#0000000000000000004010#1000000000000000004021#2000000000000000004032#3000000000000000004043#4000000000000000004054#5000000000000000004065#6000000000000000004076#7000000000000000004087#8000000000000000004098#9000000000000000004109#]
发生时间：2019-02-16 01:28:52.791
扫描枪1：等待接收
发生时间：2019-02-16 01:28:52.779
扫描枪1：发送数据：4c4f4e0d
发生时间：2019-02-16 01:28:52.769
扫描枪1：PLC通知读取条码。
发生时间：2019-02-16 01:28:52.562
扫描枪1:OPC成功写入电池组信息：000002440000002441000002442000002443000002444000002445000002446000002447000002448000002449,1073741824！
发生时间：2019-02-16 01:28:52.552
扫描枪1：获取数据库编号：000002440、000002441、000002442、000002443、000002444、000002445、000002446、000002447、000002448、000002449。
发生时间：2019-02-16 01:28:52.535
条码9:00000000000000000400，来料工单：False
发生时间：2019-02-16 01:28:52.523
条码8:00000000000000000399，来料工单：False
发生时间：2019-02-16 01:28:52.513
条码7:00000000000000000398，来料工单：False
发生时间：2019-02-16 01:28:52.500
条码6:00000000000000000397，来料工单：False
发生时间：2019-02-16 01:28:52.490
条码5:00000000000000000396，来料工单：False
发生时间：2019-02-16 01:28:52.478
条码4:00000000000000000395，来料工单：False
发生时间：2019-02-16 01:28:52.469
条码3:00000000000000000394，来料工单：False
发生时间：2019-02-16 01:28:52.456
条码2:00000000000000000393，来料工单：False
发生时间：2019-02-16 01:28:52.442
条码1:00000000000000000392，来料工单：False
发生时间：2019-02-16 01:28:52.432
条码0:00000000000000000391，来料工单：False
发生时间：2019-02-16 01:28:52.421
扫描枪1：收到数据[#0000000000000000003910#1000000000000000003921#2000000000000000003932#3000000000000000003943#4000000000000000003954#5000000000000000003965#6000000000000000003976#7000000000000000003987#8000000000000000003998#9000000000000000004009#]
发生时间：2019-02-16 01:28:51.415
扫描枪1：等待接收
发生时间：2019-02-16 01:28:51.408
扫描枪1：发送数据：4c4f4e0d
发生时间：2019-02-16 01:28:51.393
扫描枪1：PLC通知读取条码。
发生时间：2019-02-16 01:28:51.181
扫描枪1:OPC成功写入电池组信息：000002430000002431000002432000002433000002434000002435000002436000002437000002438000002439,1073741824！
发生时间：2019-02-16 01:28:51.171
扫描枪1：获取数据库编号：000002430、000002431、000002432、000002433、000002434、000002435、000002436、000002437、000002438、000002439。
发生时间：2019-02-16 01:28:51.154
条码9:00000000000000000390，来料工单：False
发生时间：2019-02-16 01:28:51.145
条码8:00000000000000000389，来料工单：False
发生时间：2019-02-16 01:28:51.136
条码7:00000000000000000388，来料工单：False
发生时间：2019-02-16 01:28:51.127
条码6:00000000000000000387，来料工单：False
发生时间：2019-02-16 01:28:51.117
条码5:00000000000000000386，来料工单：False
发生时间：2019-02-16 01:28:51.108
条码4:00000000000000000385，来料工单：False
发生时间：2019-02-16 01:28:51.099
条码3:00000000000000000384，来料工单：False
发生时间：2019-02-16 01:28:51.090
条码2:00000000000000000383，来料工单：False
发生时间：2019-02-16 01:28:51.082
条码1:00000000000000000382，来料工单：False
发生时间：2019-02-16 01:28:51.073
条码0:00000000000000000381，来料工单：False
发生时间：2019-02-16 01:28:51.062
扫描枪1：收到数据[#0000000000000000003810#1000000000000000003821#2000000000000000003832#3000000000000000003843#4000000000000000003854#5000000000000000003865#6000000000000000003876#7000000000000000003887#8000000000000000003898#9000000000000000003909#]
发生时间：2019-02-16 01:28:50.051
扫描枪1：等待接收
发生时间：2019-02-16 01:28:50.042
扫描枪1：发送数据：4c4f4e0d
发生时间：2019-02-16 01:28:50.032
扫描枪1：PLC通知读取条码。
发生时间：2019-02-16 01:28:49.823
扫描枪1:OPC成功写入电池组信息：000002420000002421000002422000002423000002424000002425000002426000002427000002428000002429,1073741824！
发生时间：2019-02-16 01:28:49.814
扫描枪1：获取数据库编号：000002420、000002421、000002422、000002423、000002424、000002425、000002426、000002427、000002428、000002429。
发生时间：2019-02-16 01:28:49.797
条码9:00000000000000000380，来料工单：False
发生时间：2019-02-16 01:28:49.787
条码8:00000000000000000379，来料工单：False
发生时间：2019-02-16 01:28:49.777
条码7:00000000000000000378，来料工单：False
发生时间：2019-02-16 01:28:49.767
条码6:00000000000000000377，来料工单：False
发生时间：2019-02-16 01:28:49.754
条码5:00000000000000000376，来料工单：False
发生时间：2019-02-16 01:28:49.742
条码4:00000000000000000375，来料工单：False
发生时间：2019-02-16 01:28:49.730
条码3:00000000000000000374，来料工单：False
发生时间：2019-02-16 01:28:49.721
条码2:00000000000000000373，来料工单：False
发生时间：2019-02-16 01:28:49.710
条码1:00000000000000000372，来料工单：False
发生时间：2019-02-16 01:28:49.700
条码0:00000000000000000371，来料工单：False
发生时间：2019-02-16 01:28:49.688
扫描枪1：收到数据[#0000000000000000003710#1000000000000000003721#2000000000000000003732#3000000000000000003743#4000000000000000003754#5000000000000000003765#6000000000000000003776#7000000000000000003787#8000000000000000003798#9000000000000000003809#]
发生时间：2019-02-16 01:28:48.527
扫描枪1：等待接收
发生时间：2019-02-16 01:28:48.521
扫描枪1：发送数据：4c4f4e0d
发生时间：2019-02-16 01:28:48.512
扫描枪1：PLC通知读取条码。
发生时间：2019-02-16 01:28:48.302
扫描枪1:OPC成功写入电池组信息：000002410000002411000002412000002413000002414000002415000002416000002417000002418000002419,1073741824！
发生时间：2019-02-16 01:28:48.292
扫描枪1：获取数据库编号：000002410、000002411、000002412、000002413、000002414、000002415、000002416、000002417、000002418、000002419。
发生时间：2019-02-16 01:28:48.267
条码9:00000000000000000370，来料工单：False
发生时间：2019-02-16 01:28:48.256
条码8:00000000000000000369，来料工单：False
发生时间：2019-02-16 01:28:48.246
条码7:00000000000000000368，来料工单：False
发生时间：2019-02-16 01:28:48.236
条码6:00000000000000000367，来料工单：False
发生时间：2019-02-16 01:28:48.229
条码5:00000000000000000366，来料工单：False
发生时间：2019-02-16 01:28:48.222
条码4:00000000000000000365，来料工单：False
发生时间：2019-02-16 01:28:48.213
条码3:00000000000000000364，来料工单：False
发生时间：2019-02-16 01:28:48.207
条码2:00000000000000000363，来料工单：False
发生时间：2019-02-16 01:28:48.200
条码1:00000000000000000362，来料工单：False
发生时间：2019-02-16 01:28:48.194
条码0:00000000000000000361，来料工单：False
发生时间：2019-02-16 01:28:48.188
扫描枪1：收到数据[#0000000000000000003610#1000000000000000003621#2000000000000000003632#3000000000000000003643#4000000000000000003654#5000000000000000003665#6000000000000000003676#7000000000000000003687#8000000000000000003698#9000000000000000003709#]
发生时间：2019-02-16 01:28:47.178
扫描枪1：等待接收
发生时间：2019-02-16 01:28:47.169
扫描枪1：发送数据：4c4f4e0d
发生时间：2019-02-16 01:28:47.160
扫描枪1：PLC通知读取条码。
发生时间：2019-02-16 01:28:46.952
扫描枪1:OPC成功写入电池组信息：000002400000002401000002402000002403000002404000002405000002406000002407000002408000002409,1073741824！
发生时间：2019-02-16 01:28:46.943
扫描枪1：获取数据库编号：000002400、000002401、000002402、000002403、000002404、000002405、000002406、000002407、000002408、000002409。
发生时间：2019-02-16 01:28:46.928
条码9:00000000000000000360，来料工单：False
发生时间：2019-02-16 01:28:46.915
条码8:00000000000000000359，来料工单：False
发生时间：2019-02-16 01:28:46.908
条码7:00000000000000000358，来料工单：False
发生时间：2019-02-16 01:28:46.872
条码6:00000000000000000357，来料工单：False
发生时间：2019-02-16 01:28:46.864
条码5:00000000000000000356，来料工单：False
发生时间：2019-02-16 01:28:46.855
条码4:00000000000000000355，来料工单：False
发生时间：2019-02-16 01:28:46.847
条码3:00000000000000000354，来料工单：False
发生时间：2019-02-16 01:28:46.838
条码2:00000000000000000353，来料工单：False
发生时间：2019-02-16 01:28:46.830
条码1:00000000000000000352，来料工单：False
发生时间：2019-02-16 01:28:46.824
条码0:00000000000000000351，来料工单：False
发生时间：2019-02-16 01:28:46.811
扫描枪1：收到数据[#0000000000000000003510#1000000000000000003521#2000000000000000003532#3000000000000000003543#4000000000000000003554#5000000000000000003565#6000000000000000003576#7000000000000000003587#8000000000000000003598#9000000000000000003609#]
发生时间：2019-02-16 01:28:45.807
扫描枪1：等待接收
发生时间：2019-02-16 01:28:45.800
扫描枪1：发送数据：4c4f4e0d
发生时间：2019-02-16 01:28:45.791
扫描枪1：PLC通知读取条码。
发生时间：2019-02-16 01:28:45.585
扫描枪1:OPC成功写入电池组信息：000002390000002391000002392000002393000002394000002395000002396000002397000002398000002399,1073741824！
发生时间：2019-02-16 01:28:45.575
扫描枪1：获取数据库编号：000002390、000002391、000002392、000002393、000002394、000002395、000002396、000002397、000002398、000002399。
发生时间：2019-02-16 01:28:45.557
条码9:00000000000000000350，来料工单：False
发生时间：2019-02-16 01:28:45.544
条码8:00000000000000000349，来料工单：False
发生时间：2019-02-16 01:28:45.536
条码7:00000000000000000348，来料工单：False
发生时间：2019-02-16 01:28:45.530
条码6:00000000000000000347，来料工单：False
发生时间：2019-02-16 01:28:45.524
条码5:00000000000000000346，来料工单：False
发生时间：2019-02-16 01:28:45.516
条码4:00000000000000000345，来料工单：False
发生时间：2019-02-16 01:28:45.506
条码3:00000000000000000344，来料工单：False
发生时间：2019-02-16 01:28:45.496
条码2:00000000000000000343，来料工单：False
发生时间：2019-02-16 01:28:45.491
条码1:00000000000000000342，来料工单：False
发生时间：2019-02-16 01:28:45.483
条码0:00000000000000000341，来料工单：False
发生时间：2019-02-16 01:28:45.469
扫描枪1：收到数据[#0000000000000000003410#1000000000000000003421#2000000000000000003432#3000000000000000003443#4000000000000000003454#5000000000000000003465#6000000000000000003476#7000000000000000003487#8000000000000000003498#9000000000000000003509#]
发生时间：2019-02-16 01:28:44.453
扫描枪1：等待接收
发生时间：2019-02-16 01:28:44.445
扫描枪1：发送数据：4c4f4e0d
发生时间：2019-02-16 01:28:44.437
扫描枪1：PLC通知读取条码。
发生时间：2019-02-16 01:28:44.227
扫描枪1:OPC成功写入电池组信息：000002380000002381000002382000002383000002384000002385000002386000002387000002388000002389,1073741824！
发生时间：2019-02-16 01:28:44.217
扫描枪1：获取数据库编号：000002380、000002381、000002382、000002383、000002384、000002385、000002386、000002387、000002388、000002389。
发生时间：2019-02-16 01:28:44.203
条码9:00000000000000000340，来料工单：False
发生时间：2019-02-16 01:28:44.188
条码8:00000000000000000339，来料工单：False
发生时间：2019-02-16 01:28:44.177
条码7:00000000000000000338，来料工单：False
发生时间：2019-02-16 01:28:44.167
条码6:00000000000000000337，来料工单：False
发生时间：2019-02-16 01:28:44.160
条码5:00000000000000000336，来料工单：False
发生时间：2019-02-16 01:28:44.152
条码4:00000000000000000335，来料工单：False
发生时间：2019-02-16 01:28:44.145
条码3:00000000000000000334，来料工单：False
发生时间：2019-02-16 01:28:44.139
条码2:00000000000000000333，来料工单：False
发生时间：2019-02-16 01:28:44.131
条码1:00000000000000000332，来料工单：False
发生时间：2019-02-16 01:28:44.124
条码0:00000000000000000331，来料工单：False
发生时间：2019-02-16 01:28:44.109
扫描枪1：收到数据[#0000000000000000003310#1000000000000000003321#2000000000000000003332#3000000000000000003343#4000000000000000003354#5000000000000000003365#6000000000000000003376#7000000000000000003387#8000000000000000003398#9000000000000000003409#]
发生时间：2019-02-16 01:28:43.093
扫描枪1：等待接收
发生时间：2019-02-16 01:28:43.086
扫描枪1：发送数据：4c4f4e0d
发生时间：2019-02-16 01:28:43.079
扫描枪1：PLC通知读取条码。
发生时间：2019-02-16 01:28:42.874
扫描枪1:OPC成功写入电池组信息：000002370000002371000002372000002373000002374000002375000002376000002377000002378000002379,1073741824！
发生时间：2019-02-16 01:28:42.867
扫描枪1：获取数据库编号：000002370、000002371、000002372、000002373、000002374、000002375、000002376、000002377、000002378、000002379。
发生时间：2019-02-16 01:28:42.848
条码9:00000000000000000330，来料工单：False
发生时间：2019-02-16 01:28:42.842
条码8:00000000000000000329，来料工单：False
发生时间：2019-02-16 01:28:42.835
条码7:00000000000000000328，来料工单：False
发生时间：2019-02-16 01:28:42.827
条码6:00000000000000000327，来料工单：False
发生时间：2019-02-16 01:28:42.820
条码5:00000000000000000326，来料工单：False
发生时间：2019-02-16 01:28:42.812
条码4:00000000000000000325，来料工单：False
发生时间：2019-02-16 01:28:42.806
条码3:00000000000000000324，来料工单：False
发生时间：2019-02-16 01:28:42.800
条码2:00000000000000000323，来料工单：False
发生时间：2019-02-16 01:28:42.792
条码1:00000000000000000322，来料工单：False
发生时间：2019-02-16 01:28:42.786
条码0:00000000000000000321，来料工单：False
发生时间：2019-02-16 01:28:42.780
扫描枪1：收到数据[#0000000000000000003210#1000000000000000003221#2000000000000000003232#3000000000000000003243#4000000000000000003254#5000000000000000003265#6000000000000000003276#7000000000000000003287#8000000000000000003298#9000000000000000003309#]
发生时间：2019-02-16 01:28:41.777
扫描枪1：等待接收
发生时间：2019-02-16 01:28:41.769
扫描枪1：发送数据：4c4f4e0d
发生时间：2019-02-16 01:28:41.758
扫描枪1：PLC通知读取条码。
发生时间：2019-02-16 01:28:41.552
扫描枪1:OPC成功写入电池组信息：000002360000002361000002362000002363000002364000002365000002366000002367000002368000002369,1073741824！
发生时间：2019-02-16 01:28:41.545
扫描枪1：获取数据库编号：000002360、000002361、000002362、000002363、000002364、000002365、000002366、000002367、000002368、000002369。
发生时间：2019-02-16 01:28:41.532
条码9:00000000000000000320，来料工单：False
发生时间：2019-02-16 01:28:41.526
条码8:00000000000000000319，来料工单：False
发生时间：2019-02-16 01:28:41.519
条码7:00000000000000000318，来料工单：False
发生时间：2019-02-16 01:28:41.513
条码6:00000000000000000317，来料工单：False
发生时间：2019-02-16 01:28:41.507
条码5:00000000000000000316，来料工单：False
发生时间：2019-02-16 01:28:41.500
条码4:00000000000000000315，来料工单：False
发生时间：2019-02-16 01:28:41.494
条码3:00000000000000000314，来料工单：False
发生时间：2019-02-16 01:28:41.489
条码2:00000000000000000313，来料工单：False
发生时间：2019-02-16 01:28:41.482
条码1:00000000000000000312，来料工单：False
发生时间：2019-02-16 01:28:41.475
条码0:00000000000000000311，来料工单：False
发生时间：2019-02-16 01:28:41.469
扫描枪1：收到数据[#0000000000000000003110#1000000000000000003121#2000000000000000003132#3000000000000000003143#4000000000000000003154#5000000000000000003165#6000000000000000003176#7000000000000000003187#8000000000000000003198#9000000000000000003209#]
发生时间：2019-02-16 01:28:40.461
扫描枪1：等待接收
发生时间：2019-02-16 01:28:40.455
扫描枪1：发送数据：4c4f4e0d
发生时间：2019-02-16 01:28:40.447
扫描枪1：PLC通知读取条码。
发生时间：2019-02-16 01:28:40.242
扫描枪1:OPC成功写入电池组信息：000002350000002351000002352000002353000002354000002355000002356000002357000002358000002359,1073741824！
发生时间：2019-02-16 01:28:40.233
扫描枪1：获取数据库编号：000002350、000002351、000002352、000002353、000002354、000002355、000002356、000002357、000002358、000002359。
发生时间：2019-02-16 01:28:40.214
条码9:00000000000000000310，来料工单：False
发生时间：2019-02-16 01:28:40.208
条码8:00000000000000000309，来料工单：False
发生时间：2019-02-16 01:28:40.200
条码7:00000000000000000308，来料工单：False
发生时间：2019-02-16 01:28:40.193
条码6:00000000000000000307，来料工单：False
发生时间：2019-02-16 01:28:40.186
条码5:00000000000000000306，来料工单：False
发生时间：2019-02-16 01:28:40.179
条码4:00000000000000000305，来料工单：False
发生时间：2019-02-16 01:28:40.170
条码3:00000000000000000304，来料工单：False
发生时间：2019-02-16 01:28:40.164
条码2:00000000000000000303，来料工单：False
发生时间：2019-02-16 01:28:40.155
条码1:00000000000000000302，来料工单：False
发生时间：2019-02-16 01:28:40.148
条码0:00000000000000000301，来料工单：False
发生时间：2019-02-16 01:28:40.140
扫描枪1：收到数据[#0000000000000000003010#1000000000000000003021#2000000000000000003032#3000000000000000003043#4000000000000000003054#5000000000000000003065#6000000000000000003076#7000000000000000003087#8000000000000000003098#9000000000000000003109#]
发生时间：2019-02-16 01:28:39.132
扫描枪1：等待接收
发生时间：2019-02-16 01:28:39.125
扫描枪1：发送数据：4c4f4e0d
发生时间：2019-02-16 01:28:39.118
扫描枪1：PLC通知读取条码。
发生时间：2019-02-16 01:28:38.912
扫描枪1:OPC成功写入电池组信息：000002340000002341000002342000002343000002344000002345000002346000002347000002348000002349,1073741824！
发生时间：2019-02-16 01:28:38.901
扫描枪1：获取数据库编号：000002340、000002341、000002342、000002343、000002344、000002345、000002346、000002347、000002348、000002349。
发生时间：2019-02-16 01:28:38.886
条码9:00000000000000000300，来料工单：False
发生时间：2019-02-16 01:28:38.878
条码8:00000000000000000299，来料工单：False
发生时间：2019-02-16 01:28:38.869
条码7:00000000000000000298，来料工单：False
发生时间：2019-02-16 01:28:38.861
条码6:00000000000000000297，来料工单：False
发生时间：2019-02-16 01:28:38.856
条码5:00000000000000000296，来料工单：False
发生时间：2019-02-16 01:28:38.849
条码4:00000000000000000295，来料工单：False
发生时间：2019-02-16 01:28:38.843
条码3:00000000000000000294，来料工单：False
发生时间：2019-02-16 01:28:38.837
条码2:00000000000000000293，来料工单：False
发生时间：2019-02-16 01:28:38.831
条码1:00000000000000000292，来料工单：False
发生时间：2019-02-16 01:28:38.823
条码0:00000000000000000291，来料工单：False
发生时间：2019-02-16 01:28:38.813
扫描枪1：收到数据[#0000000000000000002910#1000000000000000002921#2000000000000000002932#3000000000000000002943#4000000000000000002954#5000000000000000002965#6000000000000000002976#7000000000000000002987#8000000000000000002998#9000000000000000003009#]
发生时间：2019-02-16 01:28:37.796
扫描枪1：等待接收
发生时间：2019-02-16 01:28:37.790
扫描枪1：发送数据：4c4f4e0d
发生时间：2019-02-16 01:28:37.785
扫描枪1：PLC通知读取条码。
发生时间：2019-02-16 01:28:37.581
扫描枪1:OPC成功写入电池组信息：000002330000002331000002332000002333000002334000002335000002336000002337000002338000002339,1073741824！
发生时间：2019-02-16 01:28:37.576
扫描枪1：获取数据库编号：000002330、000002331、000002332、000002333、000002334、000002335、000002336、000002337、000002338、000002339。
发生时间：2019-02-16 01:28:37.558
条码9:00000000000000000290，来料工单：False
发生时间：2019-02-16 01:28:37.555
条码8:00000000000000000289，来料工单：False
发生时间：2019-02-16 01:28:37.548
条码7:00000000000000000288，来料工单：False
发生时间：2019-02-16 01:28:37.545
条码6:00000000000000000287，来料工单：False
发生时间：2019-02-16 01:28:37.541
条码5:00000000000000000286，来料工单：False
发生时间：2019-02-16 01:28:37.536
条码4:00000000000000000285，来料工单：False
发生时间：2019-02-16 01:28:37.532
条码3:00000000000000000284，来料工单：False
发生时间：2019-02-16 01:28:37.527
条码2:00000000000000000283，来料工单：False
发生时间：2019-02-16 01:28:37.524
条码1:00000000000000000282，来料工单：False
发生时间：2019-02-16 01:28:37.519
条码0:00000000000000000281，来料工单：False
发生时间：2019-02-16 01:28:37.515
扫描枪1：收到数据[#0000000000000000002810#1000000000000000002821#2000000000000000002832#3000000000000000002843#4000000000000000002854#5000000000000000002865#6000000000000000002876#7000000000000000002887#8000000000000000002898#9000000000000000002909#]
发生时间：2019-02-16 01:28:36.505
扫描枪1：等待接收
发生时间：2019-02-16 01:28:36.499
扫描枪1：发送数据：4c4f4e0d
发生时间：2019-02-16 01:28:36.494
扫描枪1：PLC通知读取条码。
发生时间：2019-02-16 01:28:36.291
扫描枪1:OPC成功写入电池组信息：000002320000002321000002322000002323000002324000002325000002326000002327000002328000002329,1073741824！
发生时间：2019-02-16 01:28:36.285
扫描枪1：获取数据库编号：000002320、000002321、000002322、000002323、000002324、000002325、000002326、000002327、000002328、000002329。
发生时间：2019-02-16 01:28:36.271
条码9:00000000000000000280，来料工单：False
发生时间：2019-02-16 01:28:36.265
条码8:00000000000000000279，来料工单：False
发生时间：2019-02-16 01:28:36.260
条码7:00000000000000000278，来料工单：False
发生时间：2019-02-16 01:28:36.256
条码6:00000000000000000277，来料工单：False
发生时间：2019-02-16 01:28:36.251
条码5:00000000000000000276，来料工单：False
发生时间：2019-02-16 01:28:36.245
条码4:00000000000000000275，来料工单：False
发生时间：2019-02-16 01:28:36.240
条码3:00000000000000000274，来料工单：False
发生时间：2019-02-16 01:28:36.234
条码2:00000000000000000273，来料工单：False
发生时间：2019-02-16 01:28:36.229
条码1:00000000000000000272，来料工单：False
发生时间：2019-02-16 01:28:36.224
条码0:00000000000000000271，来料工单：False
发生时间：2019-02-16 01:28:36.220
扫描枪1：收到数据[#0000000000000000002710#1000000000000000002721#2000000000000000002732#3000000000000000002743#4000000000000000002754#5000000000000000002765#6000000000000000002776#7000000000000000002787#8000000000000000002798#9000000000000000002809#]
发生时间：2019-02-16 01:28:35.211
扫描枪1：等待接收
发生时间：2019-02-16 01:28:35.205
扫描枪1：发送数据：4c4f4e0d
发生时间：2019-02-16 01:28:35.200
扫描枪1：PLC通知读取条码。
发生时间：2019-02-16 01:28:34.996
扫描枪1:OPC成功写入电池组信息：000002310000002311000002312000002313000002314000002315000002316000002317000002318000002319,1073741824！
发生时间：2019-02-16 01:28:34.993
扫描枪1：获取数据库编号：000002310、000002311、000002312、000002313、000002314、000002315、000002316、000002317、000002318、000002319。
发生时间：2019-02-16 01:28:34.962
条码9:00000000000000000270，来料工单：False
发生时间：2019-02-16 01:28:34.957
条码8:00000000000000000269，来料工单：False
发生时间：2019-02-16 01:28:34.950
条码7:00000000000000000268，来料工单：False
发生时间：2019-02-16 01:28:34.944
条码6:00000000000000000267，来料工单：False
发生时间：2019-02-16 01:28:34.937
条码5:00000000000000000266，来料工单：False
发生时间：2019-02-16 01:28:34.932
条码4:00000000000000000265，来料工单：False
发生时间：2019-02-16 01:28:34.928
条码3:00000000000000000264，来料工单：False
发生时间：2019-02-16 01:28:34.922
条码2:00000000000000000263，来料工单：False
发生时间：2019-02-16 01:28:34.918
条码1:00000000000000000262，来料工单：False
发生时间：2019-02-16 01:28:34.914
条码0:00000000000000000261，来料工单：False
发生时间：2019-02-16 01:28:34.905
扫描枪1：收到数据[#0000000000000000002610#1000000000000000002621#2000000000000000002632#3000000000000000002643#4000000000000000002654#5000000000000000002665#6000000000000000002676#7000000000000000002687#8000000000000000002698#9000000000000000002709#]
发生时间：2019-02-16 01:28:33.887
扫描枪1：等待接收
发生时间：2019-02-16 01:28:33.885
扫描枪1：发送数据：4c4f4e0d
发生时间：2019-02-16 01:28:33.877
扫描枪1：PLC通知读取条码。
发生时间：2019-02-16 01:28:33.675
扫描枪1:OPC成功写入电池组信息：000002300000002301000002302000002303000002304000002305000002306000002307000002308000002309,1073741824！
发生时间：2019-02-16 01:28:33.671
扫描枪1：获取数据库编号：000002300、000002301、000002302、000002303、000002304、000002305、000002306、000002307、000002308、000002309。
发生时间：2019-02-16 01:28:33.646
条码9:00000000000000000260，来料工单：False
发生时间：2019-02-16 01:28:33.644
条码8:00000000000000000259，来料工单：False
发生时间：2019-02-16 01:28:33.641
条码7:00000000000000000258，来料工单：False
发生时间：2019-02-16 01:28:33.637
条码6:00000000000000000257，来料工单：False
发生时间：2019-02-16 01:28:33.634
条码5:00000000000000000256，来料工单：False
发生时间：2019-02-16 01:28:33.630
条码4:00000000000000000255，来料工单：False
发生时间：2019-02-16 01:28:33.626
条码3:00000000000000000254，来料工单：False
发生时间：2019-02-16 01:28:33.622
条码2:00000000000000000253，来料工单：False
发生时间：2019-02-16 01:28:33.620
条码1:00000000000000000252，来料工单：False
发生时间：2019-02-16 01:28:33.614
条码0:00000000000000000251，来料工单：False
发生时间：2019-02-16 01:28:33.611
扫描枪1：收到数据[#0000000000000000002510#1000000000000000002521#2000000000000000002532#3000000000000000002543#4000000000000000002554#5000000000000000002565#6000000000000000002576#7000000000000000002587#8000000000000000002598#9000000000000000002609#]
发生时间：2019-02-16 01:28:32.601
扫描枪1：等待接收
发生时间：2019-02-16 01:28:32.597
扫描枪1：发送数据：4c4f4e0d
发生时间：2019-02-16 01:28:32.592
扫描枪1：PLC通知读取条码。
发生时间：2019-02-16 01:28:32.388
扫描枪1:OPC成功写入电池组信息：000002290000002291000002292000002293000002294000002295000002296000002297000002298000002299,1073741824！
发生时间：2019-02-16 01:28:32.384
扫描枪1：获取数据库编号：000002290、000002291、000002292、000002293、000002294、000002295、000002296、000002297、000002298、000002299。
发生时间：2019-02-16 01:28:32.180
条码9:00000000000000000250，来料工单：False
发生时间：2019-02-16 01:28:32.176
条码8:00000000000000000249，来料工单：False
发生时间：2019-02-16 01:28:32.171
条码7:00000000000000000248，来料工单：False
发生时间：2019-02-16 01:28:32.168
条码6:00000000000000000247，来料工单：False
发生时间：2019-02-16 01:28:32.164
条码5:00000000000000000246，来料工单：False
发生时间：2019-02-16 01:28:32.161
条码4:00000000000000000245，来料工单：False
发生时间：2019-02-16 01:28:32.156
条码3:00000000000000000244，来料工单：False
发生时间：2019-02-16 01:28:32.152
条码2:00000000000000000243，来料工单：False
发生时间：2019-02-16 01:28:32.149
条码1:00000000000000000242，来料工单：False
发生时间：2019-02-16 01:28:32.146
条码0:00000000000000000241，来料工单：False
发生时间：2019-02-16 01:28:32.142
扫描枪1：收到数据[#0000000000000000002410#1000000000000000002421#2000000000000000002432#3000000000000000002443#4000000000000000002454#5000000000000000002465#6000000000000000002476#7000000000000000002487#8000000000000000002498#9000000000000000002509#]
发生时间：2019-02-16 01:28:31.129
扫描枪1：等待接收
发生时间：2019-02-16 01:28:31.125
扫描枪1：发送数据：4c4f4e0d
发生时间：2019-02-16 01:28:31.121
扫描枪1：PLC通知读取条码。
发生时间：2019-02-16 01:28:30.918
扫描枪1:OPC成功写入电池组信息：000002280000002281000002282000002283000002284000002285000002286000002287000002288000002289,1073741824！
发生时间：2019-02-16 01:28:30.914
扫描枪1：获取数据库编号：000002280、000002281、000002282、000002283、000002284、000002285、000002286、000002287、000002288、000002289。
发生时间：2019-02-16 01:28:30.900
条码9:00000000000000000240，来料工单：False
发生时间：2019-02-16 01:28:30.896
条码8:00000000000000000239，来料工单：False
发生时间：2019-02-16 01:28:30.892
条码7:00000000000000000238，来料工单：False
发生时间：2019-02-16 01:28:30.887
条码6:00000000000000000237，来料工单：False
发生时间：2019-02-16 01:28:30.883
条码5:00000000000000000236，来料工单：False
发生时间：2019-02-16 01:28:30.879
条码4:00000000000000000235，来料工单：False
发生时间：2019-02-16 01:28:30.875
条码3:00000000000000000234，来料工单：False
发生时间：2019-02-16 01:28:30.871
条码2:00000000000000000233，来料工单：False
发生时间：2019-02-16 01:28:30.868
条码1:00000000000000000232，来料工单：False
发生时间：2019-02-16 01:28:30.865
条码0:00000000000000000231，来料工单：False
发生时间：2019-02-16 01:28:30.862
扫描枪1：收到数据[#0000000000000000002310#1000000000000000002321#2000000000000000002332#3000000000000000002343#4000000000000000002354#5000000000000000002365#6000000000000000002376#7000000000000000002387#8000000000000000002398#9000000000000000002409#]
发生时间：2019-02-16 01:28:29.850
扫描枪1：等待接收
发生时间：2019-02-16 01:28:29.846
扫描枪1：发送数据：4c4f4e0d
发生时间：2019-02-16 01:28:29.843
扫描枪1：PLC通知读取条码。
发生时间：2019-02-16 01:28:29.640
扫描枪1:OPC成功写入电池组信息：000002270000002271000002272000002273000002274000002275000002276000002277000002278000002279,1073741824！
发生时间：2019-02-16 01:28:29.636
扫描枪1：获取数据库编号：000002270、000002271、000002272、000002273、000002274、000002275、000002276、000002277、000002278、000002279。
发生时间：2019-02-16 01:28:29.587
条码9:00000000000000000230，来料工单：False
发生时间：2019-02-16 01:28:29.583
条码8:00000000000000000229，来料工单：False
发生时间：2019-02-16 01:28:29.580
条码7:00000000000000000228，来料工单：False
发生时间：2019-02-16 01:28:29.576
条码6:00000000000000000227，来料工单：False
发生时间：2019-02-16 01:28:29.571
条码5:00000000000000000226，来料工单：False
发生时间：2019-02-16 01:28:29.568
条码4:00000000000000000225，来料工单：False
发生时间：2019-02-16 01:28:29.565
条码3:00000000000000000224，来料工单：False
发生时间：2019-02-16 01:28:29.562
条码2:00000000000000000223，来料工单：False
发生时间：2019-02-16 01:28:29.559
条码1:00000000000000000222，来料工单：False
发生时间：2019-02-16 01:28:29.556
条码0:00000000000000000221，来料工单：False
发生时间：2019-02-16 01:28:29.552
扫描枪1：收到数据[#0000000000000000002210#1000000000000000002221#2000000000000000002232#3000000000000000002243#4000000000000000002254#5000000000000000002265#6000000000000000002276#7000000000000000002287#8000000000000000002298#9000000000000000002309#]
发生时间：2019-02-16 01:28:28.527
扫描枪1：等待接收
发生时间：2019-02-16 01:28:28.524
扫描枪1：发送数据：4c4f4e0d
发生时间：2019-02-16 01:28:28.516
扫描枪1：PLC通知读取条码。

