-----------------存储时间:2019-02-16 12:11:54-----------------
发生时间：2019-02-16 12:11:54.073
成功打印16号槽托盘编号：116192000683
发生时间：2019-02-16 12:11:53.977
成功保存结果,托盘号：116192000683\117192000684\118192000685\101192000661\102192000663\103192000664\104192000665\105192000679\106192000666\107192000667\108192000668\109192000662\110192000673\111192000680\112192000674\114192000681\115192000682\116192000683\117192000684\118192000685，新增：20个电芯
发生时间：2019-02-16 12:11:51.971
成功保存结果,托盘号：112192000674\114192000681\115192000682\116192000683\117192000684\118192000685\101192000661\102192000663\103192000664\104192000665\105192000679\106192000666\107192000667\108192000668\109192000662\110192000673\111192000680\112192000674\114192000681\115192000682，新增：20个电芯
发生时间：2019-02-16 12:11:49.985
成功保存结果,托盘号：109192000662\110192000673\111192000680\112192000674\114192000681\115192000682\116192000683\117192000684\118192000685\101192000661\102192000663\103192000664\104192000665\105192000679\106192000666\107192000667\108192000668\109192000662\110192000673\111192000680，新增：20个电芯
发生时间：2019-02-16 12:11:47.958
成功保存结果,托盘号：106192000666\107192000667\108192000668\109192000662\110192000673\111192000680\112192000674\114192000681\115192000682\116192000683\117192000684\118192000685\101192000661\102192000663\103192000664\104192000665\105192000679\106192000666\107192000667\108192000668，新增：20个电芯
发生时间：2019-02-16 12:11:45.962
成功保存结果,托盘号：103192000664\104192000665\105192000679\106192000666\107192000667\108192000668\109192000662\110192000673\111192000680\112192000674\114192000681\115192000682\116192000683\117192000684\118192000685\101192000661\102192000663\103192000664\104192000665\105192000679，新增：20个电芯
发生时间：2019-02-16 12:11:43.978
成功保存结果,托盘号：118192000685\101192000661\102192000663\103192000664\104192000665\105192000679\106192000666\107192000667\108192000668\109192000662\110192000673\111192000680\112192000674\114192000681\115192000682\116192000683\117192000684\118192000685\101192000661\102192000663，新增：20个电芯
发生时间：2019-02-16 12:11:42.007
成功保存结果,托盘号：115192000682\116192000683\117192000684\118192000685\101192000661\102192000663\103192000664\104192000665\105192000679\106192000666\107192000667\108192000668\109192000662\110192000673\111192000680\112192000674\114192000681\115192000682\116192000683\117192000684，新增：20个电芯
发生时间：2019-02-16 12:11:39.955
成功保存结果,托盘号：111192000680\112192000674\114192000681\115192000682\116192000683\117192000684\118192000685\101192000661\102192000663\103192000664\104192000665\105192000679\106192000666\107192000667\108192000668\109192000662\110192000673\111192000680\112192000674\114192000681，新增：20个电芯
发生时间：2019-02-16 12:11:37.971
成功保存结果,托盘号：108192000668\109192000662\110192000673\111192000680\112192000674\114192000681\115192000682\116192000683\117192000684\118192000685\101192000661\102192000663\103192000664\104192000665\105192000679\106192000666\107192000667\108192000668\109192000662\110192000673，新增：20个电芯
发生时间：2019-02-16 12:11:35.981
成功保存结果,托盘号：105192000679\106192000666\107192000667\108192000668\109192000662\110192000673\111192000680\112192000674\114192000681\115192000682\116192000683\117192000684\118192000685\101192000661\102192000663\103192000664\104192000665\105192000679\106192000666\107192000667，新增：20个电芯
发生时间：2019-02-16 12:11:33.977
成功保存结果,托盘号：102192000663\103192000664\104192000665\105192000679\106192000666\107192000667\108192000668\109192000662\110192000673\111192000680\112192000674\114192000681\115192000682\116192000683\117192000684\118192000685\101192000661\102192000663\103192000664\104192000665，新增：20个电芯
发生时间：2019-02-16 12:11:31.981
成功保存结果,托盘号：117192000684\118192000685\101192000661\102192000663\103192000664\104192000665\105192000679\106192000666\107192000667\108192000668\109192000662\110192000673\111192000680\112192000674\114192000681\115192000682\116192000683\117192000684\118192000685\101192000661，新增：20个电芯
发生时间：2019-02-16 12:11:29.969
成功保存结果,托盘号：114192000681\115192000682\116192000683\117192000684\118192000685\101192000661\102192000663\103192000664\104192000665\105192000679\106192000666\107192000667\108192000668\109192000662\110192000673\111192000680\112192000674\114192000681\115192000682\116192000683，新增：20个电芯
发生时间：2019-02-16 12:11:27.973
成功保存结果,托盘号：110192000673\111192000680\112192000674\114192000681\115192000682\116192000683\117192000684\118192000685\101192000661\102192000663\103192000664\104192000665\105192000679\106192000666\107192000667\108192000668\109192000662\110192000673\111192000680\112192000674，新增：20个电芯
发生时间：2019-02-16 12:11:25.966
成功保存结果,托盘号：107192000667\108192000668\109192000662\110192000673\111192000680\112192000674\114192000681\115192000682\116192000683\117192000684\118192000685\101192000661\102192000663\103192000664\104192000665\105192000679\106192000666\107192000667\108192000668\109192000662，新增：20个电芯
发生时间：2019-02-16 12:11:23.979
成功保存结果,托盘号：104192000665\105192000679\106192000666\107192000667\108192000668\109192000662\110192000673\111192000680\112192000674\114192000681\115192000682\116192000683\117192000684\118192000685\101192000661\102192000663\103192000664\104192000665\105192000679\106192000666，新增：20个电芯
发生时间：2019-02-16 12:11:22.018
成功保存结果,托盘号：101192000661\102192000663\103192000664\104192000665\105192000679\106192000666\107192000667\108192000668\109192000662\110192000673\111192000680\112192000674\114192000681\115192000682\116192000683\117192000684\118192000685\101192000661\102192000663\103192000664，新增：20个电芯
发生时间：2019-02-16 12:11:20.228
成功打印15号槽托盘编号：115192000677
发生时间：2019-02-16 12:11:20.205
成功打印14号槽托盘编号：114192000675
发生时间：2019-02-16 12:11:20.178
成功打印11号槽托盘编号：111192000669
发生时间：2019-02-16 12:11:20.155
成功打印5号槽托盘编号：105192000672
发生时间：2019-02-16 12:11:20.135
成功打印18号槽托盘编号：118192000676
发生时间：2019-02-16 12:11:20.113
成功打印17号槽托盘编号：117192000654
发生时间：2019-02-16 12:11:20.099
成功打印16号槽托盘编号：116192000678
发生时间：2019-02-16 12:11:19.976
成功保存结果,托盘号：116192000678\117192000654\118192000676\101192000661\102192000663\103192000664\104192000665\105192000672\106192000666\107192000667\108192000668\109192000662\110192000673\111192000669\112192000674\114192000675\115192000677\116192000678\117192000654\118192000676，新增：20个电芯
发生时间：2019-02-16 12:11:17.969
成功保存结果,托盘号：112192000674\114192000675\115192000677\116192000678\117192000654\118192000676\101192000661\102192000663\103192000664\104192000665\105192000672\106192000666\107192000667\108192000668\109192000662\110192000673\111192000669\112192000674\114192000675\115192000677，新增：20个电芯
发生时间：2019-02-16 12:11:15.989
成功保存结果,托盘号：109192000662\110192000673\111192000669\112192000674\114192000675\115192000677\116192000678\117192000654\118192000676\101192000661\102192000663\103192000664\104192000665\105192000672\106192000666\107192000667\108192000668\109192000662\110192000673\111192000669，新增：20个电芯
发生时间：2019-02-16 12:11:13.971
成功保存结果,托盘号：106192000666\107192000667\108192000668\109192000662\110192000673\111192000669\112192000674\114192000675\115192000677\116192000678\117192000654\118192000676\101192000661\102192000663\103192000664\104192000665\105192000672\106192000666\107192000667\108192000668，新增：20个电芯
发生时间：2019-02-16 12:11:11.971
成功保存结果,托盘号：103192000664\104192000665\105192000672\106192000666\107192000667\108192000668\109192000662\110192000673\111192000669\112192000674\114192000675\115192000677\116192000678\117192000654\118192000676\101192000661\102192000663\103192000664\104192000665\105192000672，新增：20个电芯
发生时间：2019-02-16 12:11:09.984
成功保存结果,托盘号：118192000676\101192000661\102192000663\103192000664\104192000665\105192000672\106192000666\107192000667\108192000668\109192000662\110192000673\111192000669\112192000674\114192000675\115192000677\116192000678\117192000654\118192000676\101192000661\102192000663，新增：20个电芯
发生时间：2019-02-16 12:11:07.972
成功保存结果,托盘号：115192000677\116192000678\117192000654\118192000676\101192000661\102192000663\103192000664\104192000665\105192000672\106192000666\107192000667\108192000668\109192000662\110192000673\111192000669\112192000674\114192000675\115192000677\116192000678\117192000654，新增：20个电芯
发生时间：2019-02-16 12:11:05.976
成功保存结果,托盘号：111192000669\112192000674\114192000675\115192000677\116192000678\117192000654\118192000676\101192000661\102192000663\103192000664\104192000665\105192000672\106192000666\107192000667\108192000668\109192000662\110192000673\111192000669\112192000674\114192000675，新增：20个电芯
发生时间：2019-02-16 12:11:04.001
成功保存结果,托盘号：108192000668\109192000662\110192000673\111192000669\112192000674\114192000675\115192000677\116192000678\117192000654\118192000676\101192000661\102192000663\103192000664\104192000665\105192000672\106192000666\107192000667\108192000668\109192000662\110192000673，新增：20个电芯
发生时间：2019-02-16 12:11:01.957
成功保存结果,托盘号：105192000672\106192000666\107192000667\108192000668\109192000662\110192000673\111192000669\112192000674\114192000675\115192000677\116192000678\117192000654\118192000676\101192000661\102192000663\103192000664\104192000665\105192000672\106192000666\107192000667，新增：20个电芯
发生时间：2019-02-16 12:10:59.979
成功保存结果,托盘号：102192000663\103192000664\104192000665\105192000672\106192000666\107192000667\108192000668\109192000662\110192000673\111192000669\112192000674\114192000675\115192000677\116192000678\117192000654\118192000676\101192000661\102192000663\103192000664\104192000665，新增：20个电芯
发生时间：2019-02-16 12:10:57.956
成功保存结果,托盘号：117192000654\118192000676\101192000661\102192000663\103192000664\104192000665\105192000672\106192000666\107192000667\108192000668\109192000662\110192000673\111192000669\112192000674\114192000675\115192000677\116192000678\117192000654\118192000676\101192000661，新增：20个电芯
发生时间：2019-02-16 12:10:55.975
成功保存结果,托盘号：114192000675\115192000677\116192000678\117192000654\118192000676\101192000661\102192000663\103192000664\104192000665\105192000672\106192000666\107192000667\108192000668\109192000662\110192000673\111192000669\112192000674\114192000675\115192000677\116192000678，新增：20个电芯
发生时间：2019-02-16 12:10:54.007
成功保存结果,托盘号：110192000673\111192000669\112192000674\114192000675\115192000677\116192000678\117192000654\118192000676\101192000661\102192000663\103192000664\104192000665\105192000672\106192000666\107192000667\108192000668\109192000662\110192000673\111192000669\112192000674，新增：20个电芯
发生时间：2019-02-16 12:10:51.801
成功保存结果,托盘号：107192000667\108192000668\109192000662\110192000673\111192000669\112192000674\114192000675\115192000677\116192000678\117192000654\118192000676\101192000661\102192000663\103192000664\104192000665\105192000672\106192000666\107192000667\108192000668\109192000662，新增：20个电芯
发生时间：2019-02-16 12:10:49.985
成功保存结果,托盘号：104192000665\105192000672\106192000666\107192000667\108192000668\109192000662\110192000673\111192000669\112192000674\114192000675\115192000677\116192000678\117192000654\118192000676\101192000661\102192000663\103192000664\104192000665\105192000672\106192000666，新增：20个电芯
发生时间：2019-02-16 12:10:47.986
成功保存结果,托盘号：101192000661\102192000663\103192000664\104192000665\105192000672\106192000666\107192000667\108192000668\109192000662\110192000673\111192000669\112192000674\114192000675\115192000677\116192000678\117192000654\118192000676\101192000661\102192000663\103192000664，新增：20个电芯
发生时间：2019-02-16 12:10:46.073
成功打印15号槽托盘编号：115192000670
发生时间：2019-02-16 12:10:46.056
成功打印16号槽托盘编号：116192000671
发生时间：2019-02-16 12:10:45.982
成功保存结果,托盘号：116192000671\117192000654\118192000676\101192000661\102192000663\103192000664\104192000665\105192000672\106192000666\107192000667\108192000668\109192000662\110192000673\111192000669\112192000674\114192000675\115192000670\116192000671\117192000654\118192000676，新增：20个电芯
发生时间：2019-02-16 12:10:43.990
成功保存结果,托盘号：112192000674\114192000675\115192000670\116192000671\117192000654\118192000676\101192000661\102192000663\103192000664\104192000665\105192000672\106192000666\107192000667\108192000668\109192000662\110192000673\111192000669\112192000674\114192000675\115192000670，新增：20个电芯
发生时间：2019-02-16 12:10:41.996
成功保存结果,托盘号：109192000662\110192000673\111192000669\112192000674\114192000675\115192000670\116192000671\117192000654\118192000676\101192000661\102192000663\103192000664\104192000665\105192000672\106192000666\107192000667\108192000668\109192000662\110192000673\111192000669，新增：20个电芯
发生时间：2019-02-16 12:10:39.994
成功保存结果,托盘号：106192000666\107192000667\108192000668\109192000662\110192000673\111192000669\112192000674\114192000675\115192000670\116192000671\117192000654\118192000676\101192000661\102192000663\103192000664\104192000665\105192000672\106192000666\107192000667\108192000668，新增：20个电芯
发生时间：2019-02-16 12:10:37.962
成功保存结果,托盘号：103192000664\104192000665\105192000672\106192000666\107192000667\108192000668\109192000662\110192000673\111192000669\112192000674\114192000675\115192000670\116192000671\117192000654\118192000676\101192000661\102192000663\103192000664\104192000665\105192000672，新增：20个电芯
发生时间：2019-02-16 12:10:35.836
成功保存结果,托盘号：118192000676\101192000661\102192000663\103192000664\104192000665\105192000672\106192000666\107192000667\108192000668\109192000662\110192000673\111192000669\112192000674\114192000675\115192000670\116192000671\117192000654\118192000676\101192000661\102192000663，新增：20个电芯
发生时间：2019-02-16 12:10:33.985
成功保存结果,托盘号：115192000670\116192000671\117192000654\118192000676\101192000661\102192000663\103192000664\104192000665\105192000672\106192000666\107192000667\108192000668\109192000662\110192000673\111192000669\112192000674\114192000675\115192000670\116192000671\117192000654，新增：20个电芯
发生时间：2019-02-16 12:10:31.985
成功保存结果,托盘号：111192000669\112192000674\114192000675\115192000670\116192000671\117192000654\118192000676\101192000661\102192000663\103192000664\104192000665\105192000672\106192000666\107192000667\108192000668\109192000662\110192000673\111192000669\112192000674\114192000675，新增：20个电芯
发生时间：2019-02-16 12:10:30.273
成功打印18号槽托盘编号：118192000660
发生时间：2019-02-16 12:10:30.254
成功打印14号槽托盘编号：114192000657
发生时间：2019-02-16 12:10:30.235
成功打印12号槽托盘编号：112192000651
发生时间：2019-02-16 12:10:30.227
成功打印10号槽托盘编号：110192000655
发生时间：2019-02-16 12:10:29.973
成功保存结果,托盘号：108192000668\109192000662\110192000655\111192000669\112192000651\114192000657\115192000670\116192000671\117192000654\118192000660\101192000661\102192000663\103192000664\104192000665\105192000672\106192000666\107192000667\108192000668\109192000662\110192000655，新增：20个电芯
发生时间：2019-02-16 12:10:28.013
成功打印5号槽托盘编号：105192000656
发生时间：2019-02-16 12:10:27.803
成功保存结果,托盘号：105192000656\106192000666\107192000667\108192000668\109192000662\110192000655\111192000669\112192000651\114192000657\115192000670\116192000671\117192000654\118192000660\101192000661\102192000663\103192000664\104192000665\105192000656\106192000666\107192000667，新增：20个电芯
发生时间：2019-02-16 12:10:25.981
成功保存结果,托盘号：102192000663\103192000664\104192000665\105192000656\106192000666\107192000667\108192000668\109192000662\110192000655\111192000669\112192000651\114192000657\115192000670\116192000671\117192000654\118192000660\101192000661\102192000663\103192000664\104192000665，新增：20个电芯
发生时间：2019-02-16 12:10:23.972
成功保存结果,托盘号：117192000654\118192000660\101192000661\102192000663\103192000664\104192000665\105192000656\106192000666\107192000667\108192000668\109192000662\110192000655\111192000669\112192000651\114192000657\115192000670\116192000671\117192000654\118192000660\101192000661，新增：20个电芯
发生时间：2019-02-16 12:10:21.981
成功保存结果,托盘号：114192000657\115192000670\116192000671\117192000654\118192000660\101192000661\102192000663\103192000664\104192000665\105192000656\106192000666\107192000667\108192000668\109192000662\110192000655\111192000669\112192000651\114192000657\115192000670\116192000671，新增：20个电芯
发生时间：2019-02-16 12:10:19.978
成功保存结果,托盘号：110192000655\111192000669\112192000651\114192000657\115192000670\116192000671\117192000654\118192000660\101192000661\102192000663\103192000664\104192000665\105192000656\106192000666\107192000667\108192000668\109192000662\110192000655\111192000669\112192000651，新增：20个电芯
发生时间：2019-02-16 12:10:17.986
成功保存结果,托盘号：107192000667\108192000668\109192000662\110192000655\111192000669\112192000651\114192000657\115192000670\116192000671\117192000654\118192000660\101192000661\102192000663\103192000664\104192000665\105192000656\106192000666\107192000667\108192000668\109192000662，新增：20个电芯
发生时间：2019-02-16 12:10:16.004
成功保存结果,托盘号：104192000665\105192000656\106192000666\107192000667\108192000668\109192000662\110192000655\111192000669\112192000651\114192000657\115192000670\116192000671\117192000654\118192000660\101192000661\102192000663\103192000664\104192000665\105192000656\106192000666，新增：20个电芯
发生时间：2019-02-16 12:10:13.976
成功保存结果,托盘号：101192000661\102192000663\103192000664\104192000665\105192000656\106192000666\107192000667\108192000668\109192000662\110192000655\111192000669\112192000651\114192000657\115192000670\116192000671\117192000654\118192000660\101192000661\102192000663\103192000664，新增：20个电芯
发生时间：2019-02-16 12:10:12.181
成功打印15号槽托盘编号：115192000658
发生时间：2019-02-16 12:10:12.151
成功打印11号槽托盘编号：111192000650
发生时间：2019-02-16 12:10:12.106
成功打印16号槽托盘编号：116192000659
发生时间：2019-02-16 12:10:12.013
成功保存结果,托盘号：116192000659\117192000654\118192000660\101192000661\102192000663\103192000664\104192000665\105192000656\106192000666\107192000667\108192000668\109192000662\110192000655\111192000650\112192000651\114192000657\115192000658\116192000659\117192000654\118192000660，新增：20个电芯
发生时间：2019-02-16 12:10:10.004
成功保存结果,托盘号：112192000651\114192000657\115192000658\116192000659\117192000654\118192000660\101192000661\102192000663\103192000664\104192000665\105192000656\106192000666\107192000667\108192000668\109192000662\110192000655\111192000650\112192000651\114192000657\115192000658，新增：20个电芯
发生时间：2019-02-16 12:10:07.972
成功保存结果,托盘号：109192000662\110192000655\111192000650\112192000651\114192000657\115192000658\116192000659\117192000654\118192000660\101192000661\102192000663\103192000664\104192000665\105192000656\106192000666\107192000667\108192000668\109192000662\110192000655\111192000650，新增：20个电芯
发生时间：2019-02-16 12:10:05.995
成功保存结果,托盘号：106192000666\107192000667\108192000668\109192000662\110192000655\111192000650\112192000651\114192000657\115192000658\116192000659\117192000654\118192000660\101192000661\102192000663\103192000664\104192000665\105192000656\106192000666\107192000667\108192000668，新增：20个电芯
发生时间：2019-02-16 12:10:03.963
成功保存结果,托盘号：103192000664\104192000665\105192000656\106192000666\107192000667\108192000668\109192000662\110192000655\111192000650\112192000651\114192000657\115192000658\116192000659\117192000654\118192000660\101192000661\102192000663\103192000664\104192000665\105192000656，新增：20个电芯
发生时间：2019-02-16 12:10:01.983
成功保存结果,托盘号：118192000660\101192000661\102192000663\103192000664\104192000665\105192000656\106192000666\107192000667\108192000668\109192000662\110192000655\111192000650\112192000651\114192000657\115192000658\116192000659\117192000654\118192000660\101192000661\102192000663，新增：20个电芯
发生时间：2019-02-16 12:10:00.193
成功打印8号槽托盘编号：108192000631
发生时间：2019-02-16 12:10:00.159
成功打印7号槽托盘编号：107192000630
发生时间：2019-02-16 12:10:00.141
成功打印6号槽托盘编号：106192000629
发生时间：2019-02-16 12:10:00.117
成功打印4号槽托盘编号：104192000628
发生时间：2019-02-16 12:10:00.087
成功打印3号槽托盘编号：103192000627
发生时间：2019-02-16 12:10:00.068
成功打印2号槽托盘编号：102192000626
发生时间：2019-02-16 12:10:00.003
成功保存结果,托盘号：115192000658\116192000659\117192000654\118192000660\101192000661\102192000626\103192000627\104192000628\105192000656\106192000629\107192000630\108192000631\109192000662\110192000655\111192000650\112192000651\114192000657\115192000658\116192000659\117192000654，新增：20个电芯
发生时间：2019-02-16 12:09:58.113
成功打印9号槽托盘编号：109192000625
发生时间：2019-02-16 12:09:58.077
成功打印1号槽托盘编号：101192000624
发生时间：2019-02-16 12:09:58.011
成功保存结果,托盘号：111192000650\112192000651\114192000657\115192000658\116192000659\117192000654\118192000660\101192000624\102192000626\103192000627\104192000628\105192000656\106192000629\107192000630\108192000631\109192000625\110192000655\111192000650\112192000651\114192000657，新增：20个电芯
发生时间：2019-02-16 12:09:55.971
成功保存结果,托盘号：108192000631\109192000625\110192000655\111192000650\112192000651\114192000657\115192000658\116192000659\117192000654\118192000660\101192000624\102192000626\103192000627\104192000628\105192000656\106192000629\107192000630\108192000631\109192000625\110192000655，新增：20个电芯
发生时间：2019-02-16 12:09:53.983
成功保存结果,托盘号：105192000656\106192000629\107192000630\108192000631\109192000625\110192000655\111192000650\112192000651\114192000657\115192000658\116192000659\117192000654\118192000660\101192000624\102192000626\103192000627\104192000628\105192000656\106192000629\107192000630，新增：20个电芯
发生时间：2019-02-16 12:09:51.958
成功保存结果,托盘号：102192000626\103192000627\104192000628\105192000656\106192000629\107192000630\108192000631\109192000625\110192000655\111192000650\112192000651\114192000657\115192000658\116192000659\117192000654\118192000660\101192000624\102192000626\103192000627\104192000628，新增：20个电芯
发生时间：2019-02-16 12:09:50.020
成功保存结果,托盘号：117192000654\118192000660\101192000624\102192000626\103192000627\104192000628\105192000656\106192000629\107192000630\108192000631\109192000625\110192000655\111192000650\112192000651\114192000657\115192000658\116192000659\117192000654\118192000660\101192000624，新增：20个电芯
发生时间：2019-02-16 12:09:47.999
成功保存结果,托盘号：114192000657\115192000658\116192000659\117192000654\118192000660\101192000624\102192000626\103192000627\104192000628\105192000656\106192000629\107192000630\108192000631\109192000625\110192000655\111192000650\112192000651\114192000657\115192000658\116192000659，新增：20个电芯
发生时间：2019-02-16 12:09:45.979
成功保存结果,托盘号：110192000655\111192000650\112192000651\114192000657\115192000658\116192000659\117192000654\118192000660\101192000624\102192000626\103192000627\104192000628\105192000656\106192000629\107192000630\108192000631\109192000625\110192000655\111192000650\112192000651，新增：20个电芯
发生时间：2019-02-16 12:09:43.978
成功保存结果,托盘号：107192000630\108192000631\109192000625\110192000655\111192000650\112192000651\114192000657\115192000658\116192000659\117192000654\118192000660\101192000624\102192000626\103192000627\104192000628\105192000656\106192000629\107192000630\108192000631\109192000625，新增：20个电芯
发生时间：2019-02-16 12:09:41.964
成功保存结果,托盘号：104192000628\105192000656\106192000629\107192000630\108192000631\109192000625\110192000655\111192000650\112192000651\114192000657\115192000658\116192000659\117192000654\118192000660\101192000624\102192000626\103192000627\104192000628\105192000656\106192000629，新增：20个电芯
发生时间：2019-02-16 12:09:39.996
成功保存结果,托盘号：101192000624\102192000626\103192000627\104192000628\105192000656\106192000629\107192000630\108192000631\109192000625\110192000655\111192000650\112192000651\114192000657\115192000658\116192000659\117192000654\118192000660\101192000624\102192000626\103192000627，新增：20个电芯
发生时间：2019-02-16 12:09:38.151
成功打印15号槽托盘编号：115192000652
发生时间：2019-02-16 12:09:38.131
成功打印14号槽托盘编号：114192000648
发生时间：2019-02-16 12:09:38.092
成功打印5号槽托盘编号：105192000647
发生时间：2019-02-16 12:09:38.076
成功打印18号槽托盘编号：118192000649
发生时间：2019-02-16 12:09:38.071
成功打印16号槽托盘编号：116192000653
发生时间：2019-02-16 12:09:37.982
成功保存结果,托盘号：116192000653\117192000654\118192000649\101192000624\102192000626\103192000627\104192000628\105192000647\106192000629\107192000630\108192000631\109192000625\110192000655\111192000650\112192000651\114192000648\115192000652\116192000653\117192000654\118192000649，新增：20个电芯
发生时间：2019-02-16 12:09:35.976
成功保存结果,托盘号：112192000651\114192000648\115192000652\116192000653\117192000654\118192000649\101192000624\102192000626\103192000627\104192000628\105192000647\106192000629\107192000630\108192000631\109192000625\110192000655\111192000650\112192000651\114192000648\115192000652，新增：20个电芯
发生时间：2019-02-16 12:09:33.972
成功保存结果,托盘号：109192000625\110192000655\111192000650\112192000651\114192000648\115192000652\116192000653\117192000654\118192000649\101192000624\102192000626\103192000627\104192000628\105192000647\106192000629\107192000630\108192000631\109192000625\110192000655\111192000650，新增：20个电芯
发生时间：2019-02-16 12:09:31.943
成功保存结果,托盘号：106192000629\107192000630\108192000631\109192000625\110192000655\111192000650\112192000651\114192000648\115192000652\116192000653\117192000654\118192000649\101192000624\102192000626\103192000627\104192000628\105192000647\106192000629\107192000630\108192000631，新增：20个电芯
发生时间：2019-02-16 12:09:29.960
成功保存结果,托盘号：103192000627\104192000628\105192000647\106192000629\107192000630\108192000631\109192000625\110192000655\111192000650\112192000651\114192000648\115192000652\116192000653\117192000654\118192000649\101192000624\102192000626\103192000627\104192000628\105192000647，新增：20个电芯
发生时间：2019-02-16 12:09:27.972
成功保存结果,托盘号：118192000649\101192000624\102192000626\103192000627\104192000628\105192000647\106192000629\107192000630\108192000631\109192000625\110192000655\111192000650\112192000651\114192000648\115192000652\116192000653\117192000654\118192000649\101192000624\102192000626，新增：20个电芯
发生时间：2019-02-16 12:09:25.956
成功保存结果,托盘号：115192000652\116192000653\117192000654\118192000649\101192000624\102192000626\103192000627\104192000628\105192000647\106192000629\107192000630\108192000631\109192000625\110192000655\111192000650\112192000651\114192000648\115192000652\116192000653\117192000654，新增：20个电芯
发生时间：2019-02-16 12:09:23.969
成功保存结果,托盘号：111192000650\112192000651\114192000648\115192000652\116192000653\117192000654\118192000649\101192000624\102192000626\103192000627\104192000628\105192000647\106192000629\107192000630\108192000631\109192000625\110192000655\111192000650\112192000651\114192000648，新增：20个电芯
发生时间：2019-02-16 12:09:21.981
成功保存结果,托盘号：108192000631\109192000625\110192000655\111192000650\112192000651\114192000648\115192000652\116192000653\117192000654\118192000649\101192000624\102192000626\103192000627\104192000628\105192000647\106192000629\107192000630\108192000631\109192000625\110192000655，新增：20个电芯
发生时间：2019-02-16 12:09:19.959
成功保存结果,托盘号：105192000647\106192000629\107192000630\108192000631\109192000625\110192000655\111192000650\112192000651\114192000648\115192000652\116192000653\117192000654\118192000649\101192000624\102192000626\103192000627\104192000628\105192000647\106192000629\107192000630，新增：20个电芯
发生时间：2019-02-16 12:09:17.977
成功保存结果,托盘号：102192000626\103192000627\104192000628\105192000647\106192000629\107192000630\108192000631\109192000625\110192000655\111192000650\112192000651\114192000648\115192000652\116192000653\117192000654\118192000649\101192000624\102192000626\103192000627\104192000628，新增：20个电芯
发生时间：2019-02-16 12:09:15.954
成功保存结果,托盘号：117192000654\118192000649\101192000624\102192000626\103192000627\104192000628\105192000647\106192000629\107192000630\108192000631\109192000625\110192000655\111192000650\112192000651\114192000648\115192000652\116192000653\117192000654\118192000649\101192000624，新增：20个电芯
发生时间：2019-02-16 12:09:13.973
成功保存结果,托盘号：114192000648\115192000652\116192000653\117192000654\118192000649\101192000624\102192000626\103192000627\104192000628\105192000647\106192000629\107192000630\108192000631\109192000625\110192000655\111192000650\112192000651\114192000648\115192000652\116192000653，新增：20个电芯
发生时间：2019-02-16 12:09:11.971
成功保存结果,托盘号：110192000655\111192000650\112192000651\114192000648\115192000652\116192000653\117192000654\118192000649\101192000624\102192000626\103192000627\104192000628\105192000647\106192000629\107192000630\108192000631\109192000625\110192000655\111192000650\112192000651，新增：20个电芯
发生时间：2019-02-16 12:09:09.962
成功保存结果,托盘号：107192000630\108192000631\109192000625\110192000655\111192000650\112192000651\114192000648\115192000652\116192000653\117192000654\118192000649\101192000624\102192000626\103192000627\104192000628\105192000647\106192000629\107192000630\108192000631\109192000625，新增：20个电芯
发生时间：2019-02-16 12:09:08.013
成功保存结果,托盘号：104192000628\105192000647\106192000629\107192000630\108192000631\109192000625\110192000655\111192000650\112192000651\114192000648\115192000652\116192000653\117192000654\118192000649\101192000624\102192000626\103192000627\104192000628\105192000647\106192000629，新增：20个电芯
发生时间：2019-02-16 12:09:06.120
成功打印10号槽托盘编号：110192000637
发生时间：2019-02-16 12:09:05.981
成功保存结果,托盘号：101192000624\102192000626\103192000627\104192000628\105192000647\106192000629\107192000630\108192000631\109192000625\110192000637\111192000650\112192000651\114192000648\115192000652\116192000653\117192000654\118192000649\101192000624\102192000626\103192000627，新增：20个电芯
发生时间：2019-02-16 12:09:04.131
成功打印15号槽托盘编号：115192000645
发生时间：2019-02-16 12:09:04.110
成功打印12号槽托盘编号：112192000638
发生时间：2019-02-16 12:09:04.087
成功打印11号槽托盘编号：111192000640
发生时间：2019-02-16 12:09:04.067
成功打印17号槽托盘编号：117192000623
发生时间：2019-02-16 12:09:04.051
成功打印16号槽托盘编号：116192000646
发生时间：2019-02-16 12:09:03.983
成功保存结果,托盘号：116192000646\117192000623\118192000649\101192000624\102192000626\103192000627\104192000628\105192000647\106192000629\107192000630\108192000631\109192000625\110192000637\111192000640\112192000638\114192000648\115192000645\116192000646\117192000623\118192000649，新增：20个电芯
发生时间：2019-02-16 12:09:01.981
成功保存结果,托盘号：112192000638\114192000648\115192000645\116192000646\117192000623\118192000649\101192000624\102192000626\103192000627\104192000628\105192000647\106192000629\107192000630\108192000631\109192000625\110192000637\111192000640\112192000638\114192000648\115192000645，新增：20个电芯
发生时间：2019-02-16 12:09:00.026
成功保存结果,托盘号：109192000625\110192000637\111192000640\112192000638\114192000648\115192000645\116192000646\117192000623\118192000649\101192000624\102192000626\103192000627\104192000628\105192000647\106192000629\107192000630\108192000631\109192000625\110192000637\111192000640，新增：20个电芯
发生时间：2019-02-16 12:08:57.965
成功保存结果,托盘号：106192000629\107192000630\108192000631\109192000625\110192000637\111192000640\112192000638\114192000648\115192000645\116192000646\117192000623\118192000649\101192000624\102192000626\103192000627\104192000628\105192000647\106192000629\107192000630\108192000631，新增：20个电芯
发生时间：2019-02-16 12:08:56.007
成功保存结果,托盘号：103192000627\104192000628\105192000647\106192000629\107192000630\108192000631\109192000625\110192000637\111192000640\112192000638\114192000648\115192000645\116192000646\117192000623\118192000649\101192000624\102192000626\103192000627\104192000628\105192000647，新增：20个电芯
发生时间：2019-02-16 12:08:53.965
成功保存结果,托盘号：118192000649\101192000624\102192000626\103192000627\104192000628\105192000647\106192000629\107192000630\108192000631\109192000625\110192000637\111192000640\112192000638\114192000648\115192000645\116192000646\117192000623\118192000649\101192000624\102192000626，新增：20个电芯
发生时间：2019-02-16 12:08:51.967
成功保存结果,托盘号：115192000645\116192000646\117192000623\118192000649\101192000624\102192000626\103192000627\104192000628\105192000647\106192000629\107192000630\108192000631\109192000625\110192000637\111192000640\112192000638\114192000648\115192000645\116192000646\117192000623，新增：20个电芯
发生时间：2019-02-16 12:08:50.001
成功保存结果,托盘号：111192000640\112192000638\114192000648\115192000645\116192000646\117192000623\118192000649\101192000624\102192000626\103192000627\104192000628\105192000647\106192000629\107192000630\108192000631\109192000625\110192000637\111192000640\112192000638\114192000648，新增：20个电芯
发生时间：2019-02-16 12:08:48.072
成功打印18号槽托盘编号：118192000644
发生时间：2019-02-16 12:08:48.068
成功打印14号槽托盘编号：114192000641
发生时间：2019-02-16 12:08:47.967
成功保存结果,托盘号：108192000631\109192000625\110192000637\111192000640\112192000638\114192000641\115192000645\116192000646\117192000623\118192000644\101192000624\102192000626\103192000627\104192000628\105192000647\106192000629\107192000630\108192000631\109192000625\110192000637，新增：20个电芯
发生时间：2019-02-16 12:08:46.203
成功打印5号槽托盘编号：105192000639
发生时间：2019-02-16 12:08:45.977
成功保存结果,托盘号：105192000639\106192000629\107192000630\108192000631\109192000625\110192000637\111192000640\112192000638\114192000641\115192000645\116192000646\117192000623\118192000644\101192000624\102192000626\103192000627\104192000628\105192000639\106192000629\107192000630，新增：20个电芯
发生时间：2019-02-16 12:08:44.022
成功保存结果,托盘号：102192000626\103192000627\104192000628\105192000639\106192000629\107192000630\108192000631\109192000625\110192000637\111192000640\112192000638\114192000641\115192000645\116192000646\117192000623\118192000644\101192000624\102192000626\103192000627\104192000628，新增：20个电芯
发生时间：2019-02-16 12:08:41.976
成功保存结果,托盘号：117192000623\118192000644\101192000624\102192000626\103192000627\104192000628\105192000639\106192000629\107192000630\108192000631\109192000625\110192000637\111192000640\112192000638\114192000641\115192000645\116192000646\117192000623\118192000644\101192000624，新增：20个电芯
发生时间：2019-02-16 12:08:39.986
成功保存结果,托盘号：114192000641\115192000645\116192000646\117192000623\118192000644\101192000624\102192000626\103192000627\104192000628\105192000639\106192000629\107192000630\108192000631\109192000625\110192000637\111192000640\112192000638\114192000641\115192000645\116192000646，新增：20个电芯
发生时间：2019-02-16 12:08:37.957
成功保存结果,托盘号：110192000637\111192000640\112192000638\114192000641\115192000645\116192000646\117192000623\118192000644\101192000624\102192000626\103192000627\104192000628\105192000639\106192000629\107192000630\108192000631\109192000625\110192000637\111192000640\112192000638，新增：20个电芯
发生时间：2019-02-16 12:08:35.967
成功保存结果,托盘号：107192000630\108192000631\109192000625\110192000637\111192000640\112192000638\114192000641\115192000645\116192000646\117192000623\118192000644\101192000624\102192000626\103192000627\104192000628\105192000639\106192000629\107192000630\108192000631\109192000625，新增：20个电芯
发生时间：2019-02-16 12:08:33.798
成功保存结果,托盘号：104192000628\105192000639\106192000629\107192000630\108192000631\109192000625\110192000637\111192000640\112192000638\114192000641\115192000645\116192000646\117192000623\118192000644\101192000624\102192000626\103192000627\104192000628\105192000639\106192000629，新增：20个电芯
发生时间：2019-02-16 12:08:31.977
成功保存结果,托盘号：101192000624\102192000626\103192000627\104192000628\105192000639\106192000629\107192000630\108192000631\109192000625\110192000637\111192000640\112192000638\114192000641\115192000645\116192000646\117192000623\118192000644\101192000624\102192000626\103192000627，新增：20个电芯
发生时间：2019-02-16 12:08:30.048
成功打印15号槽托盘编号：115192000642
发生时间：2019-02-16 12:08:30.044
成功打印16号槽托盘编号：116192000643
发生时间：2019-02-16 12:08:29.972
成功保存结果,托盘号：116192000643\117192000623\118192000644\101192000624\102192000626\103192000627\104192000628\105192000639\106192000629\107192000630\108192000631\109192000625\110192000637\111192000640\112192000638\114192000641\115192000642\116192000643\117192000623\118192000644，新增：20个电芯
发生时间：2019-02-16 12:08:28.017
成功保存结果,托盘号：112192000638\114192000641\115192000642\116192000643\117192000623\118192000644\101192000624\102192000626\103192000627\104192000628\105192000639\106192000629\107192000630\108192000631\109192000625\110192000637\111192000640\112192000638\114192000641\115192000642，新增：20个电芯
发生时间：2019-02-16 12:08:25.975
成功保存结果,托盘号：109192000625\110192000637\111192000640\112192000638\114192000641\115192000642\116192000643\117192000623\118192000644\101192000624\102192000626\103192000627\104192000628\105192000639\106192000629\107192000630\108192000631\109192000625\110192000637\111192000640，新增：20个电芯
发生时间：2019-02-16 12:08:23.996
成功保存结果,托盘号：106192000629\107192000630\108192000631\109192000625\110192000637\111192000640\112192000638\114192000641\115192000642\116192000643\117192000623\118192000644\101192000624\102192000626\103192000627\104192000628\105192000639\106192000629\107192000630\108192000631，新增：20个电芯
发生时间：2019-02-16 12:08:21.818
成功保存结果,托盘号：103192000627\104192000628\105192000639\106192000629\107192000630\108192000631\109192000625\110192000637\111192000640\112192000638\114192000641\115192000642\116192000643\117192000623\118192000644\101192000624\102192000626\103192000627\104192000628\105192000639，新增：20个电芯
发生时间：2019-02-16 12:08:19.988
成功保存结果,托盘号：118192000644\101192000624\102192000626\103192000627\104192000628\105192000639\106192000629\107192000630\108192000631\109192000625\110192000637\111192000640\112192000638\114192000641\115192000642\116192000643\117192000623\118192000644\101192000624\102192000626，新增：20个电芯
发生时间：2019-02-16 12:08:17.982
成功保存结果,托盘号：115192000642\116192000643\117192000623\118192000644\101192000624\102192000626\103192000627\104192000628\105192000639\106192000629\107192000630\108192000631\109192000625\110192000637\111192000640\112192000638\114192000641\115192000642\116192000643\117192000623，新增：20个电芯
发生时间：2019-02-16 12:08:15.961
成功保存结果,托盘号：111192000640\112192000638\114192000641\115192000642\116192000643\117192000623\118192000644\101192000624\102192000626\103192000627\104192000628\105192000639\106192000629\107192000630\108192000631\109192000625\110192000637\111192000640\112192000638\114192000641，新增：20个电芯
发生时间：2019-02-16 12:08:13.979
成功保存结果,托盘号：108192000631\109192000625\110192000637\111192000640\112192000638\114192000641\115192000642\116192000643\117192000623\118192000644\101192000624\102192000626\103192000627\104192000628\105192000639\106192000629\107192000630\108192000631\109192000625\110192000637，新增：20个电芯
发生时间：2019-02-16 12:08:11.975
成功保存结果,托盘号：105192000639\106192000629\107192000630\108192000631\109192000625\110192000637\111192000640\112192000638\114192000641\115192000642\116192000643\117192000623\118192000644\101192000624\102192000626\103192000627\104192000628\105192000639\106192000629\107192000630，新增：20个电芯
发生时间：2019-02-16 12:08:09.964
成功保存结果,托盘号：102192000626\103192000627\104192000628\105192000639\106192000629\107192000630\108192000631\109192000625\110192000637\111192000640\112192000638\114192000641\115192000642\116192000643\117192000623\118192000644\101192000624\102192000626\103192000627\104192000628，新增：20个电芯
发生时间：2019-02-16 12:08:07.973
成功保存结果,托盘号：117192000623\118192000644\101192000624\102192000626\103192000627\104192000628\105192000639\106192000629\107192000630\108192000631\109192000625\110192000637\111192000640\112192000638\114192000641\115192000642\116192000643\117192000623\118192000644\101192000624，新增：20个电芯
发生时间：2019-02-16 12:08:05.977
成功保存结果,托盘号：114192000641\115192000642\116192000643\117192000623\118192000644\101192000624\102192000626\103192000627\104192000628\105192000639\106192000629\107192000630\108192000631\109192000625\110192000637\111192000640\112192000638\114192000641\115192000642\116192000643，新增：20个电芯
发生时间：2019-02-16 12:08:03.980
成功保存结果,托盘号：110192000637\111192000640\112192000638\114192000641\115192000642\116192000643\117192000623\118192000644\101192000624\102192000626\103192000627\104192000628\105192000639\106192000629\107192000630\108192000631\109192000625\110192000637\111192000640\112192000638，新增：20个电芯
发生时间：2019-02-16 12:08:01.989
成功保存结果,托盘号：107192000630\108192000631\109192000625\110192000637\111192000640\112192000638\114192000641\115192000642\116192000643\117192000623\118192000644\101192000624\102192000626\103192000627\104192000628\105192000639\106192000629\107192000630\108192000631\109192000625，新增：20个电芯
发生时间：2019-02-16 12:07:59.963
成功保存结果,托盘号：104192000628\105192000639\106192000629\107192000630\108192000631\109192000625\110192000637\111192000640\112192000638\114192000641\115192000642\116192000643\117192000623\118192000644\101192000624\102192000626\103192000627\104192000628\105192000639\106192000629，新增：20个电芯
发生时间：2019-02-16 12:07:57.957
成功保存结果,托盘号：101192000624\102192000626\103192000627\104192000628\105192000639\106192000629\107192000630\108192000631\109192000625\110192000637\111192000640\112192000638\114192000641\115192000642\116192000643\117192000623\118192000644\101192000624\102192000626\103192000627，新增：20个电芯
发生时间：2019-02-16 12:07:56.094
成功打印15号槽托盘编号：115192000635
发生时间：2019-02-16 12:07:56.081
成功打印14号槽托盘编号：114192000633
发生时间：2019-02-16 12:07:56.066
成功打印11号槽托盘编号：111192000620
发生时间：2019-02-16 12:07:56.064
成功打印5号槽托盘编号：105192000632
发生时间：2019-02-16 12:07:56.051
成功打印18号槽托盘编号：118192000634
发生时间：2019-02-16 12:07:56.037
成功打印16号槽托盘编号：116192000636
发生时间：2019-02-16 12:07:55.981
成功保存结果,托盘号：116192000636\117192000623\118192000634\101192000624\102192000626\103192000627\104192000628\105192000632\106192000629\107192000630\108192000631\109192000625\110192000637\111192000620\112192000638\114192000633\115192000635\116192000636\117192000623\118192000634，新增：20个电芯
发生时间：2019-02-16 12:07:54.355
成功保存结果,托盘号：112192000638\114192000633\115192000635\116192000636\117192000623\118192000634\101192000624\102192000626\103192000627\104192000628\105192000632\106192000629\107192000630\108192000631\109192000625\110192000637\111192000620\112192000638\114192000633\115192000635，新增：20个电芯

