-----------------存储时间:2020-04-26 23:03:32-----------------
发生时间：2020-04-26 23:03:32.887
存储电芯数据:000000001000000002000000003000000004000000005000000006000000007000000008000000009000000010000000011000000012000000013000000014
发生时间：2020-04-26 23:03:32.803
存储电芯数据:000000001000000002000000003000000004000000005000000006000000007000000008000000009000000010000000011000000012000000013000000014
发生时间：2020-04-26 23:03:32.717
存储电芯数据:000000001000000002000000003000000004000000005000000006000000007000000008000000009000000010000000011000000012000000013000000014
发生时间：2020-04-26 23:03:32.625
存储电芯数据:000000001000000002000000003000000004000000005000000006000000007000000008000000009000000010000000011000000012000000013000000014
发生时间：2020-04-26 23:03:32.538
存储电芯数据:000000001000000002000000003000000004000000005000000006000000007000000008000000009000000010000000011000000012000000013000000014
发生时间：2020-04-26 23:03:32.453
存储电芯数据:000000001000000002000000003000000004000000005000000006000000007000000008000000009000000010000000011000000012000000013000000014
发生时间：2020-04-26 23:03:32.367
存储电芯数据:000000001000000002000000003000000004000000005000000006000000007000000008000000009000000010000000011000000012000000013000000014
发生时间：2020-04-26 23:03:32.281
存储电芯数据:000000001000000002000000003000000004000000005000000006000000007000000008000000009000000010000000011000000012000000013000000014
发生时间：2020-04-26 23:03:32.192
存储电芯数据:000000001000000002000000003000000004000000005000000006000000007000000008000000009000000010000000011000000012000000013000000014
发生时间：2020-04-26 23:03:32.108
存储电芯数据:000000001000000002000000003000000004000000005000000006000000007000000008000000009000000010000000011000000012000000013000000014
发生时间：2020-04-26 23:03:32.021
存储电芯数据:000000001000000002000000003000000004000000005000000006000000007000000008000000009000000010000000011000000012000000013000000014
发生时间：2020-04-26 23:03:31.936
存储电芯数据:000000001000000002000000003000000004000000005000000006000000007000000008000000009000000010000000011000000012000000013000000014
发生时间：2020-04-26 23:03:31.814
存储电芯数据:000000001000000002000000003000000004000000005000000006000000007000000008000000009000000010000000011000000012000000013000000014
发生时间：2020-04-26 23:03:31.730
存储电芯数据:000000001000000002000000003000000004000000005000000006000000007000000008000000009000000010000000011000000012000000013000000014
发生时间：2020-04-26 23:03:31.644
存储电芯数据:000000001000000002000000003000000004000000005000000006000000007000000008000000009000000010000000011000000012000000013000000014
发生时间：2020-04-26 23:03:31.558
存储电芯数据:000000001000000002000000003000000004000000005000000006000000007000000008000000009000000010000000011000000012000000013000000014
发生时间：2020-04-26 23:03:31.472
存储电芯数据:000000001000000002000000003000000004000000005000000006000000007000000008000000009000000010000000011000000012000000013000000014
发生时间：2020-04-26 23:03:31.389
存储电芯数据:000000001000000002000000003000000004000000005000000006000000007000000008000000009000000010000000011000000012000000013000000014
发生时间：2020-04-26 23:03:31.304
存储电芯数据:000000001000000002000000003000000004000000005000000006000000007000000008000000009000000010000000011000000012000000013000000014
发生时间：2020-04-26 23:03:31.207
存储电芯数据:000000001000000002000000003000000004000000005000000006000000007000000008000000009000000010000000011000000012000000013000000014
发生时间：2020-04-26 23:03:31.123
存储电芯数据:000000001000000002000000003000000004000000005000000006000000007000000008000000009000000010000000011000000012000000013000000014
发生时间：2020-04-26 23:03:31.035
存储电芯数据:000000001000000002000000003000000004000000005000000006000000007000000008000000009000000010000000011000000012000000013000000014
发生时间：2020-04-26 23:03:30.943
存储电芯数据:000000001000000002000000003000000004000000005000000006000000007000000008000000009000000010000000011000000012000000013000000014
发生时间：2020-04-26 23:03:30.854
存储电芯数据:000000001000000002000000003000000004000000005000000006000000007000000008000000009000000010000000011000000012000000013000000014
发生时间：2020-04-26 23:03:30.769
存储电芯数据:000000001000000002000000003000000004000000005000000006000000007000000008000000009000000010000000011000000012000000013000000014
发生时间：2020-04-26 23:03:30.681
存储电芯数据:000000001000000002000000003000000004000000005000000006000000007000000008000000009000000010000000011000000012000000013000000014
发生时间：2020-04-26 23:03:30.586
存储电芯数据:000000001000000002000000003000000004000000005000000006000000007000000008000000009000000010000000011000000012000000013000000014
发生时间：2020-04-26 23:03:30.496
存储电芯数据:000000001000000002000000003000000004000000005000000006000000007000000008000000009000000010000000011000000012000000013000000014
发生时间：2020-04-26 23:03:30.411
存储电芯数据:000000001000000002000000003000000004000000005000000006000000007000000008000000009000000010000000011000000012000000013000000014
发生时间：2020-04-26 23:03:30.321
存储电芯数据:000000001000000002000000003000000004000000005000000006000000007000000008000000009000000010000000011000000012000000013000000014
发生时间：2020-04-26 23:03:30.236
存储电芯数据:000000001000000002000000003000000004000000005000000006000000007000000008000000009000000010000000011000000012000000013000000014
发生时间：2020-04-26 23:03:30.152
存储电芯数据:000000001000000002000000003000000004000000005000000006000000007000000008000000009000000010000000011000000012000000013000000014
发生时间：2020-04-26 23:03:30.056
存储电芯数据:000000001000000002000000003000000004000000005000000006000000007000000008000000009000000010000000011000000012000000013000000014
发生时间：2020-04-26 23:03:29.969
存储电芯数据:000000001000000002000000003000000004000000005000000006000000007000000008000000009000000010000000011000000012000000013000000014
发生时间：2020-04-26 23:03:29.880
存储电芯数据:000000001000000002000000003000000004000000005000000006000000007000000008000000009000000010000000011000000012000000013000000014
发生时间：2020-04-26 23:03:29.793
存储电芯数据:000000001000000002000000003000000004000000005000000006000000007000000008000000009000000010000000011000000012000000013000000014
发生时间：2020-04-26 23:03:29.709
存储电芯数据:000000001000000002000000003000000004000000005000000006000000007000000008000000009000000010000000011000000012000000013000000014
发生时间：2020-04-26 23:03:29.614
存储电芯数据:000000001000000002000000003000000004000000005000000006000000007000000008000000009000000010000000011000000012000000013000000014
发生时间：2020-04-26 23:03:29.528
存储电芯数据:000000001000000002000000003000000004000000005000000006000000007000000008000000009000000010000000011000000012000000013000000014
发生时间：2020-04-26 23:03:29.439
存储电芯数据:000000001000000002000000003000000004000000005000000006000000007000000008000000009000000010000000011000000012000000013000000014
发生时间：2020-04-26 23:03:29.355
存储电芯数据:000000001000000002000000003000000004000000005000000006000000007000000008000000009000000010000000011000000012000000013000000014
发生时间：2020-04-26 23:03:29.271
存储电芯数据:000000001000000002000000003000000004000000005000000006000000007000000008000000009000000010000000011000000012000000013000000014
发生时间：2020-04-26 23:03:29.176
存储电芯数据:000000001000000002000000003000000004000000005000000006000000007000000008000000009000000010000000011000000012000000013000000014
发生时间：2020-04-26 23:03:29.090
存储电芯数据:000000001000000002000000003000000004000000005000000006000000007000000008000000009000000010000000011000000012000000013000000014
发生时间：2020-04-26 23:03:29.000
存储电芯数据:000000001000000002000000003000000004000000005000000006000000007000000008000000009000000010000000011000000012000000013000000014
发生时间：2020-04-26 23:03:28.911
存储电芯数据:000000001000000002000000003000000004000000005000000006000000007000000008000000009000000010000000011000000012000000013000000014
发生时间：2020-04-26 23:03:28.826
存储电芯数据:000000001000000002000000003000000004000000005000000006000000007000000008000000009000000010000000011000000012000000013000000014
发生时间：2020-04-26 23:03:28.742
存储电芯数据:000000001000000002000000003000000004000000005000000006000000007000000008000000009000000010000000011000000012000000013000000014
发生时间：2020-04-26 23:03:28.658
存储电芯数据:000000001000000002000000003000000004000000005000000006000000007000000008000000009000000010000000011000000012000000013000000014
发生时间：2020-04-26 23:03:28.565
存储电芯数据:000000001000000002000000003000000004000000005000000006000000007000000008000000009000000010000000011000000012000000013000000014
发生时间：2020-04-26 23:03:28.480
存储电芯数据:000000001000000002000000003000000004000000005000000006000000007000000008000000009000000010000000011000000012000000013000000014
发生时间：2020-04-26 23:03:28.397
存储电芯数据:000000001000000002000000003000000004000000005000000006000000007000000008000000009000000010000000011000000012000000013000000014
发生时间：2020-04-26 23:03:28.311
存储电芯数据:000000001000000002000000003000000004000000005000000006000000007000000008000000009000000010000000011000000012000000013000000014
发生时间：2020-04-26 23:03:28.161
存储电芯数据:000000001000000002000000003000000004000000005000000006000000007000000008000000009000000010000000011000000012000000013000000014
发生时间：2020-04-26 23:03:28.062
存储电芯数据:000000001000000002000000003000000004000000005000000006000000007000000008000000009000000010000000011000000012000000013000000014
发生时间：2020-04-26 23:03:27.974
存储电芯数据:000000001000000002000000003000000004000000005000000006000000007000000008000000009000000010000000011000000012000000013000000014
发生时间：2020-04-26 23:03:27.888
存储电芯数据:000000001000000002000000003000000004000000005000000006000000007000000008000000009000000010000000011000000012000000013000000014
发生时间：2020-04-26 23:03:27.801
存储电芯数据:000000001000000002000000003000000004000000005000000006000000007000000008000000009000000010000000011000000012000000013000000014
发生时间：2020-04-26 23:03:27.714
存储电芯数据:000000001000000002000000003000000004000000005000000006000000007000000008000000009000000010000000011000000012000000013000000014
发生时间：2020-04-26 23:03:27.625
存储电芯数据:000000001000000002000000003000000004000000005000000006000000007000000008000000009000000010000000011000000012000000013000000014
发生时间：2020-04-26 23:03:27.541
存储电芯数据:000000001000000002000000003000000004000000005000000006000000007000000008000000009000000010000000011000000012000000013000000014
发生时间：2020-04-26 23:03:27.458
存储电芯数据:000000001000000002000000003000000004000000005000000006000000007000000008000000009000000010000000011000000012000000013000000014
发生时间：2020-04-26 23:03:27.361
存储电芯数据:000000001000000002000000003000000004000000005000000006000000007000000008000000009000000010000000011000000012000000013000000014
发生时间：2020-04-26 23:03:27.276
存储电芯数据:000000001000000002000000003000000004000000005000000006000000007000000008000000009000000010000000011000000012000000013000000014
发生时间：2020-04-26 23:03:27.193
存储电芯数据:000000001000000002000000003000000004000000005000000006000000007000000008000000009000000010000000011000000012000000013000000014
发生时间：2020-04-26 23:03:27.109
存储电芯数据:000000001000000002000000003000000004000000005000000006000000007000000008000000009000000010000000011000000012000000013000000014
发生时间：2020-04-26 23:03:27.026
存储电芯数据:000000001000000002000000003000000004000000005000000006000000007000000008000000009000000010000000011000000012000000013000000014
发生时间：2020-04-26 23:03:26.944
存储电芯数据:000000001000000002000000003000000004000000005000000006000000007000000008000000009000000010000000011000000012000000013000000014
发生时间：2020-04-26 23:03:26.858
存储电芯数据:000000001000000002000000003000000004000000005000000006000000007000000008000000009000000010000000011000000012000000013000000014
发生时间：2020-04-26 23:03:26.766
存储电芯数据:000000001000000002000000003000000004000000005000000006000000007000000008000000009000000010000000011000000012000000013000000014
发生时间：2020-04-26 23:03:26.675
存储电芯数据:000000001000000002000000003000000004000000005000000006000000007000000008000000009000000010000000011000000012000000013000000014
发生时间：2020-04-26 23:03:26.590
存储电芯数据:000000001000000002000000003000000004000000005000000006000000007000000008000000009000000010000000011000000012000000013000000014
发生时间：2020-04-26 23:03:26.507
存储电芯数据:000000001000000002000000003000000004000000005000000006000000007000000008000000009000000010000000011000000012000000013000000014
发生时间：2020-04-26 23:03:26.412
存储电芯数据:000000001000000002000000003000000004000000005000000006000000007000000008000000009000000010000000011000000012000000013000000014
发生时间：2020-04-26 23:03:26.328
存储电芯数据:000000001000000002000000003000000004000000005000000006000000007000000008000000009000000010000000011000000012000000013000000014
发生时间：2020-04-26 23:03:26.245
存储电芯数据:000000001000000002000000003000000004000000005000000006000000007000000008000000009000000010000000011000000012000000013000000014
发生时间：2020-04-26 23:03:26.162
存储电芯数据:000000001000000002000000003000000004000000005000000006000000007000000008000000009000000010000000011000000012000000013000000014
发生时间：2020-04-26 23:03:26.075
存储电芯数据:000000001000000002000000003000000004000000005000000006000000007000000008000000009000000010000000011000000012000000013000000014
发生时间：2020-04-26 23:03:25.989
存储电芯数据:000000001000000002000000003000000004000000005000000006000000007000000008000000009000000010000000011000000012000000013000000014
发生时间：2020-04-26 23:03:25.904
存储电芯数据:000000001000000002000000003000000004000000005000000006000000007000000008000000009000000010000000011000000012000000013000000014
发生时间：2020-04-26 23:03:25.820
存储电芯数据:000000001000000002000000003000000004000000005000000006000000007000000008000000009000000010000000011000000012000000013000000014
发生时间：2020-04-26 23:03:25.737
存储电芯数据:000000001000000002000000003000000004000000005000000006000000007000000008000000009000000010000000011000000012000000013000000014
发生时间：2020-04-26 23:03:25.650
存储电芯数据:000000001000000002000000003000000004000000005000000006000000007000000008000000009000000010000000011000000012000000013000000014
发生时间：2020-04-26 23:03:25.561
存储电芯数据:000000001000000002000000003000000004000000005000000006000000007000000008000000009000000010000000011000000012000000013000000014
发生时间：2020-04-26 23:03:25.473
存储电芯数据:000000001000000002000000003000000004000000005000000006000000007000000008000000009000000010000000011000000012000000013000000014
发生时间：2020-04-26 23:03:25.391
存储电芯数据:000000001000000002000000003000000004000000005000000006000000007000000008000000009000000010000000011000000012000000013000000014
发生时间：2020-04-26 23:03:25.295
存储电芯数据:000000001000000002000000003000000004000000005000000006000000007000000008000000009000000010000000011000000012000000013000000014
发生时间：2020-04-26 23:03:25.212
存储电芯数据:000000001000000002000000003000000004000000005000000006000000007000000008000000009000000010000000011000000012000000013000000014
发生时间：2020-04-26 23:03:25.129
存储电芯数据:000000001000000002000000003000000004000000005000000006000000007000000008000000009000000010000000011000000012000000013000000014
发生时间：2020-04-26 23:03:25.047
存储电芯数据:000000001000000002000000003000000004000000005000000006000000007000000008000000009000000010000000011000000012000000013000000014
发生时间：2020-04-26 23:03:24.963
存储电芯数据:000000001000000002000000003000000004000000005000000006000000007000000008000000009000000010000000011000000012000000013000000014
发生时间：2020-04-26 23:03:24.882
存储电芯数据:000000001000000002000000003000000004000000005000000006000000007000000008000000009000000010000000011000000012000000013000000014
发生时间：2020-04-26 23:03:24.799
存储电芯数据:000000001000000002000000003000000004000000005000000006000000007000000008000000009000000010000000011000000012000000013000000014
发生时间：2020-04-26 23:03:24.708
存储电芯数据:000000001000000002000000003000000004000000005000000006000000007000000008000000009000000010000000011000000012000000013000000014
发生时间：2020-04-26 23:03:24.621
存储电芯数据:000000001000000002000000003000000004000000005000000006000000007000000008000000009000000010000000011000000012000000013000000014
发生时间：2020-04-26 23:03:24.538
存储电芯数据:000000001000000002000000003000000004000000005000000006000000007000000008000000009000000010000000011000000012000000013000000014
发生时间：2020-04-26 23:03:24.455
存储电芯数据:000000001000000002000000003000000004000000005000000006000000007000000008000000009000000010000000011000000012000000013000000014
发生时间：2020-04-26 23:03:24.371
存储电芯数据:000000001000000002000000003000000004000000005000000006000000007000000008000000009000000010000000011000000012000000013000000014
发生时间：2020-04-26 23:03:24.285
存储电芯数据:000000001000000002000000003000000004000000005000000006000000007000000008000000009000000010000000011000000012000000013000000014
发生时间：2020-04-26 23:03:24.195
存储电芯数据:000000001000000002000000003000000004000000005000000006000000007000000008000000009000000010000000011000000012000000013000000014
发生时间：2020-04-26 23:03:24.114
存储电芯数据:000000001000000002000000003000000004000000005000000006000000007000000008000000009000000010000000011000000012000000013000000014
发生时间：2020-04-26 23:03:24.029
存储电芯数据:000000001000000002000000003000000004000000005000000006000000007000000008000000009000000010000000011000000012000000013000000014
发生时间：2020-04-26 23:03:23.944
存储电芯数据:000000001000000002000000003000000004000000005000000006000000007000000008000000009000000010000000011000000012000000013000000014
发生时间：2020-04-26 23:03:23.860
存储电芯数据:000000001000000002000000003000000004000000005000000006000000007000000008000000009000000010000000011000000012000000013000000014
发生时间：2020-04-26 23:03:23.777
存储电芯数据:000000001000000002000000003000000004000000005000000006000000007000000008000000009000000010000000011000000012000000013000000014
发生时间：2020-04-26 23:03:23.690
存储电芯数据:000000001000000002000000003000000004000000005000000006000000007000000008000000009000000010000000011000000012000000013000000014
发生时间：2020-04-26 23:03:23.603
存储电芯数据:000000001000000002000000003000000004000000005000000006000000007000000008000000009000000010000000011000000012000000013000000014
发生时间：2020-04-26 23:03:23.520
存储电芯数据:000000001000000002000000003000000004000000005000000006000000007000000008000000009000000010000000011000000012000000013000000014
发生时间：2020-04-26 23:03:23.431
存储电芯数据:000000001000000002000000003000000004000000005000000006000000007000000008000000009000000010000000011000000012000000013000000014
发生时间：2020-04-26 23:03:23.338
存储电芯数据:000000001000000002000000003000000004000000005000000006000000007000000008000000009000000010000000011000000012000000013000000014
发生时间：2020-04-26 23:03:23.255
存储电芯数据:000000001000000002000000003000000004000000005000000006000000007000000008000000009000000010000000011000000012000000013000000014
发生时间：2020-04-26 23:03:23.174
存储电芯数据:000000001000000002000000003000000004000000005000000006000000007000000008000000009000000010000000011000000012000000013000000014
发生时间：2020-04-26 23:03:23.091
存储电芯数据:000000001000000002000000003000000004000000005000000006000000007000000008000000009000000010000000011000000012000000013000000014
发生时间：2020-04-26 23:03:23.004
存储电芯数据:000000001000000002000000003000000004000000005000000006000000007000000008000000009000000010000000011000000012000000013000000014
发生时间：2020-04-26 23:03:22.917
存储电芯数据:000000001000000002000000003000000004000000005000000006000000007000000008000000009000000010000000011000000012000000013000000014
发生时间：2020-04-26 23:03:22.832
存储电芯数据:000000001000000002000000003000000004000000005000000006000000007000000008000000009000000010000000011000000012000000013000000014
发生时间：2020-04-26 23:03:22.740
存储电芯数据:000000001000000002000000003000000004000000005000000006000000007000000008000000009000000010000000011000000012000000013000000014
发生时间：2020-04-26 23:03:22.656
存储电芯数据:000000001000000002000000003000000004000000005000000006000000007000000008000000009000000010000000011000000012000000013000000014
发生时间：2020-04-26 23:03:22.567
存储电芯数据:000000001000000002000000003000000004000000005000000006000000007000000008000000009000000010000000011000000012000000013000000014
发生时间：2020-04-26 23:03:22.484
存储电芯数据:000000001000000002000000003000000004000000005000000006000000007000000008000000009000000010000000011000000012000000013000000014
发生时间：2020-04-26 23:03:22.397
存储电芯数据:000000001000000002000000003000000004000000005000000006000000007000000008000000009000000010000000011000000012000000013000000014
发生时间：2020-04-26 23:03:22.313
存储电芯数据:000000001000000002000000003000000004000000005000000006000000007000000008000000009000000010000000011000000012000000013000000014
发生时间：2020-04-26 23:03:22.229
存储电芯数据:000000001000000002000000003000000004000000005000000006000000007000000008000000009000000010000000011000000012000000013000000014
发生时间：2020-04-26 23:03:22.132
存储电芯数据:000000001000000002000000003000000004000000005000000006000000007000000008000000009000000010000000011000000012000000013000000014
发生时间：2020-04-26 23:03:22.049
存储电芯数据:000000001000000002000000003000000004000000005000000006000000007000000008000000009000000010000000011000000012000000013000000014
发生时间：2020-04-26 23:03:21.962
存储电芯数据:000000001000000002000000003000000004000000005000000006000000007000000008000000009000000010000000011000000012000000013000000014
发生时间：2020-04-26 23:03:21.879
存储电芯数据:000000001000000002000000003000000004000000005000000006000000007000000008000000009000000010000000011000000012000000013000000014
发生时间：2020-04-26 23:03:21.793
存储电芯数据:000000001000000002000000003000000004000000005000000006000000007000000008000000009000000010000000011000000012000000013000000014
发生时间：2020-04-26 23:03:21.710
存储电芯数据:000000001000000002000000003000000004000000005000000006000000007000000008000000009000000010000000011000000012000000013000000014
发生时间：2020-04-26 23:03:21.628
存储电芯数据:000000001000000002000000003000000004000000005000000006000000007000000008000000009000000010000000011000000012000000013000000014
发生时间：2020-04-26 23:03:21.542
存储电芯数据:000000001000000002000000003000000004000000005000000006000000007000000008000000009000000010000000011000000012000000013000000014
发生时间：2020-04-26 23:03:21.450
存储电芯数据:000000001000000002000000003000000004000000005000000006000000007000000008000000009000000010000000011000000012000000013000000014
发生时间：2020-04-26 23:03:21.353
存储电芯数据:000000001000000002000000003000000004000000005000000006000000007000000008000000009000000010000000011000000012000000013000000014
发生时间：2020-04-26 23:03:21.045
存储电芯数据:000000001000000002000000003000000004000000005000000006000000007000000008000000009000000010000000011000000012000000013000000014
发生时间：2020-04-26 23:03:20.963
存储电芯数据:000000001000000002000000003000000004000000005000000006000000007000000008000000009000000010000000011000000012000000013000000014
发生时间：2020-04-26 23:03:20.870
存储电芯数据:000000001000000002000000003000000004000000005000000006000000007000000008000000009000000010000000011000000012000000013000000014
发生时间：2020-04-26 23:03:20.789
存储电芯数据:000000001000000002000000003000000004000000005000000006000000007000000008000000009000000010000000011000000012000000013000000014
发生时间：2020-04-26 23:03:20.706
存储电芯数据:000000001000000002000000003000000004000000005000000006000000007000000008000000009000000010000000011000000012000000013000000014
发生时间：2020-04-26 23:03:20.625
存储电芯数据:000000001000000002000000003000000004000000005000000006000000007000000008000000009000000010000000011000000012000000013000000014
发生时间：2020-04-26 23:03:20.543
存储电芯数据:000000001000000002000000003000000004000000005000000006000000007000000008000000009000000010000000011000000012000000013000000014
发生时间：2020-04-26 23:03:20.460
存储电芯数据:000000001000000002000000003000000004000000005000000006000000007000000008000000009000000010000000011000000012000000013000000014
发生时间：2020-04-26 23:03:20.377
存储电芯数据:000000001000000002000000003000000004000000005000000006000000007000000008000000009000000010000000011000000012000000013000000014
发生时间：2020-04-26 23:03:20.292
存储电芯数据:000000001000000002000000003000000004000000005000000006000000007000000008000000009000000010000000011000000012000000013000000014
发生时间：2020-04-26 23:03:20.209
存储电芯数据:000000001000000002000000003000000004000000005000000006000000007000000008000000009000000010000000011000000012000000013000000014
发生时间：2020-04-26 23:03:20.125
存储电芯数据:000000001000000002000000003000000004000000005000000006000000007000000008000000009000000010000000011000000012000000013000000014
发生时间：2020-04-26 23:03:20.043
存储电芯数据:000000001000000002000000003000000004000000005000000006000000007000000008000000009000000010000000011000000012000000013000000014
发生时间：2020-04-26 23:03:19.961
存储电芯数据:000000001000000002000000003000000004000000005000000006000000007000000008000000009000000010000000011000000012000000013000000014
发生时间：2020-04-26 23:03:19.869
存储电芯数据:000000001000000002000000003000000004000000005000000006000000007000000008000000009000000010000000011000000012000000013000000014
发生时间：2020-04-26 23:03:19.787
存储电芯数据:000000001000000002000000003000000004000000005000000006000000007000000008000000009000000010000000011000000012000000013000000014
发生时间：2020-04-26 23:03:19.704
存储电芯数据:000000001000000002000000003000000004000000005000000006000000007000000008000000009000000010000000011000000012000000013000000014
发生时间：2020-04-26 23:03:19.612
存储电芯数据:000000001000000002000000003000000004000000005000000006000000007000000008000000009000000010000000011000000012000000013000000014
发生时间：2020-04-26 23:03:19.530
存储电芯数据:000000001000000002000000003000000004000000005000000006000000007000000008000000009000000010000000011000000012000000013000000014
发生时间：2020-04-26 23:03:19.447
存储电芯数据:000000001000000002000000003000000004000000005000000006000000007000000008000000009000000010000000011000000012000000013000000014
发生时间：2020-04-26 23:03:19.358
存储电芯数据:000000001000000002000000003000000004000000005000000006000000007000000008000000009000000010000000011000000012000000013000000014
发生时间：2020-04-26 23:03:19.274
存储电芯数据:000000001000000002000000003000000004000000005000000006000000007000000008000000009000000010000000011000000012000000013000000014
发生时间：2020-04-26 23:03:19.192
存储电芯数据:000000001000000002000000003000000004000000005000000006000000007000000008000000009000000010000000011000000012000000013000000014
发生时间：2020-04-26 23:03:19.110
存储电芯数据:000000001000000002000000003000000004000000005000000006000000007000000008000000009000000010000000011000000012000000013000000014
发生时间：2020-04-26 23:03:19.029
存储电芯数据:000000001000000002000000003000000004000000005000000006000000007000000008000000009000000010000000011000000012000000013000000014
发生时间：2020-04-26 23:03:18.948
存储电芯数据:000000001000000002000000003000000004000000005000000006000000007000000008000000009000000010000000011000000012000000013000000014
发生时间：2020-04-26 23:03:18.866
存储电芯数据:000000001000000002000000003000000004000000005000000006000000007000000008000000009000000010000000011000000012000000013000000014
发生时间：2020-04-26 23:03:18.782
存储电芯数据:000000001000000002000000003000000004000000005000000006000000007000000008000000009000000010000000011000000012000000013000000014
发生时间：2020-04-26 23:03:18.700
存储电芯数据:000000001000000002000000003000000004000000005000000006000000007000000008000000009000000010000000011000000012000000013000000014
发生时间：2020-04-26 23:03:18.617
存储电芯数据:000000001000000002000000003000000004000000005000000006000000007000000008000000009000000010000000011000000012000000013000000014
发生时间：2020-04-26 23:03:18.536
存储电芯数据:000000001000000002000000003000000004000000005000000006000000007000000008000000009000000010000000011000000012000000013000000014
发生时间：2020-04-26 23:03:18.455
存储电芯数据:000000001000000002000000003000000004000000005000000006000000007000000008000000009000000010000000011000000012000000013000000014
发生时间：2020-04-26 23:03:18.373
存储电芯数据:000000001000000002000000003000000004000000005000000006000000007000000008000000009000000010000000011000000012000000013000000014
发生时间：2020-04-26 23:03:18.256
存储电芯数据:000000001000000002000000003000000004000000005000000006000000007000000008000000009000000010000000011000000012000000013000000014
发生时间：2020-04-26 23:03:18.175
存储电芯数据:000000001000000002000000003000000004000000005000000006000000007000000008000000009000000010000000011000000012000000013000000014
发生时间：2020-04-26 23:03:18.094
存储电芯数据:000000001000000002000000003000000004000000005000000006000000007000000008000000009000000010000000011000000012000000013000000014
发生时间：2020-04-26 23:03:18.011
存储电芯数据:000000001000000002000000003000000004000000005000000006000000007000000008000000009000000010000000011000000012000000013000000014
发生时间：2020-04-26 23:03:17.930
存储电芯数据:000000001000000002000000003000000004000000005000000006000000007000000008000000009000000010000000011000000012000000013000000014
发生时间：2020-04-26 23:03:17.850
存储电芯数据:000000001000000002000000003000000004000000005000000006000000007000000008000000009000000010000000011000000012000000013000000014
发生时间：2020-04-26 23:03:17.760
存储电芯数据:000000001000000002000000003000000004000000005000000006000000007000000008000000009000000010000000011000000012000000013000000014
发生时间：2020-04-26 23:03:17.679
存储电芯数据:000000001000000002000000003000000004000000005000000006000000007000000008000000009000000010000000011000000012000000013000000014
发生时间：2020-04-26 23:03:17.597
存储电芯数据:000000001000000002000000003000000004000000005000000006000000007000000008000000009000000010000000011000000012000000013000000014
发生时间：2020-04-26 23:03:17.518
存储电芯数据:000000001000000002000000003000000004000000005000000006000000007000000008000000009000000010000000011000000012000000013000000014
发生时间：2020-04-26 23:03:17.438
存储电芯数据:000000001000000002000000003000000004000000005000000006000000007000000008000000009000000010000000011000000012000000013000000014
发生时间：2020-04-26 23:03:17.355
存储电芯数据:000000001000000002000000003000000004000000005000000006000000007000000008000000009000000010000000011000000012000000013000000014
发生时间：2020-04-26 23:03:17.261
存储电芯数据:000000001000000002000000003000000004000000005000000006000000007000000008000000009000000010000000011000000012000000013000000014
发生时间：2020-04-26 23:03:17.176
存储电芯数据:000000001000000002000000003000000004000000005000000006000000007000000008000000009000000010000000011000000012000000013000000014
发生时间：2020-04-26 23:03:17.096
存储电芯数据:000000001000000002000000003000000004000000005000000006000000007000000008000000009000000010000000011000000012000000013000000014
发生时间：2020-04-26 23:03:17.015
存储电芯数据:000000001000000002000000003000000004000000005000000006000000007000000008000000009000000010000000011000000012000000013000000014
发生时间：2020-04-26 23:03:16.935
存储电芯数据:000000001000000002000000003000000004000000005000000006000000007000000008000000009000000010000000011000000012000000013000000014
发生时间：2020-04-26 23:03:16.854
存储电芯数据:000000001000000002000000003000000004000000005000000006000000007000000008000000009000000010000000011000000012000000013000000014
发生时间：2020-04-26 23:03:16.763
存储电芯数据:000000001000000002000000003000000004000000005000000006000000007000000008000000009000000010000000011000000012000000013000000014
发生时间：2020-04-26 23:03:16.683
存储电芯数据:000000001000000002000000003000000004000000005000000006000000007000000008000000009000000010000000011000000012000000013000000014
发生时间：2020-04-26 23:03:16.603
存储电芯数据:000000001000000002000000003000000004000000005000000006000000007000000008000000009000000010000000011000000012000000013000000014
发生时间：2020-04-26 23:03:16.521
存储电芯数据:000000001000000002000000003000000004000000005000000006000000007000000008000000009000000010000000011000000012000000013000000014
发生时间：2020-04-26 23:03:16.442
存储电芯数据:000000001000000002000000003000000004000000005000000006000000007000000008000000009000000010000000011000000012000000013000000014
发生时间：2020-04-26 23:03:16.360
存储电芯数据:000000001000000002000000003000000004000000005000000006000000007000000008000000009000000010000000011000000012000000013000000014
发生时间：2020-04-26 23:03:16.276
存储电芯数据:000000001000000002000000003000000004000000005000000006000000007000000008000000009000000010000000011000000012000000013000000014
发生时间：2020-04-26 23:03:16.187
存储电芯数据:000000001000000002000000003000000004000000005000000006000000007000000008000000009000000010000000011000000012000000013000000014
发生时间：2020-04-26 23:03:16.105
存储电芯数据:000000001000000002000000003000000004000000005000000006000000007000000008000000009000000010000000011000000012000000013000000014
发生时间：2020-04-26 23:03:16.023
存储电芯数据:000000001000000002000000003000000004000000005000000006000000007000000008000000009000000010000000011000000012000000013000000014
发生时间：2020-04-26 23:03:15.944
存储电芯数据:000000001000000002000000003000000004000000005000000006000000007000000008000000009000000010000000011000000012000000013000000014
发生时间：2020-04-26 23:03:15.861
存储电芯数据:000000001000000002000000003000000004000000005000000006000000007000000008000000009000000010000000011000000012000000013000000014
发生时间：2020-04-26 23:03:15.783
存储电芯数据:000000001000000002000000003000000004000000005000000006000000007000000008000000009000000010000000011000000012000000013000000014
发生时间：2020-04-26 23:03:15.704
存储电芯数据:000000001000000002000000003000000004000000005000000006000000007000000008000000009000000010000000011000000012000000013000000014
发生时间：2020-04-26 23:03:15.611
存储电芯数据:000000001000000002000000003000000004000000005000000006000000007000000008000000009000000010000000011000000012000000013000000014
发生时间：2020-04-26 23:03:15.530
存储电芯数据:000000001000000002000000003000000004000000005000000006000000007000000008000000009000000010000000011000000012000000013000000014
发生时间：2020-04-26 23:03:15.443
存储电芯数据:000000001000000002000000003000000004000000005000000006000000007000000008000000009000000010000000011000000012000000013000000014
发生时间：2020-04-26 23:03:15.364
存储电芯数据:000000001000000002000000003000000004000000005000000006000000007000000008000000009000000010000000011000000012000000013000000014
发生时间：2020-04-26 23:03:15.284
存储电芯数据:000000001000000002000000003000000004000000005000000006000000007000000008000000009000000010000000011000000012000000013000000014
发生时间：2020-04-26 23:03:15.204
存储电芯数据:000000001000000002000000003000000004000000005000000006000000007000000008000000009000000010000000011000000012000000013000000014
发生时间：2020-04-26 23:03:15.106
存储电芯数据:000000001000000002000000003000000004000000005000000006000000007000000008000000009000000010000000011000000012000000013000000014
发生时间：2020-04-26 23:03:15.014
存储电芯数据:000000001000000002000000003000000004000000005000000006000000007000000008000000009000000010000000011000000012000000013000000014
发生时间：2020-04-26 23:03:14.934
存储电芯数据:000000001000000002000000003000000004000000005000000006000000007000000008000000009000000010000000011000000012000000013000000014
发生时间：2020-04-26 23:03:14.856
存储电芯数据:000000001000000002000000003000000004000000005000000006000000007000000008000000009000000010000000011000000012000000013000000014
发生时间：2020-04-26 23:03:14.776
存储电芯数据:000000001000000002000000003000000004000000005000000006000000007000000008000000009000000010000000011000000012000000013000000014
发生时间：2020-04-26 23:03:14.696
存储电芯数据:000000001000000002000000003000000004000000005000000006000000007000000008000000009000000010000000011000000012000000013000000014
发生时间：2020-04-26 23:03:14.578
存储电芯数据:000000001000000002000000003000000004000000005000000006000000007000000008000000009000000010000000011000000012000000013000000014
发生时间：2020-04-26 23:03:14.386
存储电芯数据:000000001000000002000000003000000004000000005000000006000000007000000008000000009000000010000000011000000012000000013000000014
发生时间：2020-04-26 23:03:14.302
存储电芯数据:000000001000000002000000003000000004000000005000000006000000007000000008000000009000000010000000011000000012000000013000000014
发生时间：2020-04-26 23:03:14.222
存储电芯数据:000000001000000002000000003000000004000000005000000006000000007000000008000000009000000010000000011000000012000000013000000014
发生时间：2020-04-26 23:03:14.126
存储电芯数据:000000001000000002000000003000000004000000005000000006000000007000000008000000009000000010000000011000000012000000013000000014
发生时间：2020-04-26 23:03:14.046
存储电芯数据:000000001000000002000000003000000004000000005000000006000000007000000008000000009000000010000000011000000012000000013000000014
发生时间：2020-04-26 23:03:13.967
存储电芯数据:000000001000000002000000003000000004000000005000000006000000007000000008000000009000000010000000011000000012000000013000000014
发生时间：2020-04-26 23:03:13.887
存储电芯数据:000000001000000002000000003000000004000000005000000006000000007000000008000000009000000010000000011000000012000000013000000014
发生时间：2020-04-26 23:03:13.810
存储电芯数据:000000001000000002000000003000000004000000005000000006000000007000000008000000009000000010000000011000000012000000013000000014
发生时间：2020-04-26 23:03:13.729
存储电芯数据:000000001000000002000000003000000004000000005000000006000000007000000008000000009000000010000000011000000012000000013000000014
发生时间：2020-04-26 23:03:13.649
存储电芯数据:000000001000000002000000003000000004000000005000000006000000007000000008000000009000000010000000011000000012000000013000000014
发生时间：2020-04-26 23:03:13.513
存储电芯数据:000000001000000002000000003000000004000000005000000006000000007000000008000000009000000010000000011000000012000000013000000014
发生时间：2020-04-26 23:03:13.434
存储电芯数据:000000001000000002000000003000000004000000005000000006000000007000000008000000009000000010000000011000000012000000013000000014
发生时间：2020-04-26 23:03:13.356
存储电芯数据:000000001000000002000000003000000004000000005000000006000000007000000008000000009000000010000000011000000012000000013000000014
发生时间：2020-04-26 23:03:13.278
存储电芯数据:000000001000000002000000003000000004000000005000000006000000007000000008000000009000000010000000011000000012000000013000000014
发生时间：2020-04-26 23:03:13.198
存储电芯数据:000000001000000002000000003000000004000000005000000006000000007000000008000000009000000010000000011000000012000000013000000014
发生时间：2020-04-26 23:03:13.113
存储电芯数据:000000001000000002000000003000000004000000005000000006000000007000000008000000009000000010000000011000000012000000013000000014
发生时间：2020-04-26 23:03:13.033
存储电芯数据:000000001000000002000000003000000004000000005000000006000000007000000008000000009000000010000000011000000012000000013000000014
发生时间：2020-04-26 23:03:12.944
存储电芯数据:000000001000000002000000003000000004000000005000000006000000007000000008000000009000000010000000011000000012000000013000000014
发生时间：2020-04-26 23:03:12.865
存储电芯数据:000000001000000002000000003000000004000000005000000006000000007000000008000000009000000010000000011000000012000000013000000014
发生时间：2020-04-26 23:03:12.784
存储电芯数据:000000001000000002000000003000000004000000005000000006000000007000000008000000009000000010000000011000000012000000013000000014
发生时间：2020-04-26 23:03:12.701
存储电芯数据:000000001000000002000000003000000004000000005000000006000000007000000008000000009000000010000000011000000012000000013000000014
发生时间：2020-04-26 23:03:12.622
存储电芯数据:000000001000000002000000003000000004000000005000000006000000007000000008000000009000000010000000011000000012000000013000000014
发生时间：2020-04-26 23:03:12.542
存储电芯数据:000000001000000002000000003000000004000000005000000006000000007000000008000000009000000010000000011000000012000000013000000014
发生时间：2020-04-26 23:03:12.460
存储电芯数据:000000001000000002000000003000000004000000005000000006000000007000000008000000009000000010000000011000000012000000013000000014
发生时间：2020-04-26 23:03:12.370
存储电芯数据:000000001000000002000000003000000004000000005000000006000000007000000008000000009000000010000000011000000012000000013000000014
发生时间：2020-04-26 23:03:12.289
存储电芯数据:000000001000000002000000003000000004000000005000000006000000007000000008000000009000000010000000011000000012000000013000000014
发生时间：2020-04-26 23:03:12.190
存储电芯数据:000000001000000002000000003000000004000000005000000006000000007000000008000000009000000010000000011000000012000000013000000014
发生时间：2020-04-26 23:03:11.497
存储电芯数据:000000001000000002000000003000000004000000005000000006000000007000000008000000009000000010000000011000000012000000013000000014
发生时间：2020-04-26 23:03:11.495
读取到新的电芯序列号：000000001000000002000000003000000004000000005000000006000000007000000008000000009000000010000000011000000012000000013000000014
发生时间：2020-04-26 23:02:29.666
读取到新的电芯序列号：00000000010000000002000000000300000000040000000005000000000600000000070000000008000000000900000000100000000011000000001200000000130000000014
发生时间：2020-04-26 23:02:15.965
连续读取到电芯序列号：sdfffff
发生时间：2020-04-26 23:02:15.913
执行命令：读取PLC电芯序列号
发生时间：2020-04-26 23:02:15.612
连续读取到电芯序列号：sdfffff
发生时间：2020-04-26 23:02:15.561
执行命令：读取PLC电芯序列号
发生时间：2020-04-26 23:02:15.260
连续读取到电芯序列号：sdfffff
发生时间：2020-04-26 23:02:09.918
读取到新的电芯序列号：sdfffff
发生时间：2020-04-26 23:01:59.390
未读取到电芯序列号。
发生时间：2020-04-26 23:01:59.339
执行命令：读取PLC电芯序列号
发生时间：2020-04-26 23:01:59.038
未读取到电芯序列号。
发生时间：2020-04-26 23:01:58.986
执行命令：读取PLC电芯序列号
发生时间：2020-04-26 23:01:58.686
未读取到电芯序列号。
发生时间：2020-04-26 23:01:58.635
执行命令：读取PLC电芯序列号
发生时间：2020-04-26 23:01:58.334
未读取到电芯序列号。
发生时间：2020-04-26 23:01:58.282
执行命令：读取PLC电芯序列号

