-----------------存储时间:2019-02-24 22:02:17-----------------
发生时间：2019-02-24 22:02:17.503
Cao:11,GrooveID:713，TuoPanCode：111192002333
发生时间：2019-02-24 22:02:17.469
Cao:10,GrooveID:712，TuoPanCode：110192002354
发生时间：2019-02-24 22:02:17.436
Cao:9,GrooveID:711，TuoPanCode：109192002353
发生时间：2019-02-24 22:02:17.402
Cao:8,GrooveID:710，TuoPanCode：108192002357
发生时间：2019-02-24 22:02:17.369
Cao:7,GrooveID:709，TuoPanCode：107192002360
发生时间：2019-02-24 22:02:17.337
Cao:6,GrooveID:708，TuoPanCode：106192002359
发生时间：2019-02-24 22:02:17.306
Cao:5,GrooveID:707，TuoPanCode：105192002358
发生时间：2019-02-24 22:02:17.273
Cao:4,GrooveID:706，TuoPanCode：104192002356
发生时间：2019-02-24 22:02:17.242
Cao:3,GrooveID:705，TuoPanCode：103192002355
发生时间：2019-02-24 22:02:17.212
Cao:2,GrooveID:704，TuoPanCode：102192002347
发生时间：2019-02-24 22:02:17.182
Cao:1,GrooveID:703，TuoPanCode：101192002335
发生时间：2019-02-24 22:02:17.147
Cao:18,GrooveID:720，TuoPanCode：
发生时间：2019-02-24 22:02:17.117
Cao:17,GrooveID:719，TuoPanCode：
发生时间：2019-02-24 22:02:17.085
Cao:16,GrooveID:718，TuoPanCode：
发生时间：2019-02-24 22:02:17.047
Cao:15,GrooveID:717，TuoPanCode：
发生时间：2019-02-24 22:02:17.013
Cao:14,GrooveID:716，TuoPanCode：
发生时间：2019-02-24 22:02:16.979
Cao:12,GrooveID:714，TuoPanCode：112192002334
发生时间：2019-02-24 22:02:16.946
Cao:11,GrooveID:713，TuoPanCode：111192002333
发生时间：2019-02-24 22:02:16.308
成功保存结果,托盘号：108192002357\109192002353\110192002354\111192002333\112192002334\\\\\\101192002335\102192002347\103192002355\104192002356\105192002358\106192002359\107192002360\108192002357\109192002353\110192002354，新增：0个电芯
发生时间：2019-02-24 22:02:16.141
Cao:10,GrooveID:712，TuoPanCode：110192002354
发生时间：2019-02-24 22:02:16.108
Cao:9,GrooveID:711，TuoPanCode：109192002353
发生时间：2019-02-24 22:02:16.078
Cao:8,GrooveID:710，TuoPanCode：108192002357
发生时间：2019-02-24 22:02:16.046
Cao:7,GrooveID:709，TuoPanCode：107192002360
发生时间：2019-02-24 22:02:16.010
Cao:6,GrooveID:708，TuoPanCode：106192002359
发生时间：2019-02-24 22:02:15.973
Cao:5,GrooveID:707，TuoPanCode：105192002358
发生时间：2019-02-24 22:02:15.936
Cao:4,GrooveID:706，TuoPanCode：104192002356
发生时间：2019-02-24 22:02:15.903
Cao:3,GrooveID:705，TuoPanCode：103192002355
发生时间：2019-02-24 22:02:15.872
Cao:2,GrooveID:704，TuoPanCode：102192002347
发生时间：2019-02-24 22:02:15.839
Cao:1,GrooveID:703，TuoPanCode：101192002335
发生时间：2019-02-24 22:02:15.803
Cao:18,GrooveID:720，TuoPanCode：
发生时间：2019-02-24 22:02:15.769
Cao:17,GrooveID:719，TuoPanCode：
发生时间：2019-02-24 22:02:15.735
Cao:16,GrooveID:718，TuoPanCode：
发生时间：2019-02-24 22:02:15.701
Cao:15,GrooveID:717，TuoPanCode：
发生时间：2019-02-24 22:02:15.667
Cao:14,GrooveID:716，TuoPanCode：
发生时间：2019-02-24 22:02:15.631
Cao:12,GrooveID:714，TuoPanCode：112192002334
发生时间：2019-02-24 22:02:15.595
Cao:11,GrooveID:713，TuoPanCode：111192002333
发生时间：2019-02-24 22:02:15.559
Cao:10,GrooveID:712，TuoPanCode：110192002354
发生时间：2019-02-24 22:02:15.524
Cao:9,GrooveID:711，TuoPanCode：109192002353
发生时间：2019-02-24 22:02:15.483
Cao:8,GrooveID:710，TuoPanCode：108192002357
发生时间：2019-02-24 22:02:14.815
成功保存结果,托盘号：105192002358\106192002359\107192002360\108192002357\109192002353\110192002354\111192002333\112192002334\\\\\\101192002335\102192002347\103192002355\104192002356\105192002358\106192002359\107192002360，新增：20个电芯
发生时间：2019-02-24 22:02:14.637
Cao:7,GrooveID:709，TuoPanCode：107192002360
发生时间：2019-02-24 22:02:14.602
Cao:6,GrooveID:708，TuoPanCode：106192002359
发生时间：2019-02-24 22:02:14.570
Cao:5,GrooveID:707，TuoPanCode：105192002358
发生时间：2019-02-24 22:02:14.538
Cao:4,GrooveID:706，TuoPanCode：104192002356
发生时间：2019-02-24 22:02:14.506
Cao:3,GrooveID:705，TuoPanCode：103192002355
发生时间：2019-02-24 22:02:14.476
Cao:2,GrooveID:704，TuoPanCode：102192002347
发生时间：2019-02-24 22:02:14.444
Cao:1,GrooveID:703，TuoPanCode：101192002335
发生时间：2019-02-24 22:02:14.414
Cao:18,GrooveID:720，TuoPanCode：
发生时间：2019-02-24 22:02:14.383
Cao:17,GrooveID:719，TuoPanCode：
发生时间：2019-02-24 22:02:14.351
Cao:16,GrooveID:718，TuoPanCode：
发生时间：2019-02-24 22:02:14.319
Cao:15,GrooveID:717，TuoPanCode：
发生时间：2019-02-24 22:02:14.287
Cao:14,GrooveID:716，TuoPanCode：
发生时间：2019-02-24 22:02:14.256
Cao:12,GrooveID:714，TuoPanCode：112192002334
发生时间：2019-02-24 22:02:14.227
Cao:11,GrooveID:713，TuoPanCode：111192002333
发生时间：2019-02-24 22:02:14.196
Cao:10,GrooveID:712，TuoPanCode：110192002354
发生时间：2019-02-24 22:02:14.167
Cao:9,GrooveID:711，TuoPanCode：109192002353
发生时间：2019-02-24 22:02:14.138
Cao:8,GrooveID:710，TuoPanCode：108192002357
发生时间：2019-02-24 22:02:14.106
Cao:7,GrooveID:709，TuoPanCode：107192002360
发生时间：2019-02-24 22:02:14.074
Cao:6,GrooveID:708，TuoPanCode：106192002359
发生时间：2019-02-24 22:02:14.041
Cao:5,GrooveID:707，TuoPanCode：105192002358
发生时间：2019-02-24 22:02:09.512
成功保存结果,托盘号：102192002347\103192002355\104192002356\105192002358\106192002359\107192002360\108192002357\109192002353\110192002354\111192002333\112192002334\\\\\\101192002335\102192002347\103192002355\104192002356，新增：0个电芯
发生时间：2019-02-24 22:02:09.470
Cao:4,GrooveID:706，TuoPanCode：104192002356
发生时间：2019-02-24 22:02:09.441
Cao:3,GrooveID:705，TuoPanCode：103192002355
发生时间：2019-02-24 22:02:09.411
Cao:2,GrooveID:704，TuoPanCode：102192002347
发生时间：2019-02-24 22:02:09.380
Cao:1,GrooveID:703，TuoPanCode：101192002335
发生时间：2019-02-24 22:02:09.351
Cao:18,GrooveID:720，TuoPanCode：
发生时间：2019-02-24 22:02:09.319
Cao:17,GrooveID:719，TuoPanCode：
发生时间：2019-02-24 22:02:09.289
Cao:16,GrooveID:718，TuoPanCode：
发生时间：2019-02-24 22:02:09.256
Cao:15,GrooveID:717，TuoPanCode：
发生时间：2019-02-24 22:02:09.226
Cao:14,GrooveID:716，TuoPanCode：
发生时间：2019-02-24 22:02:09.195
Cao:12,GrooveID:714，TuoPanCode：112192002334
发生时间：2019-02-24 22:02:09.167
Cao:11,GrooveID:713，TuoPanCode：111192002333
发生时间：2019-02-24 22:02:09.135
Cao:10,GrooveID:712，TuoPanCode：110192002354
发生时间：2019-02-24 22:02:09.104
Cao:9,GrooveID:711，TuoPanCode：109192002353
发生时间：2019-02-24 22:02:09.071
Cao:8,GrooveID:710，TuoPanCode：108192002357
发生时间：2019-02-24 22:02:09.039
Cao:7,GrooveID:709，TuoPanCode：107192002360
发生时间：2019-02-24 22:02:09.007
Cao:6,GrooveID:708，TuoPanCode：106192002359
发生时间：2019-02-24 22:02:08.978
Cao:5,GrooveID:707，TuoPanCode：105192002358
发生时间：2019-02-24 22:02:08.949
Cao:4,GrooveID:706，TuoPanCode：104192002356
发生时间：2019-02-24 22:02:08.917
Cao:3,GrooveID:705，TuoPanCode：103192002355
发生时间：2019-02-24 22:02:08.887
Cao:2,GrooveID:704，TuoPanCode：102192002347
发生时间：2019-02-24 22:02:08.545
成功保存结果,托盘号：\\101192002335\102192002347\103192002355\104192002356\105192002358\106192002359\107192002360\108192002357\109192002353\110192002354\111192002333\112192002334\\\\\\101192002335，新增：0个电芯
发生时间：2019-02-24 22:02:08.378
Cao:1,GrooveID:703，TuoPanCode：101192002335
发生时间：2019-02-24 22:02:08.345
Cao:18,GrooveID:720，TuoPanCode：
发生时间：2019-02-24 22:02:08.318
Cao:17,GrooveID:719，TuoPanCode：
发生时间：2019-02-24 22:02:08.289
Cao:16,GrooveID:718，TuoPanCode：
发生时间：2019-02-24 22:02:08.260
Cao:15,GrooveID:717，TuoPanCode：
发生时间：2019-02-24 22:02:08.232
Cao:14,GrooveID:716，TuoPanCode：
发生时间：2019-02-24 22:02:08.202
Cao:12,GrooveID:714，TuoPanCode：112192002334
发生时间：2019-02-24 22:02:08.172
Cao:11,GrooveID:713，TuoPanCode：111192002333
发生时间：2019-02-24 22:02:08.144
Cao:10,GrooveID:712，TuoPanCode：110192002354
发生时间：2019-02-24 22:02:08.114
Cao:9,GrooveID:711，TuoPanCode：109192002353
发生时间：2019-02-24 22:02:08.086
Cao:8,GrooveID:710，TuoPanCode：108192002357
发生时间：2019-02-24 22:02:08.058
Cao:7,GrooveID:709，TuoPanCode：107192002360
发生时间：2019-02-24 22:02:08.025
Cao:6,GrooveID:708，TuoPanCode：106192002359
发生时间：2019-02-24 22:02:07.998
Cao:5,GrooveID:707，TuoPanCode：105192002358
发生时间：2019-02-24 22:02:07.970
Cao:4,GrooveID:706，TuoPanCode：104192002356
发生时间：2019-02-24 22:02:07.941
Cao:3,GrooveID:705，TuoPanCode：103192002355
发生时间：2019-02-24 22:02:07.913
Cao:2,GrooveID:704，TuoPanCode：102192002347
发生时间：2019-02-24 22:02:07.883
Cao:1,GrooveID:703，TuoPanCode：101192002335
发生时间：2019-02-24 22:02:07.854
Cao:18,GrooveID:720，TuoPanCode：
发生时间：2019-02-24 22:02:07.824
Cao:17,GrooveID:719，TuoPanCode：
发生时间：2019-02-24 22:02:06.562
成功保存结果,托盘号：\\\\\101192002335\102192002347\103192002355\104192002356\105192002358\106192002359\107192002360\108192002357\109192002353\110192002354\111192002333\112192002334\\\，新增：0个电芯
发生时间：2019-02-24 22:02:06.523
Cao:16,GrooveID:718，TuoPanCode：
发生时间：2019-02-24 22:02:06.493
Cao:15,GrooveID:717，TuoPanCode：
发生时间：2019-02-24 22:02:06.464
Cao:14,GrooveID:716，TuoPanCode：
发生时间：2019-02-24 22:02:06.436
Cao:12,GrooveID:714，TuoPanCode：112192002334
发生时间：2019-02-24 22:02:06.409
Cao:11,GrooveID:713，TuoPanCode：111192002333
发生时间：2019-02-24 22:02:06.379
Cao:10,GrooveID:712，TuoPanCode：110192002354
发生时间：2019-02-24 22:02:06.352
Cao:9,GrooveID:711，TuoPanCode：109192002353
发生时间：2019-02-24 22:02:06.326
Cao:8,GrooveID:710，TuoPanCode：108192002357
发生时间：2019-02-24 22:02:06.297
Cao:7,GrooveID:709，TuoPanCode：107192002360
发生时间：2019-02-24 22:02:06.269
Cao:6,GrooveID:708，TuoPanCode：106192002359
发生时间：2019-02-24 22:02:06.242
Cao:5,GrooveID:707，TuoPanCode：105192002358
发生时间：2019-02-24 22:02:06.214
Cao:4,GrooveID:706，TuoPanCode：104192002356
发生时间：2019-02-24 22:02:06.185
Cao:3,GrooveID:705，TuoPanCode：103192002355
发生时间：2019-02-24 22:02:06.156
Cao:2,GrooveID:704，TuoPanCode：102192002347
发生时间：2019-02-24 22:02:06.128
Cao:1,GrooveID:703，TuoPanCode：101192002335
发生时间：2019-02-24 22:02:06.100
Cao:18,GrooveID:720，TuoPanCode：
发生时间：2019-02-24 22:02:06.071
Cao:17,GrooveID:719，TuoPanCode：
发生时间：2019-02-24 22:02:06.043
Cao:16,GrooveID:718，TuoPanCode：
发生时间：2019-02-24 22:02:06.015
Cao:15,GrooveID:717，TuoPanCode：
发生时间：2019-02-24 22:02:05.987
Cao:14,GrooveID:716，TuoPanCode：
发生时间：2019-02-24 22:02:05.629
成功保存结果,托盘号：110192002354\111192002333\112192002334\\\\\\101192002335\102192002347\103192002355\104192002356\105192002358\106192002359\107192002360\108192002357\109192002353\110192002354\111192002333\112192002334，新增：0个电芯
发生时间：2019-02-24 22:02:05.474
Cao:12,GrooveID:714，TuoPanCode：112192002334
发生时间：2019-02-24 22:02:05.444
Cao:11,GrooveID:713，TuoPanCode：111192002333
发生时间：2019-02-24 22:02:05.415
Cao:10,GrooveID:712，TuoPanCode：110192002354
发生时间：2019-02-24 22:02:05.386
Cao:9,GrooveID:711，TuoPanCode：109192002353
发生时间：2019-02-24 22:02:05.360
Cao:8,GrooveID:710，TuoPanCode：108192002357
发生时间：2019-02-24 22:02:05.332
Cao:7,GrooveID:709，TuoPanCode：107192002360
发生时间：2019-02-24 22:02:05.303
Cao:6,GrooveID:708，TuoPanCode：106192002359
发生时间：2019-02-24 22:02:05.274
Cao:5,GrooveID:707，TuoPanCode：105192002358
发生时间：2019-02-24 22:02:05.245
Cao:4,GrooveID:706，TuoPanCode：104192002356
发生时间：2019-02-24 22:02:05.216
Cao:3,GrooveID:705，TuoPanCode：103192002355
发生时间：2019-02-24 22:02:05.187
Cao:2,GrooveID:704，TuoPanCode：102192002347
发生时间：2019-02-24 22:02:05.159
Cao:1,GrooveID:703，TuoPanCode：101192002335
发生时间：2019-02-24 22:02:05.131
Cao:18,GrooveID:720，TuoPanCode：
发生时间：2019-02-24 22:02:05.100
Cao:17,GrooveID:719，TuoPanCode：
发生时间：2019-02-24 22:02:05.069
Cao:16,GrooveID:718，TuoPanCode：
发生时间：2019-02-24 22:02:05.038
Cao:15,GrooveID:717，TuoPanCode：
发生时间：2019-02-24 22:02:05.008
Cao:14,GrooveID:716，TuoPanCode：
发生时间：2019-02-24 22:02:04.977
Cao:12,GrooveID:714，TuoPanCode：112192002334
发生时间：2019-02-24 22:02:04.949
Cao:11,GrooveID:713，TuoPanCode：111192002333
发生时间：2019-02-24 22:02:04.917
Cao:10,GrooveID:712，TuoPanCode：110192002354
发生时间：2019-02-24 22:02:02.770
成功保存结果,托盘号：107192002360\108192002357\109192002353\110192002354\111192002333\112192002334\\\\\\101192002335\102192002347\103192002355\104192002356\105192002358\106192002359\107192002360\108192002357\109192002353，新增：0个电芯
发生时间：2019-02-24 22:02:02.726
Cao:9,GrooveID:711，TuoPanCode：109192002353
发生时间：2019-02-24 22:02:02.702
Cao:8,GrooveID:710，TuoPanCode：108192002357
发生时间：2019-02-24 22:02:02.675
Cao:7,GrooveID:709，TuoPanCode：107192002360
发生时间：2019-02-24 22:02:02.650
Cao:6,GrooveID:708，TuoPanCode：106192002359
发生时间：2019-02-24 22:02:02.626
Cao:5,GrooveID:707，TuoPanCode：105192002358
发生时间：2019-02-24 22:02:02.602
Cao:4,GrooveID:706，TuoPanCode：104192002356
发生时间：2019-02-24 22:02:02.578
Cao:3,GrooveID:705，TuoPanCode：103192002355
发生时间：2019-02-24 22:02:02.553
Cao:2,GrooveID:704，TuoPanCode：102192002347
发生时间：2019-02-24 22:02:02.527
Cao:1,GrooveID:703，TuoPanCode：101192002335
发生时间：2019-02-24 22:02:02.503
Cao:18,GrooveID:720，TuoPanCode：
发生时间：2019-02-24 22:02:02.478
Cao:17,GrooveID:719，TuoPanCode：
发生时间：2019-02-24 22:02:02.452
Cao:16,GrooveID:718，TuoPanCode：
发生时间：2019-02-24 22:02:02.425
Cao:15,GrooveID:717，TuoPanCode：
发生时间：2019-02-24 22:02:02.401
Cao:14,GrooveID:716，TuoPanCode：
发生时间：2019-02-24 22:02:02.376
Cao:12,GrooveID:714，TuoPanCode：112192002334
发生时间：2019-02-24 22:02:02.352
Cao:11,GrooveID:713，TuoPanCode：111192002333
发生时间：2019-02-24 22:02:02.330
Cao:10,GrooveID:712，TuoPanCode：110192002354
发生时间：2019-02-24 22:02:02.306
Cao:9,GrooveID:711，TuoPanCode：109192002353
发生时间：2019-02-24 22:02:02.281
Cao:8,GrooveID:710，TuoPanCode：108192002357
发生时间：2019-02-24 22:02:02.254
Cao:7,GrooveID:709，TuoPanCode：107192002360
发生时间：2019-02-24 22:02:01.776
成功保存结果,托盘号：104192002356\105192002358\106192002359\107192002360\108192002357\109192002353\110192002354\111192002333\112192002334\\\\\\101192002335\102192002347\103192002355\104192002356\105192002358\106192002359，新增：0个电芯
发生时间：2019-02-24 22:02:01.740
Cao:6,GrooveID:708，TuoPanCode：106192002359
发生时间：2019-02-24 22:02:01.715
Cao:5,GrooveID:707，TuoPanCode：105192002358
发生时间：2019-02-24 22:02:01.690
Cao:4,GrooveID:706，TuoPanCode：104192002356
发生时间：2019-02-24 22:02:01.663
Cao:3,GrooveID:705，TuoPanCode：103192002355
发生时间：2019-02-24 22:02:01.638
Cao:2,GrooveID:704，TuoPanCode：102192002347
发生时间：2019-02-24 22:02:01.612
Cao:1,GrooveID:703，TuoPanCode：101192002335
发生时间：2019-02-24 22:02:01.586
Cao:18,GrooveID:720，TuoPanCode：
发生时间：2019-02-24 22:02:01.561
Cao:17,GrooveID:719，TuoPanCode：
发生时间：2019-02-24 22:02:01.535
Cao:16,GrooveID:718，TuoPanCode：
发生时间：2019-02-24 22:02:01.510
Cao:15,GrooveID:717，TuoPanCode：
发生时间：2019-02-24 22:02:01.487
Cao:14,GrooveID:716，TuoPanCode：
发生时间：2019-02-24 22:02:01.463
Cao:12,GrooveID:714，TuoPanCode：112192002334
发生时间：2019-02-24 22:02:01.436
Cao:11,GrooveID:713，TuoPanCode：111192002333
发生时间：2019-02-24 22:02:01.410
Cao:10,GrooveID:712，TuoPanCode：110192002354
发生时间：2019-02-24 22:02:01.385
Cao:9,GrooveID:711，TuoPanCode：109192002353
发生时间：2019-02-24 22:02:01.362
Cao:8,GrooveID:710，TuoPanCode：108192002357
发生时间：2019-02-24 22:02:01.338
Cao:7,GrooveID:709，TuoPanCode：107192002360
发生时间：2019-02-24 22:02:01.312
Cao:6,GrooveID:708，TuoPanCode：106192002359
发生时间：2019-02-24 22:02:01.289
Cao:5,GrooveID:707，TuoPanCode：105192002358
发生时间：2019-02-24 22:02:01.257
Cao:4,GrooveID:706，TuoPanCode：104192002356
发生时间：2019-02-24 22:02:00.914
成功保存结果,托盘号：101192002335\102192002347\103192002355\104192002356\105192002358\106192002359\107192002360\108192002357\109192002353\110192002354\111192002333\112192002334\\\\\\101192002335\102192002347\103192002355，新增：0个电芯
发生时间：2019-02-24 22:02:00.749
Cao:3,GrooveID:705，TuoPanCode：103192002355
发生时间：2019-02-24 22:02:00.727
Cao:2,GrooveID:704，TuoPanCode：102192002347
发生时间：2019-02-24 22:02:00.704
Cao:1,GrooveID:703，TuoPanCode：101192002335
发生时间：2019-02-24 22:02:00.681
Cao:18,GrooveID:720，TuoPanCode：
发生时间：2019-02-24 22:02:00.660
Cao:17,GrooveID:719，TuoPanCode：
发生时间：2019-02-24 22:02:00.637
Cao:16,GrooveID:718，TuoPanCode：
发生时间：2019-02-24 22:02:00.615
Cao:15,GrooveID:717，TuoPanCode：
发生时间：2019-02-24 22:02:00.592
Cao:14,GrooveID:716，TuoPanCode：
发生时间：2019-02-24 22:02:00.572
Cao:12,GrooveID:714，TuoPanCode：112192002334
发生时间：2019-02-24 22:02:00.549
Cao:11,GrooveID:713，TuoPanCode：111192002333
发生时间：2019-02-24 22:02:00.526
Cao:10,GrooveID:712，TuoPanCode：110192002354
发生时间：2019-02-24 22:02:00.506
Cao:9,GrooveID:711，TuoPanCode：109192002353
发生时间：2019-02-24 22:02:00.485
Cao:8,GrooveID:710，TuoPanCode：108192002357
发生时间：2019-02-24 22:02:00.463
Cao:7,GrooveID:709，TuoPanCode：107192002360
发生时间：2019-02-24 22:02:00.440
Cao:6,GrooveID:708，TuoPanCode：106192002359
发生时间：2019-02-24 22:02:00.419
Cao:5,GrooveID:707，TuoPanCode：105192002358
发生时间：2019-02-24 22:02:00.398
Cao:4,GrooveID:706，TuoPanCode：104192002356
发生时间：2019-02-24 22:02:00.377
Cao:3,GrooveID:705，TuoPanCode：103192002355
发生时间：2019-02-24 22:02:00.356
Cao:2,GrooveID:704，TuoPanCode：102192002347
发生时间：2019-02-24 22:02:00.334
Cao:1,GrooveID:703，TuoPanCode：101192002335
发生时间：2019-02-24 22:01:59.891
成功保存结果,托盘号：\\\101192002335\102192002347\103192002355\104192002356\105192002358\106192002359\107192002360\108192002357\109192002353\110192002354\111192002333\112192002334\\\\\，新增：0个电芯
发生时间：2019-02-24 22:01:59.720
Cao:18,GrooveID:720，TuoPanCode：
发生时间：2019-02-24 22:01:59.697
Cao:17,GrooveID:719，TuoPanCode：
发生时间：2019-02-24 22:01:59.673
Cao:16,GrooveID:718，TuoPanCode：
发生时间：2019-02-24 22:01:59.651
Cao:15,GrooveID:717，TuoPanCode：
发生时间：2019-02-24 22:01:59.624
Cao:14,GrooveID:716，TuoPanCode：
发生时间：2019-02-24 22:01:59.603
Cao:12,GrooveID:714，TuoPanCode：112192002334
发生时间：2019-02-24 22:01:59.582
Cao:11,GrooveID:713，TuoPanCode：111192002333
发生时间：2019-02-24 22:01:59.560
Cao:10,GrooveID:712，TuoPanCode：110192002354
发生时间：2019-02-24 22:01:59.540
Cao:9,GrooveID:711，TuoPanCode：109192002353
发生时间：2019-02-24 22:01:59.521
Cao:8,GrooveID:710，TuoPanCode：108192002357
发生时间：2019-02-24 22:01:59.499
Cao:7,GrooveID:709，TuoPanCode：107192002360
发生时间：2019-02-24 22:01:59.478
Cao:6,GrooveID:708，TuoPanCode：106192002359
发生时间：2019-02-24 22:01:59.456
Cao:5,GrooveID:707，TuoPanCode：105192002358
发生时间：2019-02-24 22:01:59.435
Cao:4,GrooveID:706，TuoPanCode：104192002356
发生时间：2019-02-24 22:01:59.414
Cao:3,GrooveID:705，TuoPanCode：103192002355
发生时间：2019-02-24 22:01:59.396
Cao:2,GrooveID:704，TuoPanCode：102192002347
发生时间：2019-02-24 22:01:59.375
Cao:1,GrooveID:703，TuoPanCode：101192002335
发生时间：2019-02-24 22:01:59.355
Cao:18,GrooveID:720，TuoPanCode：
发生时间：2019-02-24 22:01:59.334
Cao:17,GrooveID:719，TuoPanCode：
发生时间：2019-02-24 22:01:59.312
Cao:16,GrooveID:718，TuoPanCode：
发生时间：2019-02-24 22:01:58.511
成功保存结果,托盘号：112192002334\\\\\\101192002335\102192002347\103192002355\104192002356\105192002358\106192002359\107192002360\108192002357\109192002353\110192002354\111192002333\112192002334\\，新增：0个电芯
发生时间：2019-02-24 22:01:58.348
Cao:15,GrooveID:717，TuoPanCode：
发生时间：2019-02-24 22:01:58.328
Cao:14,GrooveID:716，TuoPanCode：
发生时间：2019-02-24 22:01:58.308
Cao:12,GrooveID:714，TuoPanCode：112192002334
发生时间：2019-02-24 22:01:58.288
Cao:11,GrooveID:713，TuoPanCode：111192002333
发生时间：2019-02-24 22:01:58.268
Cao:10,GrooveID:712，TuoPanCode：110192002354
发生时间：2019-02-24 22:01:58.248
Cao:9,GrooveID:711，TuoPanCode：109192002353
发生时间：2019-02-24 22:01:58.228
Cao:8,GrooveID:710，TuoPanCode：108192002357
发生时间：2019-02-24 22:01:58.209
Cao:7,GrooveID:709，TuoPanCode：107192002360
发生时间：2019-02-24 22:01:58.189
Cao:6,GrooveID:708，TuoPanCode：106192002359
发生时间：2019-02-24 22:01:58.168
Cao:5,GrooveID:707，TuoPanCode：105192002358
发生时间：2019-02-24 22:01:58.146
Cao:4,GrooveID:706，TuoPanCode：104192002356
发生时间：2019-02-24 22:01:58.127
Cao:3,GrooveID:705，TuoPanCode：103192002355
发生时间：2019-02-24 22:01:58.107
Cao:2,GrooveID:704，TuoPanCode：102192002347
发生时间：2019-02-24 22:01:58.087
Cao:1,GrooveID:703，TuoPanCode：101192002335
发生时间：2019-02-24 22:01:58.070
Cao:18,GrooveID:720，TuoPanCode：
发生时间：2019-02-24 22:01:58.050
Cao:17,GrooveID:719，TuoPanCode：
发生时间：2019-02-24 22:01:58.033
Cao:16,GrooveID:718，TuoPanCode：
发生时间：2019-02-24 22:01:58.014
Cao:15,GrooveID:717，TuoPanCode：
发生时间：2019-02-24 22:01:57.995
Cao:14,GrooveID:716，TuoPanCode：
发生时间：2019-02-24 22:01:57.952
Cao:12,GrooveID:714，TuoPanCode：112192002334
发生时间：2019-02-24 22:01:57.126
成功保存结果,托盘号：109192002353\110192002354\111192002333\112192002334\\\\\\101192002335\102192002347\103192002355\104192002356\105192002358\106192002359\107192002360\108192002357\109192002353\110192002354\111192002333，新增：0个电芯
发生时间：2019-02-24 22:01:56.956
Cao:11,GrooveID:713，TuoPanCode：111192002333
发生时间：2019-02-24 22:01:56.920
Cao:10,GrooveID:712，TuoPanCode：110192002354
发生时间：2019-02-24 22:01:56.898
Cao:9,GrooveID:711，TuoPanCode：109192002353
发生时间：2019-02-24 22:01:56.879
Cao:8,GrooveID:710，TuoPanCode：108192002357
发生时间：2019-02-24 22:01:56.860
Cao:7,GrooveID:709，TuoPanCode：107192002360
发生时间：2019-02-24 22:01:56.840
Cao:6,GrooveID:708，TuoPanCode：106192002359
发生时间：2019-02-24 22:01:56.818
Cao:5,GrooveID:707，TuoPanCode：105192002358
发生时间：2019-02-24 22:01:56.800
Cao:4,GrooveID:706，TuoPanCode：104192002356
发生时间：2019-02-24 22:01:56.781
Cao:3,GrooveID:705，TuoPanCode：103192002355
发生时间：2019-02-24 22:01:56.765
Cao:2,GrooveID:704，TuoPanCode：102192002347
发生时间：2019-02-24 22:01:56.746
Cao:1,GrooveID:703，TuoPanCode：101192002335
发生时间：2019-02-24 22:01:56.727
Cao:18,GrooveID:720，TuoPanCode：
发生时间：2019-02-24 22:01:56.710
Cao:17,GrooveID:719，TuoPanCode：
发生时间：2019-02-24 22:01:56.691
Cao:16,GrooveID:718，TuoPanCode：
发生时间：2019-02-24 22:01:56.670
Cao:15,GrooveID:717，TuoPanCode：
发生时间：2019-02-24 22:01:56.651
Cao:14,GrooveID:716，TuoPanCode：
发生时间：2019-02-24 22:01:56.632
Cao:12,GrooveID:714，TuoPanCode：112192002334
发生时间：2019-02-24 22:01:56.614
Cao:11,GrooveID:713，TuoPanCode：111192002333
发生时间：2019-02-24 22:01:56.596
Cao:10,GrooveID:712，TuoPanCode：110192002354
发生时间：2019-02-24 22:01:56.575
Cao:9,GrooveID:711，TuoPanCode：109192002353
发生时间：2019-02-24 22:01:56.160
成功保存结果,托盘号：106192002359\107192002360\108192002357\109192002353\110192002354\111192002333\112192002334\\\\\\101192002335\102192002347\103192002355\104192002356\105192002358\106192002359\107192002360\108192002357，新增：0个电芯
发生时间：2019-02-24 22:01:55.992
Cao:8,GrooveID:710，TuoPanCode：108192002357
发生时间：2019-02-24 22:01:55.973
Cao:7,GrooveID:709，TuoPanCode：107192002360
发生时间：2019-02-24 22:01:55.955
Cao:6,GrooveID:708，TuoPanCode：106192002359
发生时间：2019-02-24 22:01:55.935
Cao:5,GrooveID:707，TuoPanCode：105192002358
发生时间：2019-02-24 22:01:55.916
Cao:4,GrooveID:706，TuoPanCode：104192002356
发生时间：2019-02-24 22:01:55.898
Cao:3,GrooveID:705，TuoPanCode：103192002355
发生时间：2019-02-24 22:01:55.880
Cao:2,GrooveID:704，TuoPanCode：102192002347
发生时间：2019-02-24 22:01:55.863
Cao:1,GrooveID:703，TuoPanCode：101192002335
发生时间：2019-02-24 22:01:55.843
Cao:18,GrooveID:720，TuoPanCode：
发生时间：2019-02-24 22:01:55.824
Cao:17,GrooveID:719，TuoPanCode：
发生时间：2019-02-24 22:01:55.805
Cao:16,GrooveID:718，TuoPanCode：
发生时间：2019-02-24 22:01:55.790
Cao:15,GrooveID:717，TuoPanCode：
发生时间：2019-02-24 22:01:55.772
Cao:14,GrooveID:716，TuoPanCode：
发生时间：2019-02-24 22:01:55.757
Cao:12,GrooveID:714，TuoPanCode：112192002334
发生时间：2019-02-24 22:01:55.741
Cao:11,GrooveID:713，TuoPanCode：111192002333
发生时间：2019-02-24 22:01:55.724
Cao:10,GrooveID:712，TuoPanCode：110192002354
发生时间：2019-02-24 22:01:55.707
Cao:9,GrooveID:711，TuoPanCode：109192002353
发生时间：2019-02-24 22:01:55.690
Cao:8,GrooveID:710，TuoPanCode：108192002357
发生时间：2019-02-24 22:01:55.673
Cao:7,GrooveID:709，TuoPanCode：107192002360
发生时间：2019-02-24 22:01:55.653
Cao:6,GrooveID:708，TuoPanCode：106192002359
发生时间：2019-02-24 22:01:54.906
成功保存结果,托盘号：103192002355\104192002356\105192002358\106192002359\107192002360\108192002357\109192002353\110192002354\111192002333\112192002334\\\\\\101192002335\102192002347\103192002355\104192002356\105192002358，新增：0个电芯
发生时间：2019-02-24 22:01:54.876
Cao:5,GrooveID:707，TuoPanCode：105192002358
发生时间：2019-02-24 22:01:54.857
Cao:4,GrooveID:706，TuoPanCode：104192002356
发生时间：2019-02-24 22:01:54.839
Cao:3,GrooveID:705，TuoPanCode：103192002355
发生时间：2019-02-24 22:01:54.819
Cao:2,GrooveID:704，TuoPanCode：102192002347
发生时间：2019-02-24 22:01:54.799
Cao:1,GrooveID:703，TuoPanCode：101192002335
发生时间：2019-02-24 22:01:54.779
Cao:18,GrooveID:720，TuoPanCode：
发生时间：2019-02-24 22:01:54.757
Cao:17,GrooveID:719，TuoPanCode：
发生时间：2019-02-24 22:01:54.739
Cao:16,GrooveID:718，TuoPanCode：
发生时间：2019-02-24 22:01:54.718
Cao:15,GrooveID:717，TuoPanCode：
发生时间：2019-02-24 22:01:54.695
Cao:14,GrooveID:716，TuoPanCode：
发生时间：2019-02-24 22:01:54.672
Cao:12,GrooveID:714，TuoPanCode：112192002334
发生时间：2019-02-24 22:01:54.652
Cao:11,GrooveID:713，TuoPanCode：111192002333
发生时间：2019-02-24 22:01:54.632
Cao:10,GrooveID:712，TuoPanCode：110192002354
发生时间：2019-02-24 22:01:54.610
Cao:9,GrooveID:711，TuoPanCode：109192002353
发生时间：2019-02-24 22:01:54.591
Cao:8,GrooveID:710，TuoPanCode：108192002357
发生时间：2019-02-24 22:01:54.567
Cao:7,GrooveID:709，TuoPanCode：107192002360
发生时间：2019-02-24 22:01:54.547
Cao:6,GrooveID:708，TuoPanCode：106192002359
发生时间：2019-02-24 22:01:54.530
Cao:5,GrooveID:707，TuoPanCode：105192002358
发生时间：2019-02-24 22:01:54.512
Cao:4,GrooveID:706，TuoPanCode：104192002356
发生时间：2019-02-24 22:01:54.492
Cao:3,GrooveID:705，TuoPanCode：103192002355
发生时间：2019-02-24 22:01:54.118
成功保存结果,托盘号：\101192002335\102192002347\103192002355\104192002356\105192002358\106192002359\107192002360\108192002357\109192002353\110192002354\111192002333\112192002334\\\\\\101192002335\102192002347，新增：0个电芯
发生时间：2019-02-24 22:01:53.954
Cao:2,GrooveID:704，TuoPanCode：102192002347
发生时间：2019-02-24 22:01:53.935
Cao:1,GrooveID:703，TuoPanCode：101192002335
发生时间：2019-02-24 22:01:53.916
Cao:18,GrooveID:720，TuoPanCode：
发生时间：2019-02-24 22:01:53.899
Cao:17,GrooveID:719，TuoPanCode：
发生时间：2019-02-24 22:01:53.881
Cao:16,GrooveID:718，TuoPanCode：
发生时间：2019-02-24 22:01:53.867
Cao:15,GrooveID:717，TuoPanCode：
发生时间：2019-02-24 22:01:53.854
Cao:14,GrooveID:716，TuoPanCode：
发生时间：2019-02-24 22:01:53.837
Cao:12,GrooveID:714，TuoPanCode：112192002334
发生时间：2019-02-24 22:01:53.820
Cao:11,GrooveID:713，TuoPanCode：111192002333
发生时间：2019-02-24 22:01:53.803
Cao:10,GrooveID:712，TuoPanCode：110192002354
发生时间：2019-02-24 22:01:53.788
Cao:9,GrooveID:711，TuoPanCode：109192002353
发生时间：2019-02-24 22:01:53.774
Cao:8,GrooveID:710，TuoPanCode：108192002357
发生时间：2019-02-24 22:01:53.761
Cao:7,GrooveID:709，TuoPanCode：107192002360
发生时间：2019-02-24 22:01:53.747
Cao:6,GrooveID:708，TuoPanCode：106192002359
发生时间：2019-02-24 22:01:53.733
Cao:5,GrooveID:707，TuoPanCode：105192002358
发生时间：2019-02-24 22:01:53.718
Cao:4,GrooveID:706，TuoPanCode：104192002356
发生时间：2019-02-24 22:01:53.703
Cao:3,GrooveID:705，TuoPanCode：103192002355
发生时间：2019-02-24 22:01:53.686
Cao:2,GrooveID:704，TuoPanCode：102192002347
发生时间：2019-02-24 22:01:53.672
Cao:1,GrooveID:703，TuoPanCode：101192002335
发生时间：2019-02-24 22:01:53.656
Cao:18,GrooveID:720，TuoPanCode：
发生时间：2019-02-24 22:01:44.256
成功保存结果,托盘号：\\\\101192002335\102192002347\103192002355\104192002356\105192002358\106192002359\107192002360\108192002357\109192002353\110192002354\111192002333\112192002334\\\\，新增：0个电芯
发生时间：2019-02-24 22:01:44.059
Cao:17,GrooveID:719，TuoPanCode：
发生时间：2019-02-24 22:01:44.042
Cao:16,GrooveID:718，TuoPanCode：
发生时间：2019-02-24 22:01:44.027
Cao:15,GrooveID:717，TuoPanCode：
发生时间：2019-02-24 22:01:44.011
Cao:14,GrooveID:716，TuoPanCode：
发生时间：2019-02-24 22:01:43.996
Cao:12,GrooveID:714，TuoPanCode：112192002334
发生时间：2019-02-24 22:01:43.979
Cao:11,GrooveID:713，TuoPanCode：111192002333
发生时间：2019-02-24 22:01:43.963
Cao:10,GrooveID:712，TuoPanCode：110192002354
发生时间：2019-02-24 22:01:43.945
Cao:9,GrooveID:711，TuoPanCode：109192002353
发生时间：2019-02-24 22:01:43.929
Cao:8,GrooveID:710，TuoPanCode：108192002357
发生时间：2019-02-24 22:01:43.914
Cao:7,GrooveID:709，TuoPanCode：107192002360
发生时间：2019-02-24 22:01:43.899
Cao:6,GrooveID:708，TuoPanCode：106192002359
发生时间：2019-02-24 22:01:43.885
Cao:5,GrooveID:707，TuoPanCode：105192002358
发生时间：2019-02-24 22:01:43.871
Cao:4,GrooveID:706，TuoPanCode：104192002356
发生时间：2019-02-24 22:01:43.858
Cao:3,GrooveID:705，TuoPanCode：103192002355
发生时间：2019-02-24 22:01:43.841
Cao:2,GrooveID:704，TuoPanCode：102192002347
发生时间：2019-02-24 22:01:43.826
Cao:1,GrooveID:703，TuoPanCode：101192002335
发生时间：2019-02-24 22:01:43.810
Cao:18,GrooveID:720，TuoPanCode：
发生时间：2019-02-24 22:01:43.797
Cao:17,GrooveID:719，TuoPanCode：
发生时间：2019-02-24 22:01:43.781
Cao:16,GrooveID:718，TuoPanCode：
发生时间：2019-02-24 22:01:43.765
Cao:15,GrooveID:717，TuoPanCode：
发生时间：2019-02-24 22:01:41.323
成功保存结果,托盘号：111192002333\112192002334\\\\\\101192002335\102192002347\103192002355\104192002356\105192002358\106192002359\107192002360\108192002357\109192002353\110192002354\111192002333\112192002334\，新增：0个电芯
发生时间：2019-02-24 22:01:41.157
Cao:14,GrooveID:716，TuoPanCode：
发生时间：2019-02-24 22:01:41.144
Cao:12,GrooveID:714，TuoPanCode：112192002334
发生时间：2019-02-24 22:01:41.128
Cao:11,GrooveID:713，TuoPanCode：111192002333
发生时间：2019-02-24 22:01:41.114
Cao:10,GrooveID:712，TuoPanCode：110192002354
发生时间：2019-02-24 22:01:41.101
Cao:9,GrooveID:711，TuoPanCode：109192002353
发生时间：2019-02-24 22:01:41.086
Cao:8,GrooveID:710，TuoPanCode：108192002357
发生时间：2019-02-24 22:01:41.075
Cao:7,GrooveID:709，TuoPanCode：107192002360
发生时间：2019-02-24 22:01:41.062
Cao:6,GrooveID:708，TuoPanCode：106192002359
发生时间：2019-02-24 22:01:41.050
Cao:5,GrooveID:707，TuoPanCode：105192002358
发生时间：2019-02-24 22:01:41.038
Cao:4,GrooveID:706，TuoPanCode：104192002356
发生时间：2019-02-24 22:01:41.027
Cao:3,GrooveID:705，TuoPanCode：103192002355
发生时间：2019-02-24 22:01:41.014
Cao:2,GrooveID:704，TuoPanCode：102192002347
发生时间：2019-02-24 22:01:41.001
Cao:1,GrooveID:703，TuoPanCode：101192002335
发生时间：2019-02-24 22:01:40.989
Cao:18,GrooveID:720，TuoPanCode：
发生时间：2019-02-24 22:01:40.976
Cao:17,GrooveID:719，TuoPanCode：
发生时间：2019-02-24 22:01:40.964
Cao:16,GrooveID:718，TuoPanCode：
发生时间：2019-02-24 22:01:40.952
Cao:15,GrooveID:717，TuoPanCode：
发生时间：2019-02-24 22:01:40.940
Cao:14,GrooveID:716，TuoPanCode：
发生时间：2019-02-24 22:01:40.927
Cao:12,GrooveID:714，TuoPanCode：112192002334
发生时间：2019-02-24 22:01:40.914
Cao:11,GrooveID:713，TuoPanCode：111192002333
发生时间：2019-02-24 22:01:39.183
成功保存结果,托盘号：108192002357\109192002353\110192002354\111192002333\112192002334\\\\\\101192002335\102192002347\103192002355\104192002356\105192002358\106192002359\107192002360\108192002357\109192002353\110192002354，新增：0个电芯
发生时间：2019-02-24 22:01:39.042
Cao:10,GrooveID:712，TuoPanCode：110192002354
发生时间：2019-02-24 22:01:39.031
Cao:9,GrooveID:711，TuoPanCode：109192002353
发生时间：2019-02-24 22:01:39.019
Cao:8,GrooveID:710，TuoPanCode：108192002357
发生时间：2019-02-24 22:01:39.007
Cao:7,GrooveID:709，TuoPanCode：107192002360
发生时间：2019-02-24 22:01:38.994
Cao:6,GrooveID:708，TuoPanCode：106192002359
发生时间：2019-02-24 22:01:38.983
Cao:5,GrooveID:707，TuoPanCode：105192002358
发生时间：2019-02-24 22:01:38.971
Cao:4,GrooveID:706，TuoPanCode：104192002356
发生时间：2019-02-24 22:01:38.959
Cao:3,GrooveID:705，TuoPanCode：103192002355
发生时间：2019-02-24 22:01:38.948
Cao:2,GrooveID:704，TuoPanCode：102192002347
发生时间：2019-02-24 22:01:38.935
Cao:1,GrooveID:703，TuoPanCode：101192002335
发生时间：2019-02-24 22:01:38.924
Cao:18,GrooveID:720，TuoPanCode：
发生时间：2019-02-24 22:01:38.913
Cao:17,GrooveID:719，TuoPanCode：
发生时间：2019-02-24 22:01:38.902
Cao:16,GrooveID:718，TuoPanCode：
发生时间：2019-02-24 22:01:38.891
Cao:15,GrooveID:717，TuoPanCode：
发生时间：2019-02-24 22:01:38.878
Cao:14,GrooveID:716，TuoPanCode：
发生时间：2019-02-24 22:01:38.863
Cao:12,GrooveID:714，TuoPanCode：112192002334
发生时间：2019-02-24 22:01:38.851
Cao:11,GrooveID:713，TuoPanCode：111192002333
发生时间：2019-02-24 22:01:38.839
Cao:10,GrooveID:712，TuoPanCode：110192002354
发生时间：2019-02-24 22:01:38.828
Cao:9,GrooveID:711，TuoPanCode：109192002353
发生时间：2019-02-24 22:01:38.816
Cao:8,GrooveID:710，TuoPanCode：108192002357
发生时间：2019-02-24 22:01:35.980
成功保存结果,托盘号：105192002358\106192002359\107192002360\108192002357\109192002353\110192002354\111192002333\112192002334\\\\\\101192002335\102192002347\103192002355\104192002356\105192002358\106192002359\107192002360，新增：20个电芯
发生时间：2019-02-24 22:01:35.826
Cao:7,GrooveID:709，TuoPanCode：107192002360
发生时间：2019-02-24 22:01:35.813
Cao:6,GrooveID:708，TuoPanCode：106192002359
发生时间：2019-02-24 22:01:35.800
Cao:5,GrooveID:707，TuoPanCode：105192002358
发生时间：2019-02-24 22:01:35.785
Cao:4,GrooveID:706，TuoPanCode：104192002356
发生时间：2019-02-24 22:01:35.775
Cao:3,GrooveID:705，TuoPanCode：103192002355
发生时间：2019-02-24 22:01:35.761
Cao:2,GrooveID:704，TuoPanCode：102192002347
发生时间：2019-02-24 22:01:35.748
Cao:1,GrooveID:703，TuoPanCode：101192002335
发生时间：2019-02-24 22:01:35.738
Cao:18,GrooveID:720，TuoPanCode：
发生时间：2019-02-24 22:01:35.725
Cao:17,GrooveID:719，TuoPanCode：
发生时间：2019-02-24 22:01:35.714
Cao:16,GrooveID:718，TuoPanCode：
发生时间：2019-02-24 22:01:35.704
Cao:15,GrooveID:717，TuoPanCode：
发生时间：2019-02-24 22:01:35.693
Cao:14,GrooveID:716，TuoPanCode：
发生时间：2019-02-24 22:01:35.683
Cao:12,GrooveID:714，TuoPanCode：112192002334
发生时间：2019-02-24 22:01:35.673
Cao:11,GrooveID:713，TuoPanCode：111192002333
发生时间：2019-02-24 22:01:35.662
Cao:10,GrooveID:712，TuoPanCode：110192002354
发生时间：2019-02-24 22:01:35.650
Cao:9,GrooveID:711，TuoPanCode：109192002353
发生时间：2019-02-24 22:01:35.642
Cao:8,GrooveID:710，TuoPanCode：108192002357
发生时间：2019-02-24 22:01:35.631
Cao:7,GrooveID:709，TuoPanCode：107192002360
发生时间：2019-02-24 22:01:35.621
Cao:6,GrooveID:708，TuoPanCode：106192002359
发生时间：2019-02-24 22:01:35.610
Cao:5,GrooveID:707，TuoPanCode：105192002358
发生时间：2019-02-24 22:01:34.687
成功保存结果,托盘号：102192002347\103192002355\104192002356\105192002358\106192002359\107192002360\108192002357\109192002353\110192002354\111192002333\112192002334\\\\\\101192002335\102192002347\103192002355\104192002356，新增：20个电芯
发生时间：2019-02-24 22:01:34.543
Cao:4,GrooveID:706，TuoPanCode：104192002356
发生时间：2019-02-24 22:01:34.532
Cao:3,GrooveID:705，TuoPanCode：103192002355
发生时间：2019-02-24 22:01:34.523
Cao:2,GrooveID:704，TuoPanCode：102192002347
发生时间：2019-02-24 22:01:34.513
Cao:1,GrooveID:703，TuoPanCode：101192002335
发生时间：2019-02-24 22:01:34.504
Cao:18,GrooveID:720，TuoPanCode：
发生时间：2019-02-24 22:01:34.495
Cao:17,GrooveID:719，TuoPanCode：
发生时间：2019-02-24 22:01:34.486
Cao:16,GrooveID:718，TuoPanCode：
发生时间：2019-02-24 22:01:34.477
Cao:15,GrooveID:717，TuoPanCode：
发生时间：2019-02-24 22:01:34.469
Cao:14,GrooveID:716，TuoPanCode：
发生时间：2019-02-24 22:01:34.459
Cao:12,GrooveID:714，TuoPanCode：112192002334
发生时间：2019-02-24 22:01:34.450
Cao:11,GrooveID:713，TuoPanCode：111192002333
发生时间：2019-02-24 22:01:34.442
Cao:10,GrooveID:712，TuoPanCode：110192002354
发生时间：2019-02-24 22:01:34.433
Cao:9,GrooveID:711，TuoPanCode：109192002353
发生时间：2019-02-24 22:01:34.422
Cao:8,GrooveID:710，TuoPanCode：108192002357
发生时间：2019-02-24 22:01:34.411
Cao:7,GrooveID:709，TuoPanCode：107192002360
发生时间：2019-02-24 22:01:34.401
Cao:6,GrooveID:708，TuoPanCode：106192002359
发生时间：2019-02-24 22:01:34.393
Cao:5,GrooveID:707，TuoPanCode：105192002358
发生时间：2019-02-24 22:01:34.382
Cao:4,GrooveID:706，TuoPanCode：104192002356
发生时间：2019-02-24 22:01:34.373
Cao:3,GrooveID:705，TuoPanCode：103192002355
发生时间：2019-02-24 22:01:34.360
Cao:2,GrooveID:704，TuoPanCode：102192002347
发生时间：2019-02-24 22:01:33.625
成功保存结果,托盘号：\\101192002335\102192002347\103192002355\104192002356\105192002358\106192002359\107192002360\108192002357\109192002353\110192002354\111192002333\112192002334\\\\\\101192002335，新增：0个电芯
发生时间：2019-02-24 22:01:33.455
Cao:1,GrooveID:703，TuoPanCode：101192002335
发生时间：2019-02-24 22:01:33.447
Cao:18,GrooveID:720，TuoPanCode：
发生时间：2019-02-24 22:01:33.437
Cao:17,GrooveID:719，TuoPanCode：
发生时间：2019-02-24 22:01:33.429
Cao:16,GrooveID:718，TuoPanCode：
发生时间：2019-02-24 22:01:33.422
Cao:15,GrooveID:717，TuoPanCode：
发生时间：2019-02-24 22:01:33.414
Cao:14,GrooveID:716，TuoPanCode：
发生时间：2019-02-24 22:01:33.407
Cao:12,GrooveID:714，TuoPanCode：112192002334
发生时间：2019-02-24 22:01:33.399
Cao:11,GrooveID:713，TuoPanCode：111192002333
发生时间：2019-02-24 22:01:33.392
Cao:10,GrooveID:712，TuoPanCode：110192002354
发生时间：2019-02-24 22:01:33.383
Cao:9,GrooveID:711，TuoPanCode：109192002353
发生时间：2019-02-24 22:01:33.377
Cao:8,GrooveID:710，TuoPanCode：108192002357
发生时间：2019-02-24 22:01:33.369
Cao:7,GrooveID:709，TuoPanCode：107192002360
发生时间：2019-02-24 22:01:33.360
Cao:6,GrooveID:708，TuoPanCode：106192002359
发生时间：2019-02-24 22:01:33.351
Cao:5,GrooveID:707，TuoPanCode：105192002358
发生时间：2019-02-24 22:01:33.343
Cao:4,GrooveID:706，TuoPanCode：104192002356
发生时间：2019-02-24 22:01:33.334
Cao:3,GrooveID:705，TuoPanCode：103192002355
发生时间：2019-02-24 22:01:33.326
Cao:2,GrooveID:704，TuoPanCode：102192002347
发生时间：2019-02-24 22:01:33.318
Cao:1,GrooveID:703，TuoPanCode：101192002335
发生时间：2019-02-24 22:01:33.303
Cao:18,GrooveID:720，TuoPanCode：
发生时间：2019-02-24 22:01:33.288
Cao:17,GrooveID:719，TuoPanCode：
发生时间：2019-02-24 22:00:40.744
成功打印7号槽托盘编号：
发生时间：2019-02-24 22:00:40.738
成功打印6号槽托盘编号：
发生时间：2019-02-24 22:00:40.712
成功保存结果,托盘号：\\\\\101192002335\102192002347\103192002355\104192002356\105192002358\\\108192002357\109192002353\110192002354\111192002333\112192002334\\\，新增：20个电芯
发生时间：2019-02-24 22:00:40.601
Cao:16,GrooveID:718，TuoPanCode：
发生时间：2019-02-24 22:00:40.594
Cao:15,GrooveID:717，TuoPanCode：
发生时间：2019-02-24 22:00:40.587
Cao:14,GrooveID:716，TuoPanCode：
发生时间：2019-02-24 22:00:40.579
Cao:12,GrooveID:714，TuoPanCode：112192002334
发生时间：2019-02-24 22:00:40.572
Cao:11,GrooveID:713，TuoPanCode：111192002333
发生时间：2019-02-24 22:00:40.565
Cao:10,GrooveID:712，TuoPanCode：110192002354
发生时间：2019-02-24 22:00:40.559
Cao:9,GrooveID:711，TuoPanCode：109192002353
发生时间：2019-02-24 22:00:40.552
Cao:8,GrooveID:710，TuoPanCode：108192002357
发生时间：2019-02-24 22:00:40.546
Cao:7,GrooveID:709，TuoPanCode：
发生时间：2019-02-24 22:00:40.540
Cao:6,GrooveID:708，TuoPanCode：
发生时间：2019-02-24 22:00:40.533
Cao:5,GrooveID:707，TuoPanCode：105192002358
发生时间：2019-02-24 22:00:40.526
Cao:4,GrooveID:706，TuoPanCode：104192002356
发生时间：2019-02-24 22:00:40.519
Cao:3,GrooveID:705，TuoPanCode：103192002355
发生时间：2019-02-24 22:00:40.513
Cao:2,GrooveID:704，TuoPanCode：102192002347
发生时间：2019-02-24 22:00:40.506
Cao:1,GrooveID:703，TuoPanCode：101192002335
发生时间：2019-02-24 22:00:40.499
Cao:18,GrooveID:720，TuoPanCode：
发生时间：2019-02-24 22:00:40.493
Cao:17,GrooveID:719，TuoPanCode：
发生时间：2019-02-24 22:00:40.487
Cao:16,GrooveID:718，TuoPanCode：
发生时间：2019-02-24 22:00:40.484
Cao:15,GrooveID:717，TuoPanCode：
发生时间：2019-02-24 22:00:40.474
Cao:14,GrooveID:716，TuoPanCode：
发生时间：2019-02-24 22:00:38.285
成功保存结果,托盘号：110192002354\111192002333\112192002334\\\\\\101192002335\102192002347\103192002355\104192002356\105192002358\\\108192002357\109192002353\110192002354\111192002333\112192002334，新增：0个电芯
发生时间：2019-02-24 22:00:38.170
Cao:12,GrooveID:714，TuoPanCode：112192002334
发生时间：2019-02-24 22:00:38.163
Cao:11,GrooveID:713，TuoPanCode：111192002333
发生时间：2019-02-24 22:00:38.160
Cao:10,GrooveID:712，TuoPanCode：110192002354
发生时间：2019-02-24 22:00:38.154
Cao:9,GrooveID:711，TuoPanCode：109192002353
发生时间：2019-02-24 22:00:38.148
Cao:8,GrooveID:710，TuoPanCode：108192002357
发生时间：2019-02-24 22:00:38.142
Cao:7,GrooveID:709，TuoPanCode：
发生时间：2019-02-24 22:00:38.137
Cao:6,GrooveID:708，TuoPanCode：
发生时间：2019-02-24 22:00:38.130
Cao:5,GrooveID:707，TuoPanCode：105192002358
发生时间：2019-02-24 22:00:38.124
Cao:4,GrooveID:706，TuoPanCode：104192002356
发生时间：2019-02-24 22:00:38.117
Cao:3,GrooveID:705，TuoPanCode：103192002355
发生时间：2019-02-24 22:00:38.112
Cao:2,GrooveID:704，TuoPanCode：102192002347
发生时间：2019-02-24 22:00:38.110
Cao:1,GrooveID:703，TuoPanCode：101192002335
发生时间：2019-02-24 22:00:38.104
Cao:18,GrooveID:720，TuoPanCode：
发生时间：2019-02-24 22:00:38.097
Cao:17,GrooveID:719，TuoPanCode：
发生时间：2019-02-24 22:00:38.092
Cao:16,GrooveID:718，TuoPanCode：
发生时间：2019-02-24 22:00:38.083
Cao:15,GrooveID:717，TuoPanCode：
发生时间：2019-02-24 22:00:38.078
Cao:14,GrooveID:716，TuoPanCode：
发生时间：2019-02-24 22:00:38.075
Cao:12,GrooveID:714，TuoPanCode：112192002334
发生时间：2019-02-24 22:00:38.071
Cao:11,GrooveID:713，TuoPanCode：111192002333
发生时间：2019-02-24 22:00:38.064
Cao:10,GrooveID:712，TuoPanCode：110192002354
发生时间：2019-02-24 22:00:35.536
成功保存结果,托盘号：\108192002357\109192002353\110192002354\111192002333\112192002334\\\\\\101192002335\102192002347\103192002355\104192002356\105192002358\\\108192002357\109192002353，新增：0个电芯
发生时间：2019-02-24 22:00:35.420
Cao:9,GrooveID:711，TuoPanCode：109192002353
发生时间：2019-02-24 22:00:35.415
Cao:8,GrooveID:710，TuoPanCode：108192002357
发生时间：2019-02-24 22:00:35.411
Cao:7,GrooveID:709，TuoPanCode：
发生时间：2019-02-24 22:00:35.406
Cao:6,GrooveID:708，TuoPanCode：
发生时间：2019-02-24 22:00:35.397
Cao:5,GrooveID:707，TuoPanCode：105192002358
发生时间：2019-02-24 22:00:35.394
Cao:4,GrooveID:706，TuoPanCode：104192002356
发生时间：2019-02-24 22:00:35.390
Cao:3,GrooveID:705，TuoPanCode：103192002355
发生时间：2019-02-24 22:00:35.385
Cao:2,GrooveID:704，TuoPanCode：102192002347
发生时间：2019-02-24 22:00:35.380
Cao:1,GrooveID:703，TuoPanCode：101192002335
发生时间：2019-02-24 22:00:35.377
Cao:18,GrooveID:720，TuoPanCode：
发生时间：2019-02-24 22:00:35.373
Cao:17,GrooveID:719，TuoPanCode：
发生时间：2019-02-24 22:00:35.369
Cao:16,GrooveID:718，TuoPanCode：
发生时间：2019-02-24 22:00:35.363
Cao:15,GrooveID:717，TuoPanCode：
发生时间：2019-02-24 22:00:35.361
Cao:14,GrooveID:716，TuoPanCode：
发生时间：2019-02-24 22:00:35.359
Cao:12,GrooveID:714，TuoPanCode：112192002334
发生时间：2019-02-24 22:00:35.356
Cao:11,GrooveID:713，TuoPanCode：111192002333
发生时间：2019-02-24 22:00:35.353
Cao:10,GrooveID:712，TuoPanCode：110192002354
发生时间：2019-02-24 22:00:35.346
Cao:9,GrooveID:711，TuoPanCode：109192002353
发生时间：2019-02-24 22:00:35.345
Cao:8,GrooveID:710，TuoPanCode：108192002357
发生时间：2019-02-24 22:00:35.334
Cao:7,GrooveID:709，TuoPanCode：

